nohup: ignoring input
/home/xiao/miniconda3/envs/torch/lib/python3.10/site-packages/torchvision/io/image.py:13: UserWarning: Failed to load image Python extension: /home/xiao/miniconda3/envs/torch/lib/python3.10/site-packages/torchvision/image.so: undefined symbol: _ZN5torch3jit17parseSchemaOrNameERKNSt7__cxx1112basic_stringIcSt11char_traitsIcESaIcEEE
  warn(f"Failed to load image Python extension: {e}")
Found cached dataset cifar10 (/home/xiao/.cache/huggingface/datasets/cifar10/plain_text/1.0.0/447d6ec4733dddd1ce3bb577c7166b986eaa4c538dcd9e805ba61f35674a9de4)
  0%|          | 0/2 [00:00<?, ?it/s]100%|██████████| 2/2 [00:00<00:00, 526.49it/s]
Traceback (most recent call last):
  File "/home/xiao/code/CS5242/CS5242/main_cifar.py", line 194, in <module>
    net=train(net,trainloader,testloader)
  File "/home/xiao/code/CS5242/CS5242/main_cifar.py", line 154, in train
    for i,(img,gt) in enumerate(trainloader):
  File "/home/xiao/miniconda3/envs/torch/lib/python3.10/site-packages/torch/utils/data/dataloader.py", line 634, in __next__
    data = self._next_data()
  File "/home/xiao/miniconda3/envs/torch/lib/python3.10/site-packages/torch/utils/data/dataloader.py", line 1346, in _next_data
    return self._process_data(data)
  File "/home/xiao/miniconda3/envs/torch/lib/python3.10/site-packages/torch/utils/data/dataloader.py", line 1372, in _process_data
    data.reraise()
  File "/home/xiao/miniconda3/envs/torch/lib/python3.10/site-packages/torch/_utils.py", line 644, in reraise
    raise exception
TypeError: Caught TypeError in DataLoader worker process 0.
Original Traceback (most recent call last):
  File "/home/xiao/miniconda3/envs/torch/lib/python3.10/site-packages/torch/utils/data/_utils/worker.py", line 308, in _worker_loop
    data = fetcher.fetch(index)
  File "/home/xiao/miniconda3/envs/torch/lib/python3.10/site-packages/torch/utils/data/_utils/fetch.py", line 51, in fetch
    data = [self.dataset[idx] for idx in possibly_batched_index]
  File "/home/xiao/miniconda3/envs/torch/lib/python3.10/site-packages/torch/utils/data/_utils/fetch.py", line 51, in <listcomp>
    data = [self.dataset[idx] for idx in possibly_batched_index]
  File "/home/xiao/code/CS5242/CS5242/main_cifar.py", line 84, in __getitem__
    img = torch.tensor(img, dtype=torch.float32).view(3, 32, 32) / 255.0
TypeError: must be real number, not PngImageFile

