nohup: ignoring input
/home/xiao/miniconda3/envs/torch/lib/python3.10/site-packages/torchvision/io/image.py:13: UserWarning: Failed to load image Python extension: /home/xiao/miniconda3/envs/torch/lib/python3.10/site-packages/torchvision/image.so: undefined symbol: _ZN5torch3jit17parseSchemaOrNameERKNSt7__cxx1112basic_stringIcSt11char_traitsIcESaIcEEE
  warn(f"Failed to load image Python extension: {e}")
/home/xiao/code/CS5242/CS5242/main.py:100: UserWarning: To copy construct from a tensor, it is recommended to use sourceTensor.clone().detach() or sourceTensor.clone().detach().requires_grad_(True), rather than torch.tensor(sourceTensor).
  one_gt=torch.tensor(one_gt,dtype=torch.float32)
[epoch:0] loss 0.8844070173799992 acc 0.4833984375
[epoch:0] test loss 0.6812559791973659 test acc 0.5948660714285714
[epoch:1] loss 0.7391852177679539 acc 0.48876953125
[epoch:1] test loss 0.6809170586722237 test acc 0.6004464285714286
[epoch:2] loss 0.7051084525883198 acc 0.3974609375
[epoch:2] test loss 0.6854197042328971 test acc 0.5982142857142857
[epoch:3] loss 0.6940829753875732 acc 0.4912109375
[epoch:3] test loss 0.692758287702288 test acc 0.48325892857142855
[epoch:4] loss 0.6817209757864475 acc 0.60009765625
[epoch:4] test loss 0.7053083436829704 test acc 0.40736607142857145
[epoch:5] loss 0.6716905497014523 acc 0.5869140625
[epoch:5] test loss 0.7230606760297503 test acc 0.4017857142857143
[epoch:6] loss 0.8082818947732449 acc 0.52490234375
[epoch:6] test loss 0.6826028483254569 test acc 0.5993303571428571
[epoch:7] loss 0.7037150971591473 acc 0.39892578125
[epoch:7] test loss 0.6849786554064069 test acc 0.5892857142857143
[epoch:8] loss 0.6946545653045177 acc 0.4580078125
[epoch:8] test loss 0.6901995539665222 test acc 0.5904017857142857
[epoch:9] loss 0.6854928992688656 acc 0.61572265625
[epoch:9] test loss 0.696745046547481 test acc 0.39174107142857145
[epoch:10] loss 0.6755634993314743 acc 0.591796875
[epoch:10] test loss 0.7065662826810565 test acc 0.4107142857142857
Epoch 00012: reducing learning rate of group 0 to 8.0000e-05.
[epoch:11] loss 0.7480311840772629 acc 0.4736328125
[epoch:11] test loss 0.6879484227725438 test acc 0.6026785714285714
[epoch:12] loss 0.6881092041730881 acc 0.5908203125
[epoch:12] test loss 0.6890112246785846 test acc 0.6127232142857143
[epoch:13] loss 0.6786266714334488 acc 0.63720703125
[epoch:13] test loss 0.6968622718538556 test acc 0.3939732142857143
[epoch:14] loss 0.6658633649349213 acc 0.61767578125
[epoch:14] test loss 0.7079845070838928 test acc 0.3794642857142857
[epoch:15] loss 0.6529675051569939 acc 0.6064453125
[epoch:15] test loss 0.7265207171440125 test acc 0.40513392857142855
[epoch:16] loss 0.7397590912878513 acc 0.4853515625
[epoch:16] test loss 0.6993258765765599 test acc 0.43080357142857145
[epoch:17] loss 0.661463413387537 acc 0.62255859375
[epoch:17] test loss 0.7022555555616107 test acc 0.40848214285714285
[epoch:18] loss 0.6465830281376839 acc 0.6337890625
[epoch:18] test loss 0.7199277877807617 test acc 0.38058035714285715
[epoch:19] loss 0.6329246759414673 acc 0.6220703125
[epoch:19] test loss 0.7385896529470172 test acc 0.38392857142857145
[epoch:20] loss 0.6244978718459606 acc 0.630859375
[epoch:20] test loss 0.7312986510140556 test acc 0.38504464285714285
[epoch:21] loss 0.7289581783115864 acc 0.533203125
[epoch:21] test loss 0.7129444394792829 test acc 0.4095982142857143
[epoch:22] loss 0.6236831620335579 acc 0.64111328125
[epoch:22] test loss 0.7245512434414455 test acc 0.3872767857142857
[epoch:23] loss 0.6181019023060799 acc 0.6357421875
[epoch:23] test loss 0.7321196794509888 test acc 0.39732142857142855
[epoch:24] loss 0.6073661111295223 acc 0.6513671875
[epoch:24] test loss 0.7188938345227923 test acc 0.40625
[epoch:25] loss 0.5936633087694645 acc 0.6494140625
[epoch:25] test loss 0.7137952532087054 test acc 0.4296875
[epoch:26] loss 0.6810460425913334 acc 0.5458984375
[epoch:26] test loss 0.7168867588043213 test acc 0.4029017857142857
[epoch:27] loss 0.5830647386610508 acc 0.66455078125
[epoch:27] test loss 0.7162143162318638 test acc 0.39955357142857145
[epoch:28] loss 0.5750707201659679 acc 0.66259765625
[epoch:28] test loss 0.7139331272670201 test acc 0.4095982142857143
[epoch:29] loss 0.5626515038311481 acc 0.68408203125
[epoch:29] test loss 0.7020336389541626 test acc 0.46205357142857145
[epoch:30] loss 0.5472791828215122 acc 0.69970703125
[epoch:30] test loss 0.7036130428314209 test acc 0.4765625
[epoch:31] loss 0.6560814753174782 acc 0.5810546875
[epoch:31] test loss 0.7769144858632769 test acc 0.40401785714285715
[epoch:32] loss 0.5449386946856976 acc 0.6884765625
[epoch:32] test loss 0.7118765711784363 test acc 0.4564732142857143
[epoch:33] loss 0.5266972109675407 acc 0.7119140625
[epoch:33] test loss 0.7233259677886963 test acc 0.45424107142857145
[epoch:34] loss 0.5157571360468864 acc 0.72998046875
[epoch:34] test loss 0.7309017436844962 test acc 0.4609375
[epoch:35] loss 0.505164235830307 acc 0.7373046875
[epoch:35] test loss 0.7471716063363212 test acc 0.45200892857142855
[epoch:36] loss 0.6387506760656834 acc 0.61328125
[epoch:36] test loss 0.832768372126988 test acc 0.39285714285714285
[epoch:37] loss 0.5201808623969555 acc 0.708984375
[epoch:37] test loss 0.771141597202846 test acc 0.42075892857142855
[epoch:38] loss 0.5020813718438148 acc 0.73486328125
[epoch:38] test loss 0.745920215334211 test acc 0.4564732142857143
[epoch:39] loss 0.48804094083607197 acc 0.75830078125
[epoch:39] test loss 0.7292788539613996 test acc 0.5011160714285714
[epoch:40] loss 0.477779908105731 acc 0.75390625
[epoch:40] test loss 0.7478406684739249 test acc 0.48214285714285715
[epoch:41] loss 0.6349741220474243 acc 0.6064453125
[epoch:41] test loss 0.8442521606172834 test acc 0.43080357142857145
[epoch:42] loss 0.48339302465319633 acc 0.7421875
[epoch:42] test loss 0.7139825139726911 test acc 0.5792410714285714
[epoch:43] loss 0.4674205780029297 acc 0.75927734375
[epoch:43] test loss 0.7652850151062012 test acc 0.484375
[epoch:44] loss 0.454399848356843 acc 0.77880859375
[epoch:44] test loss 0.7963257091385978 test acc 0.4575892857142857
[epoch:45] loss 0.4446473494172096 acc 0.78173828125
[epoch:45] test loss 0.7359312432152885 test acc 0.5089285714285714
[epoch:46] loss 0.6333814151585102 acc 0.60400390625
[epoch:46] test loss 1.0056071196283614 test acc 0.38169642857142855
[epoch:47] loss 0.4790693148970604 acc 0.74853515625
[epoch:47] test loss 0.7523801667349679 test acc 0.48325892857142855
[epoch:48] loss 0.45627549663186073 acc 0.7734375
[epoch:48] test loss 0.7782928688185555 test acc 0.5167410714285714
[epoch:49] loss 0.43550374545156956 acc 0.79296875
[epoch:49] test loss 0.7977162344115121 test acc 0.4810267857142857
[epoch:50] loss 0.42162319272756577 acc 0.798828125
[epoch:50] test loss 0.7927414178848267 test acc 0.4955357142857143
[epoch:51] loss 0.6345544718205929 acc 0.64306640625
[epoch:51] test loss 0.9151245355606079 test acc 0.45424107142857145
[epoch:52] loss 0.4206325486302376 acc 0.7978515625
[epoch:52] test loss 0.7768596070153373 test acc 0.5290178571428571
[epoch:53] loss 0.4071053732186556 acc 0.8017578125
[epoch:53] test loss 0.7981793028967721 test acc 0.5290178571428571
[epoch:54] loss 0.39632847532629967 acc 0.8056640625
[epoch:54] test loss 0.7823452183178493 test acc 0.5580357142857143
[epoch:55] loss 0.3867995124310255 acc 0.81884765625
[epoch:55] test loss 0.8404464721679688 test acc 0.5133928571428571
[epoch:56] loss 0.6024982966482639 acc 0.63134765625
[epoch:56] test loss 0.9572032179151263 test acc 0.4575892857142857
[epoch:57] loss 0.3882769253104925 acc 0.81640625
[epoch:57] test loss 0.8238711612565177 test acc 0.5334821428571429
[epoch:58] loss 0.37618286721408367 acc 0.8173828125
[epoch:58] test loss 0.8255428501537868 test acc 0.5256696428571429
[epoch:59] loss 0.36354929953813553 acc 0.82666015625
[epoch:59] test loss 0.8931530884334019 test acc 0.4966517857142857
