nohup: ignoring input
/home/xiao/miniconda3/envs/torch/lib/python3.10/site-packages/torchvision/io/image.py:13: UserWarning: Failed to load image Python extension: /home/xiao/miniconda3/envs/torch/lib/python3.10/site-packages/torchvision/image.so: undefined symbol: _ZN5torch3jit17parseSchemaOrNameERKNSt7__cxx1112basic_stringIcSt11char_traitsIcESaIcEEE
  warn(f"Failed to load image Python extension: {e}")
/home/xiao/code/CS5242/CS5242/main.py:100: UserWarning: To copy construct from a tensor, it is recommended to use sourceTensor.clone().detach() or sourceTensor.clone().detach().requires_grad_(True), rather than torch.tensor(sourceTensor).
  one_gt=torch.tensor(one_gt,dtype=torch.float32)
[epoch:0] loss 0.7262328714132309 acc 0.556640625
[epoch:0] test loss 0.7069629430770874 test acc 0.40401785714285715
[epoch:1] loss 0.6912370584905148 acc 0.55908203125
[epoch:1] test loss 0.7068966116224017 test acc 0.4029017857142857
[epoch:2] loss 0.6733105517923832 acc 0.60107421875
[epoch:2] test loss 0.7203272070203509 test acc 0.40401785714285715
[epoch:3] loss 0.6884795799851418 acc 0.5712890625
[epoch:3] test loss 0.7124711360250201 test acc 0.40513392857142855
[epoch:4] loss 0.6670609749853611 acc 0.59814453125
[epoch:4] test loss 0.721347485269819 test acc 0.4029017857142857
[epoch:5] loss 0.6678952723741531 acc 0.5810546875
[epoch:5] test loss 0.7145137020519802 test acc 0.4017857142857143
[epoch:6] loss 0.6505770832300186 acc 0.59814453125
[epoch:6] test loss 0.7311476128441947 test acc 0.40401785714285715
[epoch:7] loss 0.6742461659014225 acc 0.599609375
[epoch:7] test loss 0.720810319696154 test acc 0.4017857142857143
[epoch:8] loss 0.6368452310562134 acc 0.59814453125
[epoch:8] test loss 0.7444431611469814 test acc 0.4017857142857143
[epoch:9] loss 0.6568422131240368 acc 0.583984375
[epoch:9] test loss 0.72023663350514 test acc 0.39955357142857145
[epoch:10] loss 0.6178313791751862 acc 0.6005859375
[epoch:10] test loss 0.7410649742398944 test acc 0.4017857142857143
[epoch:11] loss 0.6399432308971882 acc 0.6025390625
[epoch:11] test loss 0.7190653426306588 test acc 0.40736607142857145
[epoch:12] loss 0.5942929126322269 acc 0.61376953125
[epoch:12] test loss 0.7299526929855347 test acc 0.41517857142857145
[epoch:13] loss 0.6225398108363152 acc 0.6240234375
[epoch:13] test loss 0.723664036818913 test acc 0.41629464285714285
[epoch:14] loss 0.5765038467943668 acc 0.62451171875
[epoch:14] test loss 0.7222191521099636 test acc 0.4453125
[epoch:15] loss 0.6046815477311611 acc 0.64794921875
[epoch:15] test loss 0.7413445881434849 test acc 0.45982142857142855
[epoch:16] loss 0.5463175736367702 acc 0.70703125
[epoch:16] test loss 0.7283157195363726 test acc 0.5011160714285714
[epoch:17] loss 0.6072595082223415 acc 0.6328125
[epoch:17] test loss 0.7435002071516854 test acc 0.47098214285714285
[epoch:18] loss 0.5349558312445879 acc 0.72509765625
[epoch:18] test loss 0.755969933101109 test acc 0.47098214285714285
[epoch:19] loss 0.565513115376234 acc 0.66455078125
[epoch:19] test loss 0.769202036517007 test acc 0.4642857142857143
[epoch:20] loss 0.505648247897625 acc 0.75390625
[epoch:20] test loss 0.7241282973970685 test acc 0.5591517857142857
[epoch:21] loss 0.5705589130520821 acc 0.65625
[epoch:21] test loss 0.7868371861321586 test acc 0.46763392857142855
[epoch:22] loss 0.4892320055514574 acc 0.7685546875
[epoch:22] test loss 0.7757449916430882 test acc 0.5022321428571429
[epoch:23] loss 0.5910680796951056 acc 0.650390625
[epoch:23] test loss 0.7968469602721078 test acc 0.48549107142857145
[epoch:24] loss 0.47942259907722473 acc 0.7646484375
[epoch:24] test loss 0.7611269099371774 test acc 0.5245535714285714
[epoch:25] loss 0.5496499985456467 acc 0.68115234375
[epoch:25] test loss 0.8612901483263288 test acc 0.46316964285714285
[epoch:26] loss 0.47296527959406376 acc 0.7685546875
[epoch:26] test loss 0.8124342560768127 test acc 0.4955357142857143
[epoch:27] loss 0.555153165012598 acc 0.66650390625
[epoch:27] test loss 0.8996020810944694 test acc 0.47433035714285715
[epoch:28] loss 0.451312655583024 acc 0.78369140625
[epoch:28] test loss 0.7572829723358154 test acc 0.5613839285714286
[epoch:29] loss 0.5380898341536522 acc 0.701171875
[epoch:29] test loss 1.0762337275913783 test acc 0.45870535714285715
[epoch:30] loss 0.4474409054964781 acc 0.77880859375
[epoch:30] test loss 0.794886222907475 test acc 0.5479910714285714
[epoch:31] loss 0.527694484218955 acc 0.6884765625
[epoch:31] test loss 0.9765070336205619 test acc 0.47879464285714285
[epoch:32] loss 0.4290024731308222 acc 0.78125
[epoch:32] test loss 0.7736046825136457 test acc 0.578125
[epoch:33] loss 0.5307673588395119 acc 0.6953125
[epoch:33] test loss 0.8937478235789708 test acc 0.49330357142857145
[epoch:34] loss 0.4126488994807005 acc 0.80615234375
[epoch:34] test loss 0.8599523561341422 test acc 0.5256696428571429
[epoch:35] loss 0.5086612403392792 acc 0.71630859375
[epoch:35] test loss 1.126477267060961 test acc 0.46986607142857145
[epoch:36] loss 0.40097557567059994 acc 0.8076171875
[epoch:36] test loss 0.8347887056214469 test acc 0.5502232142857143
[epoch:37] loss 0.5023401211947203 acc 0.7001953125
[epoch:37] test loss 1.083665234701974 test acc 0.44754464285714285
[epoch:38] loss 0.39293681643903255 acc 0.7998046875
[epoch:38] test loss 0.8736968466213771 test acc 0.5613839285714286
[epoch:39] loss 0.5008623078465462 acc 0.72021484375
[epoch:39] test loss 0.9614051835877555 test acc 0.48549107142857145
[epoch:40] loss 0.3813977036625147 acc 0.806640625
[epoch:40] test loss 0.9928750651223319 test acc 0.5066964285714286
[epoch:41] loss 0.4921731259673834 acc 0.70458984375
[epoch:41] test loss 1.1594833305903844 test acc 0.46651785714285715
[epoch:42] loss 0.37580654211342335 acc 0.81298828125
[epoch:42] test loss 0.9583126561982291 test acc 0.5066964285714286
[epoch:43] loss 0.48157812282443047 acc 0.7236328125
[epoch:43] test loss 1.0720021213803972 test acc 0.4877232142857143
[epoch:44] loss 0.36250292882323265 acc 0.828125
[epoch:44] test loss 1.0514042122023446 test acc 0.5122767857142857
[epoch:45] loss 0.4810176305472851 acc 0.7119140625
[epoch:45] test loss 1.3369953291756767 test acc 0.45535714285714285
[epoch:46] loss 0.36599220894277096 acc 0.81884765625
[epoch:46] test loss 0.908216484955379 test acc 0.5680803571428571
[epoch:47] loss 0.4759740363806486 acc 0.70361328125
[epoch:47] test loss 0.9747225982802254 test acc 0.5290178571428571
[epoch:48] loss 0.34457099065184593 acc 0.82763671875
[epoch:48] test loss 1.2192645243235998 test acc 0.49441964285714285
[epoch:49] loss 0.48493919521570206 acc 0.70654296875
[epoch:49] test loss 1.1473733697618758 test acc 0.4720982142857143
[epoch:50] loss 0.33288003131747246 acc 0.83544921875
[epoch:50] test loss 0.8894271680286953 test acc 0.5803571428571429
[epoch:51] loss 0.46068309247493744 acc 0.72802734375
[epoch:51] test loss 1.1382651839937483 test acc 0.4921875
[epoch:52] loss 0.3264393974095583 acc 0.84326171875
[epoch:52] test loss 1.0138498033796037 test acc 0.5223214285714286
[epoch:53] loss 0.5074630919843912 acc 0.70068359375
[epoch:53] test loss 1.24912805216653 test acc 0.4654017857142857
[epoch:54] loss 0.33035007305443287 acc 0.84716796875
[epoch:54] test loss 1.0088535121509008 test acc 0.5714285714285714
[epoch:55] loss 0.4869656153023243 acc 0.70849609375
[epoch:55] test loss 1.4191314663205827 test acc 0.46316964285714285
[epoch:56] loss 0.31998129468411207 acc 0.84521484375
[epoch:56] test loss 0.8866217306682042 test acc 0.5915178571428571
[epoch:57] loss 0.4860879257321358 acc 0.71875
[epoch:57] test loss 1.157228308064597 test acc 0.4765625
[epoch:58] loss 0.30942132137715816 acc 0.85205078125
[epoch:58] test loss 1.0518144454274858 test acc 0.5636160714285714
[epoch:59] loss 0.4833216704428196 acc 0.72314453125
[epoch:59] test loss 1.776934334209987 test acc 0.45424107142857145
