nohup: ignoring input
/home/xiao/miniconda3/envs/torch/lib/python3.10/site-packages/torchvision/io/image.py:13: UserWarning: Failed to load image Python extension: /home/xiao/miniconda3/envs/torch/lib/python3.10/site-packages/torchvision/image.so: undefined symbol: _ZN5torch3jit17parseSchemaOrNameERKNSt7__cxx1112basic_stringIcSt11char_traitsIcESaIcEEE
  warn(f"Failed to load image Python extension: {e}")
/home/xiao/code/CS5242/CS5242/main.py:100: UserWarning: To copy construct from a tensor, it is recommended to use sourceTensor.clone().detach() or sourceTensor.clone().detach().requires_grad_(True), rather than torch.tensor(sourceTensor).
  one_gt=torch.tensor(one_gt,dtype=torch.float32)
[epoch:0] loss 0.6818052418529987 acc 0.56982421875
[epoch:0] test loss 0.6975337948117938 test acc 0.40513392857142855
[epoch:1] loss 0.6746043413877487 acc 0.58349609375
[epoch:1] test loss 0.6993746927806309 test acc 0.40513392857142855
[epoch:2] loss 0.6819238103926182 acc 0.58251953125
[epoch:2] test loss 0.7011607885360718 test acc 0.40401785714285715
[epoch:3] loss 0.6704368256032467 acc 0.587890625
[epoch:3] test loss 0.7024452856608799 test acc 0.39732142857142855
[epoch:4] loss 0.6723365411162376 acc 0.59130859375
[epoch:4] test loss 0.7015720435551235 test acc 0.40066964285714285
[epoch:5] loss 0.6719769574701786 acc 0.57861328125
[epoch:5] test loss 0.7008889658110482 test acc 0.4029017857142857
[epoch:6] loss 0.6634398549795151 acc 0.5986328125
[epoch:6] test loss 0.7016425899096898 test acc 0.40513392857142855
[epoch:7] loss 0.6536144465208054 acc 0.6044921875
[epoch:7] test loss 0.700683091367994 test acc 0.40513392857142855
[epoch:8] loss 0.6505993567407131 acc 0.6162109375
[epoch:8] test loss 0.6967279655592782 test acc 0.37388392857142855
[epoch:9] loss 0.6420433484017849 acc 0.6201171875
[epoch:9] test loss 0.6957387583596366 test acc 0.39732142857142855
[epoch:10] loss 0.6386779136955738 acc 0.62646484375
[epoch:10] test loss 0.6936980996813092 test acc 0.4341517857142857
[epoch:11] loss 0.6311537697911263 acc 0.6328125
[epoch:11] test loss 0.6926118901797703 test acc 0.4810267857142857
[epoch:12] loss 0.6236754544079304 acc 0.658203125
[epoch:12] test loss 0.6923255239214215 test acc 0.48995535714285715
[epoch:13] loss 0.6168287359178066 acc 0.6494140625
[epoch:13] test loss 0.6875572204589844 test acc 0.515625
[epoch:14] loss 0.615806233137846 acc 0.66845703125
[epoch:14] test loss 0.6901136466435024 test acc 0.5234375
[epoch:15] loss 0.6093856915831566 acc 0.67578125
[epoch:15] test loss 0.6864201171057565 test acc 0.5267857142857143
[epoch:16] loss 0.5998425856232643 acc 0.69580078125
[epoch:16] test loss 0.6809609191758292 test acc 0.6004464285714286
[epoch:17] loss 0.595239594578743 acc 0.69970703125
[epoch:17] test loss 0.6806753873825073 test acc 0.6227678571428571
[epoch:18] loss 0.5877205282449722 acc 0.70849609375
[epoch:18] test loss 0.6772056647709438 test acc 0.6439732142857143
[epoch:19] loss 0.5866087675094604 acc 0.71337890625
[epoch:19] test loss 0.6766208325113569 test acc 0.6450892857142857
[epoch:20] loss 0.577707402408123 acc 0.73046875
[epoch:20] test loss 0.6729982154709953 test acc 0.6506696428571429
[epoch:21] loss 0.5793799757957458 acc 0.7216796875
[epoch:21] test loss 0.6729291081428528 test acc 0.6495535714285714
[epoch:22] loss 0.5705556385219097 acc 0.73876953125
[epoch:22] test loss 0.6721780300140381 test acc 0.625
[epoch:23] loss 0.5667761079967022 acc 0.72509765625
[epoch:23] test loss 0.6744106837681362 test acc 0.6316964285714286
[epoch:24] loss 0.5625715777277946 acc 0.736328125
[epoch:24] test loss 0.6760155047689166 test acc 0.6160714285714286
[epoch:25] loss 0.5564635433256626 acc 0.744140625
[epoch:25] test loss 0.675659315926688 test acc 0.6205357142857143
[epoch:26] loss 0.5526815429329872 acc 0.759765625
[epoch:26] test loss 0.6846962826592582 test acc 0.6149553571428571
[epoch:27] loss 0.5452761277556419 acc 0.77001953125
[epoch:27] test loss 0.6800857271466937 test acc 0.6071428571428571
[epoch:28] loss 0.5416109822690487 acc 0.76904296875
[epoch:28] test loss 0.6879205107688904 test acc 0.5982142857142857
[epoch:29] loss 0.5417671147733927 acc 0.76806640625
[epoch:29] test loss 0.6782791018486023 test acc 0.5926339285714286
[epoch:30] loss 0.5369202345609665 acc 0.7705078125
[epoch:30] test loss 0.6877992068018232 test acc 0.5993303571428571
[epoch:31] loss 0.5333914030343294 acc 0.77734375
[epoch:31] test loss 0.6798329183033535 test acc 0.5881696428571429
[epoch:32] loss 0.534065168350935 acc 0.77880859375
[epoch:32] test loss 0.6887706773621696 test acc 0.5803571428571429
[epoch:33] loss 0.5204392466694117 acc 0.7890625
[epoch:33] test loss 0.6922224078859601 test acc 0.5926339285714286
[epoch:34] loss 0.5200165212154388 acc 0.79833984375
[epoch:34] test loss 0.6872314470154899 test acc 0.5758928571428571
[epoch:35] loss 0.5160806011408567 acc 0.7939453125
[epoch:35] test loss 0.7026052389826093 test acc 0.5412946428571429
[epoch:36] loss 0.5153287649154663 acc 0.79296875
[epoch:36] test loss 0.6965204647609166 test acc 0.578125
[epoch:37] loss 0.520372498780489 acc 0.78515625
[epoch:37] test loss 0.7032226068632943 test acc 0.5725446428571429
[epoch:38] loss 0.5107386987656355 acc 0.80078125
[epoch:38] test loss 0.7238403132983616 test acc 0.49776785714285715
[epoch:39] loss 0.5087681729346514 acc 0.80126953125
[epoch:39] test loss 0.6995366130556379 test acc 0.5658482142857143
[epoch:40] loss 0.5031849425286055 acc 0.81298828125
[epoch:40] test loss 0.7142004200390407 test acc 0.5279017857142857
[epoch:41] loss 0.5044615510851145 acc 0.80810546875
[epoch:41] test loss 0.701120776789529 test acc 0.5725446428571429
[epoch:42] loss 0.501250296831131 acc 0.814453125
[epoch:42] test loss 0.7035960725375584 test acc 0.5446428571428571
[epoch:43] loss 0.49632323905825615 acc 0.81982421875
[epoch:43] test loss 0.7255056755883353 test acc 0.49107142857142855
[epoch:44] loss 0.49490944668650627 acc 0.8193359375
[epoch:44] test loss 0.7273681589535305 test acc 0.49441964285714285
[epoch:45] loss 0.4890906009823084 acc 0.82177734375
[epoch:45] test loss 0.7060129812785557 test acc 0.5446428571428571
[epoch:46] loss 0.49607000313699245 acc 0.8134765625
[epoch:46] test loss 0.7153245721544538 test acc 0.5301339285714286
[epoch:47] loss 0.489962924271822 acc 0.8203125
[epoch:47] test loss 0.705919589315142 test acc 0.5535714285714286
[epoch:48] loss 0.493187353014946 acc 0.82373046875
[epoch:48] test loss 0.7276092512266976 test acc 0.5145089285714286
[epoch:49] loss 0.4866687785834074 acc 0.8310546875
[epoch:49] test loss 0.7403451459748405 test acc 0.46763392857142855
[epoch:50] loss 0.48048541881144047 acc 0.8369140625
[epoch:50] test loss 0.7302431634494236 test acc 0.5089285714285714
[epoch:51] loss 0.4769403524696827 acc 0.8369140625
[epoch:51] test loss 0.7322286367416382 test acc 0.49888392857142855
[epoch:52] loss 0.47344247438013554 acc 0.8408203125
[epoch:52] test loss 0.7140981640134539 test acc 0.5368303571428571
[epoch:53] loss 0.47813573107123375 acc 0.837890625
[epoch:53] test loss 0.7318400485174996 test acc 0.5100446428571429
[epoch:54] loss 0.48070170544087887 acc 0.82958984375
[epoch:54] test loss 0.7355068666594369 test acc 0.49888392857142855
[epoch:55] loss 0.47772843204438686 acc 0.83349609375
[epoch:55] test loss 0.7259601695196969 test acc 0.4921875
[epoch:56] loss 0.4742205273360014 acc 0.84130859375
[epoch:56] test loss 0.7253465822764805 test acc 0.5078125
[epoch:57] loss 0.472253892570734 acc 0.84619140625
[epoch:57] test loss 0.7165606958525521 test acc 0.5279017857142857
[epoch:58] loss 0.47321553342044353 acc 0.84423828125
[epoch:58] test loss 0.7408878547804696 test acc 0.4921875
[epoch:59] loss 0.4737695977091789 acc 0.83544921875
[epoch:59] test loss 0.7471138068607875 test acc 0.5066964285714286
[epoch:60] loss 0.4631130266934633 acc 0.85009765625
[epoch:60] test loss 0.7107882244246346 test acc 0.5412946428571429
[epoch:61] loss 0.46942458488047123 acc 0.84619140625
[epoch:61] test loss 0.7368347900254386 test acc 0.49441964285714285
[epoch:62] loss 0.4650777317583561 acc 0.8466796875
[epoch:62] test loss 0.7395884054047721 test acc 0.4955357142857143
[epoch:63] loss 0.4615681413561106 acc 0.8583984375
[epoch:63] test loss 0.7573127576283046 test acc 0.4888392857142857
[epoch:64] loss 0.46666787192225456 acc 0.8486328125
[epoch:64] test loss 0.7614235367093768 test acc 0.4888392857142857
[epoch:65] loss 0.4604998007416725 acc 0.8564453125
[epoch:65] test loss 0.7416540384292603 test acc 0.5022321428571429
[epoch:66] loss 0.4640464801341295 acc 0.85546875
[epoch:66] test loss 0.7242981961795262 test acc 0.5055803571428571
[epoch:67] loss 0.46348547749221325 acc 0.84619140625
[epoch:67] test loss 0.7463147980826241 test acc 0.5111607142857143
[epoch:68] loss 0.46015685983002186 acc 0.8515625
[epoch:68] test loss 0.7444588031087603 test acc 0.49776785714285715
[epoch:69] loss 0.45805862732231617 acc 0.857421875
[epoch:69] test loss 0.7239182080541339 test acc 0.5412946428571429
[epoch:70] loss 0.4590858072042465 acc 0.859375
[epoch:70] test loss 0.7180732488632202 test acc 0.5379464285714286
[epoch:71] loss 0.4574264921247959 acc 0.85888671875
[epoch:71] test loss 0.7551212225641523 test acc 0.5111607142857143
[epoch:72] loss 0.45064980536699295 acc 0.86376953125
[epoch:72] test loss 0.7273976291928973 test acc 0.5234375
[epoch:73] loss 0.4493936002254486 acc 0.8642578125
[epoch:73] test loss 0.7430164813995361 test acc 0.5212053571428571
[epoch:74] loss 0.4513762295246124 acc 0.86279296875
[epoch:74] test loss 0.7463071942329407 test acc 0.5033482142857143
[epoch:75] loss 0.44996371306478977 acc 0.86376953125
[epoch:75] test loss 0.7321712374687195 test acc 0.5145089285714286
[epoch:76] loss 0.4598108399659395 acc 0.85693359375
[epoch:76] test loss 0.7267780985151019 test acc 0.5345982142857143
[epoch:77] loss 0.44514391012489796 acc 0.86865234375
[epoch:77] test loss 0.7170852507863726 test acc 0.5546875
[epoch:78] loss 0.44981982931494713 acc 0.86572265625
[epoch:78] test loss 0.7530095662389483 test acc 0.5055803571428571
[epoch:79] loss 0.4426690060645342 acc 0.87548828125
[epoch:79] test loss 0.7282693045479911 test acc 0.5212053571428571
[epoch:80] loss 0.44332697056233883 acc 0.8720703125
[epoch:80] test loss 0.7563559923853193 test acc 0.515625
[epoch:81] loss 0.44235330633819103 acc 0.87353515625
[epoch:81] test loss 0.7621329256466457 test acc 0.5044642857142857
[epoch:82] loss 0.4410008415579796 acc 0.8681640625
[epoch:82] test loss 0.735985917704446 test acc 0.5234375
[epoch:83] loss 0.44290153309702873 acc 0.869140625
[epoch:83] test loss 0.7606972541127887 test acc 0.5078125
[epoch:84] loss 0.4430802408605814 acc 0.869140625
[epoch:84] test loss 0.7476969616753715 test acc 0.5267857142857143
[epoch:85] loss 0.43768739327788353 acc 0.87841796875
[epoch:85] test loss 0.7080797042165484 test acc 0.5479910714285714
[epoch:86] loss 0.44056120328605175 acc 0.875
[epoch:86] test loss 0.7723351716995239 test acc 0.49107142857142855
[epoch:87] loss 0.44374621473252773 acc 0.8671875
[epoch:87] test loss 0.7594885315213885 test acc 0.515625
[epoch:88] loss 0.4337162282317877 acc 0.8798828125
[epoch:88] test loss 0.7181491766657148 test acc 0.5457589285714286
[epoch:89] loss 0.4389407243579626 acc 0.87744140625
[epoch:89] test loss 0.7623785904475621 test acc 0.5167410714285714
[epoch:90] loss 0.43813441693782806 acc 0.880859375
[epoch:90] test loss 0.7604321667126247 test acc 0.5267857142857143
[epoch:91] loss 0.43821903318166733 acc 0.87548828125
[epoch:91] test loss 0.7664327025413513 test acc 0.5145089285714286
[epoch:92] loss 0.4423839394003153 acc 0.8701171875
[epoch:92] test loss 0.722287484577724 test acc 0.5457589285714286
[epoch:93] loss 0.43503171764314175 acc 0.87890625
[epoch:93] test loss 0.7317032303128924 test acc 0.5279017857142857
Epoch 00095: reducing learning rate of group 0 to 8.0000e-05.
[epoch:94] loss 0.4364694822579622 acc 0.87939453125
[epoch:94] test loss 0.7305888533592224 test acc 0.5301339285714286
[epoch:95] loss 0.4286329112946987 acc 0.8837890625
[epoch:95] test loss 0.7553923811231341 test acc 0.5122767857142857
[epoch:96] loss 0.43310919031500816 acc 0.8798828125
[epoch:96] test loss 0.783982345036098 test acc 0.48325892857142855
[epoch:97] loss 0.43052931502461433 acc 0.880859375
[epoch:97] test loss 0.7364824158804757 test acc 0.5345982142857143
[epoch:98] loss 0.4327655974775553 acc 0.8818359375
[epoch:98] test loss 0.7074494447026934 test acc 0.5479910714285714
[epoch:99] loss 0.43087439239025116 acc 0.876953125
[epoch:99] test loss 0.7655392204012189 test acc 0.5100446428571429
[epoch:100] loss 0.4303173404186964 acc 0.88330078125
[epoch:100] test loss 0.754825336592538 test acc 0.5267857142857143
[epoch:101] loss 0.42384822852909565 acc 0.8955078125
[epoch:101] test loss 0.7497997198786054 test acc 0.53125
[epoch:102] loss 0.4299227427691221 acc 0.8857421875
[epoch:102] test loss 0.7565679720469883 test acc 0.5245535714285714
[epoch:103] loss 0.43170858547091484 acc 0.884765625
[epoch:103] test loss 0.747494467667171 test acc 0.5122767857142857
[epoch:104] loss 0.4237441774457693 acc 0.8916015625
[epoch:104] test loss 0.7583331210272652 test acc 0.5301339285714286
[epoch:105] loss 0.4260230287909508 acc 0.88720703125
[epoch:105] test loss 0.7576021126338414 test acc 0.5178571428571429
[epoch:106] loss 0.42416349053382874 acc 0.8916015625
[epoch:106] test loss 0.7638077735900879 test acc 0.5256696428571429
[epoch:107] loss 0.42763553373515606 acc 0.88525390625
[epoch:107] test loss 0.7738014289311 test acc 0.5078125
[epoch:108] loss 0.42402328737080097 acc 0.89013671875
[epoch:108] test loss 0.7850286705153329 test acc 0.4877232142857143
[epoch:109] loss 0.4193655997514725 acc 0.89794921875
[epoch:109] test loss 0.732223527772086 test acc 0.5178571428571429
[epoch:110] loss 0.4267328940331936 acc 0.89208984375
[epoch:110] test loss 0.7405827300889152 test acc 0.5368303571428571
[epoch:111] loss 0.4176212567836046 acc 0.90087890625
[epoch:111] test loss 0.7431730031967163 test acc 0.5368303571428571
[epoch:112] loss 0.4215361550450325 acc 0.89404296875
[epoch:112] test loss 0.7332445723669869 test acc 0.5256696428571429
[epoch:113] loss 0.42180269956588745 acc 0.8935546875
[epoch:113] test loss 0.763858505657741 test acc 0.5055803571428571
[epoch:114] loss 0.41364254616200924 acc 0.90380859375
[epoch:114] test loss 0.7851032444408962 test acc 0.4921875
[epoch:115] loss 0.4185798317193985 acc 0.8994140625
[epoch:115] test loss 0.765408090182713 test acc 0.5089285714285714
[epoch:116] loss 0.41319699957966805 acc 0.9013671875
[epoch:116] test loss 0.7356920497758048 test acc 0.5279017857142857
[epoch:117] loss 0.42140291817486286 acc 0.89453125
[epoch:117] test loss 0.7635198150362287 test acc 0.5145089285714286
[epoch:118] loss 0.41810654290020466 acc 0.8984375
[epoch:118] test loss 0.7466545615877423 test acc 0.5357142857142857
[epoch:119] loss 0.4188967142254114 acc 0.90185546875
[epoch:119] test loss 0.7179777877671378 test acc 0.5435267857142857
[epoch:120] loss 0.41555948182940483 acc 0.9013671875
[epoch:120] test loss 0.7723532659666879 test acc 0.5167410714285714
[epoch:121] loss 0.41545557230710983 acc 0.900390625
[epoch:121] test loss 0.7668537242071969 test acc 0.5200892857142857
Epoch 00123: reducing learning rate of group 0 to 6.4000e-05.
[epoch:122] loss 0.42019039019942284 acc 0.89697265625
[epoch:122] test loss 0.7635598693575177 test acc 0.5022321428571429
[epoch:123] loss 0.4167516194283962 acc 0.89599609375
[epoch:123] test loss 0.773358941078186 test acc 0.5022321428571429
[epoch:124] loss 0.4160245843231678 acc 0.89990234375
[epoch:124] test loss 0.7429480297224862 test acc 0.5424107142857143
[epoch:125] loss 0.4187626764178276 acc 0.89599609375
[epoch:125] test loss 0.7728132605552673 test acc 0.5022321428571429
[epoch:126] loss 0.4097255486994982 acc 0.90771484375
[epoch:126] test loss 0.7349363054547992 test acc 0.5279017857142857
[epoch:127] loss 0.41439999267458916 acc 0.9013671875
[epoch:127] test loss 0.7698470524379185 test acc 0.515625
[epoch:128] loss 0.4103530924767256 acc 0.90673828125
[epoch:128] test loss 0.7598147818020412 test acc 0.5345982142857143
[epoch:129] loss 0.4214481096714735 acc 0.8955078125
[epoch:129] test loss 0.7551672118050712 test acc 0.5390625
[epoch:130] loss 0.4071091506630182 acc 0.9091796875
[epoch:130] test loss 0.7558044450623649 test acc 0.5368303571428571
[epoch:131] loss 0.4160457570105791 acc 0.896484375
[epoch:131] test loss 0.746866660458701 test acc 0.5446428571428571
[epoch:132] loss 0.4093858636915684 acc 0.90771484375
[epoch:132] test loss 0.7589314409664699 test acc 0.5357142857142857
[epoch:133] loss 0.40983528457581997 acc 0.90478515625
[epoch:133] test loss 0.737919773374285 test acc 0.5323660714285714
[epoch:134] loss 0.41251189820468426 acc 0.900390625
[epoch:134] test loss 0.7868768317358834 test acc 0.4966517857142857
[epoch:135] loss 0.40150924772024155 acc 0.91455078125
[epoch:135] test loss 0.7556409239768982 test acc 0.5189732142857143
[epoch:136] loss 0.40324874967336655 acc 0.91357421875
[epoch:136] test loss 0.7692428571837289 test acc 0.5100446428571429
[epoch:137] loss 0.4111195709556341 acc 0.90576171875
[epoch:137] test loss 0.7846674408231463 test acc 0.49776785714285715
[epoch:138] loss 0.41143844462931156 acc 0.9072265625
[epoch:138] test loss 0.7402945756912231 test acc 0.5390625
[epoch:139] loss 0.4126850478351116 acc 0.90380859375
[epoch:139] test loss 0.7443009955542428 test acc 0.5212053571428571
[epoch:140] loss 0.4093689601868391 acc 0.90625
[epoch:140] test loss 0.7617888280323574 test acc 0.5111607142857143
Epoch 00142: reducing learning rate of group 0 to 5.1200e-05.
[epoch:141] loss 0.410336147993803 acc 0.9052734375
[epoch:141] test loss 0.7599394491740635 test acc 0.5256696428571429
[epoch:142] loss 0.4109973479062319 acc 0.90234375
[epoch:142] test loss 0.7335517236164638 test acc 0.5424107142857143
[epoch:143] loss 0.41177160665392876 acc 0.90673828125
[epoch:143] test loss 0.759962797164917 test acc 0.5178571428571429
[epoch:144] loss 0.40992450527846813 acc 0.90625
[epoch:144] test loss 0.7502417734691075 test acc 0.5390625
[epoch:145] loss 0.40549933910369873 acc 0.90673828125
[epoch:145] test loss 0.7540166207722255 test acc 0.5212053571428571
[epoch:146] loss 0.40821056067943573 acc 0.908203125
[epoch:146] test loss 0.766287454536983 test acc 0.5145089285714286
Epoch 00148: reducing learning rate of group 0 to 4.0960e-05.
[epoch:147] loss 0.40450555831193924 acc 0.9150390625
[epoch:147] test loss 0.7594921503748212 test acc 0.5334821428571429
[epoch:148] loss 0.4063177779316902 acc 0.90478515625
[epoch:148] test loss 0.7587927494730268 test acc 0.5290178571428571
[epoch:149] loss 0.40512858889997005 acc 0.9072265625
[epoch:149] test loss 0.7453791328838894 test acc 0.5491071428571429
[epoch:150] loss 0.4042712338268757 acc 0.91162109375
[epoch:150] test loss 0.7571841052600315 test acc 0.5323660714285714
[epoch:151] loss 0.4107200410217047 acc 0.9033203125
[epoch:151] test loss 0.7650553243500846 test acc 0.5279017857142857
[epoch:152] loss 0.3995539955794811 acc 0.91552734375
[epoch:152] test loss 0.7424348763057164 test acc 0.5345982142857143
[epoch:153] loss 0.4011935666203499 acc 0.91357421875
[epoch:153] test loss 0.759165074144091 test acc 0.5212053571428571
[epoch:154] loss 0.40480274707078934 acc 0.9130859375
[epoch:154] test loss 0.7581677521978106 test acc 0.53125
[epoch:155] loss 0.40707760863006115 acc 0.90576171875
[epoch:155] test loss 0.7502277493476868 test acc 0.5379464285714286
[epoch:156] loss 0.4032709877938032 acc 0.91162109375
[epoch:156] test loss 0.7499263712338039 test acc 0.5345982142857143
[epoch:157] loss 0.39850650914013386 acc 0.91943359375
[epoch:157] test loss 0.7676100390298026 test acc 0.5145089285714286
[epoch:158] loss 0.4021757487207651 acc 0.91064453125
[epoch:158] test loss 0.7525966337748936 test acc 0.5368303571428571
[epoch:159] loss 0.4037248231470585 acc 0.9130859375
[epoch:159] test loss 0.7541724698884147 test acc 0.5424107142857143
[epoch:160] loss 0.40535411797463894 acc 0.90625
[epoch:160] test loss 0.7512957624026707 test acc 0.5290178571428571
[epoch:161] loss 0.4046279080212116 acc 0.9091796875
[epoch:161] test loss 0.7600089992795672 test acc 0.5200892857142857
[epoch:162] loss 0.4030331149697304 acc 0.91552734375
[epoch:162] test loss 0.7647268090929303 test acc 0.5145089285714286
Epoch 00164: reducing learning rate of group 0 to 3.2768e-05.
[epoch:163] loss 0.40423937886953354 acc 0.90576171875
[epoch:163] test loss 0.7464970690863473 test acc 0.5345982142857143
[epoch:164] loss 0.39787277579307556 acc 0.9228515625
[epoch:164] test loss 0.7545599596840995 test acc 0.5223214285714286
[epoch:165] loss 0.3997480347752571 acc 0.9169921875
[epoch:165] test loss 0.7591474396841866 test acc 0.5234375
[epoch:166] loss 0.4007186572998762 acc 0.912109375
[epoch:166] test loss 0.7682379569326129 test acc 0.5178571428571429
[epoch:167] loss 0.40167894773185253 acc 0.91552734375
[epoch:167] test loss 0.7742102997643607 test acc 0.5133928571428571
[epoch:168] loss 0.397156884893775 acc 0.91796875
[epoch:168] test loss 0.7576103295598712 test acc 0.5301339285714286
[epoch:169] loss 0.3981919940561056 acc 0.92041015625
[epoch:169] test loss 0.7613793270928519 test acc 0.5245535714285714
[epoch:170] loss 0.40474641881883144 acc 0.90380859375
[epoch:170] test loss 0.7561120050294059 test acc 0.5200892857142857
[epoch:171] loss 0.4003474526107311 acc 0.91357421875
[epoch:171] test loss 0.7475202764783587 test acc 0.5290178571428571
[epoch:172] loss 0.40064319409430027 acc 0.91455078125
[epoch:172] test loss 0.7590738109179905 test acc 0.5279017857142857
[epoch:173] loss 0.40035254694521427 acc 0.91650390625
[epoch:173] test loss 0.7536564554486956 test acc 0.53125
Epoch 00175: reducing learning rate of group 0 to 2.6214e-05.
[epoch:174] loss 0.4017553385347128 acc 0.91259765625
[epoch:174] test loss 0.767645001411438 test acc 0.515625
[epoch:175] loss 0.39496622420847416 acc 0.92431640625
[epoch:175] test loss 0.7732088906424386 test acc 0.5167410714285714
[epoch:176] loss 0.401043314486742 acc 0.90966796875
[epoch:176] test loss 0.7744000809533256 test acc 0.5178571428571429
[epoch:177] loss 0.40718211606144905 acc 0.90673828125
[epoch:177] test loss 0.7752446276800973 test acc 0.5189732142857143
[epoch:178] loss 0.3971025478094816 acc 0.919921875
[epoch:178] test loss 0.7644913111414228 test acc 0.5256696428571429
[epoch:179] loss 0.39699638448655605 acc 0.9189453125
[epoch:179] test loss 0.7644351039613996 test acc 0.5245535714285714
[epoch:180] loss 0.39816704392433167 acc 0.9169921875
[epoch:180] test loss 0.7640237127031598 test acc 0.515625
Epoch 00182: reducing learning rate of group 0 to 2.0972e-05.
[epoch:181] loss 0.4003161806613207 acc 0.916015625
[epoch:181] test loss 0.7738214986664909 test acc 0.5044642857142857
[epoch:182] loss 0.39765401370823383 acc 0.91748046875
[epoch:182] test loss 0.7601530977657863 test acc 0.5212053571428571
[epoch:183] loss 0.395535284653306 acc 0.9169921875
[epoch:183] test loss 0.762128336088998 test acc 0.5200892857142857
[epoch:184] loss 0.3908876571804285 acc 0.92578125
[epoch:184] test loss 0.7616793853896004 test acc 0.5178571428571429
[epoch:185] loss 0.4035632200539112 acc 0.9140625
[epoch:185] test loss 0.7732855081558228 test acc 0.5133928571428571
[epoch:186] loss 0.39276055432856083 acc 0.92333984375
[epoch:186] test loss 0.7700921126774379 test acc 0.515625
[epoch:187] loss 0.39288957975804806 acc 0.919921875
[epoch:187] test loss 0.7557472160884312 test acc 0.5267857142857143
[epoch:188] loss 0.39828096330165863 acc 0.9150390625
[epoch:188] test loss 0.7522525872503009 test acc 0.5234375
[epoch:189] loss 0.39527086541056633 acc 0.9208984375
[epoch:189] test loss 0.77050062588283 test acc 0.5089285714285714
Epoch 00191: reducing learning rate of group 0 to 1.6777e-05.
[epoch:190] loss 0.39755064621567726 acc 0.92041015625
[epoch:190] test loss 0.7798553364617484 test acc 0.5066964285714286
[epoch:191] loss 0.4001126755028963 acc 0.91748046875
[epoch:191] test loss 0.7706125548907689 test acc 0.5167410714285714
[epoch:192] loss 0.4036425016820431 acc 0.9111328125
[epoch:192] test loss 0.7633982385907855 test acc 0.5245535714285714
[epoch:193] loss 0.3982112221419811 acc 0.91845703125
[epoch:193] test loss 0.7717434338160923 test acc 0.5145089285714286
[epoch:194] loss 0.38869683817029 acc 0.92919921875
[epoch:194] test loss 0.7758182883262634 test acc 0.5100446428571429
[epoch:195] loss 0.3987450711429119 acc 0.919921875
[epoch:195] test loss 0.7693732636315482 test acc 0.515625
[epoch:196] loss 0.39807957224547863 acc 0.92138671875
[epoch:196] test loss 0.7678968565804618 test acc 0.5167410714285714
[epoch:197] loss 0.40317547880113125 acc 0.912109375
[epoch:197] test loss 0.7617674384798322 test acc 0.5200892857142857
[epoch:198] loss 0.3940119668841362 acc 0.92431640625
[epoch:198] test loss 0.7626848135675702 test acc 0.5256696428571429
[epoch:199] loss 0.3993476368486881 acc 0.916015625
[epoch:199] test loss 0.7683827110699245 test acc 0.515625
