nohup: ignoring input
/home/xiao/miniconda3/envs/torch/lib/python3.10/site-packages/torchvision/io/image.py:13: UserWarning: Failed to load image Python extension: /home/xiao/miniconda3/envs/torch/lib/python3.10/site-packages/torchvision/image.so: undefined symbol: _ZN5torch3jit17parseSchemaOrNameERKNSt7__cxx1112basic_stringIcSt11char_traitsIcESaIcEEE
  warn(f"Failed to load image Python extension: {e}")
/home/xiao/code/CS5242/CS5242/main.py:100: UserWarning: To copy construct from a tensor, it is recommended to use sourceTensor.clone().detach() or sourceTensor.clone().detach().requires_grad_(True), rather than torch.tensor(sourceTensor).
  one_gt=torch.tensor(one_gt,dtype=torch.float32)
[epoch:0] loss 0.6771655865013599 acc 0.587890625
[epoch:0] test loss 0.6974576711654663 test acc 0.40625
[epoch:1] loss 0.6681382358074188 acc 0.6044921875
[epoch:1] test loss 0.7006457192557198 test acc 0.40066964285714285
[epoch:2] loss 0.6694455295801163 acc 0.59375
[epoch:2] test loss 0.7024761438369751 test acc 0.40625
[epoch:3] loss 0.6658688709139824 acc 0.59765625
[epoch:3] test loss 0.7013560022626605 test acc 0.40513392857142855
[epoch:4] loss 0.6573905944824219 acc 0.6103515625
[epoch:4] test loss 0.7027198587145124 test acc 0.4017857142857143
[epoch:5] loss 0.6500128842890263 acc 0.61767578125
[epoch:5] test loss 0.6982077530452183 test acc 0.4017857142857143
[epoch:6] loss 0.6456473655998707 acc 0.6171875
[epoch:6] test loss 0.6968689816338676 test acc 0.4095982142857143
[epoch:7] loss 0.6434202492237091 acc 0.619140625
[epoch:7] test loss 0.6949092660631452 test acc 0.5033482142857143
[epoch:8] loss 0.6392558105289936 acc 0.63037109375
[epoch:8] test loss 0.6936509949820382 test acc 0.5245535714285714
[epoch:9] loss 0.6283373311161995 acc 0.64111328125
[epoch:9] test loss 0.6927500707762582 test acc 0.5546875
[epoch:10] loss 0.6215607896447182 acc 0.650390625
[epoch:10] test loss 0.6896661860602242 test acc 0.5736607142857143
[epoch:11] loss 0.6143915615975857 acc 0.6787109375
[epoch:11] test loss 0.6889237420899528 test acc 0.578125
[epoch:12] loss 0.6132943406701088 acc 0.67041015625
[epoch:12] test loss 0.6877865024975368 test acc 0.5658482142857143
[epoch:13] loss 0.6077556721866131 acc 0.6748046875
[epoch:13] test loss 0.6874918597085136 test acc 0.6037946428571429
[epoch:14] loss 0.6019548289477825 acc 0.685546875
[epoch:14] test loss 0.6864693420273917 test acc 0.59375
[epoch:15] loss 0.5916026532649994 acc 0.7197265625
[epoch:15] test loss 0.6850953613008771 test acc 0.609375
[epoch:16] loss 0.5913207493722439 acc 0.70556640625
[epoch:16] test loss 0.6871376122747149 test acc 0.5758928571428571
[epoch:17] loss 0.5872724764049053 acc 0.70361328125
[epoch:17] test loss 0.6832212720598493 test acc 0.6138392857142857
[epoch:18] loss 0.5876477546989918 acc 0.71044921875
[epoch:18] test loss 0.6832254018102374 test acc 0.5993303571428571
[epoch:19] loss 0.5842895060777664 acc 0.71630859375
[epoch:19] test loss 0.6846843106406075 test acc 0.5993303571428571
[epoch:20] loss 0.5790095031261444 acc 0.7333984375
[epoch:20] test loss 0.6855823738234383 test acc 0.5647321428571429
[epoch:21] loss 0.5767594054341316 acc 0.7265625
[epoch:21] test loss 0.6848574110439846 test acc 0.5658482142857143
[epoch:22] loss 0.570287998765707 acc 0.74072265625
[epoch:22] test loss 0.6768817475863865 test acc 0.6015625
[epoch:23] loss 0.5656470730900764 acc 0.74609375
[epoch:23] test loss 0.6852312939507621 test acc 0.5591517857142857
[epoch:24] loss 0.5624817050993443 acc 0.7490234375
[epoch:24] test loss 0.6793273942811149 test acc 0.6049107142857143
[epoch:25] loss 0.5625817663967609 acc 0.7490234375
[epoch:25] test loss 0.6823264701025826 test acc 0.5892857142857143
[epoch:26] loss 0.5555549710988998 acc 0.75634765625
[epoch:26] test loss 0.6889363782746452 test acc 0.5546875
[epoch:27] loss 0.5523007586598396 acc 0.7607421875
[epoch:27] test loss 0.6868638736861092 test acc 0.5691964285714286
[epoch:28] loss 0.5492791123688221 acc 0.7578125
[epoch:28] test loss 0.6913152933120728 test acc 0.5357142857142857
[epoch:29] loss 0.5444047078490257 acc 0.76904296875
[epoch:29] test loss 0.6800431268555778 test acc 0.5915178571428571
[epoch:30] loss 0.5463262759149075 acc 0.76806640625
[epoch:30] test loss 0.6863744514329093 test acc 0.5412946428571429
[epoch:31] loss 0.543173847720027 acc 0.77099609375
[epoch:31] test loss 0.6793971061706543 test acc 0.578125
[epoch:32] loss 0.5375852286815643 acc 0.7744140625
[epoch:32] test loss 0.683580219745636 test acc 0.5379464285714286
[epoch:33] loss 0.534560477361083 acc 0.77587890625
[epoch:33] test loss 0.6869978478976658 test acc 0.5837053571428571
[epoch:34] loss 0.5347753316164017 acc 0.77734375
[epoch:34] test loss 0.6883446233613151 test acc 0.5792410714285714
[epoch:35] loss 0.5254322737455368 acc 0.7880859375
[epoch:35] test loss 0.7033292906624931 test acc 0.5345982142857143
[epoch:36] loss 0.5218175146728754 acc 0.79150390625
[epoch:36] test loss 0.6975499391555786 test acc 0.5279017857142857
[epoch:37] loss 0.5200627166777849 acc 0.78955078125
[epoch:37] test loss 0.6986971156937736 test acc 0.5446428571428571
[epoch:38] loss 0.5194806642830372 acc 0.796875
[epoch:38] test loss 0.7046573672975812 test acc 0.5301339285714286
[epoch:39] loss 0.522691173478961 acc 0.78662109375
[epoch:39] test loss 0.6888397932052612 test acc 0.5859375
[epoch:40] loss 0.5187720898538828 acc 0.79736328125
[epoch:40] test loss 0.7090933322906494 test acc 0.5401785714285714
[epoch:41] loss 0.5088546220213175 acc 0.80908203125
[epoch:41] test loss 0.6925390107291085 test acc 0.5691964285714286
[epoch:42] loss 0.5144967772066593 acc 0.798828125
[epoch:42] test loss 0.6973319394247872 test acc 0.5736607142857143
[epoch:43] loss 0.5135015547275543 acc 0.80322265625
[epoch:43] test loss 0.705291782106672 test acc 0.5256696428571429
[epoch:44] loss 0.5082350224256516 acc 0.8125
[epoch:44] test loss 0.6989106025014605 test acc 0.5658482142857143
[epoch:45] loss 0.503552284091711 acc 0.8046875
[epoch:45] test loss 0.7094450337546212 test acc 0.5256696428571429
[epoch:46] loss 0.5138635896146297 acc 0.802734375
[epoch:46] test loss 0.7031955293246678 test acc 0.5491071428571429
[epoch:47] loss 0.5035694781690836 acc 0.814453125
[epoch:47] test loss 0.7072165438107082 test acc 0.5625
[epoch:48] loss 0.4961876664310694 acc 0.82177734375
[epoch:48] test loss 0.7077468889100211 test acc 0.5680803571428571
[epoch:49] loss 0.5019805561751127 acc 0.8095703125
[epoch:49] test loss 0.7280334319387164 test acc 0.5145089285714286
[epoch:50] loss 0.4995306897908449 acc 0.8125
[epoch:50] test loss 0.7217079997062683 test acc 0.5234375
[epoch:51] loss 0.4977377839386463 acc 0.8125
[epoch:51] test loss 0.706422243799482 test acc 0.5591517857142857
[epoch:52] loss 0.49499222449958324 acc 0.81884765625
[epoch:52] test loss 0.7181729589189801 test acc 0.5089285714285714
[epoch:53] loss 0.4928366020321846 acc 0.8203125
[epoch:53] test loss 0.7239495771271842 test acc 0.5133928571428571
[epoch:54] loss 0.4957922678440809 acc 0.82470703125
[epoch:54] test loss 0.7087358576910836 test acc 0.5446428571428571
[epoch:55] loss 0.49365331791341305 acc 0.822265625
[epoch:55] test loss 0.7077293906893048 test acc 0.5714285714285714
[epoch:56] loss 0.4895043708384037 acc 0.82421875
[epoch:56] test loss 0.7165204201425824 test acc 0.546875
[epoch:57] loss 0.48914666287600994 acc 0.8291015625
[epoch:57] test loss 0.7275246041161674 test acc 0.5033482142857143
[epoch:58] loss 0.48641209676861763 acc 0.83154296875
[epoch:58] test loss 0.7244878751891 test acc 0.5178571428571429
[epoch:59] loss 0.4887050222605467 acc 0.82470703125
[epoch:59] test loss 0.7116042460714068 test acc 0.5457589285714286
[epoch:60] loss 0.4855672437697649 acc 0.830078125
[epoch:60] test loss 0.7195557526179722 test acc 0.5301339285714286
[epoch:61] loss 0.4855457376688719 acc 0.826171875
[epoch:61] test loss 0.7318019185747419 test acc 0.5011160714285714
[epoch:62] loss 0.4781872630119324 acc 0.8408203125
[epoch:62] test loss 0.7217227561133248 test acc 0.5290178571428571
[epoch:63] loss 0.48419650830328465 acc 0.8330078125
[epoch:63] test loss 0.7352184142385211 test acc 0.5066964285714286
[epoch:64] loss 0.47109124436974525 acc 0.8427734375
[epoch:64] test loss 0.7369063752038139 test acc 0.49107142857142855
[epoch:65] loss 0.48222791589796543 acc 0.8330078125
[epoch:65] test loss 0.7330396515982491 test acc 0.4966517857142857
[epoch:66] loss 0.4766537472605705 acc 0.8359375
[epoch:66] test loss 0.7503049799374172 test acc 0.4654017857142857
[epoch:67] loss 0.4706075247377157 acc 0.85009765625
[epoch:67] test loss 0.7599898321287972 test acc 0.4575892857142857
[epoch:68] loss 0.4814662244170904 acc 0.82958984375
[epoch:68] test loss 0.7326077052525112 test acc 0.5100446428571429
[epoch:69] loss 0.48074650578200817 acc 0.83447265625
[epoch:69] test loss 0.754965501172202 test acc 0.45424107142857145
[epoch:70] loss 0.4730010461062193 acc 0.841796875
[epoch:70] test loss 0.7417115483965192 test acc 0.5089285714285714
[epoch:71] loss 0.4732055589556694 acc 0.84619140625
[epoch:71] test loss 0.7412908758435931 test acc 0.5044642857142857
[epoch:72] loss 0.4724933486431837 acc 0.8349609375
[epoch:72] test loss 0.7608825308935983 test acc 0.5089285714285714
[epoch:73] loss 0.46997838094830513 acc 0.84814453125
[epoch:73] test loss 0.7449802245412555 test acc 0.5111607142857143
[epoch:74] loss 0.4638983141630888 acc 0.8486328125
[epoch:74] test loss 0.7509727903774807 test acc 0.45982142857142855
[epoch:75] loss 0.4686559420078993 acc 0.84326171875
[epoch:75] test loss 0.7458942532539368 test acc 0.4966517857142857
[epoch:76] loss 0.46509032137691975 acc 0.85498046875
[epoch:76] test loss 0.7560030392238072 test acc 0.4877232142857143
[epoch:77] loss 0.4595899432897568 acc 0.8583984375
[epoch:77] test loss 0.7761059999465942 test acc 0.4497767857142857
[epoch:78] loss 0.46179440431296825 acc 0.853515625
[epoch:78] test loss 0.7710110289709908 test acc 0.45089285714285715
[epoch:79] loss 0.4601372927427292 acc 0.857421875
[epoch:79] test loss 0.7780406389917646 test acc 0.4486607142857143
[epoch:80] loss 0.46313001960515976 acc 0.849609375
[epoch:80] test loss 0.7707156368664333 test acc 0.44419642857142855
[epoch:81] loss 0.45767870359122753 acc 0.8583984375
[epoch:81] test loss 0.7695652672222683 test acc 0.45089285714285715
[epoch:82] loss 0.46318977139890194 acc 0.85009765625
[epoch:82] test loss 0.7670922960553851 test acc 0.45982142857142855
[epoch:83] loss 0.4587940890341997 acc 0.86181640625
[epoch:83] test loss 0.7673680186271667 test acc 0.5212053571428571
[epoch:84] loss 0.45153529196977615 acc 0.8623046875
[epoch:84] test loss 0.7625302076339722 test acc 0.46986607142857145
[epoch:85] loss 0.4552343636751175 acc 0.8623046875
[epoch:85] test loss 0.7387911081314087 test acc 0.5267857142857143
[epoch:86] loss 0.45675127021968365 acc 0.859375
[epoch:86] test loss 0.771711928503854 test acc 0.45870535714285715
[epoch:87] loss 0.457312885671854 acc 0.85986328125
[epoch:87] test loss 0.7638000931058612 test acc 0.47544642857142855
[epoch:88] loss 0.4610483944416046 acc 0.85400390625
[epoch:88] test loss 0.7589443666594369 test acc 0.4575892857142857
[epoch:89] loss 0.45519272424280643 acc 0.8623046875
[epoch:89] test loss 0.7664663536208016 test acc 0.45200892857142855
Epoch 00091: reducing learning rate of group 0 to 8.0000e-05.
[epoch:90] loss 0.4591828379780054 acc 0.85888671875
[epoch:90] test loss 0.7696218150002616 test acc 0.4720982142857143
[epoch:91] loss 0.4520835056900978 acc 0.85791015625
[epoch:91] test loss 0.7766766463007245 test acc 0.5055803571428571
[epoch:92] loss 0.45753899216651917 acc 0.85595703125
[epoch:92] test loss 0.7556168181555611 test acc 0.5089285714285714
[epoch:93] loss 0.45433701016008854 acc 0.86279296875
[epoch:93] test loss 0.7743434650557381 test acc 0.48995535714285715
[epoch:94] loss 0.4461971540004015 acc 0.87060546875
[epoch:94] test loss 0.7697468314852033 test acc 0.4877232142857143
[epoch:95] loss 0.4506166856735945 acc 0.86572265625
[epoch:95] test loss 0.7680268032210213 test acc 0.4810267857142857
[epoch:96] loss 0.45195076055824757 acc 0.8564453125
[epoch:96] test loss 0.7717865194593158 test acc 0.4575892857142857
[epoch:97] loss 0.45304330810904503 acc 0.861328125
[epoch:97] test loss 0.7724447505814689 test acc 0.45089285714285715
[epoch:98] loss 0.4526450503617525 acc 0.8603515625
[epoch:98] test loss 0.7801116023744855 test acc 0.45200892857142855
[epoch:99] loss 0.4509383998811245 acc 0.8623046875
[epoch:99] test loss 0.7760821836335319 test acc 0.45982142857142855
[epoch:100] loss 0.4420565254986286 acc 0.8720703125
[epoch:100] test loss 0.7788609095982143 test acc 0.46205357142857145
[epoch:101] loss 0.4493480324745178 acc 0.8662109375
[epoch:101] test loss 0.7791528105735779 test acc 0.4609375
[epoch:102] loss 0.4449677672237158 acc 0.87158203125
[epoch:102] test loss 0.7902080331529889 test acc 0.45535714285714285
[epoch:103] loss 0.4396800138056278 acc 0.87744140625
[epoch:103] test loss 0.7899320381028312 test acc 0.47879464285714285
[epoch:104] loss 0.4467473682016134 acc 0.86669921875
[epoch:104] test loss 0.7957468203135899 test acc 0.4497767857142857
[epoch:105] loss 0.444143271073699 acc 0.86669921875
[epoch:105] test loss 0.772018952029092 test acc 0.4966517857142857
[epoch:106] loss 0.448495889082551 acc 0.86767578125
[epoch:106] test loss 0.7885184713772365 test acc 0.4575892857142857
[epoch:107] loss 0.43967337161302567 acc 0.8798828125
[epoch:107] test loss 0.7842585614749363 test acc 0.45870535714285715
[epoch:108] loss 0.44339269399642944 acc 0.87255859375
[epoch:108] test loss 0.7724560243742806 test acc 0.45870535714285715
Epoch 00110: reducing learning rate of group 0 to 6.4000e-05.
[epoch:109] loss 0.4458854626864195 acc 0.87353515625
[epoch:109] test loss 0.776619051183973 test acc 0.45200892857142855
[epoch:110] loss 0.44418732449412346 acc 0.87255859375
[epoch:110] test loss 0.7831799558230809 test acc 0.4642857142857143
[epoch:111] loss 0.43958565033972263 acc 0.876953125
[epoch:111] test loss 0.7808618460382734 test acc 0.46316964285714285
[epoch:112] loss 0.43394445814192295 acc 0.8828125
[epoch:112] test loss 0.7924596667289734 test acc 0.46205357142857145
[epoch:113] loss 0.43908615969121456 acc 0.87451171875
[epoch:113] test loss 0.7794042825698853 test acc 0.4564732142857143
[epoch:114] loss 0.433762077242136 acc 0.88037109375
[epoch:114] test loss 0.7821872745241437 test acc 0.45200892857142855
[epoch:115] loss 0.43970026820898056 acc 0.87646484375
[epoch:115] test loss 0.7826443484851292 test acc 0.48214285714285715
[epoch:116] loss 0.430181372910738 acc 0.88623046875
[epoch:116] test loss 0.788527820791517 test acc 0.44642857142857145
[epoch:117] loss 0.4419649112969637 acc 0.87109375
[epoch:117] test loss 0.7946121437208993 test acc 0.4486607142857143
[epoch:118] loss 0.4410535339266062 acc 0.8720703125
[epoch:118] test loss 0.7971856764384678 test acc 0.47544642857142855
[epoch:119] loss 0.43471429124474525 acc 0.87890625
[epoch:119] test loss 0.7872267876352582 test acc 0.44754464285714285
[epoch:120] loss 0.4409302622079849 acc 0.87451171875
[epoch:120] test loss 0.7821330257824489 test acc 0.4497767857142857
[epoch:121] loss 0.42918889969587326 acc 0.884765625
[epoch:121] test loss 0.7864255649702889 test acc 0.4642857142857143
[epoch:122] loss 0.4305354505777359 acc 0.88671875
[epoch:122] test loss 0.7650835854666573 test acc 0.5
[epoch:123] loss 0.43310432881116867 acc 0.88330078125
[epoch:123] test loss 0.7827316011701312 test acc 0.484375
[epoch:124] loss 0.4296115357428789 acc 0.8837890625
[epoch:124] test loss 0.7727771571704319 test acc 0.46651785714285715
[epoch:125] loss 0.4364379458129406 acc 0.8828125
[epoch:125] test loss 0.782066115311214 test acc 0.46875
[epoch:126] loss 0.44020052812993526 acc 0.87451171875
[epoch:126] test loss 0.7562468903405326 test acc 0.5078125
[epoch:127] loss 0.42688876762986183 acc 0.8916015625
[epoch:127] test loss 0.7823818922042847 test acc 0.46875
[epoch:128] loss 0.4320290479809046 acc 0.8828125
[epoch:128] test loss 0.7805735298565456 test acc 0.46986607142857145
[epoch:129] loss 0.43312196619808674 acc 0.88232421875
[epoch:129] test loss 0.7875776631491525 test acc 0.4486607142857143
[epoch:130] loss 0.42900428362190723 acc 0.8896484375
[epoch:130] test loss 0.7795610172407967 test acc 0.4799107142857143
[epoch:131] loss 0.42772664688527584 acc 0.8896484375
[epoch:131] test loss 0.7834110260009766 test acc 0.4720982142857143
[epoch:132] loss 0.4333554208278656 acc 0.8798828125
[epoch:132] test loss 0.7909845284053257 test acc 0.4765625
[epoch:133] loss 0.4234601892530918 acc 0.89501953125
[epoch:133] test loss 0.7925608328410557 test acc 0.44419642857142855
[epoch:134] loss 0.4283911660313606 acc 0.88916015625
[epoch:134] test loss 0.7743520481245858 test acc 0.45535714285714285
[epoch:135] loss 0.4299223832786083 acc 0.8857421875
[epoch:135] test loss 0.7750467658042908 test acc 0.47433035714285715
[epoch:136] loss 0.4284414015710354 acc 0.88427734375
[epoch:136] test loss 0.7693044458116803 test acc 0.4609375
[epoch:137] loss 0.4316369779407978 acc 0.88623046875
[epoch:137] test loss 0.7772823997906276 test acc 0.4921875
[epoch:138] loss 0.4291739873588085 acc 0.88623046875
[epoch:138] test loss 0.7756286008017403 test acc 0.46316964285714285
[epoch:139] loss 0.42326281778514385 acc 0.89501953125
[epoch:139] test loss 0.769934492451804 test acc 0.45870535714285715
[epoch:140] loss 0.42482843063771725 acc 0.88916015625
[epoch:140] test loss 0.7567774823733738 test acc 0.5
[epoch:141] loss 0.4276336282491684 acc 0.89013671875
[epoch:141] test loss 0.7511131422860282 test acc 0.5044642857142857
[epoch:142] loss 0.42423548363149166 acc 0.89111328125
[epoch:142] test loss 0.7655846221106393 test acc 0.5066964285714286
[epoch:143] loss 0.42527605779469013 acc 0.8896484375
[epoch:143] test loss 0.7468547395297459 test acc 0.5200892857142857
[epoch:144] loss 0.4221361558884382 acc 0.890625
[epoch:144] test loss 0.7648633718490601 test acc 0.49776785714285715
[epoch:145] loss 0.424439063295722 acc 0.892578125
[epoch:145] test loss 0.7780301145144871 test acc 0.484375
[epoch:146] loss 0.4181549083441496 acc 0.90087890625
[epoch:146] test loss 0.762645057269505 test acc 0.46986607142857145
[epoch:147] loss 0.4236398469656706 acc 0.8935546875
[epoch:147] test loss 0.773410039288657 test acc 0.4921875
[epoch:148] loss 0.4206251837313175 acc 0.89453125
[epoch:148] test loss 0.7699077129364014 test acc 0.46986607142857145
[epoch:149] loss 0.42411610670387745 acc 0.89501953125
[epoch:149] test loss 0.7858016661235264 test acc 0.484375
[epoch:150] loss 0.4229917973279953 acc 0.890625
[epoch:150] test loss 0.7842652031353542 test acc 0.49441964285714285
[epoch:151] loss 0.40997883677482605 acc 0.90380859375
[epoch:151] test loss 0.7613147752625602 test acc 0.5111607142857143
[epoch:152] loss 0.42368246614933014 acc 0.88818359375
[epoch:152] test loss 0.7827544297490802 test acc 0.4799107142857143
[epoch:153] loss 0.41971454955637455 acc 0.89697265625
[epoch:153] test loss 0.7938388756343296 test acc 0.4810267857142857
[epoch:154] loss 0.4192207884043455 acc 0.89404296875
[epoch:154] test loss 0.7815804396356855 test acc 0.46205357142857145
[epoch:155] loss 0.4199955388903618 acc 0.89501953125
[epoch:155] test loss 0.7657639469419207 test acc 0.48325892857142855
[epoch:156] loss 0.41813363693654537 acc 0.896484375
[epoch:156] test loss 0.7840608358383179 test acc 0.5011160714285714
Epoch 00158: reducing learning rate of group 0 to 5.1200e-05.
[epoch:157] loss 0.41982580721378326 acc 0.896484375
[epoch:157] test loss 0.7818738136972699 test acc 0.4654017857142857
[epoch:158] loss 0.4150123558938503 acc 0.9033203125
[epoch:158] test loss 0.7690308945519584 test acc 0.4654017857142857
[epoch:159] loss 0.4217889364808798 acc 0.89404296875
[epoch:159] test loss 0.7798231840133667 test acc 0.48214285714285715
[epoch:160] loss 0.4142419807612896 acc 0.90283203125
[epoch:160] test loss 0.7826723456382751 test acc 0.4642857142857143
[epoch:161] loss 0.4186100494116545 acc 0.89599609375
[epoch:161] test loss 0.7968192781720843 test acc 0.45200892857142855
[epoch:162] loss 0.4077794421464205 acc 0.91259765625
[epoch:162] test loss 0.7901049511773246 test acc 0.47879464285714285
[epoch:163] loss 0.41130150482058525 acc 0.9052734375
[epoch:163] test loss 0.7561408707073757 test acc 0.5223214285714286
[epoch:164] loss 0.41204147413372993 acc 0.904296875
[epoch:164] test loss 0.7951032604490008 test acc 0.4765625
[epoch:165] loss 0.4222968816757202 acc 0.89501953125
[epoch:165] test loss 0.784421946321215 test acc 0.4654017857142857
[epoch:166] loss 0.41052384302020073 acc 0.90576171875
[epoch:166] test loss 0.7840824467795235 test acc 0.45982142857142855
[epoch:167] loss 0.4103014040738344 acc 0.9072265625
[epoch:167] test loss 0.7724224669592721 test acc 0.46875
Epoch 00169: reducing learning rate of group 0 to 4.0960e-05.
[epoch:168] loss 0.4148584417998791 acc 0.89794921875
[epoch:168] test loss 0.7702023131506783 test acc 0.4810267857142857
[epoch:169] loss 0.41147956252098083 acc 0.9091796875
[epoch:169] test loss 0.7819370882851737 test acc 0.49776785714285715
[epoch:170] loss 0.41388701647520065 acc 0.8994140625
[epoch:170] test loss 0.7765159692083087 test acc 0.4765625
[epoch:171] loss 0.40903365053236485 acc 0.90771484375
[epoch:171] test loss 0.7767837303025382 test acc 0.4732142857142857
[epoch:172] loss 0.4090283941477537 acc 0.90478515625
[epoch:172] test loss 0.7843905857631138 test acc 0.49441964285714285
[epoch:173] loss 0.40980060398578644 acc 0.90673828125
[epoch:173] test loss 0.7817051410675049 test acc 0.4921875
Epoch 00175: reducing learning rate of group 0 to 3.2768e-05.
[epoch:174] loss 0.4085574056953192 acc 0.90966796875
[epoch:174] test loss 0.7694435289927891 test acc 0.4720982142857143
[epoch:175] loss 0.40688199549913406 acc 0.91162109375
[epoch:175] test loss 0.7840674008641925 test acc 0.4955357142857143
[epoch:176] loss 0.41253761388361454 acc 0.9013671875
[epoch:176] test loss 0.7889122792652675 test acc 0.4888392857142857
[epoch:177] loss 0.4107853136956692 acc 0.91015625
[epoch:177] test loss 0.7769429002489362 test acc 0.49107142857142855
[epoch:178] loss 0.40263331681489944 acc 0.9140625
[epoch:178] test loss 0.7520684514726911 test acc 0.5256696428571429
[epoch:179] loss 0.4086160324513912 acc 0.90869140625
[epoch:179] test loss 0.7753538489341736 test acc 0.5044642857142857
[epoch:180] loss 0.40741722844541073 acc 0.9111328125
[epoch:180] test loss 0.7688494665282113 test acc 0.4877232142857143
[epoch:181] loss 0.40684918127954006 acc 0.90966796875
[epoch:181] test loss 0.7755249398095267 test acc 0.49330357142857145
[epoch:182] loss 0.40705558471381664 acc 0.908203125
[epoch:182] test loss 0.7856224690164838 test acc 0.49888392857142855
[epoch:183] loss 0.40276738069951534 acc 0.91552734375
[epoch:183] test loss 0.7892702732767377 test acc 0.47767857142857145
Epoch 00185: reducing learning rate of group 0 to 2.6214e-05.
[epoch:184] loss 0.4071823228150606 acc 0.90625
[epoch:184] test loss 0.7865857907703945 test acc 0.47879464285714285
[epoch:185] loss 0.4056973122060299 acc 0.90869140625
[epoch:185] test loss 0.7790628841945103 test acc 0.4955357142857143
[epoch:186] loss 0.406773017719388 acc 0.91015625
[epoch:186] test loss 0.7784761105264936 test acc 0.4888392857142857
[epoch:187] loss 0.40521683171391487 acc 0.91259765625
[epoch:187] test loss 0.7764500209263393 test acc 0.5
[epoch:188] loss 0.4097833912819624 acc 0.90966796875
[epoch:188] test loss 0.784611429486956 test acc 0.49776785714285715
[epoch:189] loss 0.4018940981477499 acc 0.916015625
[epoch:189] test loss 0.7818678617477417 test acc 0.4810267857142857
[epoch:190] loss 0.4050448667258024 acc 0.912109375
[epoch:190] test loss 0.7820421968187604 test acc 0.48549107142857145
[epoch:191] loss 0.40640177577733994 acc 0.91259765625
[epoch:191] test loss 0.7827591981206622 test acc 0.49776785714285715
[epoch:192] loss 0.4027796145528555 acc 0.91455078125
[epoch:192] test loss 0.782035231590271 test acc 0.49776785714285715
[epoch:193] loss 0.3972966354340315 acc 0.92041015625
[epoch:193] test loss 0.786251289503915 test acc 0.49776785714285715
[epoch:194] loss 0.4025488309562206 acc 0.9150390625
[epoch:194] test loss 0.7874733975955418 test acc 0.49441964285714285
[epoch:195] loss 0.4047310799360275 acc 0.908203125
[epoch:195] test loss 0.7779881187847683 test acc 0.4888392857142857
[epoch:196] loss 0.4056618753820658 acc 0.908203125
[epoch:196] test loss 0.7815225039209638 test acc 0.4799107142857143
[epoch:197] loss 0.40881467051804066 acc 0.90869140625
[epoch:197] test loss 0.7858876415661403 test acc 0.4921875
[epoch:198] loss 0.3996924199163914 acc 0.9150390625
[epoch:198] test loss 0.7796527743339539 test acc 0.49776785714285715
Epoch 00200: reducing learning rate of group 0 to 2.0972e-05.
[epoch:199] loss 0.40389643982052803 acc 0.91162109375
[epoch:199] test loss 0.7955602322305951 test acc 0.4799107142857143
