nohup: ignoring input
/home/xiao/miniconda3/envs/torch/lib/python3.10/site-packages/torchvision/io/image.py:13: UserWarning: Failed to load image Python extension: /home/xiao/miniconda3/envs/torch/lib/python3.10/site-packages/torchvision/image.so: undefined symbol: _ZN5torch3jit17parseSchemaOrNameERKNSt7__cxx1112basic_stringIcSt11char_traitsIcESaIcEEE
  warn(f"Failed to load image Python extension: {e}")
/home/xiao/code/CS5242/CS5242/main_aug.py:97: UserWarning: To copy construct from a tensor, it is recommended to use sourceTensor.clone().detach() or sourceTensor.clone().detach().requires_grad_(True), rather than torch.tensor(sourceTensor).
  one_gt=torch.tensor(one_gt,dtype=torch.float32)
[epoch:0] loss 0.6748199065526327 acc 0.5842013888888888
[epoch:0] test loss 0.7278791921479362 test acc 0.40513392857142855
[epoch:1] loss 0.6665670507484012 acc 0.6059027777777778
[epoch:1] test loss 0.7112300481115069 test acc 0.40625
[epoch:2] loss 0.6558234029346042 acc 0.6015625
[epoch:2] test loss 0.7158374616077968 test acc 0.4017857142857143
[epoch:3] loss 0.6539880964491103 acc 0.6037326388888888
[epoch:3] test loss 0.708104499748775 test acc 0.40513392857142855
[epoch:4] loss 0.6316102842489878 acc 0.625
[epoch:4] test loss 0.7006269863673619 test acc 0.40736607142857145
[epoch:5] loss 0.6171741485595703 acc 0.6397569444444444
[epoch:5] test loss 0.6945857661111015 test acc 0.47544642857142855
[epoch:6] loss 0.6091512673430972 acc 0.6493055555555556
[epoch:6] test loss 0.690471385206495 test acc 0.5558035714285714
[epoch:7] loss 0.5939115385214487 acc 0.6731770833333334
[epoch:7] test loss 0.6978543060166496 test acc 0.47433035714285715
[epoch:8] loss 0.5811404453383552 acc 0.6688368055555556
[epoch:8] test loss 0.6982648542949131 test acc 0.5245535714285714
[epoch:9] loss 0.570039431254069 acc 0.6922743055555556
[epoch:9] test loss 0.7192292809486389 test acc 0.48214285714285715
[epoch:10] loss 0.5648001631100973 acc 0.6970486111111112
[epoch:10] test loss 0.7167095797402518 test acc 0.4765625
[epoch:11] loss 0.5572239508231481 acc 0.6970486111111112
[epoch:11] test loss 0.6961783596447536 test acc 0.5926339285714286
[epoch:12] loss 0.5512721985578537 acc 0.7139756944444444
[epoch:12] test loss 0.68600994348526 test acc 0.5837053571428571
[epoch:13] loss 0.5436602367295159 acc 0.7200520833333334
[epoch:13] test loss 0.6890067543302264 test acc 0.5904017857142857
[epoch:14] loss 0.5441642983092202 acc 0.7291666666666666
[epoch:14] test loss 0.6981720413480487 test acc 0.5747767857142857
[epoch:15] loss 0.5441004915369881 acc 0.7152777777777778
[epoch:15] test loss 0.6903760858944484 test acc 0.5926339285714286
[epoch:16] loss 0.5347312291463217 acc 0.7222222222222222
[epoch:16] test loss 0.7050122533525739 test acc 0.5513392857142857
[epoch:17] loss 0.5320388260814879 acc 0.7313368055555556
[epoch:17] test loss 0.704968546118055 test acc 0.5524553571428571
[epoch:18] loss 0.5161812620030509 acc 0.7421875
[epoch:18] test loss 0.7187168853623527 test acc 0.5613839285714286
[epoch:19] loss 0.5197784668869443 acc 0.7374131944444444
[epoch:19] test loss 0.7136972376278469 test acc 0.5145089285714286
[epoch:20] loss 0.5156230181455612 acc 0.74609375
[epoch:20] test loss 0.7319372040884835 test acc 0.5122767857142857
[epoch:21] loss 0.5220351368188858 acc 0.7374131944444444
[epoch:21] test loss 0.7405704600470406 test acc 0.4877232142857143
[epoch:22] loss 0.5025739504231347 acc 0.7391493055555556
[epoch:22] test loss 0.7354668123381478 test acc 0.5044642857142857
[epoch:23] loss 0.4998675866259469 acc 0.7504340277777778
[epoch:23] test loss 0.7387544938496181 test acc 0.5379464285714286
[epoch:24] loss 0.48629092011186814 acc 0.7517361111111112
[epoch:24] test loss 0.731530385357993 test acc 0.5479910714285714
[epoch:25] loss 0.48442708949248 acc 0.7569444444444444
[epoch:25] test loss 0.7166887266295296 test acc 0.5948660714285714
[epoch:26] loss 0.477863781981998 acc 0.7534722222222222
[epoch:26] test loss 0.7520487308502197 test acc 0.5613839285714286
[epoch:27] loss 0.4761366430256102 acc 0.7651909722222222
[epoch:27] test loss 0.735445899622781 test acc 0.5625
[epoch:28] loss 0.4684319131904178 acc 0.7569444444444444
[epoch:28] test loss 0.7897160308701652 test acc 0.4888392857142857
[epoch:29] loss 0.46248583495616913 acc 0.7708333333333334
[epoch:29] test loss 0.7432828375271389 test acc 0.5904017857142857
[epoch:30] loss 0.4597364498509301 acc 0.7664930555555556
[epoch:30] test loss 0.738298773765564 test acc 0.5859375
[epoch:31] loss 0.46269767979780835 acc 0.7803819444444444
[epoch:31] test loss 0.7658965928213937 test acc 0.5848214285714286
[epoch:32] loss 0.44818954169750214 acc 0.7747395833333334
[epoch:32] test loss 0.7719893114907401 test acc 0.5345982142857143
[epoch:33] loss 0.44672293298774296 acc 0.7756076388888888
[epoch:33] test loss 0.8042575461523873 test acc 0.5167410714285714
[epoch:34] loss 0.436881638235516 acc 0.7877604166666666
[epoch:34] test loss 0.7586057100977216 test acc 0.5703125
[epoch:35] loss 0.42925236622492474 acc 0.8003472222222222
[epoch:35] test loss 0.7651484268052238 test acc 0.5970982142857143
[epoch:36] loss 0.42422229548295337 acc 0.7868923611111112
[epoch:36] test loss 0.7529877935137067 test acc 0.5904017857142857
[epoch:37] loss 0.41901998553011155 acc 0.79296875
[epoch:37] test loss 0.7637302620070321 test acc 0.5859375
[epoch:38] loss 0.4098901152610779 acc 0.8064236111111112
[epoch:38] test loss 0.7784002338136945 test acc 0.5881696428571429
[epoch:39] loss 0.40321335030926597 acc 0.80859375
[epoch:39] test loss 0.8176953707422528 test acc 0.5401785714285714
Highest Test ACC : 0.5970982142857143
