nohup: ignoring input
/home/xiao/miniconda3/envs/torch/lib/python3.10/site-packages/torchvision/io/image.py:13: UserWarning: Failed to load image Python extension: /home/xiao/miniconda3/envs/torch/lib/python3.10/site-packages/torchvision/image.so: undefined symbol: _ZN5torch3jit17parseSchemaOrNameERKNSt7__cxx1112basic_stringIcSt11char_traitsIcESaIcEEE
  warn(f"Failed to load image Python extension: {e}")
/home/xiao/code/CS5242/CS5242/main.py:97: UserWarning: To copy construct from a tensor, it is recommended to use sourceTensor.clone().detach() or sourceTensor.clone().detach().requires_grad_(True), rather than torch.tensor(sourceTensor).
  one_gt=torch.tensor(one_gt,dtype=torch.float32)
[epoch:0] loss 0.7397652996910943 acc 0.4461805555555556
[epoch:0] test loss 0.6791127749851772 test acc 0.5982142857142857
[epoch:1] loss 0.7100764115651449 acc 0.4956597222222222
[epoch:1] test loss 0.6793650473867144 test acc 0.6060267857142857
[epoch:2] loss 0.6950897971789042 acc 0.5295138888888888
[epoch:2] test loss 0.6828464354787555 test acc 0.5915178571428571
[epoch:3] loss 0.6993749009238349 acc 0.5112847222222222
[epoch:3] test loss 0.6835702657699585 test acc 0.59375
[epoch:4] loss 0.6899153590202332 acc 0.5555555555555556
[epoch:4] test loss 0.6830872808183942 test acc 0.5970982142857143
[epoch:5] loss 0.6861649751663208 acc 0.5590277777777778
[epoch:5] test loss 0.6839449916567121 test acc 0.5926339285714286
[epoch:6] loss 0.6741785539521111 acc 0.5763888888888888
[epoch:6] test loss 0.6842695730073112 test acc 0.59375
[epoch:7] loss 0.6898473302523295 acc 0.5373263888888888
[epoch:7] test loss 0.6846437113625663 test acc 0.5926339285714286
[epoch:8] loss 0.6878045797348022 acc 0.5373263888888888
[epoch:8] test loss 0.6837478876113892 test acc 0.59375
[epoch:9] loss 0.6661406490537856 acc 0.5876736111111112
[epoch:9] test loss 0.6830016885484967 test acc 0.5993303571428571
[epoch:10] loss 0.6538994312286377 acc 0.5894097222222222
[epoch:10] test loss 0.6840165683201381 test acc 0.5982142857142857
[epoch:11] loss 0.666909310552809 acc 0.5746527777777778
[epoch:11] test loss 0.6845524140766689 test acc 0.5915178571428571
[epoch:12] loss 0.6756784386105008 acc 0.5720486111111112
[epoch:12] test loss 0.6832324521882194 test acc 0.5904017857142857
[epoch:13] loss 0.6601997481452094 acc 0.6059027777777778
[epoch:13] test loss 0.6823221104485648 test acc 0.5970982142857143
[epoch:14] loss 0.6578245361646017 acc 0.5911458333333334
[epoch:14] test loss 0.6817206910678318 test acc 0.6026785714285714
[epoch:15] loss 0.6540293627315097 acc 0.5815972222222222
[epoch:15] test loss 0.6818103194236755 test acc 0.6004464285714286
Epoch 00017: reducing learning rate of group 0 to 8.0000e-05.
[epoch:16] loss 0.6590098672442966 acc 0.5894097222222222
[epoch:16] test loss 0.6808457715170724 test acc 0.5970982142857143
[epoch:17] loss 0.6620333658324348 acc 0.5746527777777778
[epoch:17] test loss 0.6804246136120388 test acc 0.6004464285714286
[epoch:18] loss 0.6415090560913086 acc 0.5972222222222222
[epoch:18] test loss 0.6810106124196734 test acc 0.5948660714285714
[epoch:19] loss 0.6392292579015096 acc 0.6171875
[epoch:19] test loss 0.6808726191520691 test acc 0.6015625
[epoch:20] loss 0.6418565445476108 acc 0.6189236111111112
[epoch:20] test loss 0.6811234354972839 test acc 0.625
[epoch:21] loss 0.6458572347958883 acc 0.6041666666666666
[epoch:21] test loss 0.6804990683283124 test acc 0.6261160714285714
[epoch:22] loss 0.6353309286965264 acc 0.6302083333333334
[epoch:22] test loss 0.6792483585221427 test acc 0.6216517857142857
[epoch:23] loss 0.6355546911557516 acc 0.6128472222222222
[epoch:23] test loss 0.678239745753152 test acc 0.6294642857142857
[epoch:24] loss 0.629054970211453 acc 0.6371527777777778
[epoch:24] test loss 0.6783835887908936 test acc 0.6305803571428571
[epoch:25] loss 0.6296293007002937 acc 0.6276041666666666
[epoch:25] test loss 0.6780909129551479 test acc 0.6283482142857143
[epoch:26] loss 0.6259177260928683 acc 0.6276041666666666
[epoch:26] test loss 0.6776934606688363 test acc 0.6316964285714286
[epoch:27] loss 0.6199312210083008 acc 0.640625
[epoch:27] test loss 0.6769447837557111 test acc 0.6227678571428571
[epoch:28] loss 0.6277152631017897 acc 0.6388888888888888
[epoch:28] test loss 0.6766042368752616 test acc 0.6361607142857143
[epoch:29] loss 0.6175324453247918 acc 0.6432291666666666
[epoch:29] test loss 0.6766076002802167 test acc 0.6238839285714286
[epoch:30] loss 0.615199969874488 acc 0.6571180555555556
[epoch:30] test loss 0.676527602331979 test acc 0.6339285714285714
[epoch:31] loss 0.6184017658233643 acc 0.6380208333333334
[epoch:31] test loss 0.6755569662366595 test acc 0.6205357142857143
[epoch:32] loss 0.6006265746222602 acc 0.671875
[epoch:32] test loss 0.6748424598148891 test acc 0.6328125
[epoch:33] loss 0.6075474090046353 acc 0.6519097222222222
[epoch:33] test loss 0.6747241871697562 test acc 0.6261160714285714
[epoch:34] loss 0.6187458965513442 acc 0.6484375
[epoch:34] test loss 0.6745013679776873 test acc 0.6339285714285714
[epoch:35] loss 0.5921099715762668 acc 0.6701388888888888
[epoch:35] test loss 0.6742918831961495 test acc 0.6316964285714286
[epoch:36] loss 0.5953082574738396 acc 0.6814236111111112
[epoch:36] test loss 0.6739833099501473 test acc 0.6305803571428571
[epoch:37] loss 0.6112109886275398 acc 0.6553819444444444
[epoch:37] test loss 0.6735867091587612 test acc 0.6316964285714286
[epoch:38] loss 0.5874850087695651 acc 0.6857638888888888
[epoch:38] test loss 0.6732110040528434 test acc 0.6328125
[epoch:39] loss 0.5977230932977464 acc 0.6640625
[epoch:39] test loss 0.6730557254382542 test acc 0.6316964285714286
Highest Test ACC : 0.6361607142857143
