nohup: ignoring input
/home/xiao/miniconda3/envs/torch/lib/python3.10/site-packages/torchvision/io/image.py:13: UserWarning: Failed to load image Python extension: /home/xiao/miniconda3/envs/torch/lib/python3.10/site-packages/torchvision/image.so: undefined symbol: _ZN5torch3jit17parseSchemaOrNameERKNSt7__cxx1112basic_stringIcSt11char_traitsIcESaIcEEE
  warn(f"Failed to load image Python extension: {e}")
/home/xiao/code/CS5242/CS5242/main_aug.py:97: UserWarning: To copy construct from a tensor, it is recommended to use sourceTensor.clone().detach() or sourceTensor.clone().detach().requires_grad_(True), rather than torch.tensor(sourceTensor).
  one_gt=torch.tensor(one_gt,dtype=torch.float32)
[epoch:0] loss 0.691798961824841 acc 0.5295138888888888
[epoch:0] test loss 0.698959503855024 test acc 0.40513392857142855
[epoch:1] loss 0.6879000100824568 acc 0.5659722222222222
[epoch:1] test loss 0.6991201894623893 test acc 0.40513392857142855
[epoch:2] loss 0.6727626886632707 acc 0.5894097222222222
[epoch:2] test loss 0.6992425407682147 test acc 0.4029017857142857
[epoch:3] loss 0.6735603312651316 acc 0.5729166666666666
[epoch:3] test loss 0.6993212103843689 test acc 0.39732142857142855
[epoch:4] loss 0.6749204165405698 acc 0.5651041666666666
[epoch:4] test loss 0.6988671251705715 test acc 0.4029017857142857
[epoch:5] loss 0.6644752257400088 acc 0.5872395833333334
[epoch:5] test loss 0.7003960864884513 test acc 0.4029017857142857
[epoch:6] loss 0.6593416564994388 acc 0.5776909722222222
[epoch:6] test loss 0.6999479702540806 test acc 0.40513392857142855
[epoch:7] loss 0.6594482262929281 acc 0.5794270833333334
[epoch:7] test loss 0.6999578731400626 test acc 0.39955357142857145
[epoch:8] loss 0.6533762779500749 acc 0.5902777777777778
[epoch:8] test loss 0.7004647850990295 test acc 0.40401785714285715
[epoch:9] loss 0.6577274898687998 acc 0.5920138888888888
[epoch:9] test loss 0.6993117332458496 test acc 0.39955357142857145
[epoch:10] loss 0.6494240760803223 acc 0.6072048611111112
[epoch:10] test loss 0.6993572201047625 test acc 0.40848214285714285
[epoch:11] loss 0.6469143529733022 acc 0.6011284722222222
[epoch:11] test loss 0.6986646567072187 test acc 0.40401785714285715
[epoch:12] loss 0.6362573901812235 acc 0.6015625
[epoch:12] test loss 0.6995503221239362 test acc 0.40066964285714285
[epoch:13] loss 0.6440339816941155 acc 0.6032986111111112
[epoch:13] test loss 0.6984560915402004 test acc 0.40736607142857145
[epoch:14] loss 0.6298451556099786 acc 0.6015625
[epoch:14] test loss 0.698577914919172 test acc 0.4017857142857143
[epoch:15] loss 0.6288598345385658 acc 0.5998263888888888
[epoch:15] test loss 0.6976231677191598 test acc 0.40401785714285715
[epoch:16] loss 0.6257633599970076 acc 0.6085069444444444
[epoch:16] test loss 0.6981876237051827 test acc 0.40625
[epoch:17] loss 0.6124716069963243 acc 0.60546875
[epoch:17] test loss 0.6983129807880947 test acc 0.40513392857142855
[epoch:18] loss 0.6216943197780185 acc 0.6098090277777778
[epoch:18] test loss 0.6956418752670288 test acc 0.4029017857142857
[epoch:19] loss 0.613969537946913 acc 0.6219618055555556
[epoch:19] test loss 0.6957471285547528 test acc 0.40848214285714285
[epoch:20] loss 0.6051141520341238 acc 0.6332465277777778
[epoch:20] test loss 0.6966270634106227 test acc 0.39620535714285715
[epoch:21] loss 0.6024041109614902 acc 0.6258680555555556
[epoch:21] test loss 0.6956021359988621 test acc 0.39955357142857145
[epoch:22] loss 0.6088216072983212 acc 0.6189236111111112
[epoch:22] test loss 0.6942168814795358 test acc 0.4029017857142857
[epoch:23] loss 0.6021973656283485 acc 0.6315104166666666
[epoch:23] test loss 0.6934382660048348 test acc 0.42410714285714285
[epoch:24] loss 0.5995847615930769 acc 0.6263020833333334
[epoch:24] test loss 0.6936779873711723 test acc 0.4174107142857143
[epoch:25] loss 0.5984250936243269 acc 0.6276041666666666
[epoch:25] test loss 0.6926642656326294 test acc 0.421875
[epoch:26] loss 0.5951079924901327 acc 0.6241319444444444
[epoch:26] test loss 0.692488602229527 test acc 0.4654017857142857
[epoch:27] loss 0.5889119638337029 acc 0.6453993055555556
[epoch:27] test loss 0.6936248626027789 test acc 0.44419642857142855
[epoch:28] loss 0.5918941729598575 acc 0.6315104166666666
[epoch:28] test loss 0.6925796440669468 test acc 0.48660714285714285
[epoch:29] loss 0.5925822655359904 acc 0.6475694444444444
[epoch:29] test loss 0.6911807656288147 test acc 0.5837053571428571
[epoch:30] loss 0.5882320801417033 acc 0.6397569444444444
[epoch:30] test loss 0.6903138841901507 test acc 0.6026785714285714
[epoch:31] loss 0.587808221578598 acc 0.6453993055555556
[epoch:31] test loss 0.6922902720315116 test acc 0.5625
[epoch:32] loss 0.5854729215304056 acc 0.65234375
[epoch:32] test loss 0.6905719467571804 test acc 0.5970982142857143
[epoch:33] loss 0.5868582659297519 acc 0.6575520833333334
[epoch:33] test loss 0.6914818797792707 test acc 0.5881696428571429
[epoch:34] loss 0.5817628039254082 acc 0.6462673611111112
[epoch:34] test loss 0.690802344254085 test acc 0.5758928571428571
[epoch:35] loss 0.5869030422634549 acc 0.6644965277777778
[epoch:35] test loss 0.6898443358285087 test acc 0.6261160714285714
[epoch:36] loss 0.5766843789153628 acc 0.6566840277777778
[epoch:36] test loss 0.6910206164632525 test acc 0.5993303571428571
[epoch:37] loss 0.5734457638528612 acc 0.6848958333333334
[epoch:37] test loss 0.6895952565329415 test acc 0.6417410714285714
[epoch:38] loss 0.5737264421251085 acc 0.6714409722222222
[epoch:38] test loss 0.6890531863485064 test acc 0.6305803571428571
[epoch:39] loss 0.5669862164391412 acc 0.6766493055555556
[epoch:39] test loss 0.6891914435795375 test acc 0.6350446428571429
Highest Test ACC : 0.6417410714285714
