nohup: ignoring input
/home/xiao/miniconda3/envs/torch/lib/python3.10/site-packages/torchvision/io/image.py:13: UserWarning: Failed to load image Python extension: /home/xiao/miniconda3/envs/torch/lib/python3.10/site-packages/torchvision/image.so: undefined symbol: _ZN5torch3jit17parseSchemaOrNameERKNSt7__cxx1112basic_stringIcSt11char_traitsIcESaIcEEE
  warn(f"Failed to load image Python extension: {e}")
[epoch:0] loss 0.6733795180916786 acc 0.6044921875
[epoch:0] test loss 0.7430424647671836 test acc 0.40513392857142855
[epoch:1] loss 0.6481873914599419 acc 0.611328125
[epoch:1] test loss 0.7357741551739829 test acc 0.40066964285714285
[epoch:2] loss 0.620253924280405 acc 0.65625
[epoch:2] test loss 0.6946813336440495 test acc 0.46205357142857145
[epoch:3] loss 0.5777975209057331 acc 0.765625
[epoch:3] test loss 0.7300458720752171 test acc 0.43638392857142855
[epoch:4] loss 0.547792874276638 acc 0.7724609375
[epoch:4] test loss 0.6767463896955762 test acc 0.5680803571428571
[epoch:5] loss 0.5202023163437843 acc 0.8076171875
[epoch:5] test loss 0.7065401673316956 test acc 0.53125
[epoch:6] loss 0.49153872951865196 acc 0.8525390625
[epoch:6] test loss 0.7205992937088013 test acc 0.5290178571428571
[epoch:7] loss 0.481817614287138 acc 0.8515625
[epoch:7] test loss 0.7473335095814296 test acc 0.5167410714285714
[epoch:8] loss 0.46329942531883717 acc 0.86328125
[epoch:8] test loss 0.734151806150164 test acc 0.5301339285714286
[epoch:9] loss 0.4510907866060734 acc 0.8740234375
[epoch:9] test loss 0.6801938499723162 test acc 0.6082589285714286
[epoch:10] loss 0.4441046230494976 acc 0.884765625
[epoch:10] test loss 0.6846368866307395 test acc 0.6026785714285714
[epoch:11] loss 0.4312741681933403 acc 0.896484375
[epoch:11] test loss 0.7322705515793392 test acc 0.5357142857142857
[epoch:12] loss 0.4185114298015833 acc 0.9052734375
[epoch:12] test loss 0.7229027790682656 test acc 0.5680803571428571
[epoch:13] loss 0.41584611870348454 acc 0.908203125
[epoch:13] test loss 0.7348636133330209 test acc 0.5390625
[epoch:14] loss 0.40571713633835316 acc 0.923828125
[epoch:14] test loss 0.7311156434672219 test acc 0.5524553571428571
[epoch:15] loss 0.408754151314497 acc 0.9140625
[epoch:15] test loss 0.7242443135806492 test acc 0.5725446428571429
[epoch:16] loss 0.4031241238117218 acc 0.9208984375
[epoch:16] test loss 0.7529923915863037 test acc 0.5234375
[epoch:17] loss 0.39620322547852993 acc 0.93359375
[epoch:17] test loss 0.7278465032577515 test acc 0.5736607142857143
[epoch:18] loss 0.39707546681165695 acc 0.9228515625
[epoch:18] test loss 0.7416876384190151 test acc 0.5401785714285714
[epoch:19] loss 0.3851339891552925 acc 0.9443359375
[epoch:19] test loss 0.7448172995022365 test acc 0.5379464285714286
[epoch:20] loss 0.3820616751909256 acc 0.9423828125
[epoch:20] test loss 0.7275825015136174 test acc 0.578125
[epoch:21] loss 0.38376459665596485 acc 0.93359375
[epoch:21] test loss 0.7445260328905923 test acc 0.53125
[epoch:22] loss 0.37196218594908714 acc 0.9521484375
[epoch:22] test loss 0.73531345810209 test acc 0.5680803571428571
[epoch:23] loss 0.37039829790592194 acc 0.953125
[epoch:23] test loss 0.7449228721005576 test acc 0.5401785714285714
[epoch:24] loss 0.36948150023818016 acc 0.9560546875
[epoch:24] test loss 0.7391730334077563 test acc 0.5558035714285714
[epoch:25] loss 0.3656194992363453 acc 0.95703125
[epoch:25] test loss 0.7324383556842804 test acc 0.5703125
[epoch:26] loss 0.3659589607268572 acc 0.95703125
[epoch:26] test loss 0.7530707206044879 test acc 0.5223214285714286
[epoch:27] loss 0.3607355933636427 acc 0.9619140625
[epoch:27] test loss 0.7370738770280566 test acc 0.5669642857142857
[epoch:28] loss 0.3581682834774256 acc 0.9638671875
[epoch:28] test loss 0.7293951979705265 test acc 0.5703125
[epoch:29] loss 0.3548969700932503 acc 0.966796875
[epoch:29] test loss 0.7273231276444027 test acc 0.5747767857142857
[epoch:30] loss 0.3530968390405178 acc 0.9716796875
[epoch:30] test loss 0.762832088129861 test acc 0.5245535714285714
[epoch:31] loss 0.35047649033367634 acc 0.970703125
[epoch:31] test loss 0.7692064940929413 test acc 0.5167410714285714
[epoch:32] loss 0.3534734174609184 acc 0.96484375
[epoch:32] test loss 0.7743069359234401 test acc 0.5111607142857143
[epoch:33] loss 0.348177183419466 acc 0.9736328125
[epoch:33] test loss 0.7821437929357801 test acc 0.5122767857142857
[epoch:34] loss 0.3481902126222849 acc 0.9755859375
[epoch:34] test loss 0.7727525191647666 test acc 0.5133928571428571
[epoch:35] loss 0.35040741227567196 acc 0.9697265625
[epoch:35] test loss 0.7576538877827781 test acc 0.5189732142857143
[epoch:36] loss 0.34399576485157013 acc 0.9755859375
[epoch:36] test loss 0.7684463219983237 test acc 0.5212053571428571
[epoch:37] loss 0.3468675725162029 acc 0.974609375
[epoch:37] test loss 0.7668587224824088 test acc 0.5167410714285714
[epoch:38] loss 0.34260676242411137 acc 0.9765625
[epoch:38] test loss 0.7670516882623944 test acc 0.5178571428571429
[epoch:39] loss 0.33816893212497234 acc 0.982421875
[epoch:39] test loss 0.7673223870141166 test acc 0.5178571428571429
