nohup: ignoring input
/home/xiao/miniconda3/envs/torch/lib/python3.10/site-packages/torchvision/io/image.py:13: UserWarning: Failed to load image Python extension: /home/xiao/miniconda3/envs/torch/lib/python3.10/site-packages/torchvision/image.so: undefined symbol: _ZN5torch3jit17parseSchemaOrNameERKNSt7__cxx1112basic_stringIcSt11char_traitsIcESaIcEEE
  warn(f"Failed to load image Python extension: {e}")
[epoch:0] loss 0.6555173169164097 acc 0.6149479659413434
[epoch:0] test loss 0.7241627450647026 test acc 0.39978448275862066
[epoch:1] loss 0.5952904794146033 acc 0.7559129612109745
[epoch:2] loss 0.5203972695504918 acc 0.8060548722800378
[epoch:3] loss 0.4767192453145981 acc 0.8543046357615894
[epoch:4] loss 0.4431985231006847 acc 0.8893093661305582
[epoch:5] loss 0.4232137133093441 acc 0.902554399243141
[epoch:5] test loss 0.6863478483824894 test acc 0.5980603448275862
[epoch:6] loss 0.4020211240824531 acc 0.9299905392620624
[epoch:7] loss 0.3881936870953616 acc 0.9366130558183539
[epoch:8] loss 0.37491486353032727 acc 0.9489120151371807
[epoch:9] loss 0.36530566829092365 acc 0.9640491958372753
[epoch:10] loss 0.35652363212669597 acc 0.9706717123935666
[epoch:10] test loss 0.6688408913283512 test acc 0.6131465517241379
[epoch:11] loss 0.35275719972217784 acc 0.9725638599810785
[epoch:12] loss 0.34723294131896076 acc 0.9744560075685903
[epoch:13] loss 0.34287091914345236 acc 0.9810785241248817
[epoch:14] loss 0.34461281141814065 acc 0.9820245979186376
[epoch:15] loss 0.3718829146202873 acc 0.9460737937559129
[epoch:15] test loss 0.6756842300809663 test acc 0.6120689655172413
[epoch:16] loss 0.337725686676362 acc 0.9810785241248817
[epoch:17] loss 0.3313158049302943 acc 0.9877010406811731
[epoch:18] loss 0.3311299558948068 acc 0.9877010406811731
[epoch:19] loss 0.3342655730598113 acc 0.9848628192999054
[epoch:20] loss 0.33127794458585624 acc 0.9867549668874173
[epoch:20] test loss 0.668253598542049 test acc 0.6239224137931034
[epoch:21] loss 0.32704957530779 acc 0.9905392620624409
[epoch:22] loss 0.32649609008256125 acc 0.9895931882686849
[epoch:23] loss 0.32563378530390125 acc 0.9895931882686849
[epoch:24] loss 0.3253433125860551 acc 0.9914853358561968
[epoch:25] loss 0.32364271405865164 acc 0.9914853358561968
[epoch:25] test loss 0.6706270061690232 test acc 0.6314655172413793
[epoch:26] loss 0.32163402876433206 acc 0.9943235572374646
[epoch:27] loss 0.32111844858702493 acc 0.9943235572374646
[epoch:28] loss 0.3209490039769341 acc 0.9943235572374646
[epoch:29] loss 0.3207385671489379 acc 0.9943235572374646
[epoch:30] loss 0.3206541441819247 acc 0.9943235572374646
[epoch:30] test loss 0.6740053851028969 test acc 0.6217672413793104
[epoch:31] loss 0.3202437144868514 acc 0.9943235572374646
[epoch:32] loss 0.32065947792109323 acc 0.9943235572374646
[epoch:33] loss 0.32034414743675904 acc 0.9943235572374646
[epoch:34] loss 0.3200829064144808 acc 0.9943235572374646
[epoch:35] loss 0.319854703019647 acc 0.9943235572374646
[epoch:35] test loss 0.6760027326386551 test acc 0.6217672413793104
[epoch:36] loss 0.3192009531399783 acc 0.9952696310312205
[epoch:37] loss 0.3196498181890039 acc 0.9943235572374646
[epoch:38] loss 0.31919123232364655 acc 0.9952696310312205
[epoch:38] test loss 0.6711110472679138 test acc 0.634698275862069
[epoch:39] loss 0.3188825828187606 acc 0.9952696310312205
[epoch:39] test loss 0.6765748786515203 test acc 0.6174568965517241
