nohup: ignoring input
/home/xiao/miniconda3/envs/torch/lib/python3.10/site-packages/torchvision/io/image.py:13: UserWarning: Failed to load image Python extension: /home/xiao/miniconda3/envs/torch/lib/python3.10/site-packages/torchvision/image.so: undefined symbol: _ZN5torch3jit17parseSchemaOrNameERKNSt7__cxx1112basic_stringIcSt11char_traitsIcESaIcEEE
  warn(f"Failed to load image Python extension: {e}")
[epoch:0] loss 0.6658479834304136 acc 0.6007568590350048
[epoch:0] test loss 0.7353494290647835 test acc 0.39978448275862066
[epoch:1] loss 0.6027181770871667 acc 0.7029328287606433
[epoch:2] loss 0.5656792828265358 acc 0.760643330179754
[epoch:3] loss 0.5304169768796247 acc 0.8079470198675497
[epoch:4] loss 0.48330990882480845 acc 0.8391674550614948
[epoch:5] loss 0.466855410267325 acc 0.8486281929990539
[epoch:5] test loss 0.7384179172844723 test acc 0.5010775862068966
[epoch:6] loss 0.4713920039289138 acc 0.8864711447492905
[epoch:7] loss 0.4300205146565157 acc 0.9035004730368968
[epoch:8] loss 0.4163147219840218 acc 0.9101229895931883
[epoch:9] loss 0.4039567857980728 acc 0.9214758751182592
[epoch:10] loss 0.39957303509992714 acc 0.9280983916745507
[epoch:10] test loss 0.7617972267085108 test acc 0.5032327586206896
[epoch:11] loss 0.3925444869434132 acc 0.9337748344370861
[epoch:12] loss 0.3864733331343707 acc 0.935666982024598
[epoch:13] loss 0.3830464859219158 acc 0.9366130558183539
[epoch:14] loss 0.3740023470976773 acc 0.945127719962157
[epoch:15] loss 0.3706599964815028 acc 0.9460737937559129
[epoch:15] test loss 0.7984054417445742 test acc 0.4698275862068966
[epoch:16] loss 0.3671519598540138 acc 0.9517502365184485
[epoch:17] loss 0.3643205604132484 acc 0.956480605487228
[epoch:18] loss 0.3623949955491459 acc 0.9583727530747398
[epoch:19] loss 0.3574761353871402 acc 0.9640491958372753
[epoch:20] loss 0.35804591021117044 acc 0.9621570482497634
[epoch:20] test loss 0.7836196648663488 test acc 0.5021551724137931
[epoch:21] loss 0.3540628122932771 acc 0.9668874172185431
[epoch:22] loss 0.35590679329984326 acc 0.9612109744560076
[epoch:23] loss 0.35082203938680534 acc 0.967833491012299
[epoch:24] loss 0.3484634888522765 acc 0.9687795648060549
[epoch:25] loss 0.3489203032325296 acc 0.967833491012299
[epoch:25] test loss 0.7893792534696644 test acc 0.49461206896551724
[epoch:26] loss 0.35037608094075146 acc 0.9659413434247871
[epoch:27] loss 0.35073990418630485 acc 0.967833491012299
[epoch:28] loss 0.34586241227738995 acc 0.9716177861873226
[epoch:29] loss 0.3439844373394461 acc 0.9725638599810785
[epoch:30] loss 0.3502791024306241 acc 0.9744560075685903
[epoch:30] test loss 0.7711582122177914 test acc 0.5118534482758621
[epoch:31] loss 0.37501832755172954 acc 0.9413434247871334
[epoch:32] loss 0.3516330675167196 acc 0.9631031220435194
[epoch:33] loss 0.3465399014599183 acc 0.9706717123935666
[epoch:34] loss 0.3443663979277891 acc 0.9706717123935666
[epoch:35] loss 0.3403468167080599 acc 0.9754020813623463
[epoch:35] test loss 0.7859377388296456 test acc 0.5086206896551724
[epoch:36] loss 0.3409058679552639 acc 0.9725638599810785
[epoch:37] loss 0.3420023699017132 acc 0.9754020813623463
[epoch:38] loss 0.33943473328562346 acc 0.9754020813623463
[epoch:38] test loss 0.7976992274152821 test acc 0.4859913793103448
[epoch:39] loss 0.3598747919587528 acc 0.97918637653737
[epoch:39] test loss 0.7893749084965936 test acc 0.5032327586206896
