nohup: ignoring input
/home/xiao/miniconda3/envs/torch/lib/python3.10/site-packages/torchvision/io/image.py:13: UserWarning: Failed to load image Python extension: /home/xiao/miniconda3/envs/torch/lib/python3.10/site-packages/torchvision/image.so: undefined symbol: _ZN5torch3jit17parseSchemaOrNameERKNSt7__cxx1112basic_stringIcSt11char_traitsIcESaIcEEE
  warn(f"Failed to load image Python extension: {e}")
[epoch:0] loss 0.6575800701975822 acc 0.6005859375
[epoch:0] test loss 0.7010996980326516 test acc 0.41964285714285715
[epoch:1] loss 0.5881899930536747 acc 0.740234375
[epoch:1] test loss 0.6905749057020459 test acc 0.5290178571428571
[epoch:2] loss 0.5214455258101225 acc 0.806640625
[epoch:2] test loss 0.6511144169739315 test acc 0.6171875
[epoch:3] loss 0.4819786101579666 acc 0.8525390625
[epoch:3] test loss 0.7121451709951673 test acc 0.5245535714285714
[epoch:4] loss 0.45075693167746067 acc 0.880859375
[epoch:4] test loss 0.6677712670394352 test acc 0.5747767857142857
[epoch:5] loss 0.4228352941572666 acc 0.9150390625
[epoch:5] test loss 0.7074133328029087 test acc 0.5200892857142857
[epoch:6] loss 0.4012811202555895 acc 0.94140625
[epoch:6] test loss 0.6868880603994642 test acc 0.5837053571428571
[epoch:7] loss 0.3889117054641247 acc 0.9453125
[epoch:7] test loss 0.7255690523556301 test acc 0.5122767857142857
[epoch:8] loss 0.37427109852433205 acc 0.9599609375
[epoch:8] test loss 0.6893159619399479 test acc 0.5926339285714286
[epoch:9] loss 0.36716976948082447 acc 0.9658203125
[epoch:9] test loss 0.7311022920267922 test acc 0.515625
[epoch:10] loss 0.35487115383148193 acc 0.974609375
[epoch:10] test loss 0.7244375433240619 test acc 0.5200892857142857
[epoch:11] loss 0.34791029058396816 acc 0.9794921875
[epoch:11] test loss 0.703800652708326 test acc 0.5602678571428571
[epoch:12] loss 0.3430063184350729 acc 0.9814453125
[epoch:12] test loss 0.7563708083970206 test acc 0.5055803571428571
[epoch:13] loss 0.3375243041664362 acc 0.98828125
[epoch:13] test loss 0.748252877167293 test acc 0.515625
[epoch:14] loss 0.3371144365519285 acc 0.9853515625
[epoch:14] test loss 0.6764501588685172 test acc 0.5904017857142857
[epoch:15] loss 0.3357827514410019 acc 0.98828125
[epoch:15] test loss 0.7407718002796173 test acc 0.5189732142857143
[epoch:16] loss 0.3318288531154394 acc 0.9912109375
[epoch:16] test loss 0.6966168326990945 test acc 0.5814732142857143
[epoch:17] loss 0.3275199420750141 acc 0.994140625
[epoch:17] test loss 0.6798168080193656 test acc 0.5982142857142857
[epoch:18] loss 0.32562793232500553 acc 0.9951171875
[epoch:18] test loss 0.7350699603557587 test acc 0.5334821428571429
[epoch:19] loss 0.32608203031122684 acc 0.994140625
[epoch:19] test loss 0.6879849263599941 test acc 0.5993303571428571
[epoch:20] loss 0.3238976839929819 acc 0.994140625
[epoch:20] test loss 0.6865461681570325 test acc 0.6004464285714286
[epoch:21] loss 0.3233491890132427 acc 0.994140625
[epoch:21] test loss 0.6912132459027427 test acc 0.6037946428571429
[epoch:22] loss 0.32188861072063446 acc 0.9951171875
[epoch:22] test loss 0.6768812750067029 test acc 0.6071428571428571
[epoch:23] loss 0.32132580131292343 acc 0.9951171875
[epoch:23] test loss 0.6732922622135707 test acc 0.6071428571428571
[epoch:24] loss 0.3209421616047621 acc 0.9951171875
[epoch:24] test loss 0.6677074176924569 test acc 0.6205357142857143
[epoch:25] loss 0.3214328661561012 acc 0.9951171875
[epoch:25] test loss 0.7133762623582568 test acc 0.5691964285714286
[epoch:26] loss 0.3208986110985279 acc 0.9951171875
[epoch:26] test loss 0.707095959356853 test acc 0.5803571428571429
[epoch:27] loss 0.32074468210339546 acc 0.99609375
[epoch:27] test loss 0.6915189240659986 test acc 0.6037946428571429
[epoch:28] loss 0.32067417725920677 acc 0.9951171875
[epoch:28] test loss 0.6881050595215389 test acc 0.609375
[epoch:29] loss 0.319598950445652 acc 0.9951171875
[epoch:29] test loss 0.691928105694907 test acc 0.6049107142857143
[epoch:30] loss 0.3185762744396925 acc 0.99609375
[epoch:30] test loss 0.6799894784178052 test acc 0.6160714285714286
[epoch:31] loss 0.3193102665245533 acc 0.9951171875
[epoch:31] test loss 0.6828655345099313 test acc 0.6138392857142857
[epoch:32] loss 0.31933199241757393 acc 0.9951171875
[epoch:32] test loss 0.6861497206347329 test acc 0.609375
[epoch:33] loss 0.3191562797874212 acc 0.9951171875
[epoch:33] test loss 0.6817124954291752 test acc 0.6138392857142857
[epoch:34] loss 0.3191063664853573 acc 0.9951171875
[epoch:34] test loss 0.6907295286655426 test acc 0.6071428571428571
[epoch:35] loss 0.3189934678375721 acc 0.9951171875
[epoch:35] test loss 0.6937074533530644 test acc 0.6049107142857143
Epoch 00037: reducing learning rate of group 0 to 8.0000e-05.
[epoch:36] loss 0.3189142718911171 acc 0.9951171875
[epoch:36] test loss 0.691867755992072 test acc 0.6049107142857143
[epoch:37] loss 0.318805618211627 acc 0.9951171875
[epoch:37] test loss 0.6767563053539821 test acc 0.6183035714285714
[epoch:38] loss 0.318827535957098 acc 0.9951171875
[epoch:38] test loss 0.6881045401096344 test acc 0.6116071428571429
[epoch:39] loss 0.3187681082636118 acc 0.9951171875
[epoch:39] test loss 0.6803317580904279 test acc 0.6183035714285714
