nohup: ignoring input
/home/xiao/miniconda3/envs/torch/lib/python3.10/site-packages/torchvision/io/image.py:13: UserWarning: Failed to load image Python extension: /home/xiao/miniconda3/envs/torch/lib/python3.10/site-packages/torchvision/image.so: undefined symbol: _ZN5torch3jit17parseSchemaOrNameERKNSt7__cxx1112basic_stringIcSt11char_traitsIcESaIcEEE
  warn(f"Failed to load image Python extension: {e}")
[epoch:0] loss 0.6594521440565586 acc 0.6025390625
[epoch:0] test loss 0.722515229667936 test acc 0.4095982142857143
[epoch:1] loss 0.6088473163545132 acc 0.669921875
[epoch:1] test loss 0.6772826399121966 test acc 0.6004464285714286
[epoch:2] loss 0.5513440109789371 acc 0.8173828125
[epoch:2] test loss 0.6648607424327305 test acc 0.609375
[epoch:3] loss 0.49777977727353573 acc 0.8505859375
[epoch:3] test loss 0.6989310383796692 test acc 0.5792410714285714
[epoch:4] loss 0.4658953510224819 acc 0.87109375
[epoch:4] test loss 0.6857567812715258 test acc 0.5803571428571429
[epoch:5] loss 0.4350126199424267 acc 0.9111328125
[epoch:5] test loss 0.6888877621718815 test acc 0.5613839285714286
[epoch:6] loss 0.42131277546286583 acc 0.9150390625
[epoch:6] test loss 0.7236784483705249 test acc 0.546875
[epoch:7] loss 0.4010013807564974 acc 0.9375
[epoch:7] test loss 0.7155850231647491 test acc 0.5435267857142857
[epoch:8] loss 0.391111109405756 acc 0.94140625
[epoch:8] test loss 0.7191941099507468 test acc 0.5524553571428571
[epoch:9] loss 0.3829157091677189 acc 0.9521484375
[epoch:9] test loss 0.7247682809829712 test acc 0.5446428571428571
[epoch:10] loss 0.37794407084584236 acc 0.953125
[epoch:10] test loss 0.7328110422406878 test acc 0.5546875
[epoch:11] loss 0.37019976787269115 acc 0.9580078125
[epoch:11] test loss 0.732038391487939 test acc 0.5424107142857143
[epoch:12] loss 0.36489675007760525 acc 0.9638671875
[epoch:12] test loss 0.7425130265099662 test acc 0.5569196428571429
[epoch:13] loss 0.35964539274573326 acc 0.9658203125
[epoch:13] test loss 0.73880934715271 test acc 0.5524553571428571
[epoch:14] loss 0.3547626119107008 acc 0.9736328125
[epoch:14] test loss 0.7457455439226968 test acc 0.5513392857142857
[epoch:15] loss 0.3497353680431843 acc 0.9765625
[epoch:15] test loss 0.7436955188001905 test acc 0.5546875
[epoch:16] loss 0.35002326592803 acc 0.974609375
[epoch:16] test loss 0.743238023349217 test acc 0.5479910714285714
[epoch:17] loss 0.3514044862240553 acc 0.9716796875
[epoch:17] test loss 0.753411556993212 test acc 0.5290178571428571
[epoch:18] loss 0.34627695195376873 acc 0.9765625
[epoch:18] test loss 0.7410637736320496 test acc 0.5446428571428571
[epoch:19] loss 0.3439822029322386 acc 0.9775390625
[epoch:19] test loss 0.7495197824069432 test acc 0.5379464285714286
[epoch:20] loss 0.3389853034168482 acc 0.98046875
[epoch:20] test loss 0.7552659979888371 test acc 0.5334821428571429
[epoch:21] loss 0.3407227750867605 acc 0.98046875
[epoch:21] test loss 0.7440399825572968 test acc 0.5569196428571429
[epoch:22] loss 0.33952255733311176 acc 0.98046875
[epoch:22] test loss 0.7496450373104641 test acc 0.5412946428571429
[epoch:23] loss 0.33871691673994064 acc 0.9794921875
[epoch:23] test loss 0.755802605833326 test acc 0.5301339285714286
[epoch:24] loss 0.339104438200593 acc 0.98046875
[epoch:24] test loss 0.7510461211204529 test acc 0.5424107142857143
[epoch:25] loss 0.33624735102057457 acc 0.98046875
[epoch:25] test loss 0.7521374864237649 test acc 0.5457589285714286
[epoch:26] loss 0.3364664036780596 acc 0.98046875
[epoch:26] test loss 0.7538928091526031 test acc 0.5401785714285714
[epoch:27] loss 0.3350668027997017 acc 0.982421875
[epoch:27] test loss 0.7561419010162354 test acc 0.53125
[epoch:28] loss 0.33618435449898243 acc 0.982421875
[epoch:28] test loss 0.7452745991093772 test acc 0.5546875
[epoch:29] loss 0.3331353534013033 acc 0.9833984375
[epoch:29] test loss 0.7482248204095023 test acc 0.5524553571428571
[epoch:30] loss 0.33461146242916584 acc 0.9814453125
[epoch:30] test loss 0.7471272051334381 test acc 0.5513392857142857
[epoch:31] loss 0.33147865906357765 acc 0.984375
[epoch:31] test loss 0.750528850725719 test acc 0.5535714285714286
[epoch:32] loss 0.3340477906167507 acc 0.9814453125
[epoch:32] test loss 0.7550947325570243 test acc 0.5357142857142857
[epoch:33] loss 0.33391896449029446 acc 0.9814453125
[epoch:33] test loss 0.7512130907603672 test acc 0.5491071428571429
[epoch:34] loss 0.33189463801681995 acc 0.9833984375
[epoch:34] test loss 0.7448849422591073 test acc 0.5591517857142857
[epoch:35] loss 0.33382438123226166 acc 0.9814453125
[epoch:35] test loss 0.7495912483760289 test acc 0.5513392857142857
[epoch:36] loss 0.33265835233032703 acc 0.982421875
[epoch:36] test loss 0.7419324772698539 test acc 0.5569196428571429
Epoch 00038: reducing learning rate of group 0 to 8.0000e-05.
[epoch:37] loss 0.33343135192990303 acc 0.9814453125
[epoch:37] test loss 0.756397430385862 test acc 0.5435267857142857
[epoch:38] loss 0.33346388675272465 acc 0.9814453125
[epoch:38] test loss 0.7494501556668963 test acc 0.5558035714285714
[epoch:39] loss 0.3334755524992943 acc 0.9814453125
[epoch:39] test loss 0.7474727502890995 test acc 0.5524553571428571
