nohup: ignoring input
/home/xiao/miniconda3/envs/torch/lib/python3.10/site-packages/torchvision/io/image.py:13: UserWarning: Failed to load image Python extension: /home/xiao/miniconda3/envs/torch/lib/python3.10/site-packages/torchvision/image.so: undefined symbol: _ZN5torch3jit17parseSchemaOrNameERKNSt7__cxx1112basic_stringIcSt11char_traitsIcESaIcEEE
  warn(f"Failed to load image Python extension: {e}")
[epoch:0] loss 0.6577178463339806 acc 0.6064453125
[epoch:0] test loss 0.6877215845244271 test acc 0.5390625
[epoch:1] loss 0.5883653424680233 acc 0.75390625
[epoch:1] test loss 0.6648655406066349 test acc 0.6149553571428571
[epoch:2] loss 0.5315946750342846 acc 0.818359375
[epoch:2] test loss 0.6851384043693542 test acc 0.6171875
[epoch:3] loss 0.49287395365536213 acc 0.857421875
[epoch:3] test loss 0.678225828068597 test acc 0.6071428571428571
[epoch:4] loss 0.4592214524745941 acc 0.890625
[epoch:4] test loss 0.7019130289554596 test acc 0.5959821428571429
[epoch:5] loss 0.43594604916870594 acc 0.9111328125
[epoch:5] test loss 0.7052588633128575 test acc 0.5848214285714286
[epoch:6] loss 0.4216156452894211 acc 0.9208984375
[epoch:6] test loss 0.7176829150744847 test acc 0.5691964285714286
[epoch:7] loss 0.4073401875793934 acc 0.9296875
[epoch:7] test loss 0.6926047589097705 test acc 0.5859375
[epoch:8] loss 0.39463395439088345 acc 0.9287109375
[epoch:8] test loss 0.7227361968585423 test acc 0.5357142857142857
[epoch:9] loss 0.381619893014431 acc 0.951171875
[epoch:9] test loss 0.7366984060832432 test acc 0.546875
[epoch:10] loss 0.37439533695578575 acc 0.9580078125
[epoch:10] test loss 0.7356842075075422 test acc 0.5591517857142857
[epoch:11] loss 0.3734626825898886 acc 0.9521484375
[epoch:11] test loss 0.7204824004854474 test acc 0.5703125
[epoch:12] loss 0.3655649535357952 acc 0.962890625
[epoch:12] test loss 0.7382755364690509 test acc 0.5491071428571429
[epoch:13] loss 0.3622738178819418 acc 0.9638671875
[epoch:13] test loss 0.7339098283222744 test acc 0.5457589285714286
[epoch:14] loss 0.3557157851755619 acc 0.9677734375
[epoch:14] test loss 0.7352946102619171 test acc 0.5491071428571429
[epoch:15] loss 0.3517196737229824 acc 0.97265625
[epoch:15] test loss 0.7345390617847443 test acc 0.5535714285714286
[epoch:16] loss 0.3539408966898918 acc 0.9716796875
[epoch:16] test loss 0.7439760140010289 test acc 0.5457589285714286
[epoch:17] loss 0.35203443840146065 acc 0.9658203125
[epoch:17] test loss 0.7391766735485622 test acc 0.5546875
[epoch:18] loss 0.34617938101291656 acc 0.97265625
[epoch:18] test loss 0.7564203781741006 test acc 0.5279017857142857
[epoch:19] loss 0.3452115822583437 acc 0.9736328125
[epoch:19] test loss 0.7488157238279071 test acc 0.5412946428571429
[epoch:20] loss 0.34468207880854607 acc 0.9755859375
[epoch:20] test loss 0.7678727294717517 test acc 0.5111607142857143
[epoch:21] loss 0.34500196017324924 acc 0.9755859375
[epoch:21] test loss 0.7415111788681575 test acc 0.5502232142857143
[epoch:22] loss 0.3411441631615162 acc 0.9765625
[epoch:22] test loss 0.763864380972726 test acc 0.5178571428571429
[epoch:23] loss 0.3403438441455364 acc 0.978515625
[epoch:23] test loss 0.7438415586948395 test acc 0.5435267857142857
[epoch:24] loss 0.3387160114943981 acc 0.9814453125
[epoch:24] test loss 0.7355557296957288 test acc 0.5569196428571429
[epoch:25] loss 0.3358308579772711 acc 0.984375
[epoch:25] test loss 0.7303761328969683 test acc 0.5625
[epoch:26] loss 0.33691927045583725 acc 0.98046875
[epoch:26] test loss 0.7591524805341449 test acc 0.5267857142857143
[epoch:27] loss 0.3342793192714453 acc 0.9833984375
[epoch:27] test loss 0.7287711245673043 test acc 0.5457589285714286
[epoch:28] loss 0.3301470708101988 acc 0.98828125
[epoch:28] test loss 0.7404374309948513 test acc 0.546875
[epoch:29] loss 0.32916535809636116 acc 0.9892578125
[epoch:29] test loss 0.7381906509399414 test acc 0.5401785714285714
[epoch:30] loss 0.32804699800908566 acc 0.98828125
[epoch:30] test loss 0.7358112633228302 test acc 0.5446428571428571
[epoch:31] loss 0.3260089233517647 acc 0.9921875
[epoch:31] test loss 0.7424926885536739 test acc 0.5479910714285714
[epoch:32] loss 0.3251157198101282 acc 0.9931640625
[epoch:32] test loss 0.7461407056876591 test acc 0.5535714285714286
[epoch:33] loss 0.3230391778051853 acc 0.994140625
[epoch:33] test loss 0.7403895812375205 test acc 0.5491071428571429
[epoch:34] loss 0.3209046144038439 acc 0.9951171875
[epoch:34] test loss 0.7324465215206146 test acc 0.5647321428571429
[epoch:35] loss 0.32237952016294 acc 0.994140625
[epoch:35] test loss 0.7451481223106384 test acc 0.5580357142857143
[epoch:36] loss 0.3217668104916811 acc 0.9931640625
[epoch:36] test loss 0.7361598696027484 test acc 0.5625
[epoch:37] loss 0.32393523678183556 acc 0.990234375
[epoch:37] test loss 0.7371418987001691 test acc 0.5569196428571429
[epoch:38] loss 0.32083800807595253 acc 0.9951171875
[epoch:38] test loss 0.7419719525745937 test acc 0.5602678571428571
[epoch:39] loss 0.32114773616194725 acc 0.9951171875
[epoch:39] test loss 0.7383444394384112 test acc 0.5513392857142857
