nohup: ignoring input
/home/xiao/miniconda3/envs/torch/lib/python3.10/site-packages/torchvision/io/image.py:13: UserWarning: Failed to load image Python extension: /home/xiao/miniconda3/envs/torch/lib/python3.10/site-packages/torchvision/image.so: undefined symbol: _ZN5torch3jit17parseSchemaOrNameERKNSt7__cxx1112basic_stringIcSt11char_traitsIcESaIcEEE
  warn(f"Failed to load image Python extension: {e}")
[epoch:0] loss 0.661046277731657 acc 0.59375
[epoch:0] test loss 0.7138554240976062 test acc 0.4029017857142857
[epoch:1] loss 0.6213840432465076 acc 0.6748046875
[epoch:1] test loss 0.710602445261819 test acc 0.39174107142857145
[epoch:2] loss 0.573269072920084 acc 0.7705078125
[epoch:2] test loss 0.694684271301542 test acc 0.5390625
[epoch:3] loss 0.5241600442677736 acc 0.8330078125
[epoch:3] test loss 0.7052772556032453 test acc 0.5301339285714286
[epoch:4] loss 0.47775568440556526 acc 0.890625
[epoch:4] test loss 0.6936036263193402 test acc 0.5825892857142857
[epoch:5] loss 0.4533874820917845 acc 0.90234375
[epoch:5] test loss 0.6866820752620697 test acc 0.5803571428571429
[epoch:6] loss 0.4277416542172432 acc 0.923828125
[epoch:6] test loss 0.7257354727813176 test acc 0.5401785714285714
[epoch:7] loss 0.4055500812828541 acc 0.9345703125
[epoch:7] test loss 0.7320568306105477 test acc 0.5424107142857143
[epoch:8] loss 0.3947055786848068 acc 0.939453125
[epoch:8] test loss 0.7115122207573482 test acc 0.5669642857142857
[epoch:9] loss 0.38516142778098583 acc 0.9541015625
[epoch:9] test loss 0.7472414033753532 test acc 0.5267857142857143
[epoch:10] loss 0.3712023701518774 acc 0.96484375
[epoch:10] test loss 0.7419378672327314 test acc 0.5390625
[epoch:11] loss 0.3669136967509985 acc 0.9638671875
[epoch:11] test loss 0.7293940356799534 test acc 0.5569196428571429
[epoch:12] loss 0.35906438156962395 acc 0.970703125
[epoch:12] test loss 0.741314777306148 test acc 0.5435267857142857
[epoch:13] loss 0.3524618614464998 acc 0.9775390625
[epoch:13] test loss 0.7184789989675794 test acc 0.5691964285714286
[epoch:14] loss 0.3470250628888607 acc 0.982421875
[epoch:14] test loss 0.7109851283686501 test acc 0.5747767857142857
[epoch:15] loss 0.34353262931108475 acc 0.9814453125
[epoch:15] test loss 0.7344422340393066 test acc 0.5669642857142857
[epoch:16] loss 0.3407510705292225 acc 0.986328125
[epoch:16] test loss 0.7367845092500959 test acc 0.5513392857142857
[epoch:17] loss 0.336339371278882 acc 0.986328125
[epoch:17] test loss 0.7173837295600346 test acc 0.5736607142857143
[epoch:18] loss 0.3360866382718086 acc 0.9873046875
[epoch:18] test loss 0.7236011624336243 test acc 0.5580357142857143
[epoch:19] loss 0.3374694902449846 acc 0.982421875
[epoch:19] test loss 0.731839337519237 test acc 0.5658482142857143
[epoch:20] loss 0.33113384060561657 acc 0.990234375
[epoch:20] test loss 0.730239748954773 test acc 0.5680803571428571
[epoch:21] loss 0.3280651029199362 acc 0.990234375
[epoch:21] test loss 0.7366678161280495 test acc 0.5636160714285714
[epoch:22] loss 0.3318897094577551 acc 0.9892578125
[epoch:22] test loss 0.73126192178045 test acc 0.5625
[epoch:23] loss 0.32713671773672104 acc 0.9931640625
[epoch:23] test loss 0.736743186201368 test acc 0.5558035714285714
[epoch:24] loss 0.3293723985552788 acc 0.990234375
[epoch:24] test loss 0.7291995797838483 test acc 0.5602678571428571
[epoch:25] loss 0.32744565047323704 acc 0.9912109375
[epoch:25] test loss 0.7197744037423816 test acc 0.5703125
[epoch:26] loss 0.3237000070512295 acc 0.99609375
[epoch:26] test loss 0.729294057403292 test acc 0.5602678571428571
[epoch:27] loss 0.3237760663032532 acc 0.994140625
[epoch:27] test loss 0.708707502910069 test acc 0.5758928571428571
[epoch:28] loss 0.3267945200204849 acc 0.9912109375
[epoch:28] test loss 0.684697266135897 test acc 0.6004464285714286
[epoch:29] loss 0.32650209590792656 acc 0.994140625
[epoch:29] test loss 0.7297057679721287 test acc 0.5524553571428571
[epoch:30] loss 0.32398581877350807 acc 0.994140625
[epoch:30] test loss 0.7295865969998496 test acc 0.5479910714285714
[epoch:31] loss 0.3226212300360203 acc 0.9951171875
[epoch:31] test loss 0.7116073582853589 test acc 0.578125
[epoch:32] loss 0.3219778332859278 acc 0.994140625
[epoch:32] test loss 0.7415448384625571 test acc 0.5435267857142857
[epoch:33] loss 0.3196467999368906 acc 0.99609375
[epoch:33] test loss 0.718425737959998 test acc 0.5658482142857143
[epoch:34] loss 0.3202419634908438 acc 0.99609375
[epoch:34] test loss 0.7328802134309497 test acc 0.5613839285714286
[epoch:35] loss 0.320254223421216 acc 0.99609375
[epoch:35] test loss 0.7445016035011837 test acc 0.5401785714285714
[epoch:36] loss 0.32037697173655033 acc 0.99609375
[epoch:36] test loss 0.7100853621959686 test acc 0.5803571428571429
[epoch:37] loss 0.3201418872922659 acc 0.99609375
[epoch:37] test loss 0.737987390586308 test acc 0.5502232142857143
[epoch:38] loss 0.320444168522954 acc 0.9951171875
[epoch:38] test loss 0.7427668443747929 test acc 0.5479910714285714
Epoch 00040: reducing learning rate of group 0 to 8.0000e-05.
[epoch:39] loss 0.32054582610726357 acc 0.99609375
[epoch:39] test loss 0.7230065890720913 test acc 0.5736607142857143
