nohup: ignoring input
/home/xiao/miniconda3/envs/torch/lib/python3.10/site-packages/torchvision/io/image.py:13: UserWarning: Failed to load image Python extension: /home/xiao/miniconda3/envs/torch/lib/python3.10/site-packages/torchvision/image.so: undefined symbol: _ZN5torch3jit17parseSchemaOrNameERKNSt7__cxx1112basic_stringIcSt11char_traitsIcESaIcEEE
  warn(f"Failed to load image Python extension: {e}")
[epoch:0] loss 0.6211617849767208 acc 0.6826171875
[epoch:0] test loss 0.6813484345163617 test acc 0.6283482142857143
[epoch:1] loss 0.5022258795797825 acc 0.85546875
[epoch:1] test loss 0.7050566119807107 test acc 0.546875
[epoch:2] loss 0.43747459165751934 acc 0.9130859375
[epoch:2] test loss 0.7350101470947266 test acc 0.5078125
[epoch:3] loss 0.40547098591923714 acc 0.9326171875
[epoch:3] test loss 0.7685763921056475 test acc 0.4497767857142857
[epoch:4] loss 0.3811388239264488 acc 0.951171875
[epoch:4] test loss 0.7744534398828234 test acc 0.4575892857142857
[epoch:5] loss 0.36650638468563557 acc 0.962890625
[epoch:5] test loss 0.7907314130238124 test acc 0.4799107142857143
[epoch:6] loss 0.35716627910733223 acc 0.9736328125
[epoch:6] test loss 0.7900888749531337 test acc 0.4720982142857143
[epoch:7] loss 0.34927291236817837 acc 0.9716796875
[epoch:7] test loss 0.7940535587923867 test acc 0.4732142857142857
[epoch:8] loss 0.33898760937154293 acc 0.9853515625
[epoch:8] test loss 0.7720235075269427 test acc 0.4888392857142857
[epoch:9] loss 0.3312755674123764 acc 0.9931640625
[epoch:9] test loss 0.7775322582040515 test acc 0.46986607142857145
[epoch:10] loss 0.32645028457045555 acc 0.994140625
[epoch:10] test loss 0.7874477505683899 test acc 0.46651785714285715
[epoch:11] loss 0.3246357813477516 acc 0.9951171875
[epoch:11] test loss 0.7936306893825531 test acc 0.4609375
[epoch:12] loss 0.32334386371076107 acc 0.9951171875
[epoch:12] test loss 0.786974664245333 test acc 0.47433035714285715
[epoch:13] loss 0.32176022976636887 acc 0.99609375
[epoch:13] test loss 0.7888315575463432 test acc 0.47433035714285715
[epoch:14] loss 0.320173766463995 acc 0.9970703125
[epoch:14] test loss 0.7932800139699664 test acc 0.4799107142857143
[epoch:15] loss 0.31937440298497677 acc 0.9970703125
[epoch:15] test loss 0.7966725145067487 test acc 0.47098214285714285
[epoch:16] loss 0.3201772291213274 acc 0.99609375
[epoch:16] test loss 0.7834225807871137 test acc 0.484375
[epoch:17] loss 0.319194532930851 acc 0.99609375
[epoch:17] test loss 0.7984940026487622 test acc 0.4654017857142857
[epoch:18] loss 0.31898270919919014 acc 0.9970703125
[epoch:18] test loss 0.7932190597057343 test acc 0.47879464285714285
[epoch:19] loss 0.3184677753597498 acc 0.9970703125
[epoch:19] test loss 0.7905525607722146 test acc 0.48549107142857145
[epoch:20] loss 0.3181938920170069 acc 0.9970703125
[epoch:20] test loss 0.8011613743645805 test acc 0.46651785714285715
[epoch:21] loss 0.31795566715300083 acc 0.9970703125
[epoch:21] test loss 0.8021558267729623 test acc 0.47433035714285715
[epoch:22] loss 0.3181199450045824 acc 0.9970703125
[epoch:22] test loss 0.7939011412007468 test acc 0.484375
[epoch:23] loss 0.31781267561018467 acc 0.9970703125
[epoch:23] test loss 0.7935238565717425 test acc 0.48549107142857145
[epoch:24] loss 0.31745539605617523 acc 0.9970703125
[epoch:24] test loss 0.7953136946473803 test acc 0.48325892857142855
[epoch:25] loss 0.31728570722043514 acc 0.9970703125
[epoch:25] test loss 0.8000914241586413 test acc 0.4765625
[epoch:26] loss 0.31725840270519257 acc 0.9970703125
[epoch:26] test loss 0.796833553484508 test acc 0.48549107142857145
[epoch:27] loss 0.31720639020204544 acc 0.9970703125
[epoch:27] test loss 0.8043074480124882 test acc 0.4765625
[epoch:28] loss 0.31721131689846516 acc 0.9970703125
[epoch:28] test loss 0.8046758217470986 test acc 0.47544642857142855
[epoch:29] loss 0.3171901684254408 acc 0.9970703125
[epoch:29] test loss 0.7986124072756086 test acc 0.48325892857142855
[epoch:30] loss 0.31706925481557846 acc 0.9970703125
[epoch:30] test loss 0.8044090526444572 test acc 0.47879464285714285
[epoch:31] loss 0.31698115170001984 acc 0.9970703125
[epoch:31] test loss 0.799898773431778 test acc 0.48325892857142855
[epoch:32] loss 0.31689736619591713 acc 0.9970703125
[epoch:32] test loss 0.8006811227117266 test acc 0.48325892857142855
[epoch:33] loss 0.3168854583054781 acc 0.9970703125
[epoch:33] test loss 0.8004731067589351 test acc 0.48214285714285715
[epoch:34] loss 0.31683533266186714 acc 0.9970703125
[epoch:34] test loss 0.796915088381086 test acc 0.4877232142857143
[epoch:35] loss 0.3168382775038481 acc 0.9970703125
[epoch:35] test loss 0.8070225758211953 test acc 0.47767857142857145
[epoch:36] loss 0.31681698374450207 acc 0.9970703125
[epoch:36] test loss 0.8032305496079581 test acc 0.47879464285714285
[epoch:37] loss 0.3167833164334297 acc 0.9970703125
[epoch:37] test loss 0.807421611888068 test acc 0.4720982142857143
[epoch:38] loss 0.3167438171803951 acc 0.9970703125
[epoch:38] test loss 0.7955546975135803 test acc 0.4921875
[epoch:39] loss 0.3167767319828272 acc 0.9970703125
[epoch:39] test loss 0.8088063767978123 test acc 0.4732142857142857
