nohup: ignoring input
/home/xiao/miniconda3/envs/torch/lib/python3.10/site-packages/torchvision/io/image.py:13: UserWarning: Failed to load image Python extension: /home/xiao/miniconda3/envs/torch/lib/python3.10/site-packages/torchvision/image.so: undefined symbol: _ZN5torch3jit17parseSchemaOrNameERKNSt7__cxx1112basic_stringIcSt11char_traitsIcESaIcEEE
  warn(f"Failed to load image Python extension: {e}")
[epoch:0] loss 0.6424733996391296 acc 0.6140018921475875
[epoch:0] test loss 0.7336450178047706 test acc 0.42780172413793105
[epoch:1] loss 0.5613432570415384 acc 0.7530747398297067
[epoch:2] loss 0.5109168536522809 acc 0.8448438978240302
[epoch:3] loss 0.4577331385191749 acc 0.8893093661305582
[epoch:4] loss 0.4302368400728001 acc 0.9091769157994324
[epoch:5] loss 0.4105912534629597 acc 0.9299905392620624
[epoch:5] test loss 0.7220592293246039 test acc 0.5463362068965517
[epoch:6] loss 0.4079437685363433 acc 0.9309366130558183
[epoch:7] loss 0.392808694173308 acc 0.9309366130558183
[epoch:8] loss 0.37812092549660625 acc 0.9470198675496688
[epoch:9] loss 0.3711198813775006 acc 0.9583727530747398
[epoch:10] loss 0.35890117375289693 acc 0.967833491012299
[epoch:10] test loss 0.7418082890839413 test acc 0.5269396551724138
[epoch:11] loss 0.3595067534376593 acc 0.9640491958372753
[epoch:12] loss 0.3508571438929614 acc 0.9725638599810785
[epoch:13] loss 0.3476359800380819 acc 0.9754020813623463
[epoch:14] loss 0.3466016246991999 acc 0.9772942289498581
[epoch:15] loss 0.35128311462262096 acc 0.9754020813623463
[epoch:15] test loss 0.7444491345306923 test acc 0.5247844827586207
[epoch:16] loss 0.3535001032492694 acc 0.967833491012299
[epoch:17] loss 0.3397973109694088 acc 0.9801324503311258
[epoch:18] loss 0.33944277114727917 acc 0.97918637653737
[epoch:19] loss 0.33619385081179004 acc 0.9820245979186376
[epoch:20] loss 0.3373628434012918 acc 0.9829706717123936
[epoch:20] test loss 0.7364042730166994 test acc 0.552801724137931
[epoch:21] loss 0.33499714644516215 acc 0.9820245979186376
[epoch:22] loss 0.333700954914093 acc 0.9839167455061495
[epoch:23] loss 0.3319548973265816 acc 0.9867549668874173
[epoch:24] loss 0.33335206000243917 acc 0.9848628192999054
[epoch:25] loss 0.3308306897387785 acc 0.9858088930936613
[epoch:25] test loss 0.7424921413947796 test acc 0.5366379310344828
[epoch:26] loss 0.3312709734720342 acc 0.9858088930936613
[epoch:27] loss 0.3284640566391103 acc 0.9877010406811731
[epoch:28] loss 0.3279834600055919 acc 0.9877010406811731
[epoch:29] loss 0.32850386640604806 acc 0.9877010406811731
[epoch:30] loss 0.3282315634629306 acc 0.9877010406811731
[epoch:30] test loss 0.739661860054937 test acc 0.5474137931034483
[epoch:31] loss 0.3342389893882415 acc 0.9905392620624409
[epoch:32] loss 0.34580815802602205 acc 0.9725638599810785
[epoch:33] loss 0.3307535692172892 acc 0.9858088930936613
Epoch 00035: reducing learning rate of group 0 to 8.0000e-05.
[epoch:34] loss 0.3287302755257663 acc 0.9867549668874173
[epoch:35] loss 0.328303600935375 acc 0.9867549668874173
[epoch:35] test loss 0.7528684385891619 test acc 0.5431034482758621
[epoch:36] loss 0.3269759775961147 acc 0.988647114474929
[epoch:37] loss 0.32592907986220193 acc 0.9905392620624409
[epoch:38] loss 0.326263205093496 acc 0.9895931882686849
[epoch:38] test loss 0.7544358578221552 test acc 0.5366379310344828
[epoch:39] loss 0.32532141489141125 acc 0.9895931882686849
[epoch:39] test loss 0.75454037148377 test acc 0.5377155172413793
