nohup: ignoring input
/home/xiao/miniconda3/envs/torch/lib/python3.10/site-packages/torchvision/io/image.py:13: UserWarning: Failed to load image Python extension: /home/xiao/miniconda3/envs/torch/lib/python3.10/site-packages/torchvision/image.so: undefined symbol: _ZN5torch3jit17parseSchemaOrNameERKNSt7__cxx1112basic_stringIcSt11char_traitsIcESaIcEEE
  warn(f"Failed to load image Python extension: {e}")
[epoch:0] loss 0.6772548146545887 acc 0.587890625
[epoch:0] test loss 0.6864009754998344 test acc 0.6004464285714286
[epoch:1] loss 0.629520907998085 acc 0.765625
[epoch:1] test loss 0.6802467788968768 test acc 0.6127232142857143
[epoch:2] loss 0.5973585695028305 acc 0.8046875
[epoch:2] test loss 0.6822156182357243 test acc 0.5859375
[epoch:3] loss 0.5667631179094315 acc 0.8369140625
[epoch:3] test loss 0.6835175710065025 test acc 0.5915178571428571
[epoch:4] loss 0.5392728261649609 acc 0.85546875
[epoch:4] test loss 0.677729708807809 test acc 0.5915178571428571
[epoch:5] loss 0.510870810598135 acc 0.8857421875
[epoch:5] test loss 0.6876104388918195 test acc 0.5725446428571429
[epoch:6] loss 0.4870445281267166 acc 0.91015625
[epoch:6] test loss 0.6919307155268533 test acc 0.5558035714285714
[epoch:7] loss 0.458615442737937 acc 0.9326171875
[epoch:7] test loss 0.704685070684978 test acc 0.5111607142857143
[epoch:8] loss 0.4393480271100998 acc 0.9404296875
[epoch:8] test loss 0.7094535827636719 test acc 0.5189732142857143
[epoch:9] loss 0.4176160078495741 acc 0.9599609375
[epoch:9] test loss 0.7125371694564819 test acc 0.5223214285714286
[epoch:10] loss 0.40275474824011326 acc 0.9716796875
[epoch:10] test loss 0.7164523771830967 test acc 0.5133928571428571
[epoch:11] loss 0.389371782541275 acc 0.9765625
[epoch:11] test loss 0.7165211822305407 test acc 0.5390625
[epoch:12] loss 0.3776929769665003 acc 0.9814453125
[epoch:12] test loss 0.7001275164740426 test acc 0.5691964285714286
[epoch:13] loss 0.3722235467284918 acc 0.9794921875
[epoch:13] test loss 0.7145377482686724 test acc 0.5412946428571429
[epoch:14] loss 0.35781447775661945 acc 0.9912109375
[epoch:14] test loss 0.7101291928972516 test acc 0.5479910714285714
[epoch:15] loss 0.3530513886362314 acc 0.9892578125
[epoch:15] test loss 0.7182653376034328 test acc 0.5457589285714286
[epoch:16] loss 0.34597794339060783 acc 0.994140625
[epoch:16] test loss 0.7182576400893075 test acc 0.5323660714285714
[epoch:17] loss 0.34364898689091206 acc 0.9951171875
[epoch:17] test loss 0.7008314941610608 test acc 0.5803571428571429
[epoch:18] loss 0.3393863718956709 acc 0.99609375
[epoch:18] test loss 0.7036657418523516 test acc 0.5792410714285714
[epoch:19] loss 0.33609671145677567 acc 0.9931640625
[epoch:19] test loss 0.7083127966948918 test acc 0.5502232142857143
[epoch:20] loss 0.3336288556456566 acc 0.99609375
[epoch:20] test loss 0.7040503408227649 test acc 0.5747767857142857
[epoch:21] loss 0.3312097638845444 acc 0.9970703125
[epoch:21] test loss 0.713015445641109 test acc 0.5636160714285714
[epoch:22] loss 0.32958277501165867 acc 0.998046875
[epoch:22] test loss 0.7116788838590894 test acc 0.5613839285714286
[epoch:23] loss 0.3276919089257717 acc 0.998046875
[epoch:23] test loss 0.6999717354774475 test acc 0.5926339285714286
[epoch:24] loss 0.3269694745540619 acc 0.998046875
[epoch:24] test loss 0.712366018976484 test acc 0.5691964285714286
[epoch:25] loss 0.3248880635946989 acc 0.998046875
[epoch:25] test loss 0.7175985489572797 test acc 0.5602678571428571
[epoch:26] loss 0.3231321647763252 acc 0.998046875
[epoch:26] test loss 0.7132895077977862 test acc 0.5658482142857143
[epoch:27] loss 0.3218881655484438 acc 0.9990234375
[epoch:27] test loss 0.699655852147511 test acc 0.5814732142857143
[epoch:28] loss 0.3217774573713541 acc 0.9990234375
[epoch:28] test loss 0.7115143367222377 test acc 0.5669642857142857
[epoch:29] loss 0.32055843248963356 acc 0.9990234375
[epoch:29] test loss 0.7092966309615544 test acc 0.5714285714285714
[epoch:30] loss 0.3207880090922117 acc 0.998046875
[epoch:30] test loss 0.7195946574211121 test acc 0.5602678571428571
[epoch:31] loss 0.31987856328487396 acc 0.9990234375
[epoch:31] test loss 0.707987904548645 test acc 0.5725446428571429
[epoch:32] loss 0.32141707465052605 acc 0.998046875
[epoch:32] test loss 0.7067725530692509 test acc 0.5725446428571429
[epoch:33] loss 0.3192648347467184 acc 0.9990234375
[epoch:33] test loss 0.7064090328557151 test acc 0.5758928571428571
[epoch:34] loss 0.31884483247995377 acc 0.9990234375
[epoch:34] test loss 0.7062073349952698 test acc 0.5770089285714286
[epoch:35] loss 0.3190089948475361 acc 0.9990234375
[epoch:35] test loss 0.7048401747431073 test acc 0.5770089285714286
[epoch:36] loss 0.3194619584828615 acc 0.9990234375
[epoch:36] test loss 0.7105314987046378 test acc 0.5691964285714286
[epoch:37] loss 0.31774988770484924 acc 0.9990234375
[epoch:37] test loss 0.7093420922756195 test acc 0.5691964285714286
[epoch:38] loss 0.3181970827281475 acc 0.998046875
[epoch:38] test loss 0.7092805632523128 test acc 0.5636160714285714
[epoch:39] loss 0.31738404370844364 acc 0.9990234375
[epoch:39] test loss 0.7051144327436175 test acc 0.5725446428571429
