nohup: ignoring input
/home/xiao/miniconda3/envs/torch/lib/python3.10/site-packages/torchvision/io/image.py:13: UserWarning: Failed to load image Python extension: /home/xiao/miniconda3/envs/torch/lib/python3.10/site-packages/torchvision/image.so: undefined symbol: _ZN5torch3jit17parseSchemaOrNameERKNSt7__cxx1112basic_stringIcSt11char_traitsIcESaIcEEE
  warn(f"Failed to load image Python extension: {e}")
[epoch:0] loss 0.6608977541327477 acc 0.6640625
[epoch:0] test loss 0.6843906470707485 test acc 0.6886160714285714
[epoch:1] loss 0.6162627711892128 acc 0.76171875
[epoch:1] test loss 0.67140445964677 test acc 0.6897321428571429
[epoch:2] loss 0.5853310264647007 acc 0.8310546875
[epoch:2] test loss 0.6674878469535283 test acc 0.6484375
[epoch:3] loss 0.5563521720468998 acc 0.8603515625
[epoch:3] test loss 0.6703684670584542 test acc 0.6629464285714286
[epoch:4] loss 0.5298531875014305 acc 0.8876953125
[epoch:4] test loss 0.6800159428800855 test acc 0.6160714285714286
[epoch:5] loss 0.498249176889658 acc 0.9150390625
[epoch:5] test loss 0.6823876713003431 test acc 0.6071428571428571
[epoch:6] loss 0.4728560037910938 acc 0.935546875
[epoch:6] test loss 0.683530466897147 test acc 0.6037946428571429
[epoch:7] loss 0.451940281316638 acc 0.94140625
[epoch:7] test loss 0.6827184941087451 test acc 0.6071428571428571
[epoch:8] loss 0.42804786562919617 acc 0.9638671875
[epoch:8] test loss 0.6782417552811759 test acc 0.6227678571428571
[epoch:9] loss 0.4089426416903734 acc 0.9697265625
[epoch:9] test loss 0.6813088953495026 test acc 0.6127232142857143
[epoch:10] loss 0.3937213867902756 acc 0.978515625
[epoch:10] test loss 0.6842475235462189 test acc 0.6183035714285714
[epoch:11] loss 0.38229132629930973 acc 0.9794921875
[epoch:11] test loss 0.6838591865130833 test acc 0.6037946428571429
[epoch:12] loss 0.3683581557124853 acc 0.986328125
[epoch:12] test loss 0.7007155801568713 test acc 0.5401785714285714
[epoch:13] loss 0.35915563628077507 acc 0.9931640625
[epoch:13] test loss 0.6778168848582676 test acc 0.6205357142857143
[epoch:14] loss 0.3499181605875492 acc 0.9951171875
[epoch:14] test loss 0.6910634125982013 test acc 0.5691964285714286
[epoch:15] loss 0.3449176326394081 acc 0.9951171875
[epoch:15] test loss 0.67904075554439 test acc 0.5993303571428571
[epoch:16] loss 0.34180863201618195 acc 0.9951171875
[epoch:16] test loss 0.6749899004186902 test acc 0.6138392857142857
[epoch:17] loss 0.33811607025563717 acc 0.994140625
[epoch:17] test loss 0.695634833403996 test acc 0.5691964285714286
[epoch:18] loss 0.3356804884970188 acc 0.9970703125
[epoch:18] test loss 0.6674978307315281 test acc 0.6015625
[epoch:19] loss 0.33212273195385933 acc 0.9970703125
[epoch:19] test loss 0.672473703111921 test acc 0.6071428571428571
[epoch:20] loss 0.32953412644565105 acc 0.9970703125
[epoch:20] test loss 0.6698604822158813 test acc 0.6149553571428571
[epoch:21] loss 0.32908497750759125 acc 0.9970703125
[epoch:21] test loss 0.679303731237139 test acc 0.6026785714285714
[epoch:22] loss 0.3291060570627451 acc 0.9970703125
[epoch:22] test loss 0.6736958920955658 test acc 0.6037946428571429
[epoch:23] loss 0.3267124071717262 acc 0.9970703125
[epoch:23] test loss 0.6739265833582196 test acc 0.609375
[epoch:24] loss 0.32645955868065357 acc 0.99609375
[epoch:24] test loss 0.6885346514838082 test acc 0.5892857142857143
[epoch:25] loss 0.3243753369897604 acc 0.998046875
[epoch:25] test loss 0.66859227844647 test acc 0.6082589285714286
[epoch:26] loss 0.32291778922080994 acc 0.998046875
[epoch:26] test loss 0.6795949297291892 test acc 0.5970982142857143
[epoch:27] loss 0.3235843237489462 acc 0.998046875
[epoch:27] test loss 0.6886045294148582 test acc 0.5837053571428571
[epoch:28] loss 0.32307280600070953 acc 0.998046875
[epoch:28] test loss 0.6752916617052895 test acc 0.5982142857142857
[epoch:29] loss 0.3221607469022274 acc 0.998046875
[epoch:29] test loss 0.6749256380966732 test acc 0.5993303571428571
[epoch:30] loss 0.32067401334643364 acc 0.998046875
[epoch:30] test loss 0.6747562033789498 test acc 0.6116071428571429
[epoch:31] loss 0.3210383169353008 acc 0.998046875
[epoch:31] test loss 0.6775842649596078 test acc 0.5970982142857143
[epoch:32] loss 0.3200229201465845 acc 0.9990234375
[epoch:32] test loss 0.6748720875808171 test acc 0.6183035714285714
[epoch:33] loss 0.3216145019978285 acc 0.9970703125
[epoch:33] test loss 0.6754001677036285 test acc 0.6138392857142857
[epoch:34] loss 0.3191819302737713 acc 0.9990234375
[epoch:34] test loss 0.6768626911299569 test acc 0.6049107142857143
[epoch:35] loss 0.31932109221816063 acc 0.9990234375
[epoch:35] test loss 0.6757930389472416 test acc 0.6104910714285714
[epoch:36] loss 0.31725257635116577 acc 1.0
[epoch:36] test loss 0.6753405673163277 test acc 0.6082589285714286
[epoch:37] loss 0.31837631948292255 acc 0.9990234375
[epoch:37] test loss 0.681444742849895 test acc 0.6082589285714286
[epoch:38] loss 0.3182277549058199 acc 0.9990234375
[epoch:38] test loss 0.6710695454052517 test acc 0.5970982142857143
[epoch:39] loss 0.31755357421934605 acc 0.9990234375
[epoch:39] test loss 0.6693285490785327 test acc 0.6082589285714286
