nohup: ignoring input
/home/xiao/miniconda3/envs/torch/lib/python3.10/site-packages/torchvision/io/image.py:13: UserWarning: Failed to load image Python extension: /home/xiao/miniconda3/envs/torch/lib/python3.10/site-packages/torchvision/image.so: undefined symbol: _ZN5torch3jit17parseSchemaOrNameERKNSt7__cxx1112basic_stringIcSt11char_traitsIcESaIcEEE
  warn(f"Failed to load image Python extension: {e}")
[epoch:0] loss 0.6497095599770546 acc 0.6689453125
[epoch:0] test loss 0.6903067146028791 test acc 0.4642857142857143
[epoch:1] loss 0.6040022075176239 acc 0.76953125
[epoch:1] test loss 0.6756130754947662 test acc 0.6484375
[epoch:2] loss 0.5716055631637573 acc 0.806640625
[epoch:2] test loss 0.6700055599212646 test acc 0.6484375
[epoch:3] loss 0.5411419831216335 acc 0.859375
[epoch:3] test loss 0.6814711860248021 test acc 0.6205357142857143
[epoch:4] loss 0.5097957700490952 acc 0.884765625
[epoch:4] test loss 0.691884458065033 test acc 0.6060267857142857
[epoch:5] loss 0.47905876860022545 acc 0.9228515625
[epoch:5] test loss 0.6872980466910771 test acc 0.609375
[epoch:6] loss 0.45110080763697624 acc 0.939453125
[epoch:6] test loss 0.6936839946678707 test acc 0.5747767857142857
[epoch:7] loss 0.4292343184351921 acc 0.9580078125
[epoch:7] test loss 0.706176153251103 test acc 0.5569196428571429
[epoch:8] loss 0.409770118072629 acc 0.96484375
[epoch:8] test loss 0.7106753630297524 test acc 0.5558035714285714
[epoch:9] loss 0.39458396658301353 acc 0.9716796875
[epoch:9] test loss 0.7061215426240649 test acc 0.5502232142857143
[epoch:10] loss 0.38232204876840115 acc 0.98046875
[epoch:10] test loss 0.7177644755159106 test acc 0.5223214285714286
[epoch:11] loss 0.36898160725831985 acc 0.984375
[epoch:11] test loss 0.7015930201326098 test acc 0.5703125
[epoch:12] loss 0.36112444289028645 acc 0.98828125
[epoch:12] test loss 0.7149373122623989 test acc 0.5279017857142857
[epoch:13] loss 0.34873731434345245 acc 0.9931640625
[epoch:13] test loss 0.718582774911608 test acc 0.5323660714285714
[epoch:14] loss 0.3466153759509325 acc 0.9931640625
[epoch:14] test loss 0.7254442317145211 test acc 0.5357142857142857
[epoch:15] loss 0.34099033288657665 acc 0.9951171875
[epoch:15] test loss 0.7136756905487606 test acc 0.5412946428571429
[epoch:16] loss 0.33929075486958027 acc 0.9951171875
[epoch:16] test loss 0.7182122766971588 test acc 0.5379464285714286
[epoch:17] loss 0.3344369139522314 acc 0.99609375
[epoch:17] test loss 0.7271178875650678 test acc 0.5189732142857143
[epoch:18] loss 0.33151002041995525 acc 0.9970703125
[epoch:18] test loss 0.7214106151035854 test acc 0.5502232142857143
[epoch:19] loss 0.3299517910927534 acc 0.9970703125
[epoch:19] test loss 0.7185539730957576 test acc 0.5412946428571429
[epoch:20] loss 0.3274175003170967 acc 0.9990234375
[epoch:20] test loss 0.7234605380467006 test acc 0.5591517857142857
[epoch:21] loss 0.3265655767172575 acc 0.9970703125
[epoch:21] test loss 0.7093864296163831 test acc 0.5513392857142857
[epoch:22] loss 0.3258159887045622 acc 0.998046875
[epoch:22] test loss 0.724201615367617 test acc 0.5535714285714286
[epoch:23] loss 0.3249001558870077 acc 0.998046875
[epoch:23] test loss 0.733901172876358 test acc 0.5357142857142857
[epoch:24] loss 0.3246944881975651 acc 0.9970703125
[epoch:24] test loss 0.7117845628942762 test acc 0.5491071428571429
[epoch:25] loss 0.3225179295986891 acc 0.9990234375
[epoch:25] test loss 0.7234859722001212 test acc 0.5502232142857143
[epoch:26] loss 0.3209342956542969 acc 0.9990234375
[epoch:26] test loss 0.7192947609083993 test acc 0.546875
[epoch:27] loss 0.3220804315060377 acc 0.9990234375
[epoch:27] test loss 0.7259180077484676 test acc 0.5479910714285714
[epoch:28] loss 0.32193821109831333 acc 0.998046875
[epoch:28] test loss 0.727685843195234 test acc 0.5479910714285714
[epoch:29] loss 0.3199658952653408 acc 0.998046875
[epoch:29] test loss 0.7259674285139356 test acc 0.5502232142857143
[epoch:30] loss 0.31963692232966423 acc 0.998046875
[epoch:30] test loss 0.7295866480895451 test acc 0.5446428571428571
[epoch:31] loss 0.3193568903952837 acc 0.9990234375
[epoch:31] test loss 0.7219550737312862 test acc 0.5524553571428571
[epoch:32] loss 0.3189565930515528 acc 0.9990234375
[epoch:32] test loss 0.7258684805461338 test acc 0.5535714285714286
[epoch:33] loss 0.31827725283801556 acc 0.9990234375
[epoch:33] test loss 0.7312381778444562 test acc 0.5491071428571429
[epoch:34] loss 0.3179957065731287 acc 1.0
[epoch:34] test loss 0.7498910043920789 test acc 0.5245535714285714
[epoch:35] loss 0.3188423905521631 acc 0.9990234375
[epoch:35] test loss 0.7163408866950444 test acc 0.5613839285714286
[epoch:36] loss 0.31799590587615967 acc 0.9990234375
[epoch:36] test loss 0.7319581253187997 test acc 0.5502232142857143
[epoch:37] loss 0.3176503535360098 acc 0.9990234375
[epoch:37] test loss 0.7401126538004194 test acc 0.5390625
[epoch:38] loss 0.31728552281856537 acc 0.9990234375
[epoch:38] test loss 0.7519152845655169 test acc 0.5078125
[epoch:39] loss 0.31724819354712963 acc 1.0
[epoch:39] test loss 0.7332029257501874 test acc 0.5569196428571429
