nohup: ignoring input
/home/xiao/miniconda3/envs/torch/lib/python3.10/site-packages/torchvision/io/image.py:13: UserWarning: Failed to load image Python extension: /home/xiao/miniconda3/envs/torch/lib/python3.10/site-packages/torchvision/image.so: undefined symbol: _ZN5torch3jit17parseSchemaOrNameERKNSt7__cxx1112basic_stringIcSt11char_traitsIcESaIcEEE
  warn(f"Failed to load image Python extension: {e}")
[epoch:0] loss 0.6614771075546741 acc 0.6845703125
[epoch:0] test loss 0.691950363772256 test acc 0.5290178571428571
[epoch:1] loss 0.6126287542283535 acc 0.7939453125
[epoch:1] test loss 0.685216316155025 test acc 0.5904017857142857
[epoch:2] loss 0.5760100074112415 acc 0.8369140625
[epoch:2] test loss 0.6748216365064893 test acc 0.6205357142857143
[epoch:3] loss 0.5437206476926804 acc 0.8818359375
[epoch:3] test loss 0.6710186302661896 test acc 0.6082589285714286
[epoch:4] loss 0.5119572523981333 acc 0.9091796875
[epoch:4] test loss 0.6638606701578412 test acc 0.6316964285714286
[epoch:5] loss 0.4793490767478943 acc 0.927734375
[epoch:5] test loss 0.6725929081439972 test acc 0.5915178571428571
[epoch:6] loss 0.45260495506227016 acc 0.9462890625
[epoch:6] test loss 0.6743440202304295 test acc 0.578125
[epoch:7] loss 0.4261215776205063 acc 0.9658203125
[epoch:7] test loss 0.6841929001467568 test acc 0.5591517857142857
[epoch:8] loss 0.4059223625808954 acc 0.9775390625
[epoch:8] test loss 0.6915999736104693 test acc 0.5491071428571429
[epoch:9] loss 0.3923356421291828 acc 0.978515625
[epoch:9] test loss 0.6918401377541679 test acc 0.5479910714285714
[epoch:10] loss 0.3756183944642544 acc 0.9892578125
[epoch:10] test loss 0.6975349485874176 test acc 0.5524553571428571
[epoch:11] loss 0.3677483592182398 acc 0.9921875
[epoch:11] test loss 0.7006305115563529 test acc 0.5736607142857143
[epoch:12] loss 0.3568235822021961 acc 0.99609375
[epoch:12] test loss 0.6998725576060159 test acc 0.5613839285714286
[epoch:13] loss 0.35237955674529076 acc 0.99609375
[epoch:13] test loss 0.7160080075263977 test acc 0.5535714285714286
[epoch:14] loss 0.3447269983589649 acc 0.9970703125
[epoch:14] test loss 0.7041248381137848 test acc 0.5569196428571429
[epoch:15] loss 0.34027595072984695 acc 0.998046875
[epoch:15] test loss 0.7156402000359127 test acc 0.5703125
[epoch:16] loss 0.3358716033399105 acc 0.9990234375
[epoch:16] test loss 0.7030107208660671 test acc 0.5658482142857143
[epoch:17] loss 0.33607164956629276 acc 0.998046875
[epoch:17] test loss 0.7276444988591331 test acc 0.5368303571428571
[epoch:18] loss 0.33258380740880966 acc 0.9990234375
[epoch:18] test loss 0.7125665290015084 test acc 0.5636160714285714
[epoch:19] loss 0.3292347714304924 acc 0.9990234375
[epoch:19] test loss 0.7154597640037537 test acc 0.5613839285714286
[epoch:20] loss 0.3285399302840233 acc 0.9990234375
[epoch:20] test loss 0.7201057246753148 test acc 0.5602678571428571
[epoch:21] loss 0.3262497093528509 acc 0.998046875
[epoch:21] test loss 0.7281950243881771 test acc 0.5379464285714286
[epoch:22] loss 0.32592534460127354 acc 0.9990234375
[epoch:22] test loss 0.7236557900905609 test acc 0.5491071428571429
[epoch:23] loss 0.32496446184813976 acc 0.998046875
[epoch:23] test loss 0.7282976593290057 test acc 0.5424107142857143
[epoch:24] loss 0.32397218979895115 acc 0.9990234375
[epoch:24] test loss 0.7418607643672398 test acc 0.5401785714285714
[epoch:25] loss 0.32324625365436077 acc 0.9990234375
[epoch:25] test loss 0.7169717592852456 test acc 0.5591517857142857
[epoch:26] loss 0.3222822342067957 acc 0.998046875
[epoch:26] test loss 0.7260385240827288 test acc 0.5569196428571429
[epoch:27] loss 0.32096068374812603 acc 0.9990234375
[epoch:27] test loss 0.7239471290792737 test acc 0.5591517857142857
[epoch:28] loss 0.32085297629237175 acc 0.9990234375
[epoch:28] test loss 0.7286098343985421 test acc 0.546875
[epoch:29] loss 0.3211092222481966 acc 0.9990234375
[epoch:29] test loss 0.7412580251693726 test acc 0.5368303571428571
[epoch:30] loss 0.32013658806681633 acc 0.9990234375
[epoch:30] test loss 0.732162207365036 test acc 0.5491071428571429
[epoch:31] loss 0.31941152550280094 acc 0.9990234375
[epoch:31] test loss 0.7282646000385284 test acc 0.5546875
[epoch:32] loss 0.3192443121224642 acc 0.9990234375
[epoch:32] test loss 0.7471058028084892 test acc 0.5345982142857143
[epoch:33] loss 0.3183179274201393 acc 0.9990234375
[epoch:33] test loss 0.741900371653693 test acc 0.5334821428571429
[epoch:34] loss 0.31892727315425873 acc 0.9990234375
[epoch:34] test loss 0.7538554583277021 test acc 0.5223214285714286
[epoch:35] loss 0.31857289746403694 acc 0.9990234375
[epoch:35] test loss 0.7381533426897866 test acc 0.5435267857142857
[epoch:36] loss 0.3179005179554224 acc 0.9990234375
[epoch:36] test loss 0.7386341989040375 test acc 0.546875
[epoch:37] loss 0.31786070950329304 acc 0.9990234375
[epoch:37] test loss 0.7453348296029227 test acc 0.5424107142857143
[epoch:38] loss 0.3177326079457998 acc 0.9990234375
[epoch:38] test loss 0.7401423241410937 test acc 0.5412946428571429
[epoch:39] loss 0.3166466634720564 acc 1.0
[epoch:39] test loss 0.7437005043029785 test acc 0.5379464285714286
