nohup: ignoring input
/home/xiao/miniconda3/envs/torch/lib/python3.10/site-packages/torchvision/io/image.py:13: UserWarning: Failed to load image Python extension: /home/xiao/miniconda3/envs/torch/lib/python3.10/site-packages/torchvision/image.so: undefined symbol: _ZN5torch3jit17parseSchemaOrNameERKNSt7__cxx1112basic_stringIcSt11char_traitsIcESaIcEEE
  warn(f"Failed to load image Python extension: {e}")
[epoch:0] loss 0.617925338447094 acc 0.7548828125
[epoch:0] test loss 0.6837516171591622 test acc 0.6383928571428571
[epoch:1] loss 0.5500131733715534 acc 0.880859375
[epoch:1] test loss 0.67632109778268 test acc 0.6026785714285714
[epoch:2] loss 0.5107731409370899 acc 0.91796875
[epoch:2] test loss 0.6763661886964526 test acc 0.5837053571428571
[epoch:3] loss 0.4792843721807003 acc 0.943359375
[epoch:3] test loss 0.6830778462546212 test acc 0.5636160714285714
[epoch:4] loss 0.44991710782051086 acc 0.96484375
[epoch:4] test loss 0.6871689260005951 test acc 0.5435267857142857
[epoch:5] loss 0.42452492751181126 acc 0.9755859375
[epoch:5] test loss 0.6937856589044843 test acc 0.515625
[epoch:6] loss 0.4025030545890331 acc 0.986328125
[epoch:6] test loss 0.6986234273229327 test acc 0.5167410714285714
[epoch:7] loss 0.38544394820928574 acc 0.9921875
[epoch:7] test loss 0.7123733290604183 test acc 0.5267857142857143
[epoch:8] loss 0.3709750846028328 acc 0.99609375
[epoch:8] test loss 0.7056336317743573 test acc 0.5133928571428571
[epoch:9] loss 0.35756973922252655 acc 0.998046875
[epoch:9] test loss 0.7223476937838963 test acc 0.515625
[epoch:10] loss 0.35046903043985367 acc 0.9970703125
[epoch:10] test loss 0.725346680198397 test acc 0.5167410714285714
[epoch:11] loss 0.3425830267369747 acc 0.998046875
[epoch:11] test loss 0.7374601875032697 test acc 0.5122767857142857
[epoch:12] loss 0.3375487681478262 acc 0.998046875
[epoch:12] test loss 0.735102755682809 test acc 0.5223214285714286
[epoch:13] loss 0.3333181757479906 acc 0.998046875
[epoch:13] test loss 0.7374914969716754 test acc 0.5011160714285714
[epoch:14] loss 0.3309914581477642 acc 0.998046875
[epoch:14] test loss 0.7496724000998906 test acc 0.5145089285714286
[epoch:15] loss 0.32830179668962955 acc 0.998046875
[epoch:15] test loss 0.7496810640607562 test acc 0.5033482142857143
[epoch:16] loss 0.32612269558012486 acc 0.998046875
[epoch:16] test loss 0.7584145281996045 test acc 0.5044642857142857
[epoch:17] loss 0.325715359300375 acc 0.998046875
[epoch:17] test loss 0.7453120819159916 test acc 0.49888392857142855
[epoch:18] loss 0.32303999550640583 acc 0.998046875
[epoch:18] test loss 0.7559286526271275 test acc 0.5066964285714286
[epoch:19] loss 0.32281388342380524 acc 0.998046875
[epoch:19] test loss 0.7522128820419312 test acc 0.5078125
[epoch:20] loss 0.32179224863648415 acc 0.998046875
[epoch:20] test loss 0.7608309260436467 test acc 0.5078125
[epoch:21] loss 0.32072904519736767 acc 0.998046875
[epoch:21] test loss 0.7638956734112331 test acc 0.5
[epoch:22] loss 0.3204964827746153 acc 0.998046875
[epoch:22] test loss 0.7519190268857139 test acc 0.5
[epoch:23] loss 0.32045644894242287 acc 0.998046875
[epoch:23] test loss 0.7627178771155221 test acc 0.5022321428571429
[epoch:24] loss 0.3193421009927988 acc 0.998046875
[epoch:24] test loss 0.7561829558440617 test acc 0.5078125
[epoch:25] loss 0.31909492425620556 acc 0.998046875
[epoch:25] test loss 0.7536741537707192 test acc 0.5100446428571429
[epoch:26] loss 0.3185896761715412 acc 0.998046875
[epoch:26] test loss 0.7560072881834847 test acc 0.4966517857142857
[epoch:27] loss 0.31821667589247227 acc 0.998046875
[epoch:27] test loss 0.7480640964848655 test acc 0.5022321428571429
[epoch:28] loss 0.3183397389948368 acc 0.998046875
[epoch:28] test loss 0.7609975423131671 test acc 0.5078125
[epoch:29] loss 0.31776091642677784 acc 0.998046875
[epoch:29] test loss 0.7422800021512168 test acc 0.5178571428571429
[epoch:30] loss 0.31779969856143 acc 0.998046875
[epoch:30] test loss 0.7669751857008252 test acc 0.5100446428571429
[epoch:31] loss 0.31753760762512684 acc 0.998046875
[epoch:31] test loss 0.7434975164277213 test acc 0.5178571428571429
[epoch:32] loss 0.3173727709800005 acc 0.998046875
[epoch:32] test loss 0.7411548665591648 test acc 0.5189732142857143
[epoch:33] loss 0.31780230440199375 acc 0.998046875
[epoch:33] test loss 0.7411289598260608 test acc 0.5290178571428571
[epoch:34] loss 0.31785475462675095 acc 0.998046875
[epoch:34] test loss 0.7249923987048013 test acc 0.5412946428571429
[epoch:35] loss 0.3184336703270674 acc 0.998046875
[epoch:35] test loss 0.7452670506068638 test acc 0.5189732142857143
[epoch:36] loss 0.31767912581562996 acc 0.998046875
[epoch:36] test loss 0.725457136120115 test acc 0.5379464285714286
[epoch:37] loss 0.3170737102627754 acc 0.9990234375
[epoch:37] test loss 0.7153471325125013 test acc 0.5412946428571429
[epoch:38] loss 0.31692045368254185 acc 0.9990234375
[epoch:38] test loss 0.7251061839716775 test acc 0.5446428571428571
[epoch:39] loss 0.3160407654941082 acc 0.9990234375
[epoch:39] test loss 0.7512275363717761 test acc 0.5212053571428571
