nohup: ignoring input
/home/xiao/miniconda3/envs/torch/lib/python3.10/site-packages/torchvision/io/image.py:13: UserWarning: Failed to load image Python extension: /home/xiao/miniconda3/envs/torch/lib/python3.10/site-packages/torchvision/image.so: undefined symbol: _ZN5torch3jit17parseSchemaOrNameERKNSt7__cxx1112basic_stringIcSt11char_traitsIcESaIcEEE
  warn(f"Failed to load image Python extension: {e}")
[epoch:0] loss 0.6131409853696823 acc 0.7783203125
[epoch:0] test loss 0.6873933119433266 test acc 0.6316964285714286
[epoch:1] loss 0.5405291989445686 acc 0.8857421875
[epoch:1] test loss 0.6791601351329258 test acc 0.6540178571428571
[epoch:2] loss 0.4960639141499996 acc 0.9365234375
[epoch:2] test loss 0.6712740915162223 test acc 0.6473214285714286
[epoch:3] loss 0.45771550573408604 acc 0.966796875
[epoch:3] test loss 0.6679298111370632 test acc 0.6361607142857143
[epoch:4] loss 0.428476357832551 acc 0.9794921875
[epoch:4] test loss 0.6996658997876304 test acc 0.5479910714285714
[epoch:5] loss 0.4025722313672304 acc 0.9892578125
[epoch:5] test loss 0.6676909923553467 test acc 0.5803571428571429
[epoch:6] loss 0.37972099147737026 acc 0.9951171875
[epoch:6] test loss 0.6680480114051274 test acc 0.59375
[epoch:7] loss 0.36479674838483334 acc 0.9951171875
[epoch:7] test loss 0.6817811514650073 test acc 0.5580357142857143
[epoch:8] loss 0.35352292843163013 acc 0.99609375
[epoch:8] test loss 0.6706004313060215 test acc 0.5859375
[epoch:9] loss 0.3429602365940809 acc 0.9970703125
[epoch:9] test loss 0.6682173013687134 test acc 0.5982142857142857
[epoch:10] loss 0.3365877252072096 acc 0.998046875
[epoch:10] test loss 0.6745293481009347 test acc 0.5870535714285714
[epoch:11] loss 0.33136499114334583 acc 0.998046875
[epoch:11] test loss 0.6782515559877668 test acc 0.5859375
[epoch:12] loss 0.3279078472405672 acc 0.9990234375
[epoch:12] test loss 0.6893838771751949 test acc 0.5680803571428571
[epoch:13] loss 0.32445891201496124 acc 0.9990234375
[epoch:13] test loss 0.6999328689915794 test acc 0.5680803571428571
[epoch:14] loss 0.3239030633121729 acc 0.9990234375
[epoch:14] test loss 0.6961055823734829 test acc 0.5691964285714286
[epoch:15] loss 0.3212560936808586 acc 0.9990234375
[epoch:15] test loss 0.6743972046034676 test acc 0.5993303571428571
[epoch:16] loss 0.320241566747427 acc 0.9990234375
[epoch:16] test loss 0.6884684860706329 test acc 0.5881696428571429
[epoch:17] loss 0.31952398270368576 acc 0.9990234375
[epoch:17] test loss 0.6878831769738879 test acc 0.5881696428571429
[epoch:18] loss 0.31881996989250183 acc 0.9990234375
[epoch:18] test loss 0.6894014264856066 test acc 0.59375
[epoch:19] loss 0.31830803863704205 acc 0.9990234375
[epoch:19] test loss 0.6936756117003304 test acc 0.5859375
[epoch:20] loss 0.3176722787320614 acc 0.9990234375
[epoch:20] test loss 0.685876842056002 test acc 0.5970982142857143
[epoch:21] loss 0.3174683079123497 acc 0.9990234375
[epoch:21] test loss 0.6969878886427198 test acc 0.5870535714285714
[epoch:22] loss 0.31680192053318024 acc 0.9990234375
[epoch:22] test loss 0.6935354088033948 test acc 0.5959821428571429
[epoch:23] loss 0.3171091787517071 acc 0.9990234375
[epoch:23] test loss 0.7118826125349317 test acc 0.5736607142857143
[epoch:24] loss 0.3162906914949417 acc 1.0
[epoch:24] test loss 0.6889787571770805 test acc 0.5881696428571429
[epoch:25] loss 0.3168011028319597 acc 0.9990234375
[epoch:25] test loss 0.6719510044370379 test acc 0.5881696428571429
[epoch:26] loss 0.3172702919691801 acc 0.9990234375
[epoch:26] test loss 0.7264734208583832 test acc 0.5714285714285714
[epoch:27] loss 0.31620219349861145 acc 1.0
[epoch:27] test loss 0.6759372438703265 test acc 0.6015625
[epoch:28] loss 0.3154177889227867 acc 1.0
[epoch:28] test loss 0.6966166836874825 test acc 0.578125
[epoch:29] loss 0.3148406445980072 acc 1.0
[epoch:29] test loss 0.6905626356601715 test acc 0.5870535714285714
[epoch:30] loss 0.31500881165266037 acc 1.0
[epoch:30] test loss 0.724286036831992 test acc 0.5580357142857143
[epoch:31] loss 0.3146696612238884 acc 1.0
[epoch:31] test loss 0.6868348462241036 test acc 0.5892857142857143
[epoch:32] loss 0.31460465118288994 acc 1.0
[epoch:32] test loss 0.703171010528292 test acc 0.578125
[epoch:33] loss 0.3142576739192009 acc 1.0
[epoch:33] test loss 0.69936375107084 test acc 0.5814732142857143
[epoch:34] loss 0.31473089568316936 acc 1.0
[epoch:34] test loss 0.703123961176191 test acc 0.578125
[epoch:35] loss 0.31433332711458206 acc 1.0
[epoch:35] test loss 0.6986709833145142 test acc 0.5848214285714286
[epoch:36] loss 0.31422034837305546 acc 1.0
[epoch:36] test loss 0.7110172424997602 test acc 0.5647321428571429
[epoch:37] loss 0.31418118439614773 acc 1.0
[epoch:37] test loss 0.6996691354683467 test acc 0.5881696428571429
[epoch:38] loss 0.31413655541837215 acc 1.0
[epoch:38] test loss 0.7122314274311066 test acc 0.5680803571428571
[epoch:39] loss 0.3140651397407055 acc 1.0
[epoch:39] test loss 0.6969108624117715 test acc 0.5915178571428571
