nohup: ignoring input
/home/xiao/miniconda3/envs/torch/lib/python3.10/site-packages/torchvision/io/image.py:13: UserWarning: Failed to load image Python extension: /home/xiao/miniconda3/envs/torch/lib/python3.10/site-packages/torchvision/image.so: undefined symbol: _ZN5torch3jit17parseSchemaOrNameERKNSt7__cxx1112basic_stringIcSt11char_traitsIcESaIcEEE
  warn(f"Failed to load image Python extension: {e}")
[epoch:0] loss 0.6025379374623299 acc 0.7607421875
[epoch:0] test loss 0.6872587118829999 test acc 0.609375
[epoch:1] loss 0.5190887805074453 acc 0.8974609375
[epoch:1] test loss 0.6836268050330025 test acc 0.5982142857142857
[epoch:2] loss 0.48503161408007145 acc 0.9453125
[epoch:2] test loss 0.6829865489687238 test acc 0.5569196428571429
[epoch:3] loss 0.46192583441734314 acc 0.974609375
[epoch:3] test loss 0.6816200997148242 test acc 0.5424107142857143
[epoch:4] loss 0.44157351180911064 acc 0.990234375
[epoch:4] test loss 0.6830769223826272 test acc 0.5546875
[epoch:5] loss 0.4288363344967365 acc 0.9931640625
[epoch:5] test loss 0.6859445997646877 test acc 0.5569196428571429
[epoch:6] loss 0.416841933503747 acc 0.994140625
[epoch:6] test loss 0.6835424474307469 test acc 0.5535714285714286
[epoch:7] loss 0.405999718233943 acc 0.9970703125
[epoch:7] test loss 0.6823324007647378 test acc 0.5524553571428571
[epoch:8] loss 0.3978667985647917 acc 0.9970703125
[epoch:8] test loss 0.6836078252111163 test acc 0.5591517857142857
[epoch:9] loss 0.3934910371899605 acc 0.9970703125
[epoch:9] test loss 0.6868796007973808 test acc 0.5558035714285714
[epoch:10] loss 0.38667311519384384 acc 0.998046875
[epoch:10] test loss 0.6850235462188721 test acc 0.5580357142857143
[epoch:11] loss 0.38324580900371075 acc 0.998046875
[epoch:11] test loss 0.6850222476891109 test acc 0.5725446428571429
[epoch:12] loss 0.3779006265103817 acc 0.998046875
[epoch:12] test loss 0.6786546068532127 test acc 0.5870535714285714
[epoch:13] loss 0.3739915005862713 acc 0.998046875
[epoch:13] test loss 0.6784308552742004 test acc 0.5825892857142857
[epoch:14] loss 0.37134407460689545 acc 0.998046875
[epoch:14] test loss 0.6743841682161603 test acc 0.5926339285714286
[epoch:15] loss 0.366503719240427 acc 0.998046875
[epoch:15] test loss 0.6873440189020974 test acc 0.578125
[epoch:16] loss 0.36323680728673935 acc 0.9990234375
[epoch:16] test loss 0.6835656038352421 test acc 0.5848214285714286
[epoch:17] loss 0.36131706833839417 acc 1.0
[epoch:17] test loss 0.6828203797340393 test acc 0.5814732142857143
[epoch:18] loss 0.35725976899266243 acc 1.0
[epoch:18] test loss 0.6824084307466235 test acc 0.5959821428571429
[epoch:19] loss 0.355519188567996 acc 1.0
[epoch:19] test loss 0.6670895942619869 test acc 0.6171875
[epoch:20] loss 0.35475355945527554 acc 1.0
[epoch:20] test loss 0.676277186189379 test acc 0.6082589285714286
[epoch:21] loss 0.3509014304727316 acc 1.0
[epoch:21] test loss 0.6743836317743573 test acc 0.6082589285714286
[epoch:22] loss 0.3493022061884403 acc 1.0
[epoch:22] test loss 0.6860332105840955 test acc 0.5825892857142857
[epoch:23] loss 0.34894396364688873 acc 1.0
[epoch:23] test loss 0.6779467420918601 test acc 0.6082589285714286
[epoch:24] loss 0.3473388683050871 acc 1.0
[epoch:24] test loss 0.6828968269484383 test acc 0.5904017857142857
[epoch:25] loss 0.34541160240769386 acc 1.0
[epoch:25] test loss 0.6805324554443359 test acc 0.5982142857142857
[epoch:26] loss 0.3440060820430517 acc 1.0
[epoch:26] test loss 0.6805365213326046 test acc 0.5970982142857143
[epoch:27] loss 0.34422926791012287 acc 1.0
[epoch:27] test loss 0.6846143645899636 test acc 0.5892857142857143
[epoch:28] loss 0.3423720672726631 acc 1.0
[epoch:28] test loss 0.6865000171320779 test acc 0.5915178571428571
[epoch:29] loss 0.3401614110916853 acc 1.0
[epoch:29] test loss 0.6833996900490352 test acc 0.6015625
[epoch:30] loss 0.3398891780525446 acc 1.0
[epoch:30] test loss 0.6815470201628548 test acc 0.6015625
[epoch:31] loss 0.33796774223446846 acc 1.0
[epoch:31] test loss 0.6895154672009605 test acc 0.5892857142857143
[epoch:32] loss 0.3381814956665039 acc 1.0
[epoch:32] test loss 0.6888604802744729 test acc 0.59375
[epoch:33] loss 0.3365542106330395 acc 1.0
[epoch:33] test loss 0.6829289240496499 test acc 0.5993303571428571
[epoch:34] loss 0.3355554025620222 acc 1.0
[epoch:34] test loss 0.6785695808274406 test acc 0.6060267857142857
[epoch:35] loss 0.3355190046131611 acc 1.0
[epoch:35] test loss 0.6790414239679065 test acc 0.6026785714285714
[epoch:36] loss 0.33482822589576244 acc 1.0
[epoch:36] test loss 0.6836404076644352 test acc 0.6004464285714286
[epoch:37] loss 0.333538306877017 acc 1.0
[epoch:37] test loss 0.6885961677346911 test acc 0.5926339285714286
[epoch:38] loss 0.3323829658329487 acc 1.0
[epoch:38] test loss 0.6828011785234723 test acc 0.5993303571428571
[epoch:39] loss 0.3313722684979439 acc 1.0
[epoch:39] test loss 0.6819118431636265 test acc 0.5993303571428571
