nohup: ignoring input
/home/xiao/miniconda3/envs/torch/lib/python3.10/site-packages/torchvision/io/image.py:13: UserWarning: Failed to load image Python extension: /home/xiao/miniconda3/envs/torch/lib/python3.10/site-packages/torchvision/image.so: undefined symbol: _ZN5torch3jit17parseSchemaOrNameERKNSt7__cxx1112basic_stringIcSt11char_traitsIcESaIcEEE
  warn(f"Failed to load image Python extension: {e}")
[epoch:0] loss 0.6684287190437317 acc 0.619140625
[epoch:0] test loss 0.6870769432612828 test acc 0.6283482142857143
[epoch:1] loss 0.629694078117609 acc 0.7255859375
[epoch:1] test loss 0.6831127575465611 test acc 0.6194196428571429
[epoch:2] loss 0.5991291888058186 acc 0.765625
[epoch:2] test loss 0.6784325199467796 test acc 0.609375
[epoch:3] loss 0.570263609290123 acc 0.826171875
[epoch:3] test loss 0.683277462209974 test acc 0.6037946428571429
[epoch:4] loss 0.5446596182882786 acc 0.888671875
[epoch:4] test loss 0.6731467459883008 test acc 0.6183035714285714
[epoch:5] loss 0.5231849923729897 acc 0.916015625
[epoch:5] test loss 0.6772667680467878 test acc 0.5680803571428571
[epoch:6] loss 0.5074973646551371 acc 0.9306640625
[epoch:6] test loss 0.6602787034852164 test acc 0.5982142857142857
[epoch:7] loss 0.48970753885805607 acc 0.9501953125
[epoch:7] test loss 0.6634832492896489 test acc 0.5982142857142857
[epoch:8] loss 0.478975635021925 acc 0.9521484375
[epoch:8] test loss 0.6620142161846161 test acc 0.6015625
[epoch:9] loss 0.46364509873092175 acc 0.9638671875
[epoch:9] test loss 0.6643478614943368 test acc 0.5948660714285714
[epoch:10] loss 0.4514637216925621 acc 0.9775390625
[epoch:10] test loss 0.6712194425719125 test acc 0.5837053571428571
[epoch:11] loss 0.44496955908834934 acc 0.9736328125
[epoch:11] test loss 0.6748177579471043 test acc 0.5736607142857143
[epoch:12] loss 0.4344464223831892 acc 0.982421875
[epoch:12] test loss 0.6635142649923053 test acc 0.6037946428571429
[epoch:13] loss 0.42918113246560097 acc 0.984375
[epoch:13] test loss 0.6697712881224496 test acc 0.6004464285714286
[epoch:14] loss 0.4194456096738577 acc 0.986328125
[epoch:14] test loss 0.6639504219804492 test acc 0.6015625
[epoch:15] loss 0.4157721661031246 acc 0.982421875
[epoch:15] test loss 0.6771542983395713 test acc 0.5647321428571429
[epoch:16] loss 0.40803600288927555 acc 0.9873046875
[epoch:16] test loss 0.6758858050618853 test acc 0.5814732142857143
[epoch:17] loss 0.4026456084102392 acc 0.994140625
[epoch:17] test loss 0.6737432607582637 test acc 0.5647321428571429
[epoch:18] loss 0.39858662337064743 acc 0.9921875
[epoch:18] test loss 0.6796803559575763 test acc 0.5546875
[epoch:19] loss 0.3939230255782604 acc 0.994140625
[epoch:19] test loss 0.680028532232557 test acc 0.5580357142857143
[epoch:20] loss 0.39080158807337284 acc 0.9921875
[epoch:20] test loss 0.6692923307418823 test acc 0.5792410714285714
[epoch:21] loss 0.38444010727107525 acc 0.994140625
[epoch:21] test loss 0.6817261363778796 test acc 0.5825892857142857
[epoch:22] loss 0.38089582696557045 acc 0.99609375
[epoch:22] test loss 0.6725473701953888 test acc 0.5915178571428571
[epoch:23] loss 0.3745703250169754 acc 0.99609375
[epoch:23] test loss 0.6831623613834381 test acc 0.5613839285714286
[epoch:24] loss 0.3737341668456793 acc 0.9970703125
[epoch:24] test loss 0.6714627189295632 test acc 0.5837053571428571
[epoch:25] loss 0.37341829761862755 acc 0.994140625
[epoch:25] test loss 0.6780525658811841 test acc 0.5825892857142857
[epoch:26] loss 0.3672583717852831 acc 0.99609375
[epoch:26] test loss 0.6791434075151171 test acc 0.5825892857142857
[epoch:27] loss 0.36543085239827633 acc 0.998046875
[epoch:27] test loss 0.6696495796952929 test acc 0.5959821428571429
[epoch:28] loss 0.3641924913972616 acc 0.9970703125
[epoch:28] test loss 0.6707690102713448 test acc 0.6004464285714286
[epoch:29] loss 0.3625556267797947 acc 0.998046875
[epoch:29] test loss 0.6774083631379264 test acc 0.5770089285714286
[epoch:30] loss 0.3584188688546419 acc 0.998046875
[epoch:30] test loss 0.6871223194258553 test acc 0.5680803571428571
[epoch:31] loss 0.3557672258466482 acc 0.998046875
[epoch:31] test loss 0.6926592205251966 test acc 0.5613839285714286
[epoch:32] loss 0.3573983237147331 acc 0.9970703125
[epoch:32] test loss 0.6915157267025539 test acc 0.5580357142857143
[epoch:33] loss 0.35355669260025024 acc 0.998046875
[epoch:33] test loss 0.6915987815175738 test acc 0.5591517857142857
[epoch:34] loss 0.3536440972238779 acc 0.9970703125
[epoch:34] test loss 0.6813651961939675 test acc 0.578125
[epoch:35] loss 0.3514372054487467 acc 0.998046875
[epoch:35] test loss 0.6984235984938485 test acc 0.5457589285714286
[epoch:36] loss 0.3482634872198105 acc 0.998046875
[epoch:36] test loss 0.6874552028519767 test acc 0.5837053571428571
[epoch:37] loss 0.345947140827775 acc 0.998046875
[epoch:37] test loss 0.7023991942405701 test acc 0.5513392857142857
[epoch:38] loss 0.3466608505696058 acc 0.998046875
[epoch:38] test loss 0.6968687091554914 test acc 0.5457589285714286
[epoch:39] loss 0.34543336369097233 acc 0.99609375
[epoch:39] test loss 0.7116034584386008 test acc 0.5334821428571429
