nohup: ignoring input
/home/xiao/miniconda3/envs/torch/lib/python3.10/site-packages/torchvision/io/image.py:13: UserWarning: Failed to load image Python extension: /home/xiao/miniconda3/envs/torch/lib/python3.10/site-packages/torchvision/image.so: undefined symbol: _ZN5torch3jit17parseSchemaOrNameERKNSt7__cxx1112basic_stringIcSt11char_traitsIcESaIcEEE
  warn(f"Failed to load image Python extension: {e}")
Traceback (most recent call last):
  File "/home/xiao/code/CS5242/CS5242/main.py", line 144, in <module>
    net=train(net,trainloader,testloader)
  File "/home/xiao/code/CS5242/CS5242/main.py", line 94, in train
    y=net(img)
  File "/home/xiao/miniconda3/envs/torch/lib/python3.10/site-packages/torch/nn/modules/module.py", line 1501, in _call_impl
    return forward_call(*args, **kwargs)
  File "/home/xiao/code/CS5242/CS5242/lenet.py", line 89, in forward
    out=self.norm4(out)
  File "/home/xiao/miniconda3/envs/torch/lib/python3.10/site-packages/torch/nn/modules/module.py", line 1501, in _call_impl
    return forward_call(*args, **kwargs)
  File "/home/xiao/miniconda3/envs/torch/lib/python3.10/site-packages/torch/nn/modules/batchnorm.py", line 171, in forward
    return F.batch_norm(
  File "/home/xiao/miniconda3/envs/torch/lib/python3.10/site-packages/torch/nn/functional.py", line 2448, in batch_norm
    _verify_batch_size(input.size())
  File "/home/xiao/miniconda3/envs/torch/lib/python3.10/site-packages/torch/nn/functional.py", line 2416, in _verify_batch_size
    raise ValueError("Expected more than 1 value per channel when training, got input size {}".format(size))
ValueError: Expected more than 1 value per channel when training, got input size torch.Size([1, 84])
