nohup: ignoring input
/home/xiao/miniconda3/envs/torch/lib/python3.10/site-packages/torchvision/io/image.py:13: UserWarning: Failed to load image Python extension: /home/xiao/miniconda3/envs/torch/lib/python3.10/site-packages/torchvision/image.so: undefined symbol: _ZN5torch3jit17parseSchemaOrNameERKNSt7__cxx1112basic_stringIcSt11char_traitsIcESaIcEEE
  warn(f"Failed to load image Python extension: {e}")
[epoch:0] loss 0.6693618558347225 acc 0.625
[epoch:0] test loss 0.687713086605072 test acc 0.5848214285714286
[epoch:1] loss 0.6313496716320515 acc 0.6845703125
[epoch:1] test loss 0.6684986267771039 test acc 0.6506696428571429
[epoch:2] loss 0.5963179171085358 acc 0.76953125
[epoch:2] test loss 0.6703279359000069 test acc 0.6618303571428571
[epoch:3] loss 0.5710260979831219 acc 0.8212890625
[epoch:3] test loss 0.6677605637482235 test acc 0.5993303571428571
[epoch:4] loss 0.5471082255244255 acc 0.87890625
[epoch:4] test loss 0.6693913468292781 test acc 0.5680803571428571
[epoch:5] loss 0.5266062803566456 acc 0.90625
[epoch:5] test loss 0.6730462695871081 test acc 0.5636160714285714
[epoch:6] loss 0.5083067771047354 acc 0.9306640625
[epoch:6] test loss 0.667497055871146 test acc 0.5814732142857143
[epoch:7] loss 0.4912204798310995 acc 0.9375
[epoch:7] test loss 0.6708732289927346 test acc 0.5837053571428571
[epoch:8] loss 0.4806648287922144 acc 0.943359375
[epoch:8] test loss 0.6783539695399148 test acc 0.5647321428571429
[epoch:9] loss 0.46868900768458843 acc 0.9560546875
[epoch:9] test loss 0.6781157425471714 test acc 0.5915178571428571
[epoch:10] loss 0.4549433942884207 acc 0.9677734375
[epoch:10] test loss 0.6762744912079403 test acc 0.5803571428571429
[epoch:11] loss 0.4498005844652653 acc 0.9716796875
[epoch:11] test loss 0.6742775397641319 test acc 0.59375
[epoch:12] loss 0.43853550031781197 acc 0.98046875
[epoch:12] test loss 0.6670075910431998 test acc 0.6149553571428571
[epoch:13] loss 0.43082134798169136 acc 0.984375
[epoch:13] test loss 0.6684945906911578 test acc 0.6127232142857143
[epoch:14] loss 0.422094764187932 acc 0.9814453125
[epoch:14] test loss 0.6780706346035004 test acc 0.5948660714285714
[epoch:15] loss 0.4148080088198185 acc 0.990234375
[epoch:15] test loss 0.6610394843987056 test acc 0.6361607142857143
[epoch:16] loss 0.4082178231328726 acc 0.994140625
[epoch:16] test loss 0.6732254709516253 test acc 0.5948660714285714
[epoch:17] loss 0.4041006304323673 acc 0.9912109375
[epoch:17] test loss 0.6654903548104423 test acc 0.6205357142857143
[epoch:18] loss 0.3975694999098778 acc 0.9970703125
[epoch:18] test loss 0.6645652907235282 test acc 0.6171875
[epoch:19] loss 0.394580639898777 acc 0.994140625
[epoch:19] test loss 0.6645479713167463 test acc 0.6149553571428571
[epoch:20] loss 0.390389958396554 acc 0.98828125
[epoch:20] test loss 0.6566285533564431 test acc 0.6272321428571429
[epoch:21] loss 0.3816613517701626 acc 0.99609375
[epoch:21] test loss 0.6724422488893781 test acc 0.5926339285714286
[epoch:22] loss 0.38073629699647427 acc 0.9970703125
[epoch:22] test loss 0.6517847520964486 test acc 0.6484375
[epoch:23] loss 0.3755823392421007 acc 0.99609375
[epoch:23] test loss 0.6735067878450666 test acc 0.5993303571428571
[epoch:24] loss 0.37348877638578415 acc 0.998046875
[epoch:24] test loss 0.6559328862598964 test acc 0.6450892857142857
[epoch:25] loss 0.37157453782856464 acc 0.9970703125
[epoch:25] test loss 0.6801992441926684 test acc 0.5602678571428571
[epoch:26] loss 0.3660928513854742 acc 0.9970703125
[epoch:26] test loss 0.6630118829863412 test acc 0.6205357142857143
[epoch:27] loss 0.36740801855921745 acc 0.9970703125
[epoch:27] test loss 0.6663137589182172 test acc 0.6149553571428571
[epoch:28] loss 0.3611167799681425 acc 0.998046875
[epoch:28] test loss 0.6689228287764958 test acc 0.5926339285714286
[epoch:29] loss 0.36054737865924835 acc 0.9990234375
[epoch:29] test loss 0.65272798708507 test acc 0.6350446428571429
[epoch:30] loss 0.35765102319419384 acc 0.9970703125
[epoch:30] test loss 0.6617026329040527 test acc 0.6194196428571429
[epoch:31] loss 0.35642657801508904 acc 0.9970703125
[epoch:31] test loss 0.664590414081301 test acc 0.6160714285714286
[epoch:32] loss 0.35320109128952026 acc 0.998046875
[epoch:32] test loss 0.6787386408873967 test acc 0.5658482142857143
[epoch:33] loss 0.35107405483722687 acc 1.0
[epoch:33] test loss 0.6699799299240112 test acc 0.5993303571428571
[epoch:34] loss 0.3510599434375763 acc 0.9990234375
[epoch:34] test loss 0.6634542942047119 test acc 0.6272321428571429
[epoch:35] loss 0.34801861830055714 acc 0.998046875
[epoch:35] test loss 0.6681794013295855 test acc 0.6026785714285714
[epoch:36] loss 0.347480945289135 acc 0.998046875
[epoch:36] test loss 0.6769083227430072 test acc 0.5770089285714286
[epoch:37] loss 0.34464383497834206 acc 1.0
[epoch:37] test loss 0.6561687886714935 test acc 0.6328125
[epoch:38] loss 0.34599241241812706 acc 0.998046875
[epoch:38] test loss 0.671562488589968 test acc 0.6004464285714286
[epoch:39] loss 0.34300066344439983 acc 1.0
[epoch:39] test loss 0.6618298462459019 test acc 0.6305803571428571
