nohup: ignoring input
/home/xiao/miniconda3/envs/torch/lib/python3.10/site-packages/torchvision/io/image.py:13: UserWarning: Failed to load image Python extension: /home/xiao/miniconda3/envs/torch/lib/python3.10/site-packages/torchvision/image.so: undefined symbol: _ZN5torch3jit17parseSchemaOrNameERKNSt7__cxx1112basic_stringIcSt11char_traitsIcESaIcEEE
  warn(f"Failed to load image Python extension: {e}")
/home/xiao/code/CS5242/CS5242/main.py:97: UserWarning: To copy construct from a tensor, it is recommended to use sourceTensor.clone().detach() or sourceTensor.clone().detach().requires_grad_(True), rather than torch.tensor(sourceTensor).
  one_gt=torch.tensor(one_gt,dtype=torch.float32)
[epoch:0] loss 0.4868784546852112 acc 0.7560763888888888
[epoch:0] test loss 0.6876968145370483 test acc 0.6238839285714286
[epoch:1] loss 0.27373403973049587 acc 0.9401041666666666
[epoch:1] test loss 0.668794436114175 test acc 0.6372767857142857
[epoch:2] loss 0.2054090847571691 acc 0.9765625
[epoch:2] test loss 0.6827126826558795 test acc 0.5770089285714286
[epoch:3] loss 0.16429896652698517 acc 0.9904513888888888
[epoch:3] test loss 0.7382492337908063 test acc 0.5446428571428571
[epoch:4] loss 0.13505436976750693 acc 0.9956597222222222
[epoch:4] test loss 0.7375508376530239 test acc 0.5379464285714286
[epoch:5] loss 0.11336666428380543 acc 0.9982638888888888
[epoch:5] test loss 0.7575505290712629 test acc 0.5457589285714286
[epoch:6] loss 0.10056271486812168 acc 0.9982638888888888
[epoch:6] test loss 0.8018992798668998 test acc 0.5479910714285714
[epoch:7] loss 0.08843405130836698 acc 0.9982638888888888
[epoch:7] test loss 0.8424382550375802 test acc 0.5513392857142857
[epoch:8] loss 0.0788117109073533 acc 0.9982638888888888
[epoch:8] test loss 0.8409543974058968 test acc 0.5491071428571429
[epoch:9] loss 0.07239291154676014 acc 0.9982638888888888
[epoch:9] test loss 0.8556838972227914 test acc 0.5446428571428571
[epoch:10] loss 0.06561666313144895 acc 0.9982638888888888
[epoch:10] test loss 0.8686514922550747 test acc 0.5569196428571429
[epoch:11] loss 0.060563491036494575 acc 0.9982638888888888
[epoch:11] test loss 0.868926329272134 test acc 0.5569196428571429
[epoch:12] loss 0.05656687832540936 acc 0.9991319444444444
[epoch:12] test loss 0.8724108168057033 test acc 0.5535714285714286
[epoch:13] loss 0.05062739095754094 acc 0.9991319444444444
[epoch:13] test loss 0.8890649931771415 test acc 0.5479910714285714
[epoch:14] loss 0.04953560729821523 acc 0.9991319444444444
[epoch:14] test loss 0.9079553144318717 test acc 0.5457589285714286
[epoch:15] loss 0.045173614803287715 acc 1.0
[epoch:15] test loss 0.9220439621380397 test acc 0.5435267857142857
[epoch:16] loss 0.044515917698542275 acc 1.0
[epoch:16] test loss 0.8944792492049081 test acc 0.5591517857142857
[epoch:17] loss 0.0396751860777537 acc 1.0
[epoch:17] test loss 0.9498825328690665 test acc 0.5357142857142857
[epoch:18] loss 0.03661554058392843 acc 1.0
[epoch:18] test loss 0.9331753509385246 test acc 0.5446428571428571
[epoch:19] loss 0.03558936839302381 acc 1.0
[epoch:19] test loss 0.9660807081631252 test acc 0.5368303571428571
[epoch:20] loss 0.03349797469046381 acc 1.0
[epoch:20] test loss 0.9554650017193386 test acc 0.5357142857142857
[epoch:21] loss 0.032094267714354724 acc 1.0
[epoch:21] test loss 0.9846706390380859 test acc 0.5290178571428571
[epoch:22] loss 0.029909604746434424 acc 1.0
[epoch:22] test loss 0.9895949534007481 test acc 0.5323660714285714
[epoch:23] loss 0.027780453571014933 acc 1.0
[epoch:23] test loss 0.9933283158711025 test acc 0.5345982142857143
[epoch:24] loss 0.028269599088364177 acc 1.0
[epoch:24] test loss 0.9807383503232684 test acc 0.5345982142857143
[epoch:25] loss 0.025845546689298417 acc 1.0
[epoch:25] test loss 1.0109238028526306 test acc 0.5345982142857143
[epoch:26] loss 0.02553276200261381 acc 1.0
[epoch:26] test loss 1.004708434854235 test acc 0.5279017857142857
[epoch:27] loss 0.023820286202761862 acc 1.0
[epoch:27] test loss 1.0243475862911768 test acc 0.5279017857142857
[epoch:28] loss 0.02380933716065354 acc 1.0
[epoch:28] test loss 1.014164354119982 test acc 0.5345982142857143
[epoch:29] loss 0.02258082272277938 acc 1.0
[epoch:29] test loss 1.0330507159233093 test acc 0.5368303571428571
[epoch:30] loss 0.022208515347705945 acc 0.9991319444444444
[epoch:30] test loss 1.0336142948695592 test acc 0.5267857142857143
[epoch:31] loss 0.021373933388127223 acc 1.0
[epoch:31] test loss 1.0479918462889535 test acc 0.5267857142857143
[epoch:32] loss 0.020405127563410334 acc 1.0
[epoch:32] test loss 1.062340157372611 test acc 0.5223214285714286
[epoch:33] loss 0.019830477527446218 acc 1.0
[epoch:33] test loss 1.0679408482142858 test acc 0.5279017857142857
[epoch:34] loss 0.018609364206592243 acc 1.0
[epoch:34] test loss 1.0628226399421692 test acc 0.5223214285714286
[epoch:35] loss 0.01885768709083398 acc 1.0
[epoch:35] test loss 1.048315635749272 test acc 0.53125
[epoch:36] loss 0.01778025097317166 acc 1.0
[epoch:36] test loss 1.0933570180620467 test acc 0.5290178571428571
[epoch:37] loss 0.017214762874775462 acc 1.0
[epoch:37] test loss 1.0804401465824671 test acc 0.5267857142857143
[epoch:38] loss 0.01650156556732125 acc 1.0
[epoch:38] test loss 1.1201777969087874 test acc 0.5178571428571429
[epoch:39] loss 0.015523937530815601 acc 1.0
[epoch:39] test loss 1.0944794246128626 test acc 0.5357142857142857
Highest Test ACC : 0.6372767857142857
