nohup: ignoring input
/home/xiao/miniconda3/envs/torch/lib/python3.10/site-packages/torchvision/io/image.py:13: UserWarning: Failed to load image Python extension: /home/xiao/miniconda3/envs/torch/lib/python3.10/site-packages/torchvision/image.so: undefined symbol: _ZN5torch3jit17parseSchemaOrNameERKNSt7__cxx1112basic_stringIcSt11char_traitsIcESaIcEEE
  warn(f"Failed to load image Python extension: {e}")
/home/xiao/code/CS5242/CS5242/main_aug.py:97: UserWarning: To copy construct from a tensor, it is recommended to use sourceTensor.clone().detach() or sourceTensor.clone().detach().requires_grad_(True), rather than torch.tensor(sourceTensor).
  one_gt=torch.tensor(one_gt,dtype=torch.float32)
[epoch:0] loss 0.7418892747826047 acc 0.53515625
[epoch:0] test loss 0.678479824747358 test acc 0.59375
[epoch:1] loss 0.6777174207899306 acc 0.6102430555555556
[epoch:1] test loss 0.6635047708238874 test acc 0.6450892857142857
[epoch:2] loss 0.6248277922471365 acc 0.6644965277777778
[epoch:2] test loss 0.6620463047708783 test acc 0.6462053571428571
[epoch:3] loss 0.5917707118723128 acc 0.6875
[epoch:3] test loss 0.6853674139295306 test acc 0.609375
[epoch:4] loss 0.5600159400039249 acc 0.7126736111111112
[epoch:4] test loss 0.6864410213061741 test acc 0.6104910714285714
[epoch:5] loss 0.5445973061852984 acc 0.7291666666666666
[epoch:5] test loss 0.6850247979164124 test acc 0.6015625
[epoch:6] loss 0.5208860205279456 acc 0.7339409722222222
[epoch:6] test loss 0.7017059751919338 test acc 0.5011160714285714
[epoch:7] loss 0.49612340827782947 acc 0.7608506944444444
[epoch:7] test loss 0.7103807074683053 test acc 0.4955357142857143
[epoch:8] loss 0.48632079859574634 acc 0.7638888888888888
[epoch:8] test loss 0.718008211680821 test acc 0.5078125
[epoch:9] loss 0.45999299320909715 acc 0.7864583333333334
[epoch:9] test loss 0.749986503805433 test acc 0.46651785714285715
[epoch:10] loss 0.4553780158360799 acc 0.7877604166666666
[epoch:10] test loss 0.745750904083252 test acc 0.4765625
[epoch:11] loss 0.45650137464205426 acc 0.7881944444444444
[epoch:11] test loss 0.728755167552403 test acc 0.4810267857142857
[epoch:12] loss 0.43188146087858414 acc 0.7977430555555556
[epoch:12] test loss 0.7403794356754848 test acc 0.48995535714285715
[epoch:13] loss 0.4187721626626121 acc 0.8116319444444444
[epoch:13] test loss 0.7643567493983677 test acc 0.4732142857142857
[epoch:14] loss 0.4036290893952052 acc 0.8172743055555556
[epoch:14] test loss 0.7789523260934013 test acc 0.453125
[epoch:15] loss 0.39574746787548065 acc 0.8246527777777778
[epoch:15] test loss 0.7486136215073722 test acc 0.49107142857142855
[epoch:16] loss 0.38739176094532013 acc 0.82421875
[epoch:16] test loss 0.7971921222550529 test acc 0.45535714285714285
[epoch:17] loss 0.3833407395415836 acc 0.8294270833333334
[epoch:17] test loss 0.7848914861679077 test acc 0.4732142857142857
[epoch:18] loss 0.35817746652497184 acc 0.8467881944444444
[epoch:18] test loss 0.7733372620173863 test acc 0.5022321428571429
[epoch:19] loss 0.36122537818219924 acc 0.8550347222222222
[epoch:19] test loss 0.7787716814449855 test acc 0.48214285714285715
[epoch:20] loss 0.3396426770422194 acc 0.8515625
[epoch:20] test loss 0.7736463717051915 test acc 0.49441964285714285
[epoch:21] loss 0.3333401613765293 acc 0.8589409722222222
[epoch:21] test loss 0.8056216325078692 test acc 0.46316964285714285
[epoch:22] loss 0.3274155689610375 acc 0.8606770833333334
[epoch:22] test loss 0.7988963297435215 test acc 0.4497767857142857
[epoch:23] loss 0.31305597060256535 acc 0.875
[epoch:23] test loss 0.7860105122838702 test acc 0.4810267857142857
[epoch:24] loss 0.31556058426698047 acc 0.8706597222222222
[epoch:24] test loss 0.7981431143624442 test acc 0.4955357142857143
[epoch:25] loss 0.2947027112046878 acc 0.8910590277777778
[epoch:25] test loss 0.801841846534184 test acc 0.47879464285714285
[epoch:26] loss 0.29262103140354156 acc 0.8897569444444444
[epoch:26] test loss 0.8153992976461139 test acc 0.46986607142857145
[epoch:27] loss 0.29062359945641625 acc 0.8871527777777778
[epoch:27] test loss 0.8185413735253471 test acc 0.4877232142857143
[epoch:28] loss 0.27088212801350486 acc 0.8993055555555556
[epoch:28] test loss 0.8544769201959882 test acc 0.46986607142857145
[epoch:29] loss 0.2652316987514496 acc 0.90234375
[epoch:29] test loss 0.8390983257974897 test acc 0.4720982142857143
[epoch:30] loss 0.2623026164041625 acc 0.9019097222222222
[epoch:30] test loss 0.8691836680684771 test acc 0.4564732142857143
[epoch:31] loss 0.24604774018128714 acc 0.9110243055555556
[epoch:31] test loss 0.8494842563356672 test acc 0.46986607142857145
[epoch:32] loss 0.242315288219187 acc 0.9171006944444444
[epoch:32] test loss 0.8107329947607858 test acc 0.5122767857142857
[epoch:33] loss 0.23810259418355095 acc 0.9123263888888888
[epoch:33] test loss 0.7796537450381688 test acc 0.5457589285714286
[epoch:34] loss 0.22372001078393725 acc 0.9188368055555556
[epoch:34] test loss 0.8149954165731158 test acc 0.5267857142857143
[epoch:35] loss 0.22455662075016233 acc 0.9157986111111112
[epoch:35] test loss 0.8119298475129264 test acc 0.5245535714285714
[epoch:36] loss 0.22597043878502315 acc 0.9140625
[epoch:36] test loss 0.8813671810286385 test acc 0.4720982142857143
[epoch:37] loss 0.20266364680396187 acc 0.93359375
[epoch:37] test loss 0.844558835029602 test acc 0.5234375
[epoch:38] loss 0.20216761198308733 acc 0.9318576388888888
[epoch:38] test loss 0.8663411395890372 test acc 0.48660714285714285
[epoch:39] loss 0.20208565725220573 acc 0.9227430555555556
[epoch:39] test loss 0.8497944814818246 test acc 0.5122767857142857
Highest Test ACC : 0.6462053571428571
