nohup: ignoring input
/home/xiao/miniconda3/envs/torch/lib/python3.10/site-packages/torchvision/io/image.py:13: UserWarning: Failed to load image Python extension: /home/xiao/miniconda3/envs/torch/lib/python3.10/site-packages/torchvision/image.so: undefined symbol: _ZN5torch3jit17parseSchemaOrNameERKNSt7__cxx1112basic_stringIcSt11char_traitsIcESaIcEEE
  warn(f"Failed to load image Python extension: {e}")
/home/xiao/code/CS5242/CS5242/main.py:97: UserWarning: To copy construct from a tensor, it is recommended to use sourceTensor.clone().detach() or sourceTensor.clone().detach().requires_grad_(True), rather than torch.tensor(sourceTensor).
  one_gt=torch.tensor(one_gt,dtype=torch.float32)
[epoch:0] loss 0.4640526870886485 acc 0.7934027777777778
[epoch:0] test loss 0.693382237638746 test acc 0.4252232142857143
[epoch:1] loss 0.2652548982037438 acc 0.9548611111111112
[epoch:1] test loss 0.7253229873520988 test acc 0.41294642857142855
[epoch:2] loss 0.19308421512444815 acc 0.984375
[epoch:2] test loss 0.7051683664321899 test acc 0.5
[epoch:3] loss 0.1518018361594942 acc 0.9930555555555556
[epoch:3] test loss 0.7323646034513202 test acc 0.5044642857142857
[epoch:4] loss 0.12504152953624725 acc 0.9956597222222222
[epoch:4] test loss 0.7590297971452985 test acc 0.5044642857142857
[epoch:5] loss 0.10465976844231288 acc 0.9965277777777778
[epoch:5] test loss 0.7645236083439418 test acc 0.5167410714285714
[epoch:6] loss 0.0882445043987698 acc 0.9982638888888888
[epoch:6] test loss 0.7830541985375541 test acc 0.5200892857142857
[epoch:7] loss 0.07914021280076769 acc 1.0
[epoch:7] test loss 0.809093313557761 test acc 0.5055803571428571
[epoch:8] loss 0.07042792853381899 acc 1.0
[epoch:8] test loss 0.8159434029034206 test acc 0.4955357142857143
[epoch:9] loss 0.06290909399588902 acc 1.0
[epoch:9] test loss 0.8216244748660496 test acc 0.5078125
[epoch:10] loss 0.05782625079154968 acc 1.0
[epoch:10] test loss 0.8364521265029907 test acc 0.49776785714285715
[epoch:11] loss 0.053442548132605024 acc 1.0
[epoch:11] test loss 0.8631993021283831 test acc 0.5033482142857143
[epoch:12] loss 0.04878580280476146 acc 1.0
[epoch:12] test loss 0.8503828474453518 test acc 0.5
[epoch:13] loss 0.04595395508739683 acc 1.0
[epoch:13] test loss 0.874238772051675 test acc 0.49776785714285715
[epoch:14] loss 0.042897271199358836 acc 1.0
[epoch:14] test loss 0.8851183227130345 test acc 0.5033482142857143
[epoch:15] loss 0.0412315179904302 acc 1.0
[epoch:15] test loss 0.9028735160827637 test acc 0.4955357142857143
[epoch:16] loss 0.03769925981760025 acc 1.0
[epoch:16] test loss 0.9065827642168317 test acc 0.4966517857142857
[epoch:17] loss 0.03575901852713691 acc 1.0
[epoch:17] test loss 0.9127955521856036 test acc 0.4921875
[epoch:18] loss 0.03278324442605177 acc 1.0
[epoch:18] test loss 0.9053025245666504 test acc 0.5066964285714286
[epoch:19] loss 0.031462459514538445 acc 1.0
[epoch:19] test loss 0.9122685790061951 test acc 0.5033482142857143
[epoch:20] loss 0.03032435787220796 acc 1.0
[epoch:20] test loss 0.9484301550047738 test acc 0.49330357142857145
[epoch:21] loss 0.02864477928313944 acc 1.0
[epoch:21] test loss 0.9264810681343079 test acc 0.4955357142857143
[epoch:22] loss 0.027612674774395093 acc 1.0
[epoch:22] test loss 0.9395262258393424 test acc 0.4955357142857143
[epoch:23] loss 0.02734733372926712 acc 1.0
[epoch:23] test loss 0.9632275019373212 test acc 0.4955357142857143
[epoch:24] loss 0.025290638208389282 acc 1.0
[epoch:24] test loss 0.9553520934922355 test acc 0.4966517857142857
[epoch:25] loss 0.023399526667263772 acc 1.0
[epoch:25] test loss 0.9638664637293134 test acc 0.49107142857142855
[epoch:26] loss 0.02412724018924766 acc 1.0
[epoch:26] test loss 0.9873446907315936 test acc 0.49107142857142855
[epoch:27] loss 0.023368305216232937 acc 1.0
[epoch:27] test loss 0.9825247015271869 test acc 0.49776785714285715
[epoch:28] loss 0.021580968466069963 acc 1.0
[epoch:28] test loss 0.9905380862099784 test acc 0.48995535714285715
[epoch:29] loss 0.02113510688973798 acc 1.0
[epoch:29] test loss 0.9858636770929609 test acc 0.5
[epoch:30] loss 0.019736742393838033 acc 1.0
[epoch:30] test loss 0.9910588349614825 test acc 0.49330357142857145
[epoch:31] loss 0.019236256264977984 acc 1.0
[epoch:31] test loss 1.0209251727376665 test acc 0.48995535714285715
[epoch:32] loss 0.019030328633056745 acc 1.0
[epoch:32] test loss 1.0267916577202933 test acc 0.4966517857142857
[epoch:33] loss 0.018169281383355457 acc 1.0
[epoch:33] test loss 1.0181873781340463 test acc 0.49441964285714285
[epoch:34] loss 0.017217119948731527 acc 1.0
[epoch:34] test loss 1.0448307991027832 test acc 0.48660714285714285
[epoch:35] loss 0.016264011359049216 acc 1.0
[epoch:35] test loss 1.0359880413327898 test acc 0.48995535714285715
[epoch:36] loss 0.015346711811920008 acc 1.0
[epoch:36] test loss 1.0368459735597884 test acc 0.4877232142857143
[epoch:37] loss 0.014977020728919242 acc 1.0
[epoch:37] test loss 1.0430242334093367 test acc 0.4888392857142857
[epoch:38] loss 0.014712148242526583 acc 1.0
[epoch:38] test loss 1.0515185679708208 test acc 0.4888392857142857
[epoch:39] loss 0.013771215350263648 acc 1.0
[epoch:39] test loss 1.071076852934701 test acc 0.48995535714285715
Highest Test ACC : 0.5200892857142857
