nohup: ignoring input
/home/xiao/miniconda3/envs/torch/lib/python3.10/site-packages/torchvision/io/image.py:13: UserWarning: Failed to load image Python extension: /home/xiao/miniconda3/envs/torch/lib/python3.10/site-packages/torchvision/image.so: undefined symbol: _ZN5torch3jit17parseSchemaOrNameERKNSt7__cxx1112basic_stringIcSt11char_traitsIcESaIcEEE
  warn(f"Failed to load image Python extension: {e}")
/home/xiao/code/CS5242/CS5242/main_aug.py:97: UserWarning: To copy construct from a tensor, it is recommended to use sourceTensor.clone().detach() or sourceTensor.clone().detach().requires_grad_(True), rather than torch.tensor(sourceTensor).
  one_gt=torch.tensor(one_gt,dtype=torch.float32)
[epoch:0] loss 0.8400759266482459 acc 0.5082465277777778
[epoch:0] test loss 0.6934594256537301 test acc 0.41964285714285715
[epoch:1] loss 0.8086527519755893 acc 0.5477430555555556
[epoch:1] test loss 0.6905727727072579 test acc 0.6238839285714286
[epoch:2] loss 0.7943536241849264 acc 0.55078125
[epoch:2] test loss 0.6833659836224147 test acc 0.6004464285714286
[epoch:3] loss 0.770500252644221 acc 0.5559895833333334
[epoch:3] test loss 0.6808033159800938 test acc 0.6004464285714286
[epoch:4] loss 0.7575905786620246 acc 0.5737847222222222
[epoch:4] test loss 0.6792483414922442 test acc 0.6037946428571429
[epoch:5] loss 0.7535613709025912 acc 0.5863715277777778
[epoch:5] test loss 0.6799106512750898 test acc 0.5904017857142857
[epoch:6] loss 0.7083788911501566 acc 0.5998263888888888
[epoch:6] test loss 0.6760108045169285 test acc 0.6015625
[epoch:7] loss 0.7284714182217916 acc 0.5928819444444444
[epoch:7] test loss 0.6744828820228577 test acc 0.5970982142857143
[epoch:8] loss 0.7170413335164388 acc 0.5872395833333334
[epoch:8] test loss 0.6749772514615741 test acc 0.5970982142857143
[epoch:9] loss 0.7077233327759637 acc 0.5972222222222222
[epoch:9] test loss 0.6746049693652562 test acc 0.5982142857142857
[epoch:10] loss 0.722486052248213 acc 0.5907118055555556
[epoch:10] test loss 0.6743809751101902 test acc 0.5982142857142857
[epoch:11] loss 0.6892286539077759 acc 0.6141493055555556
[epoch:11] test loss 0.6756560632160732 test acc 0.5948660714285714
[epoch:12] loss 0.6850112544165717 acc 0.6076388888888888
[epoch:12] test loss 0.6769713844571795 test acc 0.6004464285714286
[epoch:13] loss 0.6903987261984084 acc 0.6241319444444444
[epoch:13] test loss 0.6801570994513375 test acc 0.6026785714285714
[epoch:14] loss 0.6921964254644182 acc 0.6141493055555556
[epoch:14] test loss 0.6781057630266462 test acc 0.5915178571428571
[epoch:15] loss 0.6521959404150645 acc 0.6475694444444444
[epoch:15] test loss 0.6782453400748116 test acc 0.5926339285714286
[epoch:16] loss 0.650760786400901 acc 0.6436631944444444
[epoch:16] test loss 0.6776247450283596 test acc 0.5736607142857143
[epoch:17] loss 0.6398504442638822 acc 0.6423611111111112
[epoch:17] test loss 0.6763753976140704 test acc 0.5892857142857143
[epoch:18] loss 0.6506820155514611 acc 0.6458333333333334
[epoch:18] test loss 0.6765979869025094 test acc 0.5837053571428571
[epoch:19] loss 0.6433532337347666 acc 0.6545138888888888
[epoch:19] test loss 0.6771825637136187 test acc 0.5848214285714286
[epoch:20] loss 0.6355159017774794 acc 0.6393229166666666
[epoch:20] test loss 0.6791460514068604 test acc 0.5848214285714286
[epoch:21] loss 0.6203460594018301 acc 0.6701388888888888
[epoch:21] test loss 0.6798757910728455 test acc 0.5803571428571429
[epoch:22] loss 0.645961731672287 acc 0.6458333333333334
[epoch:22] test loss 0.6801086238452366 test acc 0.5848214285714286
[epoch:23] loss 0.643076499303182 acc 0.6453993055555556
[epoch:23] test loss 0.6818841014589582 test acc 0.6060267857142857
[epoch:24] loss 0.6320171025064256 acc 0.65625
[epoch:24] test loss 0.6826265369142804 test acc 0.6104910714285714
[epoch:25] loss 0.6140731705559624 acc 0.6727430555555556
[epoch:25] test loss 0.6803782411984035 test acc 0.5993303571428571
[epoch:26] loss 0.6167396340105269 acc 0.66015625
[epoch:26] test loss 0.6828093699046544 test acc 0.5725446428571429
[epoch:27] loss 0.6212233073181577 acc 0.6610243055555556
[epoch:27] test loss 0.6804343632289341 test acc 0.5926339285714286
[epoch:28] loss 0.6151538921727074 acc 0.66015625
[epoch:28] test loss 0.6794238942010062 test acc 0.5758928571428571
[epoch:29] loss 0.5915633175108168 acc 0.6792534722222222
[epoch:29] test loss 0.6818885292325702 test acc 0.5803571428571429
[epoch:30] loss 0.6053089532587264 acc 0.6640625
[epoch:30] test loss 0.6808720486504691 test acc 0.5770089285714286
[epoch:31] loss 0.595712896850374 acc 0.6657986111111112
[epoch:31] test loss 0.681306609085628 test acc 0.5725446428571429
[epoch:32] loss 0.6188374294175042 acc 0.6597222222222222
[epoch:32] test loss 0.6801472135952541 test acc 0.5669642857142857
[epoch:33] loss 0.600351032283571 acc 0.6770833333333334
[epoch:33] test loss 0.6786881259509495 test acc 0.5613839285714286
[epoch:34] loss 0.5863378809558021 acc 0.6857638888888888
[epoch:34] test loss 0.6793252399989537 test acc 0.5546875
[epoch:35] loss 0.5876479297876358 acc 0.6866319444444444
[epoch:35] test loss 0.6788069350378854 test acc 0.5569196428571429
[epoch:36] loss 0.5923073954052396 acc 0.6753472222222222
[epoch:36] test loss 0.680071302822658 test acc 0.5647321428571429
[epoch:37] loss 0.5984301302168105 acc 0.6701388888888888
[epoch:37] test loss 0.6782298513821193 test acc 0.5625
[epoch:38] loss 0.5828628242015839 acc 0.6848958333333334
[epoch:38] test loss 0.6802335126059396 test acc 0.5569196428571429
[epoch:39] loss 0.5841895474327935 acc 0.6883680555555556
[epoch:39] test loss 0.6797374742371696 test acc 0.5703125
Highest Test ACC : 0.6238839285714286
