nohup: ignoring input
/home/xiao/miniconda3/envs/torch/lib/python3.10/site-packages/torchvision/io/image.py:13: UserWarning: Failed to load image Python extension: /home/xiao/miniconda3/envs/torch/lib/python3.10/site-packages/torchvision/image.so: undefined symbol: _ZN5torch3jit17parseSchemaOrNameERKNSt7__cxx1112basic_stringIcSt11char_traitsIcESaIcEEE
  warn(f"Failed to load image Python extension: {e}")
/home/xiao/code/CS5242/CS5242/main.py:97: UserWarning: To copy construct from a tensor, it is recommended to use sourceTensor.clone().detach() or sourceTensor.clone().detach().requires_grad_(True), rather than torch.tensor(sourceTensor).
  one_gt=torch.tensor(one_gt,dtype=torch.float32)
[epoch:0] loss 0.675384951962365 acc 0.6032986111111112
[epoch:0] test loss 0.7194377694811139 test acc 0.40513392857142855
[epoch:1] loss 0.6626782814661661 acc 0.6032986111111112
[epoch:1] test loss 0.7285167489733014 test acc 0.40066964285714285
[epoch:2] loss 0.658661875459883 acc 0.6050347222222222
[epoch:2] test loss 0.7229993769100734 test acc 0.39955357142857145
[epoch:3] loss 0.6554190913836161 acc 0.5980902777777778
[epoch:3] test loss 0.715331392628806 test acc 0.40066964285714285
[epoch:4] loss 0.6422558625539144 acc 0.6059027777777778
[epoch:4] test loss 0.7129164167812893 test acc 0.40513392857142855
[epoch:5] loss 0.6380092369185554 acc 0.6032986111111112
[epoch:5] test loss 0.7065217750413078 test acc 0.40848214285714285
[epoch:6] loss 0.6207423143916659 acc 0.6145833333333334
[epoch:6] test loss 0.7001886963844299 test acc 0.40401785714285715
[epoch:7] loss 0.6074885593520271 acc 0.6232638888888888
[epoch:7] test loss 0.690565858568464 test acc 0.4765625
[epoch:8] loss 0.5906877385245429 acc 0.6510416666666666
[epoch:8] test loss 0.6903543046542576 test acc 0.5
[epoch:9] loss 0.5772316985660129 acc 0.6675347222222222
[epoch:9] test loss 0.6766070808683123 test acc 0.625
[epoch:10] loss 0.559181445174747 acc 0.6770833333333334
[epoch:10] test loss 0.6688705853053502 test acc 0.6227678571428571
[epoch:11] loss 0.5504839486545987 acc 0.6831597222222222
[epoch:11] test loss 0.6733016797474453 test acc 0.6194196428571429
[epoch:12] loss 0.5443601542048984 acc 0.6944444444444444
[epoch:12] test loss 0.6632350853511265 test acc 0.6205357142857143
[epoch:13] loss 0.545937544769711 acc 0.7022569444444444
[epoch:13] test loss 0.6846601792744228 test acc 0.6149553571428571
[epoch:14] loss 0.5243331723743014 acc 0.7161458333333334
[epoch:14] test loss 0.660362013748714 test acc 0.6194196428571429
[epoch:15] loss 0.5300968123806847 acc 0.7265625
[epoch:15] test loss 0.668211213179997 test acc 0.6316964285714286
[epoch:16] loss 0.5218416319953071 acc 0.7178819444444444
[epoch:16] test loss 0.664905309677124 test acc 0.625
[epoch:17] loss 0.5072597795062594 acc 0.7239583333333334
[epoch:17] test loss 0.6644760710852486 test acc 0.6294642857142857
[epoch:18] loss 0.5101544029182858 acc 0.7326388888888888
[epoch:18] test loss 0.6682706049510411 test acc 0.6272321428571429
[epoch:19] loss 0.5038422213660346 acc 0.7378472222222222
[epoch:19] test loss 0.6673187528337751 test acc 0.6328125
[epoch:20] loss 0.4874727858437432 acc 0.7482638888888888
[epoch:20] test loss 0.6644478780882699 test acc 0.6216517857142857
[epoch:21] loss 0.4956423143545787 acc 0.7595486111111112
[epoch:21] test loss 0.6564849700246539 test acc 0.6116071428571429
[epoch:22] loss 0.4987329973114861 acc 0.7517361111111112
[epoch:22] test loss 0.6570792283330645 test acc 0.6238839285714286
[epoch:23] loss 0.4821951687335968 acc 0.7612847222222222
[epoch:23] test loss 0.6684881704194205 test acc 0.6328125
[epoch:24] loss 0.4790510998831855 acc 0.7673611111111112
[epoch:24] test loss 0.6613996965544564 test acc 0.6283482142857143
[epoch:25] loss 0.46913429432445103 acc 0.7873263888888888
[epoch:25] test loss 0.6630860226494926 test acc 0.6305803571428571
[epoch:26] loss 0.4678765402899848 acc 0.7760416666666666
[epoch:26] test loss 0.6523429155349731 test acc 0.6227678571428571
[epoch:27] loss 0.4745407501856486 acc 0.7829861111111112
[epoch:27] test loss 0.6596639667238507 test acc 0.6395089285714286
[epoch:28] loss 0.4532677365673913 acc 0.7942708333333334
[epoch:28] test loss 0.6607940452439445 test acc 0.6283482142857143
[epoch:29] loss 0.44360489315456814 acc 0.7986111111111112
[epoch:29] test loss 0.6583501526287624 test acc 0.6283482142857143
[epoch:30] loss 0.44406457079781425 acc 0.7881944444444444
[epoch:30] test loss 0.6658407194273812 test acc 0.6428571428571429
[epoch:31] loss 0.44132659170362687 acc 0.7881944444444444
[epoch:31] test loss 0.6704214896474566 test acc 0.6428571428571429
[epoch:32] loss 0.43646756145689225 acc 0.8012152777777778
[epoch:32] test loss 0.6571887476103646 test acc 0.6495535714285714
[epoch:33] loss 0.43642641107241315 acc 0.8038194444444444
[epoch:33] test loss 0.666765536580767 test acc 0.6450892857142857
[epoch:34] loss 0.43876346945762634 acc 0.796875
[epoch:34] test loss 0.6822455780846732 test acc 0.6238839285714286
[epoch:35] loss 0.4241202142503526 acc 0.8029513888888888
[epoch:35] test loss 0.6754729662622724 test acc 0.6305803571428571
[epoch:36] loss 0.4097202751371596 acc 0.8125
[epoch:36] test loss 0.6668767588479179 test acc 0.6439732142857143
[epoch:37] loss 0.40336784058147007 acc 0.8185763888888888
[epoch:37] test loss 0.6711644785744804 test acc 0.6328125
[epoch:38] loss 0.3958544698026445 acc 0.8315972222222222
[epoch:38] test loss 0.6846620185034615 test acc 0.6116071428571429
[epoch:39] loss 0.4029162625471751 acc 0.8203125
[epoch:39] test loss 0.6872861129896981 test acc 0.6194196428571429
Highest Test ACC : 0.6495535714285714
