nohup: ignoring input
/home/xiao/miniconda3/envs/torch/lib/python3.10/site-packages/torchvision/io/image.py:13: UserWarning: Failed to load image Python extension: /home/xiao/miniconda3/envs/torch/lib/python3.10/site-packages/torchvision/image.so: undefined symbol: _ZN5torch3jit17parseSchemaOrNameERKNSt7__cxx1112basic_stringIcSt11char_traitsIcESaIcEEE
  warn(f"Failed to load image Python extension: {e}")
/home/xiao/code/CS5242/CS5242/main.py:97: UserWarning: To copy construct from a tensor, it is recommended to use sourceTensor.clone().detach() or sourceTensor.clone().detach().requires_grad_(True), rather than torch.tensor(sourceTensor).
  one_gt=torch.tensor(one_gt,dtype=torch.float32)
[epoch:0] loss 0.7018518580330743 acc 0.5494791666666666
[epoch:0] test loss 0.6892900466918945 test acc 0.5982142857142857
[epoch:1] loss 0.7016098499298096 acc 0.5494791666666666
[epoch:1] test loss 0.686562316758292 test acc 0.5970982142857143
[epoch:2] loss 0.6902542577849494 acc 0.5598958333333334
[epoch:2] test loss 0.686921741281237 test acc 0.5948660714285714
[epoch:3] loss 0.6852304008271959 acc 0.5460069444444444
[epoch:3] test loss 0.6871083889688764 test acc 0.5982142857142857
[epoch:4] loss 0.6725067761209276 acc 0.5572916666666666
[epoch:4] test loss 0.6881830862590245 test acc 0.5993303571428571
[epoch:5] loss 0.6707694133122762 acc 0.5772569444444444
[epoch:5] test loss 0.688812255859375 test acc 0.5970982142857143
[epoch:6] loss 0.6673356360859342 acc 0.5798611111111112
[epoch:6] test loss 0.6888103570256915 test acc 0.6015625
[epoch:7] loss 0.6750356952349345 acc 0.5598958333333334
[epoch:7] test loss 0.6887548991612026 test acc 0.5970982142857143
[epoch:8] loss 0.6666069096989102 acc 0.5659722222222222
[epoch:8] test loss 0.6887366856847491 test acc 0.59375
[epoch:9] loss 0.6634614070256551 acc 0.6067708333333334
[epoch:9] test loss 0.6884223903928485 test acc 0.59375
[epoch:10] loss 0.6620159811443753 acc 0.5668402777777778
[epoch:10] test loss 0.6884826932634626 test acc 0.5892857142857143
[epoch:11] loss 0.6555880970425076 acc 0.5954861111111112
[epoch:11] test loss 0.6882047482899257 test acc 0.6205357142857143
[epoch:12] loss 0.6663377417458428 acc 0.5824652777777778
[epoch:12] test loss 0.6872068899018424 test acc 0.5982142857142857
[epoch:13] loss 0.6525077952278985 acc 0.6128472222222222
[epoch:13] test loss 0.6875589830534798 test acc 0.6194196428571429
[epoch:14] loss 0.6507709423700968 acc 0.6102430555555556
[epoch:14] test loss 0.6879391159330096 test acc 0.6361607142857143
[epoch:15] loss 0.6457761459880405 acc 0.6241319444444444
[epoch:15] test loss 0.6872713565826416 test acc 0.6484375
[epoch:16] loss 0.6311763922373453 acc 0.6284722222222222
[epoch:16] test loss 0.687621704169682 test acc 0.6350446428571429
[epoch:17] loss 0.6565130949020386 acc 0.5868055555555556
[epoch:17] test loss 0.6862439257758004 test acc 0.6428571428571429
[epoch:18] loss 0.6401174200905694 acc 0.6128472222222222
[epoch:18] test loss 0.6865491356168475 test acc 0.6316964285714286
[epoch:19] loss 0.6310610307587518 acc 0.6241319444444444
[epoch:19] test loss 0.6867273875645229 test acc 0.640625
[epoch:20] loss 0.6342291500833299 acc 0.6223958333333334
[epoch:20] test loss 0.6861330355916705 test acc 0.6294642857142857
[epoch:21] loss 0.6323079996638827 acc 0.609375
[epoch:21] test loss 0.6859641075134277 test acc 0.6350446428571429
[epoch:22] loss 0.6335364646381803 acc 0.6137152777777778
[epoch:22] test loss 0.6855091112000602 test acc 0.6294642857142857
[epoch:23] loss 0.6189941763877869 acc 0.6345486111111112
[epoch:23] test loss 0.6851135236876351 test acc 0.6294642857142857
[epoch:24] loss 0.6202717423439026 acc 0.6232638888888888
[epoch:24] test loss 0.6851922954831805 test acc 0.6529017857142857
[epoch:25] loss 0.6225476331180997 acc 0.6527777777777778
[epoch:25] test loss 0.6841272115707397 test acc 0.6316964285714286
[epoch:26] loss 0.6209388507737054 acc 0.6258680555555556
[epoch:26] test loss 0.6839004499571664 test acc 0.6316964285714286
[epoch:27] loss 0.6206109523773193 acc 0.6388888888888888
[epoch:27] test loss 0.6839561888149807 test acc 0.6316964285714286
[epoch:28] loss 0.6146036585172018 acc 0.6458333333333334
[epoch:28] test loss 0.6834719777107239 test acc 0.6395089285714286
[epoch:29] loss 0.6039994226561652 acc 0.6484375
[epoch:29] test loss 0.683677579675402 test acc 0.6573660714285714
[epoch:30] loss 0.6144748131434122 acc 0.6397569444444444
[epoch:30] test loss 0.6830248236656189 test acc 0.6417410714285714
[epoch:31] loss 0.5925642185741 acc 0.6753472222222222
[epoch:31] test loss 0.6819776977811541 test acc 0.6305803571428571
[epoch:32] loss 0.5984804365370009 acc 0.6571180555555556
[epoch:32] test loss 0.6825192144938877 test acc 0.6372767857142857
[epoch:33] loss 0.6095084680451287 acc 0.6614583333333334
[epoch:33] test loss 0.6828690767288208 test acc 0.6305803571428571
[epoch:34] loss 0.5904235045115153 acc 0.6440972222222222
[epoch:34] test loss 0.68307797397886 test acc 0.6305803571428571
[epoch:35] loss 0.596361517906189 acc 0.6449652777777778
[epoch:35] test loss 0.6828965885298592 test acc 0.6238839285714286
[epoch:36] loss 0.5895685884687636 acc 0.6640625
[epoch:36] test loss 0.682581969669887 test acc 0.6372767857142857
[epoch:37] loss 0.5958314471774631 acc 0.6631944444444444
[epoch:37] test loss 0.6813000610896519 test acc 0.6372767857142857
[epoch:38] loss 0.58114622036616 acc 0.6918402777777778
[epoch:38] test loss 0.6805833663259234 test acc 0.6361607142857143
[epoch:39] loss 0.5882768167389764 acc 0.6536458333333334
[epoch:39] test loss 0.6802700247083392 test acc 0.6339285714285714
Highest Test ACC : 0.6573660714285714
