nohup: ignoring input
/home/xiao/miniconda3/envs/torch/lib/python3.10/site-packages/torchvision/io/image.py:13: UserWarning: Failed to load image Python extension: /home/xiao/miniconda3/envs/torch/lib/python3.10/site-packages/torchvision/image.so: undefined symbol: _ZN5torch3jit17parseSchemaOrNameERKNSt7__cxx1112basic_stringIcSt11char_traitsIcESaIcEEE
  warn(f"Failed to load image Python extension: {e}")
/home/xiao/code/CS5242/CS5242/main.py:97: UserWarning: To copy construct from a tensor, it is recommended to use sourceTensor.clone().detach() or sourceTensor.clone().detach().requires_grad_(True), rather than torch.tensor(sourceTensor).
  one_gt=torch.tensor(one_gt,dtype=torch.float32)
[epoch:0] loss 0.6685892475975884 acc 0.6032986111111112
[epoch:0] test loss 0.7418777176312038 test acc 0.40066964285714285
[epoch:1] loss 0.6529271867540147 acc 0.6024305555555556
[epoch:1] test loss 0.7223960331508091 test acc 0.4017857142857143
[epoch:2] loss 0.6373799045880636 acc 0.6050347222222222
[epoch:2] test loss 0.7216890624591282 test acc 0.40066964285714285
[epoch:3] loss 0.6128006842401292 acc 0.6171875
[epoch:3] test loss 0.710598749773843 test acc 0.4107142857142857
[epoch:4] loss 0.5811697509553697 acc 0.6727430555555556
[epoch:4] test loss 0.6745324305125645 test acc 0.6361607142857143
[epoch:5] loss 0.555744833416409 acc 0.7083333333333334
[epoch:5] test loss 0.6642534136772156 test acc 0.6372767857142857
[epoch:6] loss 0.5347214539845785 acc 0.7222222222222222
[epoch:6] test loss 0.6888893842697144 test acc 0.6238839285714286
[epoch:7] loss 0.5120417409472995 acc 0.7352430555555556
[epoch:7] test loss 0.710620539528983 test acc 0.6127232142857143
[epoch:8] loss 0.5004532867007785 acc 0.7630208333333334
[epoch:8] test loss 0.7237894024167743 test acc 0.6015625
[epoch:9] loss 0.48195377985636395 acc 0.7638888888888888
[epoch:9] test loss 0.704958302634103 test acc 0.6127232142857143
[epoch:10] loss 0.47802126076486373 acc 0.7708333333333334
[epoch:10] test loss 0.6919452548027039 test acc 0.6183035714285714
[epoch:11] loss 0.46856117910808986 acc 0.7760416666666666
[epoch:11] test loss 0.6760144744600568 test acc 0.6037946428571429
[epoch:12] loss 0.4707011282444 acc 0.7777777777777778
[epoch:12] test loss 0.7076072948319572 test acc 0.6060267857142857
[epoch:13] loss 0.4518509308497111 acc 0.7942708333333334
[epoch:13] test loss 0.7229763439723423 test acc 0.6060267857142857
[epoch:14] loss 0.43654122286372715 acc 0.8029513888888888
[epoch:14] test loss 0.7683321833610535 test acc 0.5959821428571429
[epoch:15] loss 0.4445450438393487 acc 0.7847222222222222
[epoch:15] test loss 0.784575743334634 test acc 0.5881696428571429
[epoch:16] loss 0.42936956882476807 acc 0.8116319444444444
[epoch:16] test loss 0.7995937807219369 test acc 0.578125
[epoch:17] loss 0.42157530453470016 acc 0.8151041666666666
[epoch:17] test loss 0.7665979181017194 test acc 0.5970982142857143
[epoch:18] loss 0.4118746949566735 acc 0.8168402777777778
[epoch:18] test loss 0.803415332521711 test acc 0.5803571428571429
[epoch:19] loss 0.398183458381229 acc 0.8342013888888888
[epoch:19] test loss 0.8211450236184257 test acc 0.578125
[epoch:20] loss 0.39146580298741657 acc 0.8411458333333334
[epoch:20] test loss 0.7675134709903172 test acc 0.6205357142857143
[epoch:21] loss 0.39264389541414046 acc 0.8350694444444444
[epoch:21] test loss 0.8161633695874896 test acc 0.5859375
[epoch:22] loss 0.38934921556048924 acc 0.8394097222222222
[epoch:22] test loss 0.7677803976195199 test acc 0.6149553571428571
[epoch:23] loss 0.3807622690995534 acc 0.8446180555555556
[epoch:23] test loss 0.7402456232479641 test acc 0.5904017857142857
[epoch:24] loss 0.37343185146649677 acc 0.8307291666666666
[epoch:24] test loss 0.8034846101488385 test acc 0.6026785714285714
[epoch:25] loss 0.36234139402707416 acc 0.8411458333333334
[epoch:25] test loss 0.7451499274798802 test acc 0.5870535714285714
[epoch:26] loss 0.37571513652801514 acc 0.8480902777777778
[epoch:26] test loss 0.7829165458679199 test acc 0.6060267857142857
[epoch:27] loss 0.3548746506373088 acc 0.8498263888888888
[epoch:27] test loss 0.8098434209823608 test acc 0.5993303571428571
[epoch:28] loss 0.3660767707559798 acc 0.8480902777777778
[epoch:28] test loss 0.8937612686838422 test acc 0.53125
[epoch:29] loss 0.35760264926486546 acc 0.8585069444444444
[epoch:29] test loss 0.8213674426078796 test acc 0.6004464285714286
[epoch:30] loss 0.3485815789964464 acc 0.8541666666666666
[epoch:30] test loss 0.8293491772242955 test acc 0.5904017857142857
[epoch:31] loss 0.331229352288776 acc 0.8576388888888888
[epoch:31] test loss 0.7830911534173148 test acc 0.6060267857142857
[epoch:32] loss 0.3201066818502214 acc 0.8697916666666666
[epoch:32] test loss 0.862392680985587 test acc 0.5725446428571429
[epoch:33] loss 0.3312384883562724 acc 0.8628472222222222
[epoch:33] test loss 0.9371991157531738 test acc 0.5033482142857143
[epoch:34] loss 0.3483351634608375 acc 0.8567708333333334
[epoch:34] test loss 0.816236504486629 test acc 0.5848214285714286
[epoch:35] loss 0.31231574879752266 acc 0.8732638888888888
[epoch:35] test loss 0.7648785795484271 test acc 0.609375
[epoch:36] loss 0.29458922147750854 acc 0.8880208333333334
[epoch:36] test loss 0.750046866280692 test acc 0.6037946428571429
[epoch:37] loss 0.29948088857862687 acc 0.8836805555555556
[epoch:37] test loss 0.7896709782736642 test acc 0.6049107142857143
[epoch:38] loss 0.2918258872297075 acc 0.8854166666666666
[epoch:38] test loss 0.7614783559526715 test acc 0.5948660714285714
[epoch:39] loss 0.28223320676220787 acc 0.8958333333333334
[epoch:39] test loss 0.7820367727960859 test acc 0.5982142857142857
Highest Test ACC : 0.6372767857142857
