nohup: ignoring input
/home/xiao/miniconda3/envs/torch/lib/python3.10/site-packages/torchvision/io/image.py:13: UserWarning: Failed to load image Python extension: /home/xiao/miniconda3/envs/torch/lib/python3.10/site-packages/torchvision/image.so: undefined symbol: _ZN5torch3jit17parseSchemaOrNameERKNSt7__cxx1112basic_stringIcSt11char_traitsIcESaIcEEE
  warn(f"Failed to load image Python extension: {e}")
/home/xiao/code/CS5242/CS5242/main.py:97: UserWarning: To copy construct from a tensor, it is recommended to use sourceTensor.clone().detach() or sourceTensor.clone().detach().requires_grad_(True), rather than torch.tensor(sourceTensor).
  one_gt=torch.tensor(one_gt,dtype=torch.float32)
[epoch:0] loss 0.6793336338467069 acc 0.5668402777777778
[epoch:0] test loss 0.7257861580167498 test acc 0.4017857142857143
[epoch:1] loss 0.6907956666416593 acc 0.578125
[epoch:1] test loss 0.7191762328147888 test acc 0.40736607142857145
[epoch:2] loss 0.6762363248401217 acc 0.5737847222222222
[epoch:2] test loss 0.7176904082298279 test acc 0.4095982142857143
[epoch:3] loss 0.6798057092560662 acc 0.5789930555555556
[epoch:3] test loss 0.7195878369467599 test acc 0.4029017857142857
[epoch:4] loss 0.6736912197536893 acc 0.5946180555555556
[epoch:4] test loss 0.7173828482627869 test acc 0.40513392857142855
[epoch:5] loss 0.6688709987534417 acc 0.5911458333333334
[epoch:5] test loss 0.7192190715244838 test acc 0.40513392857142855
[epoch:6] loss 0.6702450844976637 acc 0.6024305555555556
[epoch:6] test loss 0.7213796888078962 test acc 0.4029017857142857
[epoch:7] loss 0.668448891904619 acc 0.5876736111111112
[epoch:7] test loss 0.7195870876312256 test acc 0.40625
[epoch:8] loss 0.6587836411264207 acc 0.5989583333333334
[epoch:8] test loss 0.7194245372499738 test acc 0.3984375
[epoch:9] loss 0.6655985448095534 acc 0.6006944444444444
[epoch:9] test loss 0.718841552734375 test acc 0.3984375
[epoch:10] loss 0.6550553109910753 acc 0.6111111111111112
[epoch:10] test loss 0.7199333480426243 test acc 0.4029017857142857
[epoch:11] loss 0.6557847725020515 acc 0.609375
[epoch:11] test loss 0.717671275138855 test acc 0.40625
[epoch:12] loss 0.6584285961257087 acc 0.5998263888888888
[epoch:12] test loss 0.7157294920512608 test acc 0.4017857142857143
[epoch:13] loss 0.6461902194552951 acc 0.6128472222222222
[epoch:13] test loss 0.7147106272833688 test acc 0.4017857142857143
[epoch:14] loss 0.6423988342285156 acc 0.6067708333333334
[epoch:14] test loss 0.7121310063770839 test acc 0.40736607142857145
[epoch:15] loss 0.6419379380014207 acc 0.6050347222222222
[epoch:15] test loss 0.7080345579556057 test acc 0.39955357142857145
[epoch:16] loss 0.6297257675064935 acc 0.6345486111111112
[epoch:16] test loss 0.7064119918005807 test acc 0.40736607142857145
[epoch:17] loss 0.63085409005483 acc 0.6085069444444444
[epoch:17] test loss 0.7071118184498378 test acc 0.4017857142857143
[epoch:18] loss 0.6231068703863356 acc 0.6154513888888888
[epoch:18] test loss 0.7013133934565953 test acc 0.4095982142857143
[epoch:19] loss 0.6126763820648193 acc 0.6267361111111112
[epoch:19] test loss 0.7005866510527474 test acc 0.40736607142857145
[epoch:20] loss 0.615341928270128 acc 0.6276041666666666
[epoch:20] test loss 0.6989285009247916 test acc 0.40625
[epoch:21] loss 0.6152828600671556 acc 0.6215277777777778
[epoch:21] test loss 0.7003576159477234 test acc 0.40401785714285715
[epoch:22] loss 0.5965957774056329 acc 0.6397569444444444
[epoch:22] test loss 0.6990216033799308 test acc 0.40066964285714285
[epoch:23] loss 0.5953027937147353 acc 0.6440972222222222
[epoch:23] test loss 0.6940150346074786 test acc 0.4095982142857143
[epoch:24] loss 0.5870003170437283 acc 0.6475694444444444
[epoch:24] test loss 0.693187245300838 test acc 0.4564732142857143
[epoch:25] loss 0.5850970149040222 acc 0.6310763888888888
[epoch:25] test loss 0.6928290299006871 test acc 0.4453125
[epoch:26] loss 0.5713379184405009 acc 0.6571180555555556
[epoch:26] test loss 0.6934648496764046 test acc 0.4642857142857143
[epoch:27] loss 0.5921884642706977 acc 0.640625
[epoch:27] test loss 0.6881069966724941 test acc 0.6060267857142857
[epoch:28] loss 0.5700718826717801 acc 0.65625
[epoch:28] test loss 0.6922999620437622 test acc 0.5491071428571429
[epoch:29] loss 0.5679373807377286 acc 0.6553819444444444
[epoch:29] test loss 0.6886731726782662 test acc 0.5725446428571429
[epoch:30] loss 0.5781757765346103 acc 0.6423611111111112
[epoch:30] test loss 0.6875344259398324 test acc 0.5970982142857143
[epoch:31] loss 0.5719471110237969 acc 0.6640625
[epoch:31] test loss 0.6861220598220825 test acc 0.5993303571428571
[epoch:32] loss 0.5660322904586792 acc 0.6467013888888888
[epoch:32] test loss 0.6885203974587577 test acc 0.609375
[epoch:33] loss 0.5734833280245463 acc 0.671875
[epoch:33] test loss 0.6889695184571403 test acc 0.5814732142857143
[epoch:34] loss 0.5577101707458496 acc 0.6701388888888888
[epoch:34] test loss 0.6915575436183384 test acc 0.5691964285714286
[epoch:35] loss 0.555630107720693 acc 0.6571180555555556
[epoch:35] test loss 0.691055417060852 test acc 0.5669642857142857
[epoch:36] loss 0.560707774427202 acc 0.65625
[epoch:36] test loss 0.6890624846730914 test acc 0.5959821428571429
[epoch:37] loss 0.5560391346613566 acc 0.6788194444444444
[epoch:37] test loss 0.6860378129141671 test acc 0.6071428571428571
[epoch:38] loss 0.5593676732646095 acc 0.6553819444444444
[epoch:38] test loss 0.6831795658384051 test acc 0.6171875
[epoch:39] loss 0.536561648050944 acc 0.6692708333333334
[epoch:39] test loss 0.6854073490415301 test acc 0.6350446428571429
Highest Test ACC : 0.6350446428571429
