nohup: ignoring input
/home/xiao/miniconda3/envs/torch/lib/python3.10/site-packages/torchvision/io/image.py:13: UserWarning: Failed to load image Python extension: /home/xiao/miniconda3/envs/torch/lib/python3.10/site-packages/torchvision/image.so: undefined symbol: _ZN5torch3jit17parseSchemaOrNameERKNSt7__cxx1112basic_stringIcSt11char_traitsIcESaIcEEE
  warn(f"Failed to load image Python extension: {e}")
/home/xiao/code/CS5242/CS5242/main_drop_flip.py:97: UserWarning: To copy construct from a tensor, it is recommended to use sourceTensor.clone().detach() or sourceTensor.clone().detach().requires_grad_(True), rather than torch.tensor(sourceTensor).
  one_gt=torch.tensor(one_gt,dtype=torch.float32)
[epoch:0] loss 0.6876363290680779 acc 0.5850694444444444
[epoch:0] test loss 0.7161449704851423 test acc 0.39955357142857145
[epoch:1] loss 0.6812450355953641 acc 0.5729166666666666
[epoch:1] test loss 0.7176999960626874 test acc 0.40736607142857145
[epoch:2] loss 0.6764791475401984 acc 0.6006944444444444
[epoch:2] test loss 0.722430808203561 test acc 0.4017857142857143
[epoch:3] loss 0.6737382411956787 acc 0.6059027777777778
[epoch:3] test loss 0.7280488695417132 test acc 0.4029017857142857
[epoch:4] loss 0.6719619366857741 acc 0.6041666666666666
[epoch:4] test loss 0.7364396112305778 test acc 0.39955357142857145
[epoch:5] loss 0.6704913775126139 acc 0.6032986111111112
[epoch:5] test loss 0.7452979683876038 test acc 0.4029017857142857
[epoch:6] loss 0.691412071386973 acc 0.5694444444444444
[epoch:6] test loss 0.7343443887574332 test acc 0.40401785714285715
[epoch:7] loss 0.6721309290991889 acc 0.6015625
[epoch:7] test loss 0.7278881243297032 test acc 0.4029017857142857
[epoch:8] loss 0.6721237036916945 acc 0.6024305555555556
[epoch:8] test loss 0.7309989418302264 test acc 0.40066964285714285
[epoch:9] loss 0.6689202653037177 acc 0.6076388888888888
[epoch:9] test loss 0.7380201305661883 test acc 0.40066964285714285
[epoch:10] loss 0.6671477622456021 acc 0.6067708333333334
[epoch:10] test loss 0.7437909756387983 test acc 0.40513392857142855
[epoch:11] loss 0.6832782559924655 acc 0.5868055555555556
[epoch:11] test loss 0.7398321969168526 test acc 0.40066964285714285
[epoch:12] loss 0.6683022909694247 acc 0.6032986111111112
[epoch:12] test loss 0.729754456451961 test acc 0.40625
[epoch:13] loss 0.6682806544833713 acc 0.6024305555555556
[epoch:13] test loss 0.7341196281569344 test acc 0.40401785714285715
[epoch:14] loss 0.6652684741550021 acc 0.6041666666666666
[epoch:14] test loss 0.740664507661547 test acc 0.40848214285714285
[epoch:15] loss 0.6618834336598715 acc 0.6050347222222222
[epoch:15] test loss 0.7476167508534023 test acc 0.40848214285714285
[epoch:16] loss 0.68372466829088 acc 0.5729166666666666
[epoch:16] test loss 0.7401643650872367 test acc 0.40736607142857145
[epoch:17] loss 0.6620045238071017 acc 0.6024305555555556
[epoch:17] test loss 0.7316438385418483 test acc 0.40066964285714285
[epoch:18] loss 0.6590945521990458 acc 0.6041666666666666
[epoch:18] test loss 0.7390540157045636 test acc 0.40401785714285715
[epoch:19] loss 0.6534602377149794 acc 0.6050347222222222
[epoch:19] test loss 0.7463600550379071 test acc 0.4029017857142857
[epoch:20] loss 0.647953556643592 acc 0.6024305555555556
[epoch:20] test loss 0.7517330050468445 test acc 0.40513392857142855
[epoch:21] loss 0.6799039045969645 acc 0.5763888888888888
[epoch:21] test loss 0.7344393985612052 test acc 0.40848214285714285
[epoch:22] loss 0.6442417701085409 acc 0.6024305555555556
[epoch:22] test loss 0.7294380409376962 test acc 0.40736607142857145
[epoch:23] loss 0.6301520930396186 acc 0.6076388888888888
[epoch:23] test loss 0.7429328986576625 test acc 0.3984375
[epoch:24] loss 0.6145803001191881 acc 0.6032986111111112
[epoch:24] test loss 0.7352055651800973 test acc 0.40625
[epoch:25] loss 0.5861911310089959 acc 0.6605902777777778
[epoch:25] test loss 0.6968531097684588 test acc 0.5022321428571429
[epoch:26] loss 0.7337954905298021 acc 0.5824652777777778
[epoch:26] test loss 0.7312639270509992 test acc 0.40513392857142855
[epoch:27] loss 0.6056236757172478 acc 0.6032986111111112
[epoch:27] test loss 0.727916249207088 test acc 0.40848214285714285
[epoch:28] loss 0.5895058181550767 acc 0.6171875
[epoch:28] test loss 0.7269131626401629 test acc 0.48325892857142855
[epoch:29] loss 0.5600880649354723 acc 0.6857638888888888
[epoch:29] test loss 0.6954825350216457 test acc 0.5502232142857143
[epoch:30] loss 0.5400132967366112 acc 0.7300347222222222
[epoch:30] test loss 0.7014858637537275 test acc 0.6183035714285714
[epoch:31] loss 0.7471673687299093 acc 0.5928819444444444
[epoch:31] test loss 0.7168187158448356 test acc 0.48660714285714285
[epoch:32] loss 0.571431941456265 acc 0.6197916666666666
[epoch:32] test loss 0.7365516339029584 test acc 0.40848214285714285
[epoch:33] loss 0.5616979334089491 acc 0.6380208333333334
[epoch:33] test loss 0.7358315927641732 test acc 0.46875
[epoch:34] loss 0.5404060350524055 acc 0.6953125
[epoch:34] test loss 0.7195607934679303 test acc 0.5669642857142857
[epoch:35] loss 0.5251584549744924 acc 0.7369791666666666
[epoch:35] test loss 0.702562757900783 test acc 0.6283482142857143
[epoch:36] loss 0.6271756622526381 acc 0.6189236111111112
[epoch:36] test loss 0.7891615629196167 test acc 0.48325892857142855
[epoch:37] loss 0.5237994127803378 acc 0.7352430555555556
[epoch:37] test loss 0.6921980806759426 test acc 0.6116071428571429
[epoch:38] loss 0.5159563786453671 acc 0.7447916666666666
[epoch:38] test loss 0.753192160810743 test acc 0.5881696428571429
[epoch:39] loss 0.4962250656551785 acc 0.7491319444444444
[epoch:39] test loss 0.6944875035967145 test acc 0.6026785714285714
Highest Test ACC : 0.6283482142857143
