nohup: ignoring input
/home/xiao/miniconda3/envs/torch/lib/python3.10/site-packages/torchvision/io/image.py:13: UserWarning: Failed to load image Python extension: /home/xiao/miniconda3/envs/torch/lib/python3.10/site-packages/torchvision/image.so: undefined symbol: _ZN5torch3jit17parseSchemaOrNameERKNSt7__cxx1112basic_stringIcSt11char_traitsIcESaIcEEE
  warn(f"Failed to load image Python extension: {e}")
[epoch:0] loss 0.6744171492755413 acc 0.5732421875
[epoch:0] test loss 0.757959463766643 test acc 0.4029017857142857
[epoch:1] loss 0.6408584974706173 acc 0.609375
[epoch:1] test loss 0.7117664303098407 test acc 0.44308035714285715
[epoch:2] loss 0.6077951677143574 acc 0.6982421875
[epoch:2] test loss 0.6921745325837817 test acc 0.5379464285714286
[epoch:3] loss 0.5779061391949654 acc 0.7421875
[epoch:3] test loss 0.6698677241802216 test acc 0.6205357142857143
[epoch:4] loss 0.5550396256148815 acc 0.767578125
[epoch:4] test loss 0.694076384816851 test acc 0.5904017857142857
[epoch:5] loss 0.5317858085036278 acc 0.791015625
[epoch:5] test loss 0.6771321977887835 test acc 0.6015625
[epoch:6] loss 0.5148174148052931 acc 0.8125
[epoch:6] test loss 0.7100634830338615 test acc 0.5926339285714286
[epoch:7] loss 0.49557748436927795 acc 0.8330078125
[epoch:7] test loss 0.70817460332598 test acc 0.5881696428571429
[epoch:8] loss 0.4779529646039009 acc 0.8505859375
[epoch:8] test loss 0.7053070664405823 test acc 0.5758928571428571
[epoch:9] loss 0.4608226902782917 acc 0.8603515625
[epoch:9] test loss 0.7483144743101937 test acc 0.5368303571428571
[epoch:10] loss 0.4480944946408272 acc 0.8759765625
[epoch:10] test loss 0.7532308569976262 test acc 0.49888392857142855
[epoch:11] loss 0.436631778255105 acc 0.892578125
[epoch:11] test loss 0.7846488697188241 test acc 0.4888392857142857
[epoch:12] loss 0.4197011701762676 acc 0.9052734375
[epoch:12] test loss 0.7393999184880938 test acc 0.5334821428571429
[epoch:13] loss 0.41185993887484074 acc 0.9130859375
[epoch:13] test loss 0.7808284674371991 test acc 0.5033482142857143
[epoch:14] loss 0.410474069416523 acc 0.91015625
[epoch:14] test loss 0.7551855828080859 test acc 0.5122767857142857
[epoch:15] loss 0.39957972429692745 acc 0.923828125
[epoch:15] test loss 0.7654684867177691 test acc 0.5111607142857143
[epoch:16] loss 0.39246273785829544 acc 0.9326171875
[epoch:16] test loss 0.7742242429937635 test acc 0.49888392857142855
[epoch:17] loss 0.3891169223934412 acc 0.9345703125
[epoch:17] test loss 0.769813175712313 test acc 0.5
[epoch:18] loss 0.3829568810760975 acc 0.935546875
[epoch:18] test loss 0.7651014115129199 test acc 0.5089285714285714
[epoch:19] loss 0.38075441867113113 acc 0.9404296875
[epoch:19] test loss 0.7526748989309583 test acc 0.5267857142857143
[epoch:20] loss 0.377185819670558 acc 0.9453125
[epoch:20] test loss 0.7458831710474831 test acc 0.5323660714285714
[epoch:21] loss 0.3661046177148819 acc 0.9560546875
[epoch:21] test loss 0.7745367586612701 test acc 0.5133928571428571
[epoch:22] loss 0.3679396603256464 acc 0.9541015625
[epoch:22] test loss 0.7614456117153168 test acc 0.5234375
[epoch:23] loss 0.3717780578881502 acc 0.9462890625
[epoch:23] test loss 0.7591938674449921 test acc 0.5245535714285714
[epoch:24] loss 0.3611483480781317 acc 0.9580078125
[epoch:24] test loss 0.7663996858256203 test acc 0.5122767857142857
[epoch:25] loss 0.36679860204458237 acc 0.9501953125
[epoch:25] test loss 0.7637891258512225 test acc 0.5100446428571429
[epoch:26] loss 0.36093262396752834 acc 0.95703125
[epoch:26] test loss 0.744501667363303 test acc 0.5457589285714286
[epoch:27] loss 0.3595894481986761 acc 0.9599609375
[epoch:27] test loss 0.804816016129085 test acc 0.47098214285714285
[epoch:28] loss 0.3584043700248003 acc 0.958984375
[epoch:28] test loss 0.736696835075106 test acc 0.5446428571428571
[epoch:29] loss 0.35280741751194 acc 0.96875
[epoch:29] test loss 0.7528586983680725 test acc 0.5223214285714286
[epoch:30] loss 0.3592276871204376 acc 0.9599609375
[epoch:30] test loss 0.7689995808260781 test acc 0.5178571428571429
[epoch:31] loss 0.353592112660408 acc 0.9658203125
[epoch:31] test loss 0.7600283665316445 test acc 0.5323660714285714
[epoch:32] loss 0.3514314740896225 acc 0.9658203125
[epoch:32] test loss 0.7338851264544896 test acc 0.5647321428571429
[epoch:33] loss 0.3491167314350605 acc 0.96875
[epoch:33] test loss 0.7352142333984375 test acc 0.546875
[epoch:34] loss 0.34881732054054737 acc 0.96875
[epoch:34] test loss 0.7956740174974714 test acc 0.47767857142857145
[epoch:35] loss 0.3519449979066849 acc 0.9658203125
[epoch:35] test loss 0.8169725409575871 test acc 0.46875
[epoch:36] loss 0.3546281959861517 acc 0.9609375
[epoch:36] test loss 0.7765939405986241 test acc 0.5212053571428571
[epoch:37] loss 0.3410805370658636 acc 0.978515625
[epoch:37] test loss 0.6969811746052333 test acc 0.5904017857142857
[epoch:38] loss 0.3438324276357889 acc 0.974609375
[epoch:38] test loss 0.6959607473441533 test acc 0.5993303571428571
[epoch:39] loss 0.33925096318125725 acc 0.9794921875
[epoch:39] test loss 0.7282901193414416 test acc 0.5714285714285714
