nohup: ignoring input
/home/xiao/miniconda3/envs/torch/lib/python3.10/site-packages/torchvision/io/image.py:13: UserWarning: Failed to load image Python extension: /home/xiao/miniconda3/envs/torch/lib/python3.10/site-packages/torchvision/image.so: undefined symbol: _ZN5torch3jit17parseSchemaOrNameERKNSt7__cxx1112basic_stringIcSt11char_traitsIcESaIcEEE
  warn(f"Failed to load image Python extension: {e}")
[epoch:0] loss 0.6783194057643414 acc 0.5859375
[epoch:0] test loss 0.755284526518413 test acc 0.40401785714285715
[epoch:1] loss 0.6603932939469814 acc 0.6025390625
[epoch:1] test loss 0.7491741095270429 test acc 0.4017857142857143
[epoch:2] loss 0.6389192305505276 acc 0.6103515625
[epoch:2] test loss 0.725436099937984 test acc 0.39732142857142855
[epoch:3] loss 0.6123863495886326 acc 0.669921875
[epoch:3] test loss 0.696525228875024 test acc 0.46763392857142855
[epoch:4] loss 0.5830556005239487 acc 0.732421875
[epoch:4] test loss 0.6474210577351707 test acc 0.6473214285714286
[epoch:5] loss 0.554865799844265 acc 0.791015625
[epoch:5] test loss 0.7060357715402331 test acc 0.5546875
[epoch:6] loss 0.5206555891782045 acc 0.82421875
[epoch:6] test loss 0.6704393710408892 test acc 0.5993303571428571
[epoch:7] loss 0.49768183939158916 acc 0.8447265625
[epoch:7] test loss 0.6658066851752145 test acc 0.6071428571428571
[epoch:8] loss 0.47692831978201866 acc 0.85546875
[epoch:8] test loss 0.6726351678371429 test acc 0.6071428571428571
[epoch:9] loss 0.45526813715696335 acc 0.8828125
[epoch:9] test loss 0.6879265265805381 test acc 0.5736607142857143
[epoch:10] loss 0.4264932330697775 acc 0.912109375
[epoch:10] test loss 0.6686671929700034 test acc 0.6037946428571429
[epoch:11] loss 0.4301841240376234 acc 0.904296875
[epoch:11] test loss 0.6844548157283238 test acc 0.5982142857142857
[epoch:12] loss 0.4095911104232073 acc 0.923828125
[epoch:12] test loss 0.6949407841478076 test acc 0.5625
[epoch:13] loss 0.4034132640808821 acc 0.919921875
[epoch:13] test loss 0.6954438601221357 test acc 0.5636160714285714
[epoch:14] loss 0.39794359542429447 acc 0.9267578125
[epoch:14] test loss 0.6935514552252633 test acc 0.5982142857142857
[epoch:15] loss 0.38467821665108204 acc 0.9462890625
[epoch:15] test loss 0.7197217089789254 test acc 0.5424107142857143
[epoch:16] loss 0.3817679639905691 acc 0.951171875
[epoch:16] test loss 0.7129964743341718 test acc 0.5491071428571429
[epoch:17] loss 0.3781738318502903 acc 0.951171875
[epoch:17] test loss 0.6985227848802295 test acc 0.5848214285714286
[epoch:18] loss 0.37008840404450893 acc 0.958984375
[epoch:18] test loss 0.6949752994946071 test acc 0.5970982142857143
[epoch:19] loss 0.37056146562099457 acc 0.951171875
[epoch:19] test loss 0.7208309343882969 test acc 0.5513392857142857
[epoch:20] loss 0.37274220399558544 acc 0.9541015625
[epoch:20] test loss 0.7252629058701652 test acc 0.5569196428571429
[epoch:21] loss 0.3648570328950882 acc 0.9599609375
[epoch:21] test loss 0.7134964891842434 test acc 0.5770089285714286
[epoch:22] loss 0.3626568056643009 acc 0.9609375
[epoch:22] test loss 0.707222044467926 test acc 0.578125
[epoch:23] loss 0.3510736096650362 acc 0.9697265625
[epoch:23] test loss 0.7486921548843384 test acc 0.5290178571428571
[epoch:24] loss 0.355558592826128 acc 0.96484375
[epoch:24] test loss 0.7436552728925433 test acc 0.5323660714285714
[epoch:25] loss 0.3542811628431082 acc 0.96875
[epoch:25] test loss 0.7196015460150582 test acc 0.5569196428571429
[epoch:26] loss 0.3489484693855047 acc 0.97265625
[epoch:26] test loss 0.7291809363024575 test acc 0.5546875
[epoch:27] loss 0.349067160859704 acc 0.97265625
[epoch:27] test loss 0.7265393648828778 test acc 0.5535714285714286
[epoch:28] loss 0.34830369614064693 acc 0.97265625
[epoch:28] test loss 0.7397197825568063 test acc 0.5390625
[epoch:29] loss 0.34549207240343094 acc 0.974609375
[epoch:29] test loss 0.7336172887257167 test acc 0.5457589285714286
[epoch:30] loss 0.3450920507311821 acc 0.974609375
[epoch:30] test loss 0.7258632140500205 test acc 0.5479910714285714
[epoch:31] loss 0.34179826080799103 acc 0.978515625
[epoch:31] test loss 0.7120778688362667 test acc 0.5625
[epoch:32] loss 0.3425601478666067 acc 0.9765625
[epoch:32] test loss 0.7059886881283352 test acc 0.5647321428571429
[epoch:33] loss 0.3425134550780058 acc 0.9765625
[epoch:33] test loss 0.7089933242116656 test acc 0.5625
[epoch:34] loss 0.3405777867883444 acc 0.9775390625
[epoch:34] test loss 0.7276196564946856 test acc 0.5457589285714286
[epoch:35] loss 0.3407119754701853 acc 0.9794921875
[epoch:35] test loss 0.7146955217633929 test acc 0.5680803571428571
[epoch:36] loss 0.3373790755867958 acc 0.982421875
[epoch:36] test loss 0.7116923757961818 test acc 0.5680803571428571
[epoch:37] loss 0.33748973347246647 acc 0.9814453125
[epoch:37] test loss 0.6807189839226859 test acc 0.6227678571428571
[epoch:38] loss 0.33793525770306587 acc 0.9794921875
[epoch:38] test loss 0.6941242984363011 test acc 0.5870535714285714
[epoch:39] loss 0.33565129339694977 acc 0.9814453125
[epoch:39] test loss 0.7190481424331665 test acc 0.5569196428571429
