nohup: ignoring input
/home/xiao/miniconda3/envs/torch/lib/python3.10/site-packages/torchvision/io/image.py:13: UserWarning: Failed to load image Python extension: /home/xiao/miniconda3/envs/torch/lib/python3.10/site-packages/torchvision/image.so: undefined symbol: _ZN5torch3jit17parseSchemaOrNameERKNSt7__cxx1112basic_stringIcSt11char_traitsIcESaIcEEE
  warn(f"Failed to load image Python extension: {e}")
[epoch:0] loss 0.6516308328684639 acc 0.6206244087038789
[epoch:0] test loss 0.7061884423782085 test acc 0.40625
[epoch:1] loss 0.568033779368681 acc 0.78240302743614
[epoch:2] loss 0.49816817834096794 acc 0.8344370860927153
[epoch:3] loss 0.4720994970377754 acc 0.8751182592242195
[epoch:4] loss 0.4538289676694309 acc 0.8845789971617786
[epoch:5] loss 0.4249393817256479 acc 0.8997161778618732
[epoch:5] test loss 0.6988823290528923 test acc 0.5797413793103449
[epoch:6] loss 0.4059281664736131 acc 0.9195837275307474
[epoch:7] loss 0.39423967021353107 acc 0.934720908230842
[epoch:8] loss 0.38783538692137776 acc 0.9413434247871334
[epoch:9] loss 0.3798295846756767 acc 0.945127719962157
[epoch:10] loss 0.37109961316866036 acc 0.9526963103122044
[epoch:10] test loss 0.7222260421720045 test acc 0.5668103448275862
[epoch:11] loss 0.36413704297121835 acc 0.956480605487228
[epoch:12] loss 0.37905164588900175 acc 0.967833491012299
[epoch:13] loss 0.3790803420193055 acc 0.9394512771996215
[epoch:14] loss 0.34792103311594796 acc 0.9763481551561022
[epoch:15] loss 0.3430323776076822 acc 0.9801324503311258
[epoch:15] test loss 0.723714033077503 test acc 0.5678879310344828
[epoch:16] loss 0.3409753082429661 acc 0.9820245979186376
[epoch:17] loss 0.3384646335068871 acc 0.9820245979186376
[epoch:18] loss 0.336444468182676 acc 0.9829706717123936
[epoch:19] loss 0.3346899248221341 acc 0.9839167455061495
[epoch:20] loss 0.33356215848642234 acc 0.9839167455061495
[epoch:20] test loss 0.7340924226004502 test acc 0.5668103448275862
[epoch:21] loss 0.33375075897749734 acc 0.9839167455061495
[epoch:22] loss 0.332158410373856 acc 0.9839167455061495
[epoch:23] loss 0.3315327342818765 acc 0.9848628192999054
[epoch:24] loss 0.3308560260955025 acc 0.9858088930936613
[epoch:25] loss 0.3302321285009384 acc 0.9858088930936613
[epoch:25] test loss 0.7082503602422517 test acc 0.5883620689655172
[epoch:26] loss 0.32973431401392994 acc 0.9858088930936613
[epoch:27] loss 0.3293503093368867 acc 0.9858088930936613
[epoch:28] loss 0.3577561238232781 acc 0.9858088930936613
[epoch:29] loss 0.3293486509252997 acc 0.9858088930936613
[epoch:30] loss 0.32881713790052075 acc 0.9858088930936613
[epoch:30] test loss 0.7148988061937792 test acc 0.5872844827586207
[epoch:31] loss 0.3282058011083042 acc 0.9867549668874173
[epoch:32] loss 0.32798367212800417 acc 0.9867549668874173
[epoch:33] loss 0.327777715290294 acc 0.9867549668874173
[epoch:34] loss 0.32764236629009247 acc 0.9867549668874173
[epoch:35] loss 0.3275507416795282 acc 0.9867549668874173
[epoch:35] test loss 0.7177880118633139 test acc 0.5808189655172413
[epoch:36] loss 0.3273822148056591 acc 0.9867549668874173
[epoch:37] loss 0.32721706172999215 acc 0.9867549668874173
[epoch:38] loss 0.3270723697017221 acc 0.9877010406811731
[epoch:38] test loss 0.7220458121135317 test acc 0.5754310344827587
[epoch:39] loss 0.3265127899015651 acc 0.9877010406811731
[epoch:39] test loss 0.73103470226814 test acc 0.5635775862068966
