nohup: ignoring input
/home/xiao/miniconda3/envs/torch/lib/python3.10/site-packages/torchvision/io/image.py:13: UserWarning: Failed to load image Python extension: /home/xiao/miniconda3/envs/torch/lib/python3.10/site-packages/torchvision/image.so: undefined symbol: _ZN5torch3jit17parseSchemaOrNameERKNSt7__cxx1112basic_stringIcSt11char_traitsIcESaIcEEE
  warn(f"Failed to load image Python extension: {e}")
[epoch:0] loss 0.6743746064603329 acc 0.6083984375
[epoch:0] test loss 0.7456157122339521 test acc 0.4029017857142857
[epoch:1] loss 0.6439438685774803 acc 0.625
[epoch:1] test loss 0.689096178327288 test acc 0.4888392857142857
[epoch:2] loss 0.605475977063179 acc 0.7119140625
[epoch:2] test loss 0.6656465360096523 test acc 0.6294642857142857
[epoch:3] loss 0.5701311379671097 acc 0.75390625
[epoch:3] test loss 0.6441320053168705 test acc 0.6662946428571429
[epoch:4] loss 0.5413735769689083 acc 0.78515625
[epoch:4] test loss 0.6929358414241246 test acc 0.5647321428571429
[epoch:5] loss 0.5329711847007275 acc 0.7900390625
[epoch:5] test loss 0.6947128346988133 test acc 0.5837053571428571
[epoch:6] loss 0.5126000791788101 acc 0.8125
[epoch:6] test loss 0.6382049662726266 test acc 0.6595982142857143
[epoch:7] loss 0.48968336917459965 acc 0.8271484375
[epoch:7] test loss 0.6568781307765416 test acc 0.6294642857142857
[epoch:8] loss 0.47671254724264145 acc 0.849609375
[epoch:8] test loss 0.65623625261443 test acc 0.6205357142857143
[epoch:9] loss 0.4644632488489151 acc 0.857421875
[epoch:9] test loss 0.6711840970175607 test acc 0.625
[epoch:10] loss 0.44702231511473656 acc 0.8828125
[epoch:10] test loss 0.680842467716762 test acc 0.5926339285714286
[epoch:11] loss 0.4455397855490446 acc 0.87890625
[epoch:11] test loss 0.6776095628738403 test acc 0.59375
[epoch:12] loss 0.4315181765705347 acc 0.8984375
[epoch:12] test loss 0.7071641342980521 test acc 0.6004464285714286
[epoch:13] loss 0.4186827391386032 acc 0.904296875
[epoch:13] test loss 0.7324633130005428 test acc 0.5401785714285714
[epoch:14] loss 0.4099302925169468 acc 0.91796875
[epoch:14] test loss 0.7035710215568542 test acc 0.5959821428571429
[epoch:15] loss 0.40480223298072815 acc 0.9208984375
[epoch:15] test loss 0.7196233655725207 test acc 0.5558035714285714
[epoch:16] loss 0.39628221094608307 acc 0.9296875
[epoch:16] test loss 0.7256942135947091 test acc 0.5535714285714286
[epoch:17] loss 0.39146301709115505 acc 0.9365234375
[epoch:17] test loss 0.7175052378858838 test acc 0.5848214285714286
[epoch:18] loss 0.39179741963744164 acc 0.9287109375
[epoch:18] test loss 0.7188835569790432 test acc 0.5814732142857143
[epoch:19] loss 0.37978135980665684 acc 0.9453125
[epoch:19] test loss 0.7196996978351048 test acc 0.5669642857142857
[epoch:20] loss 0.37543548084795475 acc 0.94921875
[epoch:20] test loss 0.7306010637964521 test acc 0.5401785714285714
[epoch:21] loss 0.3763130307197571 acc 0.9404296875
[epoch:21] test loss 0.71676304936409 test acc 0.5714285714285714
[epoch:22] loss 0.37348384223878384 acc 0.955078125
[epoch:22] test loss 0.7158724239894322 test acc 0.5792410714285714
[epoch:23] loss 0.37843284755945206 acc 0.939453125
[epoch:23] test loss 0.7246609968798501 test acc 0.5513392857142857
[epoch:24] loss 0.36888933181762695 acc 0.951171875
[epoch:24] test loss 0.726925470999309 test acc 0.5457589285714286
[epoch:25] loss 0.362919669598341 acc 0.9580078125
[epoch:25] test loss 0.7081033502306256 test acc 0.5870535714285714
[epoch:26] loss 0.3584773950278759 acc 0.9599609375
[epoch:26] test loss 0.7136937464986529 test acc 0.5680803571428571
[epoch:27] loss 0.3579033110290766 acc 0.9658203125
[epoch:27] test loss 0.6929294679846082 test acc 0.6149553571428571
[epoch:28] loss 0.3608413301408291 acc 0.9599609375
[epoch:28] test loss 0.6900481241089957 test acc 0.6082589285714286
[epoch:29] loss 0.3592173866927624 acc 0.955078125
[epoch:29] test loss 0.7152307459286281 test acc 0.5591517857142857
[epoch:30] loss 0.3572377357631922 acc 0.9619140625
[epoch:30] test loss 0.7506862793649945 test acc 0.5234375
[epoch:31] loss 0.3560934215784073 acc 0.966796875
[epoch:31] test loss 0.7318124983991895 test acc 0.5558035714285714
[epoch:32] loss 0.3501491043716669 acc 0.96875
[epoch:32] test loss 0.7026877956730979 test acc 0.5770089285714286
[epoch:33] loss 0.3526568301022053 acc 0.9677734375
[epoch:33] test loss 0.6783713017191205 test acc 0.6216517857142857
[epoch:34] loss 0.3487702552229166 acc 0.96875
[epoch:34] test loss 0.6674504024641854 test acc 0.6272321428571429
[epoch:35] loss 0.34945051930844784 acc 0.970703125
[epoch:35] test loss 0.664830186537334 test acc 0.6294642857142857
[epoch:36] loss 0.3482530154287815 acc 0.9697265625
[epoch:36] test loss 0.6858587179865155 test acc 0.5837053571428571
[epoch:37] loss 0.3482562191784382 acc 0.9677734375
[epoch:37] test loss 0.6955313427107674 test acc 0.5870535714285714
[epoch:38] loss 0.34456262923777103 acc 0.9755859375
[epoch:38] test loss 0.6531576343945095 test acc 0.6473214285714286
[epoch:39] loss 0.3430745881050825 acc 0.974609375
[epoch:39] test loss 0.6677973312991006 test acc 0.640625
