nohup: ignoring input
/home/xiao/miniconda3/envs/torch/lib/python3.10/site-packages/torchvision/io/image.py:13: UserWarning: Failed to load image Python extension: /home/xiao/miniconda3/envs/torch/lib/python3.10/site-packages/torchvision/image.so: undefined symbol: _ZN5torch3jit17parseSchemaOrNameERKNSt7__cxx1112basic_stringIcSt11char_traitsIcESaIcEEE
  warn(f"Failed to load image Python extension: {e}")
[epoch:0] loss 0.640843540430069 acc 0.6508987701040682
[epoch:0] test loss 0.6747975801599437 test acc 0.5431034482758621
[epoch:1] loss 0.5583222920403761 acc 0.7644276253547777
[epoch:2] loss 0.5096901085446862 acc 0.8136234626300851
[epoch:3] loss 0.48236965870156007 acc 0.847682119205298
[epoch:4] loss 0.44612960429752574 acc 0.8779564806054873
[epoch:5] loss 0.4231596729334663 acc 0.9063386944181646
[epoch:5] test loss 0.7261906738938957 test acc 0.5323275862068966
[epoch:6] loss 0.4051526863785351 acc 0.9205298013245033
[epoch:7] loss 0.39178520879324746 acc 0.935666982024598
[epoch:8] loss 0.3844254796995836 acc 0.9375591296121097
[epoch:9] loss 0.37580159569487853 acc 0.9470198675496688
[epoch:10] loss 0.37127656796399283 acc 0.9517502365184485
[epoch:10] test loss 0.7650868974882981 test acc 0.5021551724137931
[epoch:11] loss 0.3627474290483138 acc 0.9574266792809839
[epoch:12] loss 0.3575778875280829 acc 0.9631031220435194
[epoch:13] loss 0.3531586001901066 acc 0.9659413434247871
[epoch:14] loss 0.35009533517500935 acc 0.9668874172185431
[epoch:15] loss 0.34515906782711253 acc 0.9725638599810785
[epoch:15] test loss 0.7910416249571175 test acc 0.47844827586206895
[epoch:16] loss 0.34172764771124897 acc 0.9772942289498581
[epoch:17] loss 0.33963045916136575 acc 0.9801324503311258
[epoch:18] loss 0.34035416122745066 acc 0.97918637653737
[epoch:19] loss 0.33836113705354576 acc 0.9810785241248817
[epoch:20] loss 0.33227065819151264 acc 0.9829706717123936
[epoch:20] test loss 0.7609621779672031 test acc 0.5118534482758621
[epoch:21] loss 0.3323083616354886 acc 0.9839167455061495
[epoch:22] loss 0.3311377325478722 acc 0.9839167455061495
[epoch:23] loss 0.33059506030643687 acc 0.9839167455061495
[epoch:24] loss 0.3294987547046998 acc 0.9848628192999054
[epoch:25] loss 0.3286973106510499 acc 0.9858088930936613
[epoch:25] test loss 0.7580336393981144 test acc 0.5398706896551724
[epoch:26] loss 0.3290855709244223 acc 0.9858088930936613
[epoch:27] loss 0.331427383072236 acc 0.9848628192999054
[epoch:28] loss 0.328252152485006 acc 0.9858088930936613
[epoch:29] loss 0.327247233951793 acc 0.9867549668874173
[epoch:30] loss 0.3268689390491037 acc 0.9867549668874173
[epoch:30] test loss 0.733697718587415 test acc 0.5452586206896551
[epoch:31] loss 0.32740408182144165 acc 0.9858088930936613
[epoch:32] loss 0.32725177004056816 acc 0.9867549668874173
[epoch:33] loss 0.3267802438315223 acc 0.9867549668874173
[epoch:34] loss 0.327120560057023 acc 0.9877010406811731
[epoch:35] loss 0.3264671204721226 acc 0.9867549668874173
[epoch:35] test loss 0.7415721971413185 test acc 0.5506465517241379
[epoch:36] loss 0.3256096743485507 acc 0.988647114474929
[epoch:37] loss 0.3289091955212986 acc 0.9858088930936613
[epoch:38] loss 0.3256037077483009 acc 0.988647114474929
[epoch:38] test loss 0.7552003613833723 test acc 0.5366379310344828
[epoch:39] loss 0.3252741869758157 acc 0.9877010406811731
[epoch:39] test loss 0.7895497741370365 test acc 0.509698275862069
