nohup: ignoring input
/home/xiao/miniconda3/envs/torch/lib/python3.10/site-packages/torchvision/io/image.py:13: UserWarning: Failed to load image Python extension: /home/xiao/miniconda3/envs/torch/lib/python3.10/site-packages/torchvision/image.so: undefined symbol: _ZN5torch3jit17parseSchemaOrNameERKNSt7__cxx1112basic_stringIcSt11char_traitsIcESaIcEEE
  warn(f"Failed to load image Python extension: {e}")
[epoch:0] loss 0.6471072658896446 acc 0.6416015625
[epoch:0] test loss 0.7007347132478442 test acc 0.46205357142857145
[epoch:1] loss 0.5899034515023232 acc 0.728515625
[epoch:1] test loss 0.6590274018900735 test acc 0.6227678571428571
[epoch:2] loss 0.5528973378241062 acc 0.7890625
[epoch:2] test loss 0.6814241664750236 test acc 0.5859375
[epoch:3] loss 0.524926945567131 acc 0.81640625
[epoch:3] test loss 0.6986044006688255 test acc 0.5736607142857143
[epoch:4] loss 0.494649326428771 acc 0.8525390625
[epoch:4] test loss 0.712884226015636 test acc 0.5580357142857143
[epoch:5] loss 0.4725687801837921 acc 0.865234375
[epoch:5] test loss 0.7296850638730186 test acc 0.5345982142857143
[epoch:6] loss 0.44581879302859306 acc 0.896484375
[epoch:6] test loss 0.7268389420849937 test acc 0.5457589285714286
[epoch:7] loss 0.4186216648668051 acc 0.9296875
[epoch:7] test loss 0.7067492135933467 test acc 0.5647321428571429
[epoch:8] loss 0.39722320064902306 acc 0.9482421875
[epoch:8] test loss 0.6931849207196917 test acc 0.5825892857142857
[epoch:9] loss 0.3863093666732311 acc 0.9541015625
[epoch:9] test loss 0.7230148187705449 test acc 0.5390625
[epoch:10] loss 0.371839402243495 acc 0.96484375
[epoch:10] test loss 0.6866006297724587 test acc 0.5926339285714286
[epoch:11] loss 0.36322126910090446 acc 0.9716796875
[epoch:11] test loss 0.6935833692550659 test acc 0.5870535714285714
[epoch:12] loss 0.35812527500092983 acc 0.974609375
[epoch:12] test loss 0.7022680299622672 test acc 0.5881696428571429
[epoch:13] loss 0.35583760030567646 acc 0.970703125
[epoch:13] test loss 0.6906233515058245 test acc 0.5881696428571429
[epoch:14] loss 0.34952364303171635 acc 0.9794921875
[epoch:14] test loss 0.6728236334664481 test acc 0.6026785714285714
[epoch:15] loss 0.3465552181005478 acc 0.98046875
[epoch:15] test loss 0.7114740567547935 test acc 0.578125
[epoch:16] loss 0.34118587896227837 acc 0.984375
[epoch:16] test loss 0.6928879831518445 test acc 0.5915178571428571
[epoch:17] loss 0.34108158200979233 acc 0.9853515625
[epoch:17] test loss 0.7223659200327737 test acc 0.5535714285714286
[epoch:18] loss 0.3380738329142332 acc 0.9853515625
[epoch:18] test loss 0.6935404368809291 test acc 0.5959821428571429
[epoch:19] loss 0.3371629472821951 acc 0.984375
[epoch:19] test loss 0.7022804021835327 test acc 0.5948660714285714
[epoch:20] loss 0.3341469168663025 acc 0.98828125
[epoch:20] test loss 0.7078061103820801 test acc 0.5792410714285714
[epoch:21] loss 0.33332659304142 acc 0.98828125
[epoch:21] test loss 0.7232991244111743 test acc 0.5580357142857143
[epoch:22] loss 0.3319085165858269 acc 0.98828125
[epoch:22] test loss 0.7220283491270882 test acc 0.5703125
[epoch:23] loss 0.33249316550791264 acc 0.986328125
[epoch:23] test loss 0.7116168737411499 test acc 0.5714285714285714
[epoch:24] loss 0.33007511496543884 acc 0.9892578125
[epoch:24] test loss 0.710407052721296 test acc 0.5881696428571429
[epoch:25] loss 0.3292354289442301 acc 0.9892578125
[epoch:25] test loss 0.701699606009892 test acc 0.5959821428571429
[epoch:26] loss 0.32914100401103497 acc 0.9892578125
[epoch:26] test loss 0.7078639183725629 test acc 0.5747767857142857
[epoch:27] loss 0.3289745543152094 acc 0.9892578125
[epoch:27] test loss 0.7214451815400805 test acc 0.5680803571428571
[epoch:28] loss 0.3282786011695862 acc 0.9892578125
[epoch:28] test loss 0.7132950638021741 test acc 0.5725446428571429
[epoch:29] loss 0.3283040877431631 acc 0.990234375
[epoch:29] test loss 0.7019729231085096 test acc 0.5892857142857143
[epoch:30] loss 0.3261946104466915 acc 0.9912109375
[epoch:30] test loss 0.6910073161125183 test acc 0.6004464285714286
[epoch:31] loss 0.32523684203624725 acc 0.9912109375
[epoch:31] test loss 0.7039992681571415 test acc 0.5959821428571429
[epoch:32] loss 0.3252303209155798 acc 0.9912109375
[epoch:32] test loss 0.7083684461457389 test acc 0.5892857142857143
[epoch:33] loss 0.3238142151385546 acc 0.9931640625
[epoch:33] test loss 0.7015455194881984 test acc 0.5959821428571429
[epoch:34] loss 0.32358323596417904 acc 0.9931640625
[epoch:34] test loss 0.7045951059886387 test acc 0.5870535714285714
[epoch:35] loss 0.32411364652216434 acc 0.9921875
[epoch:35] test loss 0.7031501446451459 test acc 0.5915178571428571
[epoch:36] loss 0.32321986742317677 acc 0.994140625
[epoch:36] test loss 0.7147869850908007 test acc 0.5736607142857143
[epoch:37] loss 0.32358338311314583 acc 0.9931640625
[epoch:37] test loss 0.699919581413269 test acc 0.59375
[epoch:38] loss 0.32213443145155907 acc 0.9931640625
[epoch:38] test loss 0.7019319065979549 test acc 0.5970982142857143
[epoch:39] loss 0.32210347428917885 acc 0.9931640625
[epoch:39] test loss 0.7043033369949886 test acc 0.5859375
