nohup: ignoring input
/home/xiao/miniconda3/envs/torch/lib/python3.10/site-packages/torchvision/io/image.py:13: UserWarning: Failed to load image Python extension: /home/xiao/miniconda3/envs/torch/lib/python3.10/site-packages/torchvision/image.so: undefined symbol: _ZN5torch3jit17parseSchemaOrNameERKNSt7__cxx1112basic_stringIcSt11char_traitsIcESaIcEEE
  warn(f"Failed to load image Python extension: {e}")
[epoch:0] loss 0.6755519323050976 acc 0.603515625
[epoch:0] test loss 0.7439577153750828 test acc 0.40848214285714285
[epoch:1] loss 0.6542319245636463 acc 0.603515625
[epoch:1] test loss 0.7100685153688703 test acc 0.41183035714285715
[epoch:2] loss 0.6223153807222843 acc 0.6787109375
[epoch:2] test loss 0.7003078077520642 test acc 0.47879464285714285
[epoch:3] loss 0.5819471478462219 acc 0.7509765625
[epoch:3] test loss 0.6892762397016797 test acc 0.5446428571428571
[epoch:4] loss 0.5501887202262878 acc 0.7822265625
[epoch:4] test loss 0.7039317786693573 test acc 0.5345982142857143
[epoch:5] loss 0.5171350874006748 acc 0.8154296875
[epoch:5] test loss 0.6976886732237679 test acc 0.5658482142857143
[epoch:6] loss 0.49769401922822 acc 0.828125
[epoch:6] test loss 0.6958538293838501 test acc 0.5881696428571429
[epoch:7] loss 0.47685148008167744 acc 0.8564453125
[epoch:7] test loss 0.7200185699122292 test acc 0.5647321428571429
[epoch:8] loss 0.4581004735082388 acc 0.8740234375
[epoch:8] test loss 0.7716253740446908 test acc 0.49776785714285715
[epoch:9] loss 0.44882605969905853 acc 0.873046875
[epoch:9] test loss 0.7372764008385795 test acc 0.5546875
[epoch:10] loss 0.4326830245554447 acc 0.892578125
[epoch:10] test loss 0.7570760548114777 test acc 0.5457589285714286
[epoch:11] loss 0.42448381893336773 acc 0.904296875
[epoch:11] test loss 0.751040871654238 test acc 0.546875
[epoch:12] loss 0.42314315773546696 acc 0.9033203125
[epoch:12] test loss 0.7799083420208522 test acc 0.48325892857142855
[epoch:13] loss 0.4099638182669878 acc 0.9150390625
[epoch:13] test loss 0.7513511904648372 test acc 0.5491071428571429
[epoch:14] loss 0.4035012871026993 acc 0.9208984375
[epoch:14] test loss 0.7444597780704498 test acc 0.5479910714285714
[epoch:15] loss 0.39759913831949234 acc 0.9248046875
[epoch:15] test loss 0.758477760212762 test acc 0.5502232142857143
[epoch:16] loss 0.3981016129255295 acc 0.923828125
[epoch:16] test loss 0.777151882648468 test acc 0.5022321428571429
[epoch:17] loss 0.39615357480943203 acc 0.9248046875
[epoch:17] test loss 0.7872439708028521 test acc 0.4888392857142857
[epoch:18] loss 0.38234963454306126 acc 0.943359375
[epoch:18] test loss 0.7730021689619336 test acc 0.5133928571428571
[epoch:19] loss 0.3816862665116787 acc 0.9404296875
[epoch:19] test loss 0.7896077590329307 test acc 0.48549107142857145
[epoch:20] loss 0.37498287484049797 acc 0.9482421875
[epoch:20] test loss 0.7862550871712821 test acc 0.49330357142857145
[epoch:21] loss 0.3714833278208971 acc 0.94921875
[epoch:21] test loss 0.784372227532523 test acc 0.49776785714285715
[epoch:22] loss 0.3694341443479061 acc 0.9501953125
[epoch:22] test loss 0.768535452229636 test acc 0.5245535714285714
[epoch:23] loss 0.36289684288203716 acc 0.958984375
[epoch:23] test loss 0.7838101387023926 test acc 0.49330357142857145
[epoch:24] loss 0.3641601148992777 acc 0.9599609375
[epoch:24] test loss 0.7707221976348332 test acc 0.5100446428571429
[epoch:25] loss 0.3566722758114338 acc 0.9677734375
[epoch:25] test loss 0.7587940565177372 test acc 0.5290178571428571
[epoch:26] loss 0.35808417946100235 acc 0.9609375
[epoch:26] test loss 0.7552243173122406 test acc 0.5368303571428571
[epoch:27] loss 0.3619504552334547 acc 0.958984375
[epoch:27] test loss 0.7627957889011928 test acc 0.5145089285714286
[epoch:28] loss 0.3592719938606024 acc 0.9619140625
[epoch:28] test loss 0.7778932324477604 test acc 0.49888392857142855
[epoch:29] loss 0.34776879847049713 acc 0.9736328125
[epoch:29] test loss 0.7697512209415436 test acc 0.5189732142857143
[epoch:30] loss 0.35034428909420967 acc 0.970703125
[epoch:30] test loss 0.7718984016350338 test acc 0.5133928571428571
[epoch:31] loss 0.3445211686193943 acc 0.9775390625
[epoch:31] test loss 0.7595402640955788 test acc 0.5323660714285714
[epoch:32] loss 0.34765523485839367 acc 0.9736328125
[epoch:32] test loss 0.7658869326114655 test acc 0.5323660714285714
[epoch:33] loss 0.34130637533962727 acc 0.9765625
[epoch:33] test loss 0.7842570969036647 test acc 0.4921875
[epoch:34] loss 0.3444449082016945 acc 0.9755859375
[epoch:34] test loss 0.754738130739757 test acc 0.5334821428571429
[epoch:35] loss 0.33853925578296185 acc 0.9833984375
[epoch:35] test loss 0.7680750787258148 test acc 0.5245535714285714
[epoch:36] loss 0.3435907047241926 acc 0.9755859375
[epoch:36] test loss 0.7998476922512054 test acc 0.48214285714285715
[epoch:37] loss 0.34119403921067715 acc 0.978515625
[epoch:37] test loss 0.7803923189640045 test acc 0.49776785714285715
[epoch:38] loss 0.339320283383131 acc 0.9775390625
[epoch:38] test loss 0.7651378895555224 test acc 0.5033482142857143
[epoch:39] loss 0.33729364164173603 acc 0.9814453125
[epoch:39] test loss 0.7662750908306667 test acc 0.5066964285714286
