nohup: ignoring input
/home/xiao/miniconda3/envs/torch/lib/python3.10/site-packages/torchvision/io/image.py:13: UserWarning: Failed to load image Python extension: /home/xiao/miniconda3/envs/torch/lib/python3.10/site-packages/torchvision/image.so: undefined symbol: _ZN5torch3jit17parseSchemaOrNameERKNSt7__cxx1112basic_stringIcSt11char_traitsIcESaIcEEE
  warn(f"Failed to load image Python extension: {e}")
[epoch:0] loss 0.643887136131525 acc 0.642578125
[epoch:0] test loss 0.6926175015313285 test acc 0.5502232142857143
[epoch:1] loss 0.5766972452402115 acc 0.765625
[epoch:1] test loss 0.6818356088229588 test acc 0.5993303571428571
[epoch:2] loss 0.5224342457950115 acc 0.8310546875
[epoch:2] test loss 0.7097859254905156 test acc 0.5680803571428571
[epoch:3] loss 0.48015175573527813 acc 0.8818359375
[epoch:3] test loss 0.7291438494409833 test acc 0.5323660714285714
[epoch:4] loss 0.44878366962075233 acc 0.900390625
[epoch:4] test loss 0.7298423945903778 test acc 0.5357142857142857
[epoch:5] loss 0.42778455093503 acc 0.919921875
[epoch:5] test loss 0.7294984843049731 test acc 0.5379464285714286
[epoch:6] loss 0.40528678335249424 acc 0.9423828125
[epoch:6] test loss 0.6939758913857597 test acc 0.5993303571428571
[epoch:7] loss 0.3907000031322241 acc 0.9541015625
[epoch:7] test loss 0.7428002953529358 test acc 0.5078125
[epoch:8] loss 0.37745544873178005 acc 0.958984375
[epoch:8] test loss 0.7161524380956378 test acc 0.5546875
[epoch:9] loss 0.36790769547224045 acc 0.96875
[epoch:9] test loss 0.7451732797282082 test acc 0.5223214285714286
[epoch:10] loss 0.36092536337673664 acc 0.9736328125
[epoch:10] test loss 0.7131294437817165 test acc 0.5591517857142857
[epoch:11] loss 0.3551903497427702 acc 0.9755859375
[epoch:11] test loss 0.7280927555901664 test acc 0.5457589285714286
[epoch:12] loss 0.35036382265388966 acc 0.9814453125
[epoch:12] test loss 0.7458369221006121 test acc 0.5133928571428571
[epoch:13] loss 0.3454362042248249 acc 0.982421875
[epoch:13] test loss 0.7221155762672424 test acc 0.5580357142857143
[epoch:14] loss 0.34228180162608624 acc 0.9833984375
[epoch:14] test loss 0.7427187561988831 test acc 0.5279017857142857
[epoch:15] loss 0.34010557271540165 acc 0.9853515625
[epoch:15] test loss 0.7293380115713392 test acc 0.5535714285714286
[epoch:16] loss 0.33744486421346664 acc 0.986328125
[epoch:16] test loss 0.7542117536067963 test acc 0.5078125
[epoch:17] loss 0.3371328078210354 acc 0.9853515625
[epoch:17] test loss 0.7486129914011274 test acc 0.5122767857142857
[epoch:18] loss 0.33624756522476673 acc 0.9853515625
[epoch:18] test loss 0.7564752101898193 test acc 0.5100446428571429
[epoch:19] loss 0.3345858287066221 acc 0.986328125
[epoch:19] test loss 0.7481900027820042 test acc 0.5189732142857143
[epoch:20] loss 0.3349903170019388 acc 0.9853515625
[epoch:20] test loss 0.7572876300130572 test acc 0.5122767857142857
[epoch:21] loss 0.33351239562034607 acc 0.986328125
[epoch:21] test loss 0.7579909903662545 test acc 0.5111607142857143
[epoch:22] loss 0.3330649323761463 acc 0.986328125
[epoch:22] test loss 0.7604659242289407 test acc 0.5100446428571429
[epoch:23] loss 0.3336103390902281 acc 0.9853515625
[epoch:23] test loss 0.7654641824109214 test acc 0.5089285714285714
[epoch:24] loss 0.33325543999671936 acc 0.9853515625
[epoch:24] test loss 0.7629618516990117 test acc 0.5100446428571429
[epoch:25] loss 0.3320162557065487 acc 0.986328125
[epoch:25] test loss 0.761237804378782 test acc 0.5200892857142857
[epoch:26] loss 0.3326437398791313 acc 0.9853515625
[epoch:26] test loss 0.7642232733113425 test acc 0.5100446428571429
[epoch:27] loss 0.3314115460962057 acc 0.986328125
[epoch:27] test loss 0.762187340429851 test acc 0.515625
[epoch:28] loss 0.3312495369464159 acc 0.986328125
[epoch:28] test loss 0.7596782956804548 test acc 0.5334821428571429
[epoch:29] loss 0.3294697776436806 acc 0.98828125
[epoch:29] test loss 0.7408077120780945 test acc 0.5390625
[epoch:30] loss 0.33022456988692284 acc 0.9873046875
[epoch:30] test loss 0.7495825418404171 test acc 0.5491071428571429
[epoch:31] loss 0.3317466229200363 acc 0.9873046875
[epoch:31] test loss 0.7526347892624992 test acc 0.5290178571428571
[epoch:32] loss 0.3322414197027683 acc 0.986328125
[epoch:32] test loss 0.7734305347715106 test acc 0.5111607142857143
[epoch:33] loss 0.33042171970009804 acc 0.9873046875
[epoch:33] test loss 0.7351430441652026 test acc 0.5491071428571429
[epoch:34] loss 0.32857684046030045 acc 0.98828125
[epoch:34] test loss 0.7621751257351467 test acc 0.5334821428571429
[epoch:35] loss 0.32631317153573036 acc 0.990234375
[epoch:35] test loss 0.7664625006062644 test acc 0.5212053571428571
[epoch:36] loss 0.32800697162747383 acc 0.98828125
[epoch:36] test loss 0.7710339937891278 test acc 0.5167410714285714
[epoch:37] loss 0.3268877696245909 acc 0.9892578125
[epoch:37] test loss 0.7665139734745026 test acc 0.5200892857142857
[epoch:38] loss 0.3277145102620125 acc 0.98828125
[epoch:38] test loss 0.7659338712692261 test acc 0.5234375
[epoch:39] loss 0.32760778069496155 acc 0.98828125
[epoch:39] test loss 0.76542786189488 test acc 0.5212053571428571
