nohup: ignoring input
/home/xiao/miniconda3/envs/torch/lib/python3.10/site-packages/torchvision/io/image.py:13: UserWarning: Failed to load image Python extension: /home/xiao/miniconda3/envs/torch/lib/python3.10/site-packages/torchvision/image.so: undefined symbol: _ZN5torch3jit17parseSchemaOrNameERKNSt7__cxx1112basic_stringIcSt11char_traitsIcESaIcEEE
  warn(f"Failed to load image Python extension: {e}")
[epoch:0] loss 0.6864481791853905 acc 0.5810546875
[epoch:0] test loss 0.7080125255244119 test acc 0.40401785714285715
[epoch:1] loss 0.6792815551161766 acc 0.611328125
[epoch:1] test loss 0.7148454827921731 test acc 0.40625
[epoch:2] loss 0.6755181774497032 acc 0.611328125
[epoch:2] test loss 0.720778397151402 test acc 0.40848214285714285
[epoch:3] loss 0.6741539351642132 acc 0.6083984375
[epoch:3] test loss 0.7278398828847068 test acc 0.40625
[epoch:4] loss 0.673429436981678 acc 0.6064453125
[epoch:4] test loss 0.7333693972655705 test acc 0.4029017857142857
[epoch:5] loss 0.6714318692684174 acc 0.607421875
[epoch:5] test loss 0.7384984110082898 test acc 0.4017857142857143
[epoch:6] loss 0.6717541329562664 acc 0.6064453125
[epoch:6] test loss 0.7391801944800785 test acc 0.4107142857142857
[epoch:7] loss 0.6707621924579144 acc 0.609375
[epoch:7] test loss 0.7456222602299282 test acc 0.4017857142857143
[epoch:8] loss 0.6706423088908195 acc 0.6064453125
[epoch:8] test loss 0.7480851198945727 test acc 0.4017857142857143
[epoch:9] loss 0.6710537374019623 acc 0.60546875
[epoch:9] test loss 0.7502561211585999 test acc 0.4017857142857143
[epoch:10] loss 0.670714084059 acc 0.6083984375
[epoch:10] test loss 0.7489207599844251 test acc 0.40736607142857145
[epoch:11] loss 0.6696228571236134 acc 0.6103515625
[epoch:11] test loss 0.7501190389905658 test acc 0.4095982142857143
[epoch:12] loss 0.6700484864413738 acc 0.6083984375
[epoch:12] test loss 0.7536361472947257 test acc 0.40513392857142855
[epoch:13] loss 0.6702380739152431 acc 0.6083984375
[epoch:13] test loss 0.7543749468667167 test acc 0.40513392857142855
[epoch:14] loss 0.6699656993150711 acc 0.607421875
[epoch:14] test loss 0.7554449651922498 test acc 0.40625
[epoch:15] loss 0.6695756949484348 acc 0.607421875
[epoch:15] test loss 0.7586751409939357 test acc 0.40066964285714285
[epoch:16] loss 0.6686716303229332 acc 0.611328125
[epoch:16] test loss 0.7572384008339473 test acc 0.40736607142857145
[epoch:17] loss 0.668773353099823 acc 0.611328125
[epoch:17] test loss 0.7606826978070396 test acc 0.40066964285714285
[epoch:18] loss 0.6697093956172466 acc 0.6083984375
[epoch:18] test loss 0.7593366205692291 test acc 0.40401785714285715
[epoch:19] loss 0.6675331071019173 acc 0.6123046875
[epoch:19] test loss 0.7593296085085187 test acc 0.40513392857142855
[epoch:20] loss 0.6717641912400723 acc 0.6044921875
[epoch:20] test loss 0.7589413140501294 test acc 0.40625
[epoch:21] loss 0.669788796454668 acc 0.6083984375
[epoch:21] test loss 0.7612205743789673 test acc 0.4029017857142857
[epoch:22] loss 0.6691283695399761 acc 0.609375
[epoch:22] test loss 0.7617903351783752 test acc 0.4017857142857143
[epoch:23] loss 0.6690510287880898 acc 0.609375
[epoch:23] test loss 0.7614333714757647 test acc 0.4029017857142857
[epoch:24] loss 0.6680892296135426 acc 0.611328125
[epoch:24] test loss 0.76153022476605 test acc 0.4029017857142857
Epoch 00026: reducing learning rate of group 0 to 8.0000e-05.
[epoch:25] loss 0.6704966761171818 acc 0.6064453125
[epoch:25] test loss 0.761995439018522 test acc 0.4029017857142857
[epoch:26] loss 0.6699814982712269 acc 0.6083984375
[epoch:26] test loss 0.7614504056317466 test acc 0.40513392857142855
[epoch:27] loss 0.6725864447653294 acc 0.6025390625
[epoch:27] test loss 0.7595224125044686 test acc 0.40625
[epoch:28] loss 0.6708867587149143 acc 0.60546875
[epoch:28] test loss 0.7607700952461788 test acc 0.4029017857142857
[epoch:29] loss 0.6693894676864147 acc 0.6083984375
[epoch:29] test loss 0.7605831027030945 test acc 0.40401785714285715
[epoch:30] loss 0.6692014895379543 acc 0.6083984375
[epoch:30] test loss 0.7625083199569157 test acc 0.40066964285714285
Epoch 00032: reducing learning rate of group 0 to 6.4000e-05.
[epoch:31] loss 0.6698083132505417 acc 0.6083984375
[epoch:31] test loss 0.7612814690385546 test acc 0.4029017857142857
[epoch:32] loss 0.6688301265239716 acc 0.609375
[epoch:32] test loss 0.759879218680518 test acc 0.40513392857142855
[epoch:33] loss 0.6687854900956154 acc 0.611328125
[epoch:33] test loss 0.7609921012605939 test acc 0.40401785714285715
[epoch:34] loss 0.6717608869075775 acc 0.6044921875
[epoch:34] test loss 0.7628233986241477 test acc 0.4017857142857143
[epoch:35] loss 0.6698794960975647 acc 0.6064453125
[epoch:35] test loss 0.7604686277253287 test acc 0.40625
[epoch:36] loss 0.6700544245541096 acc 0.6083984375
[epoch:36] test loss 0.7590045205184391 test acc 0.40848214285714285
Epoch 00038: reducing learning rate of group 0 to 5.1200e-05.
[epoch:37] loss 0.6680993922054768 acc 0.6103515625
[epoch:37] test loss 0.7632584018366677 test acc 0.39955357142857145
[epoch:38] loss 0.6675772443413734 acc 0.6123046875
[epoch:38] test loss 0.7625947764941624 test acc 0.40066964285714285
[epoch:39] loss 0.6703878939151764 acc 0.6064453125
[epoch:39] test loss 0.7614191515105111 test acc 0.40401785714285715
