nohup: ignoring input
/home/xiao/miniconda3/envs/torch/lib/python3.10/site-packages/torchvision/io/image.py:13: UserWarning: Failed to load image Python extension: /home/xiao/miniconda3/envs/torch/lib/python3.10/site-packages/torchvision/image.so: undefined symbol: _ZN5torch3jit17parseSchemaOrNameERKNSt7__cxx1112basic_stringIcSt11char_traitsIcESaIcEEE
  warn(f"Failed to load image Python extension: {e}")
[epoch:0] loss 0.680901300162077 acc 0.5927734375
[epoch:0] test loss 0.7161303843770709 test acc 0.39955357142857145
[epoch:1] loss 0.6760875172913074 acc 0.607421875
[epoch:1] test loss 0.721763721534184 test acc 0.40625
[epoch:2] loss 0.6737089604139328 acc 0.6083984375
[epoch:2] test loss 0.727735195841108 test acc 0.40401785714285715
[epoch:3] loss 0.6724528446793556 acc 0.6083984375
[epoch:3] test loss 0.7332331708499363 test acc 0.40401785714285715
[epoch:4] loss 0.6718115136027336 acc 0.607421875
[epoch:4] test loss 0.7387472263404301 test acc 0.4017857142857143
[epoch:5] loss 0.6694695129990578 acc 0.6123046875
[epoch:5] test loss 0.7423777537686485 test acc 0.4029017857142857
[epoch:6] loss 0.6699025146663189 acc 0.609375
[epoch:6] test loss 0.7433392831257412 test acc 0.40736607142857145
[epoch:7] loss 0.6693462505936623 acc 0.6103515625
[epoch:7] test loss 0.7476248400551933 test acc 0.40625
[epoch:8] loss 0.6701718233525753 acc 0.607421875
[epoch:8] test loss 0.7505651882716587 test acc 0.40401785714285715
[epoch:9] loss 0.6696754321455956 acc 0.6083984375
[epoch:9] test loss 0.7506053149700165 test acc 0.40736607142857145
[epoch:10] loss 0.668411310762167 acc 0.611328125
[epoch:10] test loss 0.7541204988956451 test acc 0.4029017857142857
[epoch:11] loss 0.6691699959337711 acc 0.609375
[epoch:11] test loss 0.7564759722777775 test acc 0.4017857142857143
[epoch:12] loss 0.6682691238820553 acc 0.611328125
[epoch:12] test loss 0.7562239212649209 test acc 0.40401785714285715
[epoch:13] loss 0.6674282252788544 acc 0.61328125
[epoch:13] test loss 0.7556848100253514 test acc 0.40848214285714285
[epoch:14] loss 0.6703409180045128 acc 0.6064453125
[epoch:14] test loss 0.7575848315443311 test acc 0.40625
[epoch:15] loss 0.6707666851580143 acc 0.60546875
[epoch:15] test loss 0.7572121492453984 test acc 0.40513392857142855
[epoch:16] loss 0.6698966696858406 acc 0.607421875
[epoch:16] test loss 0.7560023537703923 test acc 0.40848214285714285
[epoch:17] loss 0.6678279675543308 acc 0.6123046875
[epoch:17] test loss 0.7609411222594125 test acc 0.40066964285714285
[epoch:18] loss 0.6669219546020031 acc 0.6142578125
[epoch:18] test loss 0.7573842235973903 test acc 0.40736607142857145
[epoch:19] loss 0.6698965393006802 acc 0.607421875
[epoch:19] test loss 0.7567675880023411 test acc 0.4107142857142857
[epoch:20] loss 0.6694691590964794 acc 0.6083984375
[epoch:20] test loss 0.7602997933115277 test acc 0.4029017857142857
[epoch:21] loss 0.6694548018276691 acc 0.6083984375
[epoch:21] test loss 0.7579591785158429 test acc 0.40736607142857145
[epoch:22] loss 0.669457845389843 acc 0.6083984375
[epoch:22] test loss 0.7576540580817631 test acc 0.40736607142857145
[epoch:23] loss 0.6681281924247742 acc 0.611328125
[epoch:23] test loss 0.7607764814581189 test acc 0.4017857142857143
Epoch 00025: reducing learning rate of group 0 to 8.0000e-05.
[epoch:24] loss 0.6689421609044075 acc 0.609375
[epoch:24] test loss 0.7620992575372968 test acc 0.39955357142857145
[epoch:25] loss 0.6697890236973763 acc 0.607421875
[epoch:25] test loss 0.7592023015022278 test acc 0.40625
[epoch:26] loss 0.6684692837297916 acc 0.6103515625
[epoch:26] test loss 0.7599235560212817 test acc 0.40513392857142855
[epoch:27] loss 0.6700916551053524 acc 0.6064453125
[epoch:27] test loss 0.761294037103653 test acc 0.40066964285714285
[epoch:28] loss 0.6682231836020947 acc 0.6103515625
[epoch:28] test loss 0.7607066375868661 test acc 0.4017857142857143
[epoch:29] loss 0.6694499254226685 acc 0.607421875
[epoch:29] test loss 0.7606583663395473 test acc 0.39955357142857145
Epoch 00031: reducing learning rate of group 0 to 6.4000e-05.
[epoch:30] loss 0.6687391549348831 acc 0.6083984375
[epoch:30] test loss 0.7607552068574088 test acc 0.39955357142857145
[epoch:31] loss 0.6677085906267166 acc 0.6103515625
[epoch:31] test loss 0.7595622794968742 test acc 0.4029017857142857
[epoch:32] loss 0.6675598248839378 acc 0.6103515625
[epoch:32] test loss 0.7585660219192505 test acc 0.40513392857142855
[epoch:33] loss 0.6668445765972137 acc 0.611328125
[epoch:33] test loss 0.7587269714900425 test acc 0.40513392857142855
[epoch:34] loss 0.6696481071412563 acc 0.6044921875
[epoch:34] test loss 0.7554741544382912 test acc 0.40848214285714285
[epoch:35] loss 0.6679828986525536 acc 0.607421875
[epoch:35] test loss 0.7559218619550977 test acc 0.4029017857142857
[epoch:36] loss 0.66693264991045 acc 0.6083984375
[epoch:36] test loss 0.7550383933952877 test acc 0.4029017857142857
[epoch:37] loss 0.6649718731641769 acc 0.611328125
[epoch:37] test loss 0.7496807149478367 test acc 0.4095982142857143
[epoch:38] loss 0.6633323058485985 acc 0.6123046875
[epoch:38] test loss 0.7542209710393634 test acc 0.40513392857142855
[epoch:39] loss 0.6656189225614071 acc 0.6044921875
[epoch:39] test loss 0.7488037518092564 test acc 0.40401785714285715
