nohup: ignoring input
/home/xiao/miniconda3/envs/torch/lib/python3.10/site-packages/torchvision/io/image.py:13: UserWarning: Failed to load image Python extension: /home/xiao/miniconda3/envs/torch/lib/python3.10/site-packages/torchvision/image.so: undefined symbol: _ZN5torch3jit17parseSchemaOrNameERKNSt7__cxx1112basic_stringIcSt11char_traitsIcESaIcEEE
  warn(f"Failed to load image Python extension: {e}")
[epoch:0] loss 0.6380484774708748 acc 0.65625
[epoch:0] test loss 0.7033781664712089 test acc 0.5022321428571429
[epoch:1] loss 0.5857643783092499 acc 0.7568359375
[epoch:1] test loss 0.6668115087917873 test acc 0.6428571428571429
[epoch:2] loss 0.5522746331989765 acc 0.802734375
[epoch:2] test loss 0.6812571925776345 test acc 0.6082589285714286
[epoch:3] loss 0.5200465694069862 acc 0.8349609375
[epoch:3] test loss 0.7243388593196869 test acc 0.5078125
[epoch:4] loss 0.4834629148244858 acc 0.87109375
[epoch:4] test loss 0.6949310771056584 test acc 0.5323660714285714
[epoch:5] loss 0.4521348662674427 acc 0.904296875
[epoch:5] test loss 0.7084220051765442 test acc 0.5345982142857143
[epoch:6] loss 0.4250688459724188 acc 0.9306640625
[epoch:6] test loss 0.6959716890539441 test acc 0.5502232142857143
[epoch:7] loss 0.4066964779049158 acc 0.9482421875
[epoch:7] test loss 0.7387344837188721 test acc 0.48325892857142855
[epoch:8] loss 0.38809877820312977 acc 0.96484375
[epoch:8] test loss 0.7010847415242877 test acc 0.5502232142857143
[epoch:9] loss 0.3757102284580469 acc 0.97265625
[epoch:9] test loss 0.7478895102228437 test acc 0.5089285714285714
[epoch:10] loss 0.37109494395554066 acc 0.9677734375
[epoch:10] test loss 0.7303387096949986 test acc 0.5301339285714286
[epoch:11] loss 0.3611305486410856 acc 0.97265625
[epoch:11] test loss 0.7014956602028438 test acc 0.5625
[epoch:12] loss 0.3561367392539978 acc 0.9755859375
[epoch:12] test loss 0.7462661181177411 test acc 0.5011160714285714
[epoch:13] loss 0.35029467567801476 acc 0.9833984375
[epoch:13] test loss 0.710529272045408 test acc 0.5491071428571429
[epoch:14] loss 0.3462700955569744 acc 0.9853515625
[epoch:14] test loss 0.7636469006538391 test acc 0.4921875
[epoch:15] loss 0.34165770187973976 acc 0.9873046875
[epoch:15] test loss 0.7514433988503048 test acc 0.5100446428571429
[epoch:16] loss 0.3409919161349535 acc 0.986328125
[epoch:16] test loss 0.7226355586733136 test acc 0.5524553571428571
[epoch:17] loss 0.3371457923203707 acc 0.9892578125
[epoch:17] test loss 0.7661182497228894 test acc 0.49776785714285715
[epoch:18] loss 0.3375228252261877 acc 0.9873046875
[epoch:18] test loss 0.7641469836235046 test acc 0.5111607142857143
[epoch:19] loss 0.3332728948444128 acc 0.9912109375
[epoch:19] test loss 0.7650017355169568 test acc 0.5022321428571429
[epoch:20] loss 0.3311195019632578 acc 0.9921875
[epoch:20] test loss 0.7786651338849749 test acc 0.4966517857142857
[epoch:21] loss 0.33084428310394287 acc 0.990234375
[epoch:21] test loss 0.7689503899642399 test acc 0.5011160714285714
[epoch:22] loss 0.3289412949234247 acc 0.9931640625
[epoch:22] test loss 0.769458647285189 test acc 0.5011160714285714
[epoch:23] loss 0.32787245884537697 acc 0.9931640625
[epoch:23] test loss 0.7835448895181928 test acc 0.48995535714285715
[epoch:24] loss 0.3268792722374201 acc 0.9931640625
[epoch:24] test loss 0.7815930417605809 test acc 0.49776785714285715
[epoch:25] loss 0.3283335790038109 acc 0.9912109375
[epoch:25] test loss 0.7904103355748313 test acc 0.484375
[epoch:26] loss 0.32684297673404217 acc 0.9921875
[epoch:26] test loss 0.7718227590833392 test acc 0.5022321428571429
[epoch:27] loss 0.32559133134782314 acc 0.994140625
[epoch:27] test loss 0.7628845742770604 test acc 0.515625
[epoch:28] loss 0.32259343564510345 acc 0.99609375
[epoch:28] test loss 0.7728573296751294 test acc 0.49888392857142855
[epoch:29] loss 0.32481430284678936 acc 0.994140625
[epoch:29] test loss 0.7496667035988399 test acc 0.5200892857142857
[epoch:30] loss 0.32643394358456135 acc 0.990234375
[epoch:30] test loss 0.7921438898359027 test acc 0.49441964285714285
[epoch:31] loss 0.3259696960449219 acc 0.9931640625
[epoch:31] test loss 0.7601381242275238 test acc 0.5234375
[epoch:32] loss 0.32403053157031536 acc 0.994140625
[epoch:32] test loss 0.7835840114525386 test acc 0.5
[epoch:33] loss 0.32315356470644474 acc 0.994140625
[epoch:33] test loss 0.7750481537410191 test acc 0.5033482142857143
[epoch:34] loss 0.3224481828510761 acc 0.9951171875
[epoch:34] test loss 0.7698233255318233 test acc 0.515625
[epoch:35] loss 0.3227819446474314 acc 0.994140625
[epoch:35] test loss 0.7839467440332685 test acc 0.5022321428571429
[epoch:36] loss 0.32212492264807224 acc 0.9951171875
[epoch:36] test loss 0.7945879740374429 test acc 0.49330357142857145
[epoch:37] loss 0.322152117267251 acc 0.994140625
[epoch:37] test loss 0.7696219938141959 test acc 0.5066964285714286
[epoch:38] loss 0.3201844450086355 acc 0.9970703125
[epoch:38] test loss 0.7646160083157676 test acc 0.5111607142857143
[epoch:39] loss 0.3206840995699167 acc 0.99609375
[epoch:39] test loss 0.7823390407221658 test acc 0.5055803571428571
