nohup: ignoring input
/home/xiao/miniconda3/envs/torch/lib/python3.10/site-packages/torchvision/io/image.py:13: UserWarning: Failed to load image Python extension: /home/xiao/miniconda3/envs/torch/lib/python3.10/site-packages/torchvision/image.so: undefined symbol: _ZN5torch3jit17parseSchemaOrNameERKNSt7__cxx1112basic_stringIcSt11char_traitsIcESaIcEEE
  warn(f"Failed to load image Python extension: {e}")
[epoch:0] loss 0.683893068748362 acc 0.6035950804162725
[epoch:0] test loss 0.7191660034245458 test acc 0.4040948275862069
[epoch:1] loss 0.6803285549668705 acc 0.6035950804162725
[epoch:2] loss 0.6718244237058303 acc 0.6035950804162725
[epoch:3] loss 0.669869824367411 acc 0.6035950804162725
[epoch:4] loss 0.6784226193147547 acc 0.6035950804162725
[epoch:5] loss 0.6782166081316331 acc 0.6035950804162725
[epoch:5] test loss 0.7416951635788227 test acc 0.4040948275862069
[epoch:6] loss 0.6685660183429718 acc 0.6035950804162725
[epoch:7] loss 0.6782479566686294 acc 0.6035950804162725
[epoch:8] loss 0.6782721561544082 acc 0.6035950804162725
[epoch:9] loss 0.6677878919769736 acc 0.6035950804162725
[epoch:10] loss 0.6674274626900168 acc 0.6035950804162725
[epoch:10] test loss 0.7494433337244494 test acc 0.4040948275862069
[epoch:11] loss 0.6786124916637645 acc 0.6035950804162725
[epoch:12] loss 0.667161985355265 acc 0.6035950804162725
[epoch:13] loss 0.6669273884857402 acc 0.6035950804162725
[epoch:14] loss 0.6776227337472579 acc 0.6035950804162725
[epoch:15] loss 0.6743944427546333 acc 0.6035950804162725
[epoch:15] test loss 0.739091118861889 test acc 0.4040948275862069
[epoch:16] loss 0.6670817171826082 acc 0.6035950804162725
[epoch:17] loss 0.6469002523842979 acc 0.6035950804162725
[epoch:18] loss 0.6388134027228636 acc 0.6035950804162725
[epoch:19] loss 0.6186927907607135 acc 0.6925260170293283
[epoch:20] loss 0.6178936134366428 acc 0.7105014191106906
[epoch:20] test loss 0.6580554267455792 test acc 0.7230603448275862
[epoch:21] loss 0.6089433449156144 acc 0.7464522232734153
[epoch:22] loss 0.5935793045689078 acc 0.7672658467360454
[epoch:23] loss 0.5827521637958639 acc 0.7625354777672658
[epoch:24] loss 0.5686301764319924 acc 0.7757805108798487
[epoch:25] loss 0.5616275352590224 acc 0.7776726584673604
[epoch:25] test loss 0.6316110964479118 test acc 0.7144396551724138
[epoch:26] loss 0.559737461454728 acc 0.7757805108798487
[epoch:27] loss 0.5511131698594374 acc 0.7795648060548723
[epoch:28] loss 0.5428506495321498 acc 0.7890255439924314
[epoch:29] loss 0.5411734256674262 acc 0.793755912961211
[epoch:30] loss 0.5527438863235361 acc 0.7918637653736992
[epoch:30] test loss 0.6314566710899616 test acc 0.6681034482758621
[epoch:31] loss 0.5303136268082786 acc 0.7984862819299905
[epoch:32] loss 0.5302202613914714 acc 0.8013245033112583
[epoch:33] loss 0.5213417866650749 acc 0.8051087984862819
[epoch:34] loss 0.524411092786228 acc 0.8003784295175024
[epoch:35] loss 0.5210733141969232 acc 0.7965941343424787
[epoch:35] test loss 0.6278691456235689 test acc 0.6982758620689655
[epoch:36] loss 0.5166517829193789 acc 0.8088930936613056
[epoch:37] loss 0.5143913837040172 acc 0.8107852412488175
[epoch:38] loss 0.5101049121688394 acc 0.8117313150425733
[epoch:38] test loss 0.6310163592470104 test acc 0.6670258620689655
[epoch:39] loss 0.5137500017881393 acc 0.815515610217597
[epoch:39] test loss 0.6327337108809372 test acc 0.6756465517241379
