nohup: ignoring input
/home/xiao/miniconda3/envs/torch/lib/python3.10/site-packages/torchvision/io/image.py:13: UserWarning: Failed to load image Python extension: /home/xiao/miniconda3/envs/torch/lib/python3.10/site-packages/torchvision/image.so: undefined symbol: _ZN5torch3jit17parseSchemaOrNameERKNSt7__cxx1112basic_stringIcSt11char_traitsIcESaIcEEE
  warn(f"Failed to load image Python extension: {e}")
[epoch:0] loss 0.5823271484935985 acc 0.727530747398297
[epoch:0] test loss 0.6761026197466357 test acc 0.5948275862068966
[epoch:1] loss 0.4837144490550546 acc 0.8694418164616841
[epoch:2] loss 0.41647521800854626 acc 0.9252601702932829
[epoch:3] loss 0.3802792780539569 acc 0.956480605487228
[epoch:4] loss 0.37474994361400604 acc 0.9602649006622517
[epoch:5] loss 0.38001085467198314 acc 0.945127719962157
[epoch:5] test loss 0.6988834677071407 test acc 0.5732758620689655
[epoch:6] loss 0.3640821646241581 acc 0.956480605487228
[epoch:7] loss 0.3456535277997746 acc 0.9754020813623463
[epoch:8] loss 0.33474736616891976 acc 0.9858088930936613
[epoch:9] loss 0.32935142517089844 acc 0.9914853358561968
[epoch:10] loss 0.326364748618182 acc 0.9933774834437086
[epoch:10] test loss 0.6857506139525051 test acc 0.6012931034482759
[epoch:11] loss 0.3238516388570561 acc 0.9943235572374646
[epoch:12] loss 0.3230016555856256 acc 0.9943235572374646
[epoch:13] loss 0.3224899619817734 acc 0.9943235572374646
[epoch:14] loss 0.3220305004540612 acc 0.9943235572374646
[epoch:15] loss 0.32169367811259103 acc 0.9943235572374646
[epoch:15] test loss 0.6887368415964061 test acc 0.6012931034482759
[epoch:16] loss 0.3214265896993525 acc 0.9943235572374646
[epoch:17] loss 0.32121247929685254 acc 0.9943235572374646
[epoch:18] loss 0.3209826709593044 acc 0.9943235572374646
[epoch:19] loss 0.3208070712931016 acc 0.9943235572374646
[epoch:20] loss 0.3206642103545806 acc 0.9943235572374646
[epoch:20] test loss 0.6889585174363235 test acc 0.6077586206896551
[epoch:21] loss 0.32051633298397064 acc 0.9943235572374646
[epoch:22] loss 0.32040824521990385 acc 0.9943235572374646
[epoch:23] loss 0.320296972990036 acc 0.9943235572374646
[epoch:24] loss 0.3201962499057545 acc 0.9943235572374646
[epoch:25] loss 0.3201134029556723 acc 0.9943235572374646
[epoch:25] test loss 0.689808779749377 test acc 0.6109913793103449
[epoch:26] loss 0.3200722713680828 acc 0.9943235572374646
[epoch:27] loss 0.31996745134101195 acc 0.9943235572374646
[epoch:28] loss 0.31990157681352954 acc 0.9943235572374646
[epoch:29] loss 0.31983660687418547 acc 0.9943235572374646
[epoch:30] loss 0.3197852750034893 acc 0.9943235572374646
[epoch:30] test loss 0.6891290545463562 test acc 0.6109913793103449
[epoch:31] loss 0.3197317544151755 acc 0.9943235572374646
[epoch:32] loss 0.3196855275069966 acc 0.9943235572374646
[epoch:33] loss 0.31964316350572247 acc 0.9943235572374646
[epoch:34] loss 0.31961217697928934 acc 0.9943235572374646
[epoch:35] loss 0.319564055870561 acc 0.9943235572374646
[epoch:35] test loss 0.6896023359791986 test acc 0.6109913793103449
[epoch:36] loss 0.31953031087622924 acc 0.9943235572374646
[epoch:37] loss 0.31949639933950763 acc 0.9943235572374646
[epoch:38] loss 0.319466274450807 acc 0.9943235572374646
[epoch:38] test loss 0.6886675285881964 test acc 0.6131465517241379
[epoch:39] loss 0.31944619645090666 acc 0.9943235572374646
[epoch:39] test loss 0.6884044408798218 test acc 0.6131465517241379
