nohup: ignoring input
/home/xiao/miniconda3/envs/torch/lib/python3.10/site-packages/torchvision/io/image.py:13: UserWarning: Failed to load image Python extension: /home/xiao/miniconda3/envs/torch/lib/python3.10/site-packages/torchvision/image.so: undefined symbol: _ZN5torch3jit17parseSchemaOrNameERKNSt7__cxx1112basic_stringIcSt11char_traitsIcESaIcEEE
  warn(f"Failed to load image Python extension: {e}")
[epoch:0] loss 0.6596657186746597 acc 0.599609375
[epoch:0] test loss 0.7213145111288343 test acc 0.40066964285714285
[epoch:1] loss 0.6117895804345608 acc 0.654296875
[epoch:1] test loss 0.6586068230015891 test acc 0.6595982142857143
[epoch:2] loss 0.5738915242254734 acc 0.763671875
[epoch:2] test loss 0.6608337547097888 test acc 0.6462053571428571
[epoch:3] loss 0.5307151712477207 acc 0.8076171875
[epoch:3] test loss 0.6564219466277531 test acc 0.6294642857142857
[epoch:4] loss 0.4814188927412033 acc 0.8701171875
[epoch:4] test loss 0.689722227198737 test acc 0.5669642857142857
[epoch:5] loss 0.4403187017887831 acc 0.9052734375
[epoch:5] test loss 0.7182940074375698 test acc 0.5591517857142857
[epoch:6] loss 0.4122653976082802 acc 0.9228515625
[epoch:6] test loss 0.7363348262650626 test acc 0.5368303571428571
[epoch:7] loss 0.387606481090188 acc 0.9462890625
[epoch:7] test loss 0.7286474577018193 test acc 0.5435267857142857
[epoch:8] loss 0.37449271231889725 acc 0.9609375
[epoch:8] test loss 0.7263698833329337 test acc 0.5513392857142857
[epoch:9] loss 0.36561058834195137 acc 0.962890625
[epoch:9] test loss 0.7350775897502899 test acc 0.5580357142857143
[epoch:10] loss 0.35866355895996094 acc 0.97265625
[epoch:10] test loss 0.7351408175059727 test acc 0.5446428571428571
[epoch:11] loss 0.3520729672163725 acc 0.9716796875
[epoch:11] test loss 0.7462349150862012 test acc 0.5457589285714286
[epoch:12] loss 0.3460620529949665 acc 0.9814453125
[epoch:12] test loss 0.753549473626273 test acc 0.5301339285714286
[epoch:13] loss 0.34059748984873295 acc 0.986328125
[epoch:13] test loss 0.7638642873082843 test acc 0.5100446428571429
[epoch:14] loss 0.3390230853110552 acc 0.982421875
[epoch:14] test loss 0.7602190673351288 test acc 0.5122767857142857
[epoch:15] loss 0.33295643143355846 acc 0.990234375
[epoch:15] test loss 0.746161013841629 test acc 0.5435267857142857
[epoch:16] loss 0.33135097473859787 acc 0.9912109375
[epoch:16] test loss 0.73717742732593 test acc 0.5602678571428571
[epoch:17] loss 0.33365580067038536 acc 0.9873046875
[epoch:17] test loss 0.7675337876592364 test acc 0.5178571428571429
[epoch:18] loss 0.33157740347087383 acc 0.990234375
[epoch:18] test loss 0.744798081261771 test acc 0.53125
[epoch:19] loss 0.33020865358412266 acc 0.9931640625
[epoch:19] test loss 0.7568187075001853 test acc 0.5200892857142857
[epoch:20] loss 0.3242985103279352 acc 0.9951171875
[epoch:20] test loss 0.766678009714399 test acc 0.5066964285714286
[epoch:21] loss 0.32718276232481003 acc 0.9892578125
[epoch:21] test loss 0.7370038671152932 test acc 0.5625
[epoch:22] loss 0.3225331734865904 acc 0.99609375
[epoch:22] test loss 0.7565847720418658 test acc 0.5379464285714286
[epoch:23] loss 0.32463348284363747 acc 0.9921875
[epoch:23] test loss 0.7878284113747733 test acc 0.4877232142857143
[epoch:24] loss 0.3230018001049757 acc 0.9931640625
[epoch:24] test loss 0.7324392795562744 test acc 0.578125
[epoch:25] loss 0.3238217756152153 acc 0.9931640625
[epoch:25] test loss 0.7683631479740143 test acc 0.5122767857142857
[epoch:26] loss 0.3213602099567652 acc 0.9951171875
[epoch:26] test loss 0.7490544063704354 test acc 0.5390625
[epoch:27] loss 0.3211101684719324 acc 0.994140625
[epoch:27] test loss 0.7335838675498962 test acc 0.5625
[epoch:28] loss 0.3217543810606003 acc 0.99609375
[epoch:28] test loss 0.7527421287127903 test acc 0.5279017857142857
[epoch:29] loss 0.3223303724080324 acc 0.994140625
[epoch:29] test loss 0.7514672321932656 test acc 0.5412946428571429
[epoch:30] loss 0.3206108044832945 acc 0.9951171875
[epoch:30] test loss 0.7452606899397713 test acc 0.5491071428571429
[epoch:31] loss 0.3202069867402315 acc 0.9951171875
[epoch:31] test loss 0.749671105827604 test acc 0.5491071428571429
[epoch:32] loss 0.32022903487086296 acc 0.9951171875
[epoch:32] test loss 0.7522224485874176 test acc 0.5412946428571429
[epoch:33] loss 0.31962842866778374 acc 0.99609375
[epoch:33] test loss 0.7797034127371651 test acc 0.5111607142857143
[epoch:34] loss 0.3192139361053705 acc 0.99609375
[epoch:34] test loss 0.77596658042499 test acc 0.5078125
[epoch:35] loss 0.3193090707063675 acc 0.9970703125
[epoch:35] test loss 0.7563280165195465 test acc 0.5368303571428571
[epoch:36] loss 0.318947896361351 acc 0.99609375
[epoch:36] test loss 0.7406273058482579 test acc 0.5613839285714286
[epoch:37] loss 0.31848680786788464 acc 0.9970703125
[epoch:37] test loss 0.7582035873617444 test acc 0.5390625
[epoch:38] loss 0.3186539802700281 acc 0.99609375
[epoch:38] test loss 0.7523606504712786 test acc 0.5435267857142857
[epoch:39] loss 0.32012913562357426 acc 0.994140625
[epoch:39] test loss 0.746462345123291 test acc 0.5524553571428571
