nohup: ignoring input
/home/xiao/miniconda3/envs/torch/lib/python3.10/site-packages/torchvision/io/image.py:13: UserWarning: Failed to load image Python extension: /home/xiao/miniconda3/envs/torch/lib/python3.10/site-packages/torchvision/image.so: undefined symbol: _ZN5torch3jit17parseSchemaOrNameERKNSt7__cxx1112basic_stringIcSt11char_traitsIcESaIcEEE
  warn(f"Failed to load image Python extension: {e}")
[epoch:0] loss 0.6524612791836262 acc 0.6025390625
[epoch:0] test loss 0.7004569300583431 test acc 0.45870535714285715
[epoch:1] loss 0.5996517017483711 acc 0.716796875
[epoch:1] test loss 0.676172137260437 test acc 0.5970982142857143
[epoch:2] loss 0.5497161112725735 acc 0.7841796875
[epoch:2] test loss 0.6623980573245457 test acc 0.6339285714285714
[epoch:3] loss 0.5034518353641033 acc 0.8330078125
[epoch:3] test loss 0.6748290147100177 test acc 0.6127232142857143
[epoch:4] loss 0.46132737025618553 acc 0.8837890625
[epoch:4] test loss 0.6584015829222543 test acc 0.6361607142857143
[epoch:5] loss 0.4200325384736061 acc 0.9287109375
[epoch:5] test loss 0.658092703138079 test acc 0.6261160714285714
[epoch:6] loss 0.3938271701335907 acc 0.9462890625
[epoch:6] test loss 0.6947545877524784 test acc 0.5636160714285714
[epoch:7] loss 0.3759465478360653 acc 0.95703125
[epoch:7] test loss 0.6741461115224021 test acc 0.59375
[epoch:8] loss 0.3651624619960785 acc 0.966796875
[epoch:8] test loss 0.6959574605737414 test acc 0.5703125
[epoch:9] loss 0.3547685984522104 acc 0.97265625
[epoch:9] test loss 0.6846810281276703 test acc 0.5736607142857143
[epoch:10] loss 0.34728845208883286 acc 0.98046875
[epoch:10] test loss 0.6769447198935917 test acc 0.5859375
[epoch:11] loss 0.3427561689168215 acc 0.98046875
[epoch:11] test loss 0.6915663225310189 test acc 0.5825892857142857
[epoch:12] loss 0.3383044209331274 acc 0.9833984375
[epoch:12] test loss 0.6900086828640529 test acc 0.5837053571428571
[epoch:13] loss 0.3352428302168846 acc 0.9853515625
[epoch:13] test loss 0.6647169632571084 test acc 0.6149553571428571
[epoch:14] loss 0.33104949072003365 acc 0.9892578125
[epoch:14] test loss 0.6687665624277932 test acc 0.5892857142857143
[epoch:15] loss 0.32575375586748123 acc 0.994140625
[epoch:15] test loss 0.6975009909697941 test acc 0.5904017857142857
[epoch:16] loss 0.32277186028659344 acc 0.99609375
[epoch:16] test loss 0.68911127107484 test acc 0.5892857142857143
[epoch:17] loss 0.3214429635554552 acc 0.99609375
[epoch:17] test loss 0.6888946167060307 test acc 0.5904017857142857
[epoch:18] loss 0.32018815353512764 acc 0.9970703125
[epoch:18] test loss 0.6793917374951499 test acc 0.6004464285714286
[epoch:19] loss 0.3199675176292658 acc 0.9970703125
[epoch:19] test loss 0.6984596848487854 test acc 0.5770089285714286
[epoch:20] loss 0.3186988066881895 acc 0.9970703125
[epoch:20] test loss 0.6898848967892783 test acc 0.59375
[epoch:21] loss 0.31752900406718254 acc 0.9990234375
[epoch:21] test loss 0.6782897625650678 test acc 0.5892857142857143
[epoch:22] loss 0.31693015061318874 acc 0.9990234375
[epoch:22] test loss 0.6851708974157061 test acc 0.5892857142857143
[epoch:23] loss 0.3165903501212597 acc 0.9990234375
[epoch:23] test loss 0.6990643654550824 test acc 0.5770089285714286
[epoch:24] loss 0.3163720332086086 acc 0.9990234375
[epoch:24] test loss 0.6753198845045907 test acc 0.6104910714285714
[epoch:25] loss 0.316253237426281 acc 0.9990234375
[epoch:25] test loss 0.6874830297061375 test acc 0.5926339285714286
[epoch:26] loss 0.31596179865300655 acc 0.9990234375
[epoch:26] test loss 0.6734846404620579 test acc 0.5993303571428571
[epoch:27] loss 0.315779235213995 acc 0.9990234375
[epoch:27] test loss 0.6679575485842568 test acc 0.6138392857142857
[epoch:28] loss 0.3156463708728552 acc 0.9990234375
[epoch:28] test loss 0.6788340083190373 test acc 0.59375
[epoch:29] loss 0.31556043960154057 acc 0.9990234375
[epoch:29] test loss 0.6792215364319938 test acc 0.6037946428571429
[epoch:30] loss 0.3154412228614092 acc 0.9990234375
[epoch:30] test loss 0.6796237911496844 test acc 0.6037946428571429
[epoch:31] loss 0.31540609151124954 acc 0.9990234375
[epoch:31] test loss 0.6761265652520316 test acc 0.6037946428571429
[epoch:32] loss 0.31533933244645596 acc 0.9990234375
[epoch:32] test loss 0.6792948969772884 test acc 0.6071428571428571
[epoch:33] loss 0.31527358293533325 acc 0.9990234375
[epoch:33] test loss 0.6771829766886575 test acc 0.6071428571428571
[epoch:34] loss 0.3151940982788801 acc 0.9990234375
[epoch:34] test loss 0.6759038269519806 test acc 0.6060267857142857
[epoch:35] loss 0.3151814229786396 acc 0.9990234375
[epoch:35] test loss 0.6866284736565181 test acc 0.5915178571428571
[epoch:36] loss 0.3151394873857498 acc 0.9990234375
[epoch:36] test loss 0.6802697777748108 test acc 0.6060267857142857
[epoch:37] loss 0.3150977026671171 acc 0.9990234375
[epoch:37] test loss 0.6796453297138214 test acc 0.6037946428571429
[epoch:38] loss 0.315066946670413 acc 0.9990234375
[epoch:38] test loss 0.6780998408794403 test acc 0.6104910714285714
[epoch:39] loss 0.3150100503116846 acc 0.9990234375
[epoch:39] test loss 0.6761559758867536 test acc 0.6071428571428571
