nohup: ignoring input
/home/xiao/miniconda3/envs/torch/lib/python3.10/site-packages/torchvision/io/image.py:13: UserWarning: Failed to load image Python extension: /home/xiao/miniconda3/envs/torch/lib/python3.10/site-packages/torchvision/image.so: undefined symbol: _ZN5torch3jit17parseSchemaOrNameERKNSt7__cxx1112basic_stringIcSt11char_traitsIcESaIcEEE
  warn(f"Failed to load image Python extension: {e}")
[epoch:0] loss 0.6483776308596134 acc 0.6103515625
[epoch:0] test loss 0.7183170744350978 test acc 0.40066964285714285
[epoch:1] loss 0.5653046518564224 acc 0.7890625
[epoch:1] test loss 0.685051040990012 test acc 0.5591517857142857
[epoch:2] loss 0.4903906509280205 acc 0.8623046875
[epoch:2] test loss 0.715627887419292 test acc 0.5792410714285714
[epoch:3] loss 0.43618488870561123 acc 0.908203125
[epoch:3] test loss 0.7154531138283866 test acc 0.5613839285714286
[epoch:4] loss 0.40091307274997234 acc 0.9404296875
[epoch:4] test loss 0.7375411817005703 test acc 0.5368303571428571
[epoch:5] loss 0.37619518488645554 acc 0.953125
[epoch:5] test loss 0.7344701630728585 test acc 0.5435267857142857
[epoch:6] loss 0.35908270068466663 acc 0.966796875
[epoch:6] test loss 0.7313260861805507 test acc 0.5479910714285714
[epoch:7] loss 0.3502704109996557 acc 0.9716796875
[epoch:7] test loss 0.7448636591434479 test acc 0.5323660714285714
[epoch:8] loss 0.3394338209182024 acc 0.982421875
[epoch:8] test loss 0.733992976801736 test acc 0.5591517857142857
[epoch:9] loss 0.33403862081468105 acc 0.986328125
[epoch:9] test loss 0.724399379321507 test acc 0.5625
[epoch:10] loss 0.32648747600615025 acc 0.9921875
[epoch:10] test loss 0.7028453860964093 test acc 0.5814732142857143
[epoch:11] loss 0.32255809754133224 acc 0.998046875
[epoch:11] test loss 0.7173817711217063 test acc 0.5703125
[epoch:12] loss 0.3189576528966427 acc 0.998046875
[epoch:12] test loss 0.7213806893144336 test acc 0.5658482142857143
[epoch:13] loss 0.3175863306969404 acc 0.9990234375
[epoch:13] test loss 0.715784456048693 test acc 0.5714285714285714
[epoch:14] loss 0.3164608087390661 acc 0.9990234375
[epoch:14] test loss 0.7113240616662162 test acc 0.5848214285714286
[epoch:15] loss 0.3159191310405731 acc 0.9990234375
[epoch:15] test loss 0.7138617677348 test acc 0.5747767857142857
[epoch:16] loss 0.3156018238514662 acc 0.9990234375
[epoch:16] test loss 0.7167518649782453 test acc 0.5747767857142857
[epoch:17] loss 0.31539834290742874 acc 0.9990234375
[epoch:17] test loss 0.7151632947581155 test acc 0.5825892857142857
[epoch:18] loss 0.3152716513723135 acc 0.9990234375
[epoch:18] test loss 0.7242776198046548 test acc 0.5658482142857143
[epoch:19] loss 0.31511334888637066 acc 0.9990234375
[epoch:19] test loss 0.716150449854987 test acc 0.5758928571428571
[epoch:20] loss 0.31501532904803753 acc 0.9990234375
[epoch:20] test loss 0.7184321241719382 test acc 0.5725446428571429
[epoch:21] loss 0.3149313498288393 acc 0.9990234375
[epoch:21] test loss 0.7206051477364132 test acc 0.5714285714285714
[epoch:22] loss 0.3148599863052368 acc 0.9990234375
[epoch:22] test loss 0.7185814465795245 test acc 0.5725446428571429
[epoch:23] loss 0.3147799223661423 acc 0.9990234375
[epoch:23] test loss 0.7186991998127529 test acc 0.5747767857142857
[epoch:24] loss 0.31474505737423897 acc 0.9990234375
[epoch:24] test loss 0.713660363640104 test acc 0.5803571428571429
[epoch:25] loss 0.3146906178444624 acc 0.9990234375
[epoch:25] test loss 0.7222282631056649 test acc 0.5703125
[epoch:26] loss 0.31465765461325645 acc 0.9990234375
[epoch:26] test loss 0.7227652626378196 test acc 0.5703125
[epoch:27] loss 0.31461765244603157 acc 0.9990234375
[epoch:27] test loss 0.7220358295100076 test acc 0.5736607142857143
[epoch:28] loss 0.3145898524671793 acc 0.9990234375
[epoch:28] test loss 0.7207726793629783 test acc 0.5714285714285714
[epoch:29] loss 0.3145534470677376 acc 0.9990234375
[epoch:29] test loss 0.7140266852719444 test acc 0.5814732142857143
[epoch:30] loss 0.3145322185009718 acc 0.9990234375
[epoch:30] test loss 0.7193925338132041 test acc 0.5758928571428571
[epoch:31] loss 0.3145119175314903 acc 0.9990234375
[epoch:31] test loss 0.7182326529707227 test acc 0.5747767857142857
[epoch:32] loss 0.3144893944263458 acc 0.9990234375
[epoch:32] test loss 0.7197737608637128 test acc 0.5747767857142857
[epoch:33] loss 0.3144694659858942 acc 0.9990234375
[epoch:33] test loss 0.7166799817766462 test acc 0.5758928571428571
[epoch:34] loss 0.3144548498094082 acc 0.9990234375
[epoch:34] test loss 0.7220943399838039 test acc 0.5725446428571429
[epoch:35] loss 0.3134638760238886 acc 1.0
[epoch:35] test loss 0.7207363545894623 test acc 0.5747767857142857
[epoch:36] loss 0.3144247457385063 acc 0.9990234375
[epoch:36] test loss 0.7181708684989384 test acc 0.5714285714285714
[epoch:37] loss 0.3144126571714878 acc 0.9990234375
[epoch:37] test loss 0.7198394877570016 test acc 0.5725446428571429
[epoch:38] loss 0.3144007418304682 acc 0.9990234375
[epoch:38] test loss 0.71929212978908 test acc 0.5747767857142857
[epoch:39] loss 0.314391665160656 acc 0.9990234375
[epoch:39] test loss 0.7188613542488643 test acc 0.5747767857142857
