nohup: ignoring input
/home/xiao/miniconda3/envs/torch/lib/python3.10/site-packages/torchvision/io/image.py:13: UserWarning: Failed to load image Python extension: /home/xiao/miniconda3/envs/torch/lib/python3.10/site-packages/torchvision/image.so: undefined symbol: _ZN5torch3jit17parseSchemaOrNameERKNSt7__cxx1112basic_stringIcSt11char_traitsIcESaIcEEE
  warn(f"Failed to load image Python extension: {e}")
[epoch:0] loss 0.6519939513767466 acc 0.6168401135288553
[epoch:0] test loss 0.711863100528717 test acc 0.46120689655172414
[epoch:1] loss 0.5757412358241922 acc 0.7313150425733207
[epoch:2] loss 0.5212764626040178 acc 0.8117313150425733
[epoch:3] loss 0.4876616211498485 acc 0.8609271523178808
[epoch:4] loss 0.4368937804418452 acc 0.8987701040681173
[epoch:5] loss 0.42023727648398457 acc 0.9091769157994324
[epoch:5] test loss 0.7627157815571489 test acc 0.49676724137931033
[epoch:6] loss 0.4066787449752583 acc 0.9205298013245033
[epoch:7] loss 0.3839497347088421 acc 0.945127719962157
[epoch:8] loss 0.381814610432176 acc 0.9460737937559129
[epoch:9] loss 0.36686666222179637 acc 0.9621570482497634
[epoch:10] loss 0.36506127084002776 acc 0.9602649006622517
[epoch:10] test loss 0.7959290681214168 test acc 0.4698275862068966
[epoch:11] loss 0.35418807320735035 acc 0.9744560075685903
[epoch:12] loss 0.3509351628668168 acc 0.9716177861873226
[epoch:13] loss 0.34187716420959025 acc 0.9801324503311258
[epoch:14] loss 0.34078407725867105 acc 0.9839167455061495
[epoch:15] loss 0.33817556675742655 acc 0.9820245979186376
[epoch:15] test loss 0.7618004618019893 test acc 0.5140086206896551
[epoch:16] loss 0.33226685050655813 acc 0.988647114474929
[epoch:17] loss 0.33482139601426963 acc 0.9848628192999054
[epoch:18] loss 0.3302151911398944 acc 0.9895931882686849
[epoch:19] loss 0.3260838179027333 acc 0.9943235572374646
[epoch:20] loss 0.3286435612860848 acc 0.9905392620624409
[epoch:20] test loss 0.7650944939975081 test acc 0.521551724137931
[epoch:21] loss 0.32649026460507335 acc 0.9905392620624409
[epoch:22] loss 0.32238995853592367 acc 0.9962157048249763
[epoch:23] loss 0.3234299386248869 acc 0.9943235572374646
[epoch:24] loss 0.32344325588029976 acc 0.9943235572374646
[epoch:25] loss 0.3237308886121301 acc 0.9943235572374646
[epoch:25] test loss 0.7376952006899077 test acc 0.5560344827586207
[epoch:26] loss 0.32260441341820884 acc 0.9943235572374646
[epoch:27] loss 0.3200824383427115 acc 0.9971617786187322
[epoch:28] loss 0.3210802788243574 acc 0.9962157048249763
[epoch:29] loss 0.3204730556291692 acc 0.9952696310312205
[epoch:30] loss 0.3225022563162972 acc 0.9933774834437086
[epoch:30] test loss 0.7775391915748859 test acc 0.5064655172413793
[epoch:31] loss 0.31992003672263203 acc 0.9971617786187322
[epoch:32] loss 0.31833511240342083 acc 0.9990539262062441
[epoch:33] loss 0.3185112528941211 acc 0.9981078524124882
[epoch:34] loss 0.32049444843741026 acc 0.9933774834437086
[epoch:35] loss 0.31914616507642407 acc 0.9971617786187322
[epoch:35] test loss 0.7258366181932646 test acc 0.572198275862069
[epoch:36] loss 0.3169604802832884 acc 0.9990539262062441
[epoch:37] loss 0.31793282312505383 acc 0.9971617786187322
[epoch:38] loss 0.3178424730020411 acc 0.9981078524124882
[epoch:38] test loss 0.7501667840727444 test acc 0.5387931034482759
[epoch:39] loss 0.3175891664098291 acc 0.9971617786187322
[epoch:39] test loss 0.7487775560083061 test acc 0.5355603448275862
