nohup: ignoring input
/home/xiao/miniconda3/envs/torch/lib/python3.10/site-packages/torchvision/io/image.py:13: UserWarning: Failed to load image Python extension: /home/xiao/miniconda3/envs/torch/lib/python3.10/site-packages/torchvision/image.so: undefined symbol: _ZN5torch3jit17parseSchemaOrNameERKNSt7__cxx1112basic_stringIcSt11char_traitsIcESaIcEEE
  warn(f"Failed to load image Python extension: {e}")
[epoch:0] loss 0.6477615272297579 acc 0.6452223273415326
[epoch:0] test loss 0.6818673651793907 test acc 0.5614224137931034
[epoch:1] loss 0.5612587998895084 acc 0.7663197729422895
[epoch:2] loss 0.5172862778691685 acc 0.8297067171239356
[epoch:3] loss 0.473076433819883 acc 0.8524124881740776
[epoch:4] loss 0.43701593402554006 acc 0.8987701040681173
[epoch:5] loss 0.40894026703694286 acc 0.9186376537369915
[epoch:5] test loss 0.7070798524494829 test acc 0.5732758620689655
[epoch:6] loss 0.400682014577529 acc 0.9280983916745507
[epoch:7] loss 0.3879788702025133 acc 0.9366130558183539
[epoch:8] loss 0.38395022381754484 acc 0.9385052034058656
[epoch:9] loss 0.3699512402800953 acc 0.9555345316934721
[epoch:10] loss 0.377871011986452 acc 0.9555345316934721
[epoch:10] test loss 0.6952051397027641 test acc 0.5678879310344828
[epoch:11] loss 0.3785989039084491 acc 0.9508041627246925
[epoch:12] loss 0.3613317433525534 acc 0.9574266792809839
[epoch:13] loss 0.3527337312698364 acc 0.967833491012299
[epoch:14] loss 0.3485095299342099 acc 0.9706717123935666
[epoch:15] loss 0.3434855333145927 acc 0.9772942289498581
[epoch:15] test loss 0.7353739738464355 test acc 0.5549568965517241
[epoch:16] loss 0.34330839006339803 acc 0.9763481551561022
[epoch:17] loss 0.33797934826682596 acc 0.9801324503311258
[epoch:18] loss 0.33686381666099324 acc 0.9839167455061495
[epoch:19] loss 0.3320501280181548 acc 0.9877010406811731
[epoch:20] loss 0.3316599446184495 acc 0.9867549668874173
[epoch:20] test loss 0.7426685978626383 test acc 0.5344827586206896
[epoch:21] loss 0.33088868593468385 acc 0.9877010406811731
[epoch:22] loss 0.32844749531325174 acc 0.9914853358561968
[epoch:23] loss 0.325415939969175 acc 0.9943235572374646
[epoch:24] loss 0.3264072011498844 acc 0.9895931882686849
[epoch:25] loss 0.3269995188011843 acc 0.988647114474929
[epoch:25] test loss 0.7201166029634147 test acc 0.5635775862068966
[epoch:26] loss 0.32655839008443494 acc 0.9914853358561968
[epoch:27] loss 0.35214512050151825 acc 0.9933774834437086
[epoch:28] loss 0.321865959202542 acc 0.9952696310312205
[epoch:29] loss 0.32230683284647327 acc 0.9933774834437086
[epoch:30] loss 0.3211175334804198 acc 0.9962157048249763
[epoch:30] test loss 0.7264661665620475 test acc 0.5646551724137931
[epoch:31] loss 0.31930943008731394 acc 0.9962157048249763
[epoch:32] loss 0.3213118595235488 acc 0.9943235572374646
[epoch:33] loss 0.3235742870499106 acc 0.9914853358561968
[epoch:34] loss 0.32067690877353444 acc 0.9952696310312205
[epoch:35] loss 0.319767085944905 acc 0.9952696310312205
[epoch:35] test loss 0.7353823637140209 test acc 0.5549568965517241
[epoch:36] loss 0.32079880816095013 acc 0.9952696310312205
Epoch 00038: reducing learning rate of group 0 to 8.0000e-05.
[epoch:37] loss 0.3194289049681495 acc 0.9971617786187322
[epoch:38] loss 0.32011888220029716 acc 0.9962157048249763
[epoch:38] test loss 0.7160033830280962 test acc 0.5743534482758621
[epoch:39] loss 0.31936295681140003 acc 0.9971617786187322
[epoch:39] test loss 0.7359185321577664 test acc 0.5495689655172413
