nohup: ignoring input
/home/xiao/miniconda3/envs/torch/lib/python3.10/site-packages/torchvision/io/image.py:13: UserWarning: Failed to load image Python extension: /home/xiao/miniconda3/envs/torch/lib/python3.10/site-packages/torchvision/image.so: undefined symbol: _ZN5torch3jit17parseSchemaOrNameERKNSt7__cxx1112basic_stringIcSt11char_traitsIcESaIcEEE
  warn(f"Failed to load image Python extension: {e}")
[epoch:0] loss 0.6489146463572979 acc 0.634765625
[epoch:0] test loss 0.6872829496860504 test acc 0.5334821428571429
[epoch:1] loss 0.5731998048722744 acc 0.7763671875
[epoch:1] test loss 0.6740907941545758 test acc 0.6272321428571429
[epoch:2] loss 0.5139998700469732 acc 0.8203125
[epoch:2] test loss 0.7066988561834607 test acc 0.5491071428571429
[epoch:3] loss 0.46272008679807186 acc 0.87109375
[epoch:3] test loss 0.7406904186521258 test acc 0.5390625
[epoch:4] loss 0.4323526341468096 acc 0.90625
[epoch:4] test loss 0.7806469074317387 test acc 0.44642857142857145
[epoch:5] loss 0.3980236854404211 acc 0.935546875
[epoch:5] test loss 0.7937664474759784 test acc 0.43973214285714285
[epoch:6] loss 0.382006011903286 acc 0.9443359375
[epoch:6] test loss 0.8050058569226947 test acc 0.45200892857142855
[epoch:7] loss 0.36601315811276436 acc 0.962890625
[epoch:7] test loss 0.8033148092882973 test acc 0.45089285714285715
[epoch:8] loss 0.3570868279784918 acc 0.9677734375
[epoch:8] test loss 0.7983456041131701 test acc 0.45089285714285715
[epoch:9] loss 0.3491220083087683 acc 0.9765625
[epoch:9] test loss 0.8082439133099147 test acc 0.4419642857142857
[epoch:10] loss 0.3412262760102749 acc 0.9833984375
[epoch:10] test loss 0.8103299353803907 test acc 0.4453125
[epoch:11] loss 0.3396584317088127 acc 0.9814453125
[epoch:11] test loss 0.7964580953121185 test acc 0.46205357142857145
[epoch:12] loss 0.3380571063607931 acc 0.9814453125
[epoch:12] test loss 0.805513220173972 test acc 0.44419642857142855
[epoch:13] loss 0.3350656870752573 acc 0.982421875
[epoch:13] test loss 0.7919798450810569 test acc 0.48660714285714285
[epoch:14] loss 0.33213275857269764 acc 0.9853515625
[epoch:14] test loss 0.7840512267180851 test acc 0.4799107142857143
[epoch:15] loss 0.3306019362062216 acc 0.986328125
[epoch:15] test loss 0.7949640580586025 test acc 0.46316964285714285
[epoch:16] loss 0.3269050270318985 acc 0.9892578125
[epoch:16] test loss 0.7741339547293526 test acc 0.5011160714285714
[epoch:17] loss 0.32358921878039837 acc 0.9931640625
[epoch:17] test loss 0.7863902194159371 test acc 0.48325892857142855
[epoch:18] loss 0.3216835092753172 acc 0.9951171875
[epoch:18] test loss 0.7813723342759269 test acc 0.4799107142857143
[epoch:19] loss 0.3199954442679882 acc 0.99609375
[epoch:19] test loss 0.7832782055650439 test acc 0.48214285714285715
[epoch:20] loss 0.3194154631346464 acc 0.99609375
[epoch:20] test loss 0.7987843411309379 test acc 0.4642857142857143
[epoch:21] loss 0.3189741112291813 acc 0.99609375
[epoch:21] test loss 0.7902046825204577 test acc 0.47544642857142855
[epoch:22] loss 0.3188378680497408 acc 0.99609375
[epoch:22] test loss 0.7985324731894902 test acc 0.46763392857142855
[epoch:23] loss 0.31862569600343704 acc 0.99609375
[epoch:23] test loss 0.8018358094351632 test acc 0.4654017857142857
[epoch:24] loss 0.31848570331931114 acc 0.99609375
[epoch:24] test loss 0.8055053949356079 test acc 0.4609375
[epoch:25] loss 0.3184254579246044 acc 0.99609375
[epoch:25] test loss 0.807285875082016 test acc 0.4642857142857143
[epoch:26] loss 0.318299975246191 acc 0.99609375
[epoch:26] test loss 0.8034831881523132 test acc 0.46316964285714285
[epoch:27] loss 0.3181786835193634 acc 0.99609375
[epoch:27] test loss 0.797713828938348 test acc 0.47767857142857145
[epoch:28] loss 0.318689638748765 acc 0.99609375
[epoch:28] test loss 0.7801775463989803 test acc 0.5033482142857143
[epoch:29] loss 0.3176465556025505 acc 0.9970703125
[epoch:29] test loss 0.7890965172222683 test acc 0.484375
[epoch:30] loss 0.3171131145209074 acc 0.9970703125
[epoch:30] test loss 0.80135948743139 test acc 0.47433035714285715
[epoch:31] loss 0.31702442839741707 acc 0.9970703125
[epoch:31] test loss 0.7989925699574607 test acc 0.4732142857142857
[epoch:32] loss 0.316982576623559 acc 0.9970703125
[epoch:32] test loss 0.7963952166693551 test acc 0.47879464285714285
[epoch:33] loss 0.3169720657169819 acc 0.9970703125
[epoch:33] test loss 0.7923308568341392 test acc 0.48549107142857145
[epoch:34] loss 0.31596460193395615 acc 0.998046875
[epoch:34] test loss 0.7978591748646328 test acc 0.47879464285714285
[epoch:35] loss 0.3168849814683199 acc 0.9970703125
[epoch:35] test loss 0.7967146209308079 test acc 0.47879464285714285
[epoch:36] loss 0.31590072251856327 acc 0.998046875
[epoch:36] test loss 0.8019274047442845 test acc 0.4720982142857143
[epoch:37] loss 0.31687462888658047 acc 0.9970703125
[epoch:37] test loss 0.7989724491323743 test acc 0.47098214285714285
[epoch:38] loss 0.3168761059641838 acc 0.9970703125
[epoch:38] test loss 0.8072987496852875 test acc 0.46651785714285715
[epoch:39] loss 0.3168497607111931 acc 0.9970703125
[epoch:39] test loss 0.8062860412257058 test acc 0.4654017857142857
