nohup: ignoring input
/home/xiao/miniconda3/envs/torch/lib/python3.10/site-packages/torchvision/io/image.py:13: UserWarning: Failed to load image Python extension: /home/xiao/miniconda3/envs/torch/lib/python3.10/site-packages/torchvision/image.so: undefined symbol: _ZN5torch3jit17parseSchemaOrNameERKNSt7__cxx1112basic_stringIcSt11char_traitsIcESaIcEEE
  warn(f"Failed to load image Python extension: {e}")
[epoch:0] loss 0.6829862035810947 acc 0.6015625
[epoch:0] test loss 0.7108393396650042 test acc 0.40736607142857145
[epoch:1] loss 0.6782763376832008 acc 0.6044921875
[epoch:1] test loss 0.71788290143013 test acc 0.4017857142857143
[epoch:2] loss 0.6759325414896011 acc 0.6064453125
[epoch:2] test loss 0.7218652452741351 test acc 0.40736607142857145
[epoch:3] loss 0.673780333250761 acc 0.6083984375
[epoch:3] test loss 0.728315817458289 test acc 0.40625
[epoch:4] loss 0.6724289618432522 acc 0.609375
[epoch:4] test loss 0.732914571251188 test acc 0.40513392857142855
[epoch:5] loss 0.6719779185950756 acc 0.6083984375
[epoch:5] test loss 0.7371256819793156 test acc 0.40513392857142855
[epoch:6] loss 0.6718696504831314 acc 0.6064453125
[epoch:6] test loss 0.7414487600326538 test acc 0.4017857142857143
[epoch:7] loss 0.6732933893799782 acc 0.6005859375
[epoch:7] test loss 0.7435312782015119 test acc 0.4029017857142857
[epoch:8] loss 0.6696560494601727 acc 0.6103515625
[epoch:8] test loss 0.7437972596713475 test acc 0.40736607142857145
[epoch:9] loss 0.669654481112957 acc 0.6103515625
[epoch:9] test loss 0.7481685067926135 test acc 0.4029017857142857
[epoch:10] loss 0.6702641770243645 acc 0.607421875
[epoch:10] test loss 0.7479912170342037 test acc 0.40625
[epoch:11] loss 0.6713885813951492 acc 0.6044921875
[epoch:11] test loss 0.7485281569617135 test acc 0.40848214285714285
[epoch:12] loss 0.6688160486519337 acc 0.6103515625
[epoch:12] test loss 0.7509413191250393 test acc 0.40513392857142855
[epoch:13] loss 0.6705597937107086 acc 0.60546875
[epoch:13] test loss 0.7550369117941175 test acc 0.39955357142857145
[epoch:14] loss 0.6685492992401123 acc 0.6103515625
[epoch:14] test loss 0.7538937968867165 test acc 0.40513392857142855
[epoch:15] loss 0.6715410575270653 acc 0.6044921875
[epoch:15] test loss 0.7542491810662406 test acc 0.40848214285714285
[epoch:16] loss 0.6695978567004204 acc 0.607421875
[epoch:16] test loss 0.7549786780561719 test acc 0.40625
[epoch:17] loss 0.6684484668076038 acc 0.6103515625
[epoch:17] test loss 0.7547550627163478 test acc 0.40848214285714285
[epoch:18] loss 0.6704671904444695 acc 0.607421875
[epoch:18] test loss 0.7575356108801705 test acc 0.40401785714285715
[epoch:19] loss 0.6697887256741524 acc 0.6083984375
[epoch:19] test loss 0.7590102851390839 test acc 0.40066964285714285
[epoch:20] loss 0.6704569794237614 acc 0.60546875
[epoch:20] test loss 0.7565732683454242 test acc 0.40736607142857145
[epoch:21] loss 0.6718015521764755 acc 0.603515625
[epoch:21] test loss 0.7593625443322318 test acc 0.40066964285714285
[epoch:22] loss 0.6698383688926697 acc 0.607421875
[epoch:22] test loss 0.7576238002095904 test acc 0.4029017857142857
Epoch 00024: reducing learning rate of group 0 to 8.0000e-05.
[epoch:23] loss 0.6712905168533325 acc 0.6044921875
[epoch:23] test loss 0.760403322322028 test acc 0.39732142857142855
[epoch:24] loss 0.6705036200582981 acc 0.6044921875
[epoch:24] test loss 0.7564482646329063 test acc 0.40401785714285715
[epoch:25] loss 0.6685676425695419 acc 0.609375
[epoch:25] test loss 0.7554187646933964 test acc 0.40513392857142855
[epoch:26] loss 0.6686293296515942 acc 0.6083984375
[epoch:26] test loss 0.7555027902126312 test acc 0.40401785714285715
[epoch:27] loss 0.6672550961375237 acc 0.609375
[epoch:27] test loss 0.7576805906636375 test acc 0.40066964285714285
[epoch:28] loss 0.667245626449585 acc 0.6083984375
[epoch:28] test loss 0.755827648299081 test acc 0.4017857142857143
[epoch:29] loss 0.6667554751038551 acc 0.607421875
[epoch:29] test loss 0.7516690109457288 test acc 0.40625
[epoch:30] loss 0.6655710823833942 acc 0.6083984375
[epoch:30] test loss 0.748631660427366 test acc 0.4029017857142857
[epoch:31] loss 0.6649514026939869 acc 0.603515625
[epoch:31] test loss 0.7491544570241656 test acc 0.4029017857142857
[epoch:32] loss 0.6635507605969906 acc 0.6015625
[epoch:32] test loss 0.7441211215087346 test acc 0.40736607142857145
[epoch:33] loss 0.6593427918851376 acc 0.607421875
[epoch:33] test loss 0.7431254642350333 test acc 0.4017857142857143
[epoch:34] loss 0.6573051698505878 acc 0.60546875
[epoch:34] test loss 0.7371553778648376 test acc 0.40066964285714285
[epoch:35] loss 0.6525908373296261 acc 0.609375
[epoch:35] test loss 0.7256511620112828 test acc 0.40625
[epoch:36] loss 0.6493799053132534 acc 0.6064453125
[epoch:36] test loss 0.7194458246231079 test acc 0.40848214285714285
[epoch:37] loss 0.6449901945888996 acc 0.603515625
[epoch:37] test loss 0.7122932885374341 test acc 0.41183035714285715
[epoch:38] loss 0.6411259584128857 acc 0.6005859375
[epoch:38] test loss 0.7101275537695203 test acc 0.40401785714285715
[epoch:39] loss 0.632461354136467 acc 0.6044921875
[epoch:39] test loss 0.6976471756185804 test acc 0.40513392857142855
