nohup: ignoring input
/home/xiao/miniconda3/envs/torch/lib/python3.10/site-packages/torchvision/io/image.py:13: UserWarning: Failed to load image Python extension: /home/xiao/miniconda3/envs/torch/lib/python3.10/site-packages/torchvision/image.so: undefined symbol: _ZN5torch3jit17parseSchemaOrNameERKNSt7__cxx1112basic_stringIcSt11char_traitsIcESaIcEEE
  warn(f"Failed to load image Python extension: {e}")
[epoch:0] loss 0.6525391322724959 acc 0.6140018921475875
[epoch:0] test loss 0.6654796333148562 test acc 0.6799568965517241
[epoch:1] loss 0.5666264830266728 acc 0.8221381267738883
[epoch:2] loss 0.5001894559930352 acc 0.9053926206244087
[epoch:3] loss 0.4449783002629 acc 0.935666982024598
[epoch:4] loss 0.4110061438644634 acc 0.9517502365184485
[epoch:5] loss 0.38222698166089897 acc 0.9621570482497634
[epoch:5] test loss 0.7542678796011826 test acc 0.5172413793103449
[epoch:6] loss 0.36601267667377696 acc 0.9697256385998108
[epoch:7] loss 0.35373996724100676 acc 0.9744560075685903
[epoch:8] loss 0.3445477240225848 acc 0.97918637653737
[epoch:9] loss 0.3371489083065706 acc 0.988647114474929
[epoch:10] loss 0.3331935256719589 acc 0.988647114474929
[epoch:10] test loss 0.7900956211418941 test acc 0.4978448275862069
[epoch:11] loss 0.33350851255304675 acc 0.9905392620624409
[epoch:12] loss 0.33044788416694193 acc 0.9924314096499527
[epoch:13] loss 0.3257907269632115 acc 0.9924314096499527
[epoch:14] loss 0.32409094537005706 acc 0.9933774834437086
[epoch:15] loss 0.32320397215731006 acc 0.9933774834437086
[epoch:15] test loss 0.7761628504457145 test acc 0.5
[epoch:16] loss 0.3226652846616857 acc 0.9933774834437086
[epoch:17] loss 0.3222665111808216 acc 0.9933774834437086
[epoch:18] loss 0.32193594645051393 acc 0.9933774834437086
[epoch:19] loss 0.3216811751618105 acc 0.9933774834437086
[epoch:20] loss 0.32141359763986926 acc 0.9933774834437086
[epoch:20] test loss 0.7611827192635372 test acc 0.5323275862068966
[epoch:21] loss 0.32104769173790426 acc 0.9933774834437086
[epoch:22] loss 0.3208044267752591 acc 0.9933774834437086
[epoch:23] loss 0.3604925730649163 acc 0.9545884578997161
[epoch:24] loss 0.32737169896855073 acc 0.9877010406811731
[epoch:25] loss 0.3249049344483544 acc 0.9924314096499527
[epoch:25] test loss 0.7868063860926134 test acc 0.4978448275862069
[epoch:26] loss 0.3194814692525303 acc 0.9962157048249763
[epoch:27] loss 0.31790876213242025 acc 0.9971617786187322
[epoch:28] loss 0.3176390388432671 acc 0.9971617786187322
[epoch:29] loss 0.3174027598956052 acc 0.9971617786187322
[epoch:30] loss 0.3172781309660743 acc 0.9971617786187322
[epoch:30] test loss 0.7583314139267494 test acc 0.540948275862069
[epoch:31] loss 0.3171836944187389 acc 0.9971617786187322
[epoch:32] loss 0.31711145095965443 acc 0.9971617786187322
[epoch:33] loss 0.31705544801319346 acc 0.9971617786187322
[epoch:34] loss 0.3169998938546461 acc 0.9971617786187322
[epoch:35] loss 0.3169480676160139 acc 0.9971617786187322
[epoch:35] test loss 0.7598004402785465 test acc 0.5420258620689655
[epoch:36] loss 0.3169073173228432 acc 0.9971617786187322
[epoch:37] loss 0.31687749571659984 acc 0.9971617786187322
[epoch:38] loss 0.3168410194270751 acc 0.9971617786187322
[epoch:38] test loss 0.7604800914895946 test acc 0.5420258620689655
[epoch:39] loss 0.3168090958805645 acc 0.9971617786187322
[epoch:39] test loss 0.7613051410379081 test acc 0.540948275862069
