nohup: ignoring input
/home/xiao/miniconda3/envs/torch/lib/python3.10/site-packages/torchvision/io/image.py:13: UserWarning: Failed to load image Python extension: /home/xiao/miniconda3/envs/torch/lib/python3.10/site-packages/torchvision/image.so: undefined symbol: _ZN5torch3jit17parseSchemaOrNameERKNSt7__cxx1112basic_stringIcSt11char_traitsIcESaIcEEE
  warn(f"Failed to load image Python extension: {e}")
[epoch:0] loss 0.6715840013588176 acc 0.6026490066225165
[epoch:0] test loss 0.7360253436812039 test acc 0.4040948275862069
[epoch:1] loss 0.6784811265328351 acc 0.6035950804162725
[epoch:2] loss 0.6792169213294983 acc 0.6035950804162725
[epoch:3] loss 0.6694642848828259 acc 0.6035950804162725
[epoch:4] loss 0.6789609649602104 acc 0.6035950804162725
[epoch:5] loss 0.6799925513127271 acc 0.6035950804162725
[epoch:5] test loss 0.7421220438233738 test acc 0.4040948275862069
[epoch:6] loss 0.6776857165729299 acc 0.6035950804162725
[epoch:7] loss 0.668397447642158 acc 0.6035950804162725
[epoch:8] loss 0.6773905087919796 acc 0.6035950804162725
[epoch:9] loss 0.6675288922646466 acc 0.6035950804162725
[epoch:10] loss 0.6783571383532356 acc 0.6035950804162725
[epoch:10] test loss 0.7493922134925579 test acc 0.4040948275862069
[epoch:11] loss 0.6788194021757912 acc 0.6035950804162725
[epoch:12] loss 0.6773088960086598 acc 0.6035950804162725
[epoch:13] loss 0.6666732553173514 acc 0.6035950804162725
[epoch:14] loss 0.6790258726652931 acc 0.6035950804162725
[epoch:15] loss 0.6657883928102606 acc 0.6035950804162725
[epoch:15] test loss 0.7436110891144851 test acc 0.4040948275862069
[epoch:16] loss 0.6634510229615604 acc 0.6035950804162725
[epoch:17] loss 0.6647776908734265 acc 0.6035950804162725
[epoch:18] loss 0.6336815216962028 acc 0.6461684011352885
[epoch:19] loss 0.6045205452862907 acc 0.7237464522232734
[epoch:20] loss 0.5937610093285056 acc 0.7653736991485336
[epoch:20] test loss 0.6648835046537991 test acc 0.6099137931034483
[epoch:21] loss 0.5704854525187436 acc 0.771050141911069
[epoch:22] loss 0.5681290451218101 acc 0.7738883632923368
[epoch:23] loss 0.5599037005620844 acc 0.771996215704825
[epoch:24] loss 0.5475291863960379 acc 0.7852412488174078
[epoch:25] loss 0.5402607584700865 acc 0.7965941343424787
[epoch:25] test loss 0.6661446608346084 test acc 0.6077586206896551
[epoch:26] loss 0.53541619812741 acc 0.7956480605487228
[epoch:27] loss 0.5310990459778729 acc 0.7947019867549668
[epoch:28] loss 0.5259211247458178 acc 0.8060548722800378
[epoch:29] loss 0.5425871724591536 acc 0.8088930936613056
[epoch:30] loss 0.538285386912963 acc 0.8003784295175024
[epoch:30] test loss 0.6659328588123979 test acc 0.6131465517241379
[epoch:31] loss 0.5139474044827854 acc 0.8107852412488175
[epoch:32] loss 0.5112729204051635 acc 0.8060548722800378
[epoch:33] loss 0.5094826659735512 acc 0.8126773888363292
[epoch:34] loss 0.5008079882930306 acc 0.8192999053926207
[epoch:35] loss 0.4999431161319508 acc 0.8192999053926207
[epoch:35] test loss 0.6685265837044552 test acc 0.6163793103448276
[epoch:36] loss 0.499694584923632 acc 0.8230842005676443
[epoch:37] loss 0.5305240706485861 acc 0.815515610217597
[epoch:38] loss 0.49660900585791645 acc 0.825922421948912
[epoch:38] test loss 0.700972972245052 test acc 0.5808189655172413
[epoch:39] loss 0.4923763327738818 acc 0.8353831598864712
[epoch:39] test loss 0.6620003108320565 test acc 0.6239224137931034
