nohup: ignoring input
/home/xiao/miniconda3/envs/torch/lib/python3.10/site-packages/torchvision/io/image.py:13: UserWarning: Failed to load image Python extension: /home/xiao/miniconda3/envs/torch/lib/python3.10/site-packages/torchvision/image.so: undefined symbol: _ZN5torch3jit17parseSchemaOrNameERKNSt7__cxx1112basic_stringIcSt11char_traitsIcESaIcEEE
  warn(f"Failed to load image Python extension: {e}")
[epoch:0] loss 0.6847618781030178 acc 0.5947265625
[epoch:0] test loss 0.7096685724599021 test acc 0.40401785714285715
[epoch:1] loss 0.6783674508333206 acc 0.607421875
[epoch:1] test loss 0.7182236739567348 test acc 0.40513392857142855
[epoch:2] loss 0.6762253455817699 acc 0.6025390625
[epoch:2] test loss 0.7256724536418915 test acc 0.4029017857142857
[epoch:3] loss 0.6739993020892143 acc 0.6044921875
[epoch:3] test loss 0.7312878114836556 test acc 0.40401785714285715
[epoch:4] loss 0.6737733073532581 acc 0.6015625
[epoch:4] test loss 0.7365352085658482 test acc 0.4017857142857143
[epoch:5] loss 0.6715773083269596 acc 0.6064453125
[epoch:5] test loss 0.7405333178383964 test acc 0.40066964285714285
[epoch:6] loss 0.6708782985806465 acc 0.607421875
[epoch:6] test loss 0.7441262985978808 test acc 0.40401785714285715
[epoch:7] loss 0.6697059087455273 acc 0.609375
[epoch:7] test loss 0.7467619350978306 test acc 0.40513392857142855
[epoch:8] loss 0.6702587530016899 acc 0.607421875
[epoch:8] test loss 0.7493471077510289 test acc 0.40513392857142855
[epoch:9] loss 0.6700813844799995 acc 0.607421875
[epoch:9] test loss 0.7514012328216008 test acc 0.4029017857142857
[epoch:10] loss 0.6700176112353802 acc 0.607421875
[epoch:10] test loss 0.7517711988517216 test acc 0.40625
[epoch:11] loss 0.6695714071393013 acc 0.6083984375
[epoch:11] test loss 0.7517081286226001 test acc 0.40848214285714285
[epoch:12] loss 0.6674644537270069 acc 0.61328125
[epoch:12] test loss 0.753779194184712 test acc 0.40736607142857145
[epoch:13] loss 0.6702737957239151 acc 0.6064453125
[epoch:13] test loss 0.7557739359991891 test acc 0.40066964285714285
[epoch:14] loss 0.6704622805118561 acc 0.60546875
[epoch:14] test loss 0.7534189181668418 test acc 0.40625
[epoch:15] loss 0.6674075797200203 acc 0.611328125
[epoch:15] test loss 0.7537221823419843 test acc 0.40513392857142855
[epoch:16] loss 0.6651038900017738 acc 0.6103515625
[epoch:16] test loss 0.7407977666173663 test acc 0.4029017857142857
[epoch:17] loss 0.6574957631528378 acc 0.6044921875
[epoch:17] test loss 0.6906755396298 test acc 0.40625
[epoch:18] loss 0.6389422379434109 acc 0.67578125
[epoch:18] test loss 0.6690811429704938 test acc 0.6216517857142857
[epoch:19] loss 0.6097270473837852 acc 0.7392578125
[epoch:19] test loss 0.7114040170397077 test acc 0.4921875
[epoch:20] loss 0.6003319099545479 acc 0.734375
[epoch:20] test loss 0.6653309166431427 test acc 0.6116071428571429
[epoch:21] loss 0.5878811329603195 acc 0.744140625
[epoch:21] test loss 0.6606315672397614 test acc 0.6183035714285714
[epoch:22] loss 0.5814047679305077 acc 0.7470703125
[epoch:22] test loss 0.6778362989425659 test acc 0.5926339285714286
[epoch:23] loss 0.5721755810081959 acc 0.759765625
[epoch:23] test loss 0.6379743473870414 test acc 0.6707589285714286
[epoch:24] loss 0.5683498606085777 acc 0.759765625
[epoch:24] test loss 0.6840763560363224 test acc 0.5658482142857143
[epoch:25] loss 0.5633582845330238 acc 0.7607421875
[epoch:25] test loss 0.6610308161803654 test acc 0.6272321428571429
[epoch:26] loss 0.5459305420517921 acc 0.79296875
[epoch:26] test loss 0.663880033152444 test acc 0.6127232142857143
[epoch:27] loss 0.5401642732322216 acc 0.79296875
[epoch:27] test loss 0.6667614494051252 test acc 0.6160714285714286
[epoch:28] loss 0.5495545826852322 acc 0.779296875
[epoch:28] test loss 0.6663160026073456 test acc 0.6082589285714286
[epoch:29] loss 0.5405500773340464 acc 0.7841796875
[epoch:29] test loss 0.6687022575310299 test acc 0.625
[epoch:30] loss 0.5308863427489996 acc 0.7939453125
[epoch:30] test loss 0.6650183882032122 test acc 0.6205357142857143
[epoch:31] loss 0.5262373592704535 acc 0.8037109375
[epoch:31] test loss 0.6614197960921696 test acc 0.6294642857142857
[epoch:32] loss 0.5244736671447754 acc 0.8017578125
[epoch:32] test loss 0.6919133876051221 test acc 0.59375
[epoch:33] loss 0.5216043889522552 acc 0.8056640625
[epoch:33] test loss 0.6767762473651341 test acc 0.5970982142857143
[epoch:34] loss 0.5149775389581919 acc 0.814453125
[epoch:34] test loss 0.6835362570626395 test acc 0.6026785714285714
[epoch:35] loss 0.5167172756046057 acc 0.8095703125
[epoch:35] test loss 0.6683099823338645 test acc 0.6227678571428571
[epoch:36] loss 0.508320041000843 acc 0.8203125
[epoch:36] test loss 0.6992195206029075 test acc 0.5859375
[epoch:37] loss 0.511639416217804 acc 0.810546875
[epoch:37] test loss 0.6936078114168984 test acc 0.5948660714285714
[epoch:38] loss 0.5007718075066805 acc 0.8271484375
[epoch:38] test loss 0.6800499303000314 test acc 0.5982142857142857
[epoch:39] loss 0.5054416749626398 acc 0.8271484375
[epoch:39] test loss 0.6736900167805808 test acc 0.609375
