nohup: ignoring input
/home/xiao/miniconda3/envs/torch/lib/python3.10/site-packages/torchvision/io/image.py:13: UserWarning: Failed to load image Python extension: /home/xiao/miniconda3/envs/torch/lib/python3.10/site-packages/torchvision/image.so: undefined symbol: _ZN5torch3jit17parseSchemaOrNameERKNSt7__cxx1112basic_stringIcSt11char_traitsIcESaIcEEE
  warn(f"Failed to load image Python extension: {e}")
[epoch:0] loss 0.6135487109422684 acc 0.6811731315042573
[epoch:0] test loss 0.6630031589804024 test acc 0.6293103448275862
[epoch:1] loss 0.5489750714863048 acc 0.7918637653736992
[epoch:2] loss 0.4852310787228977 acc 0.8703878902554399
[epoch:3] loss 0.4403539045768626 acc 0.9091769157994324
[epoch:4] loss 0.405349017942653 acc 0.9441816461684012
[epoch:5] loss 0.38389912422965555 acc 0.9555345316934721
[epoch:5] test loss 0.6740360671076281 test acc 0.6228448275862069
[epoch:6] loss 0.3712698256268221 acc 0.9612109744560076
[epoch:7] loss 0.3569558473194347 acc 0.9754020813623463
[epoch:8] loss 0.3522123115904191 acc 0.9744560075685903
[epoch:9] loss 0.35182904846527996 acc 0.9744560075685903
[epoch:10] loss 0.3422715707736857 acc 0.9829706717123936
[epoch:10] test loss 0.7151164659138384 test acc 0.5657327586206896
[epoch:11] loss 0.33567614152150993 acc 0.9877010406811731
[epoch:12] loss 0.3341551799984539 acc 0.9895931882686849
[epoch:13] loss 0.3311659237917732 acc 0.9895931882686849
[epoch:14] loss 0.3311382146442638 acc 0.988647114474929
[epoch:15] loss 0.33037453188615684 acc 0.9895931882686849
[epoch:15] test loss 0.6909994791293966 test acc 0.5959051724137931
[epoch:16] loss 0.32883963251815124 acc 0.9905392620624409
[epoch:17] loss 0.32661915789632234 acc 0.9914853358561968
[epoch:18] loss 0.33071961297708397 acc 0.9914853358561968
[epoch:19] loss 0.36183994131929736 acc 0.9508041627246925
[epoch:20] loss 0.3372950396117042 acc 0.9801324503311258
[epoch:20] test loss 0.7023855612195772 test acc 0.5872844827586207
[epoch:21] loss 0.3296707991291495 acc 0.988647114474929
[epoch:22] loss 0.32631153218886433 acc 0.9914853358561968
[epoch:23] loss 0.3260587304830551 acc 0.9905392620624409
[epoch:24] loss 0.32479264192721424 acc 0.9924314096499527
[epoch:25] loss 0.3233778161161086 acc 0.9924314096499527
[epoch:25] test loss 0.7281305440540972 test acc 0.5560344827586207
[epoch:26] loss 0.3243703368832083 acc 0.9914853358561968
[epoch:27] loss 0.32346249766209545 acc 0.9914853358561968
[epoch:28] loss 0.3237071826177485 acc 0.9924314096499527
[epoch:29] loss 0.32308155035271363 acc 0.9924314096499527
[epoch:30] loss 0.32226386403336243 acc 0.9933774834437086
[epoch:30] test loss 0.7363363792156351 test acc 0.5549568965517241
[epoch:31] loss 0.3218804483904558 acc 0.9933774834437086
[epoch:32] loss 0.32218856408315544 acc 0.9924314096499527
[epoch:33] loss 0.3248397997196983 acc 0.9895931882686849
[epoch:34] loss 0.32546009736902576 acc 0.9895931882686849
[epoch:35] loss 0.3241666704416275 acc 0.9905392620624409
[epoch:35] test loss 0.6879765761309656 test acc 0.6131465517241379
[epoch:36] loss 0.32453038587289695 acc 0.9905392620624409
Epoch 00038: reducing learning rate of group 0 to 8.0000e-05.
[epoch:37] loss 0.3234301638953826 acc 0.9914853358561968
[epoch:38] loss 0.3226981329567292 acc 0.9924314096499527
[epoch:38] test loss 0.6705682216019466 test acc 0.6314655172413793
[epoch:39] loss 0.32177602806512046 acc 0.9933774834437086
[epoch:39] test loss 0.732040353890123 test acc 0.5732758620689655
