nohup: ignoring input
/home/xiao/miniconda3/envs/torch/lib/python3.10/site-packages/torchvision/io/image.py:13: UserWarning: Failed to load image Python extension: /home/xiao/miniconda3/envs/torch/lib/python3.10/site-packages/torchvision/image.so: undefined symbol: _ZN5torch3jit17parseSchemaOrNameERKNSt7__cxx1112basic_stringIcSt11char_traitsIcESaIcEEE
  warn(f"Failed to load image Python extension: {e}")
[epoch:0] loss 0.6180256605148315 acc 0.685546875
[epoch:0] test loss 0.6951964923313686 test acc 0.5178571428571429
[epoch:1] loss 0.5364005472511053 acc 0.814453125
[epoch:1] test loss 0.6730952092579433 test acc 0.6160714285714286
[epoch:2] loss 0.4830189812928438 acc 0.8740234375
[epoch:2] test loss 0.692862365927015 test acc 0.5613839285714286
[epoch:3] loss 0.43139749579131603 acc 0.9306640625
[epoch:3] test loss 0.7398756274155208 test acc 0.5200892857142857
[epoch:4] loss 0.3978605419397354 acc 0.9541015625
[epoch:4] test loss 0.7448470677648272 test acc 0.5133928571428571
[epoch:5] loss 0.38474988006055355 acc 0.95703125
[epoch:5] test loss 0.7339250530515399 test acc 0.5234375
[epoch:6] loss 0.367140619084239 acc 0.9716796875
[epoch:6] test loss 0.7300505425248828 test acc 0.5334821428571429
[epoch:7] loss 0.35693146102130413 acc 0.9794921875
[epoch:7] test loss 0.7213575541973114 test acc 0.5569196428571429
[epoch:8] loss 0.3493700511753559 acc 0.984375
[epoch:8] test loss 0.7276409225804465 test acc 0.5334821428571429
[epoch:9] loss 0.3432928789407015 acc 0.990234375
[epoch:9] test loss 0.7599864048617226 test acc 0.5055803571428571
[epoch:10] loss 0.34167033433914185 acc 0.98828125
[epoch:10] test loss 0.7486376123768943 test acc 0.5323660714285714
[epoch:11] loss 0.3397778980433941 acc 0.986328125
[epoch:11] test loss 0.7208549124853951 test acc 0.5580357142857143
[epoch:12] loss 0.3388865049928427 acc 0.986328125
[epoch:12] test loss 0.743749065058572 test acc 0.5401785714285714
[epoch:13] loss 0.3366316929459572 acc 0.9892578125
[epoch:13] test loss 0.7371361170496259 test acc 0.5424107142857143
[epoch:14] loss 0.33072841726243496 acc 0.994140625
[epoch:14] test loss 0.6455410293170384 test acc 0.6506696428571429
[epoch:15] loss 0.33884632773697376 acc 0.9814453125
[epoch:15] test loss 0.708298500095095 test acc 0.5825892857142857
[epoch:16] loss 0.3330543451011181 acc 0.98828125
[epoch:16] test loss 0.7664941123553685 test acc 0.5245535714285714
[epoch:17] loss 0.34204696491360664 acc 0.978515625
[epoch:17] test loss 0.7773089834621975 test acc 0.5066964285714286
[epoch:18] loss 0.3347263280302286 acc 0.9873046875
[epoch:18] test loss 0.7417703568935394 test acc 0.5424107142857143
[epoch:19] loss 0.33008298464119434 acc 0.9912109375
[epoch:19] test loss 0.736904753105981 test acc 0.5569196428571429
[epoch:20] loss 0.3276373203843832 acc 0.9931640625
[epoch:20] test loss 0.8037739055497306 test acc 0.48325892857142855
[epoch:21] loss 0.3248399328440428 acc 0.9951171875
[epoch:21] test loss 0.7856961531298501 test acc 0.5111607142857143
[epoch:22] loss 0.32321297004818916 acc 0.9970703125
[epoch:22] test loss 0.7346953068460736 test acc 0.5647321428571429
[epoch:23] loss 0.322910875082016 acc 0.99609375
[epoch:23] test loss 0.726987144776753 test acc 0.5747767857142857
[epoch:24] loss 0.32238040678203106 acc 0.99609375
[epoch:24] test loss 0.7771588138171605 test acc 0.5111607142857143
[epoch:25] loss 0.3209579065442085 acc 0.9970703125
[epoch:25] test loss 0.7935412355831691 test acc 0.4955357142857143
[epoch:26] loss 0.32123382948338985 acc 0.9970703125
[epoch:26] test loss 0.7801697977951595 test acc 0.5100446428571429
[epoch:27] loss 0.320554630830884 acc 0.9970703125
[epoch:27] test loss 0.8069827769483838 test acc 0.48660714285714285
[epoch:28] loss 0.3219311572611332 acc 0.99609375
[epoch:28] test loss 0.8097515787397113 test acc 0.48214285714285715
[epoch:29] loss 0.31976204738020897 acc 0.998046875
[epoch:29] test loss 0.8008955121040344 test acc 0.4921875
[epoch:30] loss 0.31930300779640675 acc 0.998046875
[epoch:30] test loss 0.7691719148840223 test acc 0.5290178571428571
[epoch:31] loss 0.3190459609031677 acc 0.998046875
[epoch:31] test loss 0.7696724661758968 test acc 0.53125
[epoch:32] loss 0.31887623481452465 acc 0.998046875
[epoch:32] test loss 0.7717634907790593 test acc 0.5279017857142857
[epoch:33] loss 0.31872273050248623 acc 0.998046875
[epoch:33] test loss 0.7680186629295349 test acc 0.5301339285714286
[epoch:34] loss 0.31858099810779095 acc 0.998046875
[epoch:34] test loss 0.7702994261469159 test acc 0.5301339285714286
[epoch:35] loss 0.31845092214643955 acc 0.998046875
[epoch:35] test loss 0.7691178108964648 test acc 0.5334821428571429
[epoch:36] loss 0.3183301314711571 acc 0.998046875
[epoch:36] test loss 0.7719238102436066 test acc 0.5301339285714286
[epoch:37] loss 0.31821098551154137 acc 0.998046875
[epoch:37] test loss 0.7708681438650403 test acc 0.5301339285714286
[epoch:38] loss 0.3171355351805687 acc 0.9990234375
[epoch:38] test loss 0.7704922940049853 test acc 0.5334821428571429
[epoch:39] loss 0.31799944676458836 acc 0.998046875
[epoch:39] test loss 0.7707433359963554 test acc 0.5334821428571429
