nohup: ignoring input
/home/xiao/miniconda3/envs/torch/lib/python3.10/site-packages/torchvision/io/image.py:13: UserWarning: Failed to load image Python extension: /home/xiao/miniconda3/envs/torch/lib/python3.10/site-packages/torchvision/image.so: undefined symbol: _ZN5torch3jit17parseSchemaOrNameERKNSt7__cxx1112basic_stringIcSt11char_traitsIcESaIcEEE
  warn(f"Failed to load image Python extension: {e}")
[epoch:0] loss 0.663048081099987 acc 0.61328125
[epoch:0] test loss 0.7017098878111158 test acc 0.45535714285714285
[epoch:1] loss 0.619143720716238 acc 0.736328125
[epoch:1] test loss 0.687771316085543 test acc 0.5446428571428571
[epoch:2] loss 0.5769115909934044 acc 0.8271484375
[epoch:2] test loss 0.691525399684906 test acc 0.5714285714285714
[epoch:3] loss 0.5332633815705776 acc 0.869140625
[epoch:3] test loss 0.6925137000424522 test acc 0.5736607142857143
[epoch:4] loss 0.49166302010416985 acc 0.9287109375
[epoch:4] test loss 0.712954295533044 test acc 0.515625
[epoch:5] loss 0.45460246317088604 acc 0.9521484375
[epoch:5] test loss 0.6910230347088405 test acc 0.5904017857142857
[epoch:6] loss 0.42404161021113396 acc 0.958984375
[epoch:6] test loss 0.7260981159550803 test acc 0.5301339285714286
[epoch:7] loss 0.39958513155579567 acc 0.9697265625
[epoch:7] test loss 0.7176005797726768 test acc 0.5625
[epoch:8] loss 0.3798405211418867 acc 0.9794921875
[epoch:8] test loss 0.7417781906468528 test acc 0.5256696428571429
[epoch:9] loss 0.36610069684684277 acc 0.9853515625
[epoch:9] test loss 0.7283098484788623 test acc 0.5390625
[epoch:10] loss 0.35577709786593914 acc 0.98828125
[epoch:10] test loss 0.710517657654626 test acc 0.5770089285714286
[epoch:11] loss 0.3485674764961004 acc 0.990234375
[epoch:11] test loss 0.7283523721354348 test acc 0.5457589285714286
[epoch:12] loss 0.34261280857026577 acc 0.9912109375
[epoch:12] test loss 0.7208163610526493 test acc 0.5546875
[epoch:13] loss 0.33670137263834476 acc 0.9931640625
[epoch:13] test loss 0.7315951756068638 test acc 0.5412946428571429
[epoch:14] loss 0.33258115872740746 acc 0.994140625
[epoch:14] test loss 0.7156379904065814 test acc 0.578125
[epoch:15] loss 0.3302512429654598 acc 0.99609375
[epoch:15] test loss 0.7527562039239066 test acc 0.5256696428571429
[epoch:16] loss 0.3295238818973303 acc 0.994140625
[epoch:16] test loss 0.748098590544292 test acc 0.5279017857142857
[epoch:17] loss 0.3279304448515177 acc 0.994140625
[epoch:17] test loss 0.7405869449887957 test acc 0.5435267857142857
[epoch:18] loss 0.3252111356705427 acc 0.99609375
[epoch:18] test loss 0.7434216652597699 test acc 0.5491071428571429
[epoch:19] loss 0.3246258683502674 acc 0.9951171875
[epoch:19] test loss 0.7267493009567261 test acc 0.5680803571428571
[epoch:20] loss 0.32391859218478203 acc 0.9951171875
[epoch:20] test loss 0.7286028734275273 test acc 0.5602678571428571
[epoch:21] loss 0.323640376329422 acc 0.99609375
[epoch:21] test loss 0.7080766601221902 test acc 0.5848214285714286
[epoch:22] loss 0.3229555021971464 acc 0.99609375
[epoch:22] test loss 0.7496750908238548 test acc 0.5446428571428571
[epoch:23] loss 0.32169335149228573 acc 0.99609375
[epoch:23] test loss 0.7231048558439527 test acc 0.5669642857142857
[epoch:24] loss 0.3212187644094229 acc 0.99609375
[epoch:24] test loss 0.735484412738255 test acc 0.5591517857142857
[epoch:25] loss 0.3209443502128124 acc 0.99609375
[epoch:25] test loss 0.7337864467075893 test acc 0.5591517857142857
[epoch:26] loss 0.3202009629458189 acc 0.9970703125
[epoch:26] test loss 0.7298480229718345 test acc 0.5647321428571429
[epoch:27] loss 0.31979248113930225 acc 0.9970703125
[epoch:27] test loss 0.719960059438433 test acc 0.5747767857142857
[epoch:28] loss 0.31919062696397305 acc 0.9970703125
[epoch:28] test loss 0.715272090264729 test acc 0.5814732142857143
[epoch:29] loss 0.3192799612879753 acc 0.9970703125
[epoch:29] test loss 0.7165433210986001 test acc 0.5814732142857143
[epoch:30] loss 0.31964412331581116 acc 0.9951171875
[epoch:30] test loss 0.7345425188541412 test acc 0.5636160714285714
[epoch:31] loss 0.3188231121748686 acc 0.9970703125
[epoch:31] test loss 0.7121175272124154 test acc 0.5803571428571429
[epoch:32] loss 0.3193542342633009 acc 0.9970703125
[epoch:32] test loss 0.7458896722112384 test acc 0.546875
[epoch:33] loss 0.31862385384738445 acc 0.9970703125
[epoch:33] test loss 0.7339967361518315 test acc 0.5613839285714286
[epoch:34] loss 0.319168021902442 acc 0.99609375
[epoch:34] test loss 0.7533422708511353 test acc 0.5424107142857143
[epoch:35] loss 0.31850851885974407 acc 0.9970703125
[epoch:35] test loss 0.7123906399522509 test acc 0.5825892857142857
[epoch:36] loss 0.31833538226783276 acc 0.9970703125
[epoch:36] test loss 0.6952464325087411 test acc 0.5959821428571429
[epoch:37] loss 0.31822836212813854 acc 0.9970703125
[epoch:37] test loss 0.7402636536530086 test acc 0.5546875
[epoch:38] loss 0.3177271168678999 acc 0.9970703125
[epoch:38] test loss 0.7225094395024436 test acc 0.578125
[epoch:39] loss 0.31765065155923367 acc 0.9970703125
[epoch:39] test loss 0.7233856533254895 test acc 0.5770089285714286
