nohup: ignoring input
/home/xiao/miniconda3/envs/torch/lib/python3.10/site-packages/torchvision/io/image.py:13: UserWarning: Failed to load image Python extension: /home/xiao/miniconda3/envs/torch/lib/python3.10/site-packages/torchvision/image.so: undefined symbol: _ZN5torch3jit17parseSchemaOrNameERKNSt7__cxx1112basic_stringIcSt11char_traitsIcESaIcEEE
  warn(f"Failed to load image Python extension: {e}")
[epoch:0] loss 0.6809072159230709 acc 0.5927734375
[epoch:0] test loss 0.7209869495459965 test acc 0.40625
[epoch:1] loss 0.6742833517491817 acc 0.60546875
[epoch:1] test loss 0.7324027929987226 test acc 0.39620535714285715
[epoch:2] loss 0.6721327938139439 acc 0.607421875
[epoch:2] test loss 0.736588111945561 test acc 0.40401785714285715
[epoch:3] loss 0.6727265082299709 acc 0.603515625
[epoch:3] test loss 0.739294171333313 test acc 0.40848214285714285
[epoch:4] loss 0.6721916347742081 acc 0.603515625
[epoch:4] test loss 0.7425922112805503 test acc 0.40625
[epoch:5] loss 0.6713390722870827 acc 0.60546875
[epoch:5] test loss 0.74464094213077 test acc 0.40401785714285715
[epoch:6] loss 0.6722069717943668 acc 0.6025390625
[epoch:6] test loss 0.7468871857438769 test acc 0.4029017857142857
[epoch:7] loss 0.6728839464485645 acc 0.6005859375
[epoch:7] test loss 0.7500857327665601 test acc 0.3984375
[epoch:8] loss 0.6713546626269817 acc 0.6044921875
[epoch:8] test loss 0.7514864163739341 test acc 0.3984375
[epoch:9] loss 0.672088123857975 acc 0.6025390625
[epoch:9] test loss 0.7485066865171704 test acc 0.40848214285714285
[epoch:10] loss 0.6708953119814396 acc 0.60546875
[epoch:10] test loss 0.7504346924168723 test acc 0.40513392857142855
[epoch:11] loss 0.672039121389389 acc 0.6025390625
[epoch:11] test loss 0.7512854082243783 test acc 0.40401785714285715
[epoch:12] loss 0.6724341176450253 acc 0.6015625
[epoch:12] test loss 0.7545721232891083 test acc 0.39732142857142855
[epoch:13] loss 0.6708647795021534 acc 0.60546875
[epoch:13] test loss 0.7517108023166656 test acc 0.40401785714285715
[epoch:14] loss 0.6727919988334179 acc 0.6005859375
[epoch:14] test loss 0.7514718004635402 test acc 0.40513392857142855
[epoch:15] loss 0.6731854788959026 acc 0.599609375
[epoch:15] test loss 0.7537599844591958 test acc 0.39955357142857145
Epoch 00017: reducing learning rate of group 0 to 8.0000e-05.
[epoch:16] loss 0.6715955212712288 acc 0.603515625
[epoch:16] test loss 0.7511546909809113 test acc 0.40848214285714285
[epoch:17] loss 0.6711769588291645 acc 0.6044921875
[epoch:17] test loss 0.7522662452289036 test acc 0.40625
[epoch:18] loss 0.6715771704912186 acc 0.603515625
[epoch:18] test loss 0.7525630167552403 test acc 0.40625
[epoch:19] loss 0.6719943098723888 acc 0.6025390625
[epoch:19] test loss 0.7552420539515359 test acc 0.4017857142857143
[epoch:20] loss 0.6719809100031853 acc 0.6025390625
[epoch:20] test loss 0.7522481552192143 test acc 0.40736607142857145
[epoch:21] loss 0.6719692200422287 acc 0.6025390625
[epoch:21] test loss 0.754081551517759 test acc 0.40401785714285715
[epoch:22] loss 0.6703720204532146 acc 0.6064453125
[epoch:22] test loss 0.7539458743163517 test acc 0.40625
[epoch:23] loss 0.672774251550436 acc 0.6005859375
[epoch:23] test loss 0.7535410693713597 test acc 0.40625
[epoch:24] loss 0.6727822795510292 acc 0.6005859375
[epoch:24] test loss 0.7520344470228467 test acc 0.4095982142857143
[epoch:25] loss 0.6703091189265251 acc 0.6064453125
[epoch:25] test loss 0.7544159761496952 test acc 0.40401785714285715
[epoch:26] loss 0.6706663258373737 acc 0.60546875
[epoch:26] test loss 0.752982599394662 test acc 0.40401785714285715
[epoch:27] loss 0.6729126982390881 acc 0.6005859375
[epoch:27] test loss 0.7509786358901432 test acc 0.4029017857142857
Epoch 00029: reducing learning rate of group 0 to 6.4000e-05.
[epoch:28] loss 0.6710345335304737 acc 0.6044921875
[epoch:28] test loss 0.7515506872109005 test acc 0.40066964285714285
[epoch:29] loss 0.6710105687379837 acc 0.603515625
[epoch:29] test loss 0.7546309615884509 test acc 0.39620535714285715
[epoch:30] loss 0.6702113822102547 acc 0.60546875
[epoch:30] test loss 0.7487026027270726 test acc 0.40513392857142855
[epoch:31] loss 0.6692153476178646 acc 0.6044921875
[epoch:31] test loss 0.740193635225296 test acc 0.40625
[epoch:32] loss 0.666262298822403 acc 0.607421875
[epoch:32] test loss 0.737416650567736 test acc 0.40066964285714285
[epoch:33] loss 0.6651828996837139 acc 0.6015625
[epoch:33] test loss 0.7295320672648293 test acc 0.4029017857142857
[epoch:34] loss 0.6575511656701565 acc 0.6044921875
[epoch:34] test loss 0.713690344776426 test acc 0.40513392857142855
[epoch:35] loss 0.6472482420504093 acc 0.6044921875
[epoch:35] test loss 0.697086329971041 test acc 0.40848214285714285
[epoch:36] loss 0.6362416297197342 acc 0.6416015625
[epoch:36] test loss 0.6822722596781594 test acc 0.48660714285714285
[epoch:37] loss 0.625812467187643 acc 0.7255859375
[epoch:37] test loss 0.668295932667596 test acc 0.6607142857142857
[epoch:38] loss 0.6160083189606667 acc 0.7421875
[epoch:38] test loss 0.6575061295713697 test acc 0.6819196428571429
[epoch:39] loss 0.6187680810689926 acc 0.7373046875
[epoch:39] test loss 0.6644457025187356 test acc 0.6506696428571429
