nohup: ignoring input
/home/xiao/miniconda3/envs/torch/lib/python3.10/site-packages/torchvision/io/image.py:13: UserWarning: Failed to load image Python extension: /home/xiao/miniconda3/envs/torch/lib/python3.10/site-packages/torchvision/image.so: undefined symbol: _ZN5torch3jit17parseSchemaOrNameERKNSt7__cxx1112basic_stringIcSt11char_traitsIcESaIcEEE
  warn(f"Failed to load image Python extension: {e}")
[epoch:0] loss 0.6797034330666065 acc 0.59765625
[epoch:0] test loss 0.73301847917693 test acc 0.40625
[epoch:1] loss 0.6760724745690823 acc 0.5966796875
[epoch:1] test loss 0.7387677601405552 test acc 0.40513392857142855
[epoch:2] loss 0.6763892509043217 acc 0.5947265625
[epoch:2] test loss 0.7406900099345616 test acc 0.40625
[epoch:3] loss 0.6744114980101585 acc 0.5986328125
[epoch:3] test loss 0.7454869619437626 test acc 0.40625
[epoch:4] loss 0.6766029521822929 acc 0.591796875
[epoch:4] test loss 0.7496466721807208 test acc 0.39955357142857145
[epoch:5] loss 0.6758789643645287 acc 0.5927734375
[epoch:5] test loss 0.751300573348999 test acc 0.40066964285714285
[epoch:6] loss 0.6755856908857822 acc 0.5947265625
[epoch:6] test loss 0.7507224125521523 test acc 0.40513392857142855
[epoch:7] loss 0.6751928143203259 acc 0.5947265625
[epoch:7] test loss 0.7532134354114532 test acc 0.4029017857142857
[epoch:8] loss 0.6746696792542934 acc 0.595703125
[epoch:8] test loss 0.7539810112544468 test acc 0.40401785714285715
Epoch 00010: reducing learning rate of group 0 to 8.0000e-05.
[epoch:9] loss 0.6748031303286552 acc 0.595703125
[epoch:9] test loss 0.7540685917649951 test acc 0.40736607142857145
[epoch:10] loss 0.6759200878441334 acc 0.59375
[epoch:10] test loss 0.7555839972836631 test acc 0.4029017857142857
[epoch:11] loss 0.6757166869938374 acc 0.5927734375
[epoch:11] test loss 0.7583734222820827 test acc 0.3984375
[epoch:12] loss 0.6740039139986038 acc 0.59765625
[epoch:12] test loss 0.7549184901373727 test acc 0.40513392857142855
[epoch:13] loss 0.6727599650621414 acc 0.6005859375
[epoch:13] test loss 0.7566129437514714 test acc 0.40513392857142855
[epoch:14] loss 0.6755283698439598 acc 0.59375
[epoch:14] test loss 0.7598427065781185 test acc 0.39955357142857145
[epoch:15] loss 0.6752402558922768 acc 0.59375
[epoch:15] test loss 0.7571810569081988 test acc 0.40625
[epoch:16] loss 0.6758790239691734 acc 0.5927734375
[epoch:16] test loss 0.7587777503899166 test acc 0.4029017857142857
[epoch:17] loss 0.6756663434207439 acc 0.59375
[epoch:17] test loss 0.755762734583446 test acc 0.40625
[epoch:18] loss 0.6738439127802849 acc 0.59765625
[epoch:18] test loss 0.755311233656747 test acc 0.4095982142857143
Epoch 00020: reducing learning rate of group 0 to 6.4000e-05.
[epoch:19] loss 0.6758697852492332 acc 0.5927734375
[epoch:19] test loss 0.7585523554256984 test acc 0.4029017857142857
[epoch:20] loss 0.674356784671545 acc 0.59765625
[epoch:20] test loss 0.7571928458554404 test acc 0.40736607142857145
[epoch:21] loss 0.6732762940227985 acc 0.5986328125
[epoch:21] test loss 0.762017262833459 test acc 0.3984375
[epoch:22] loss 0.6746946200728416 acc 0.5947265625
[epoch:22] test loss 0.7583071844918388 test acc 0.40513392857142855
[epoch:23] loss 0.673440907150507 acc 0.5986328125
[epoch:23] test loss 0.7586799902575356 test acc 0.40401785714285715
[epoch:24] loss 0.6737878732383251 acc 0.59765625
[epoch:24] test loss 0.7548893945557731 test acc 0.41183035714285715
Epoch 00026: reducing learning rate of group 0 to 5.1200e-05.
[epoch:25] loss 0.6738582327961922 acc 0.59765625
[epoch:25] test loss 0.7588542870112828 test acc 0.40513392857142855
[epoch:26] loss 0.6759719289839268 acc 0.5927734375
[epoch:26] test loss 0.7589781710079738 test acc 0.40401785714285715
[epoch:27] loss 0.6722330190241337 acc 0.6015625
[epoch:27] test loss 0.7594239711761475 test acc 0.40401785714285715
[epoch:28] loss 0.6739672124385834 acc 0.59765625
[epoch:28] test loss 0.7597854690892356 test acc 0.40401785714285715
[epoch:29] loss 0.6727630384266376 acc 0.6005859375
[epoch:29] test loss 0.7605791475091662 test acc 0.4029017857142857
[epoch:30] loss 0.6752691604197025 acc 0.59375
[epoch:30] test loss 0.7604974039963314 test acc 0.4029017857142857
[epoch:31] loss 0.673600323498249 acc 0.59765625
[epoch:31] test loss 0.7570453541619437 test acc 0.40848214285714285
[epoch:32] loss 0.6741786897182465 acc 0.59765625
[epoch:32] test loss 0.7577512008803231 test acc 0.40848214285714285
Epoch 00034: reducing learning rate of group 0 to 4.0960e-05.
[epoch:33] loss 0.6732797846198082 acc 0.6005859375
[epoch:33] test loss 0.7617962275232587 test acc 0.40066964285714285
[epoch:34] loss 0.6746371723711491 acc 0.595703125
[epoch:34] test loss 0.758418185370309 test acc 0.40625
[epoch:35] loss 0.6744838356971741 acc 0.595703125
[epoch:35] test loss 0.7584808000496456 test acc 0.40848214285714285
[epoch:36] loss 0.6722951307892799 acc 0.6015625
[epoch:36] test loss 0.7586452194622585 test acc 0.40401785714285715
[epoch:37] loss 0.6758112087845802 acc 0.591796875
[epoch:37] test loss 0.7595148427145821 test acc 0.4017857142857143
[epoch:38] loss 0.6735093966126442 acc 0.5986328125
[epoch:38] test loss 0.7569033120359693 test acc 0.40625
[epoch:39] loss 0.6716934107244015 acc 0.6015625
[epoch:39] test loss 0.7574962505272457 test acc 0.4029017857142857
