nohup: ignoring input
/home/xiao/miniconda3/envs/torch/lib/python3.10/site-packages/torchvision/io/image.py:13: UserWarning: Failed to load image Python extension: /home/xiao/miniconda3/envs/torch/lib/python3.10/site-packages/torchvision/image.so: undefined symbol: _ZN5torch3jit17parseSchemaOrNameERKNSt7__cxx1112basic_stringIcSt11char_traitsIcESaIcEEE
  warn(f"Failed to load image Python extension: {e}")
[epoch:0] loss 0.6653148010373116 acc 0.6015625
[epoch:0] test loss 0.7052844422204154 test acc 0.40625
[epoch:1] loss 0.6147955916821957 acc 0.7197265625
[epoch:1] test loss 0.6534687195505414 test acc 0.6796875
[epoch:2] loss 0.5673606656491756 acc 0.7939453125
[epoch:2] test loss 0.6736861509936196 test acc 0.6049107142857143
[epoch:3] loss 0.5216533485800028 acc 0.8681640625
[epoch:3] test loss 0.6809962732451302 test acc 0.6004464285714286
[epoch:4] loss 0.48067685402929783 acc 0.927734375
[epoch:4] test loss 0.7090981091771807 test acc 0.5167410714285714
[epoch:5] loss 0.4512501712888479 acc 0.943359375
[epoch:5] test loss 0.7066575714520046 test acc 0.5223214285714286
[epoch:6] loss 0.4274504501372576 acc 0.96484375
[epoch:6] test loss 0.7190764205796378 test acc 0.5100446428571429
[epoch:7] loss 0.4119323752820492 acc 0.970703125
[epoch:7] test loss 0.693787157535553 test acc 0.5680803571428571
[epoch:8] loss 0.3977648410946131 acc 0.9775390625
[epoch:8] test loss 0.7082466653415135 test acc 0.5558035714285714
[epoch:9] loss 0.3887356109917164 acc 0.98046875
[epoch:9] test loss 0.7133689778191703 test acc 0.5491071428571429
[epoch:10] loss 0.3802790194749832 acc 0.9873046875
[epoch:10] test loss 0.6960677547114236 test acc 0.546875
[epoch:11] loss 0.3728285189718008 acc 0.990234375
[epoch:11] test loss 0.6972051858901978 test acc 0.5569196428571429
[epoch:12] loss 0.3659565895795822 acc 0.99609375
[epoch:12] test loss 0.6932355889252254 test acc 0.5613839285714286
[epoch:13] loss 0.36134313978254795 acc 0.9970703125
[epoch:13] test loss 0.6940029859542847 test acc 0.5602678571428571
[epoch:14] loss 0.357112642377615 acc 0.998046875
[epoch:14] test loss 0.6931181933198657 test acc 0.5691964285714286
[epoch:15] loss 0.353641452267766 acc 0.998046875
[epoch:15] test loss 0.6881339720317295 test acc 0.5703125
[epoch:16] loss 0.3509385511279106 acc 0.998046875
[epoch:16] test loss 0.6935095957347325 test acc 0.5669642857142857
[epoch:17] loss 0.34873768500983715 acc 0.998046875
[epoch:17] test loss 0.6913168472903115 test acc 0.5736607142857143
[epoch:18] loss 0.34666855446994305 acc 0.998046875
[epoch:18] test loss 0.69294502053942 test acc 0.5725446428571429
[epoch:19] loss 0.3448486812412739 acc 0.998046875
[epoch:19] test loss 0.695838212966919 test acc 0.5669642857142857
[epoch:20] loss 0.3431470990180969 acc 0.998046875
[epoch:20] test loss 0.6939803234168461 test acc 0.578125
[epoch:21] loss 0.34155103377997875 acc 0.998046875
[epoch:21] test loss 0.6951855421066284 test acc 0.5725446428571429
[epoch:22] loss 0.33939289674162865 acc 0.9990234375
[epoch:22] test loss 0.6946185529232025 test acc 0.578125
[epoch:23] loss 0.3384502660483122 acc 0.9990234375
[epoch:23] test loss 0.6939559025423867 test acc 0.5803571428571429
[epoch:24] loss 0.33780609257519245 acc 0.998046875
[epoch:24] test loss 0.6938014158180782 test acc 0.5736607142857143
[epoch:25] loss 0.33698989264667034 acc 0.998046875
[epoch:25] test loss 0.7044458218983242 test acc 0.5747767857142857
[epoch:26] loss 0.33568079583346844 acc 0.998046875
[epoch:26] test loss 0.6988186155046735 test acc 0.5803571428571429
[epoch:27] loss 0.3344334475696087 acc 0.9990234375
[epoch:27] test loss 0.6975780129432678 test acc 0.5870535714285714
[epoch:28] loss 0.33351878449320793 acc 0.9990234375
[epoch:28] test loss 0.7002764684813363 test acc 0.5792410714285714
[epoch:29] loss 0.33202493749558926 acc 1.0
[epoch:29] test loss 0.7056402308600289 test acc 0.5747767857142857
[epoch:30] loss 0.33133922331035137 acc 0.9990234375
[epoch:30] test loss 0.7300026374203819 test acc 0.5457589285714286
[epoch:31] loss 0.33032411709427834 acc 1.0
[epoch:31] test loss 0.7106716164520809 test acc 0.5680803571428571
[epoch:32] loss 0.32937146723270416 acc 1.0
[epoch:32] test loss 0.7244129776954651 test acc 0.5558035714285714
[epoch:33] loss 0.3286084234714508 acc 1.0
[epoch:33] test loss 0.7075188713414329 test acc 0.5747767857142857
[epoch:34] loss 0.3276622798293829 acc 1.0
[epoch:34] test loss 0.7109650458608355 test acc 0.5714285714285714
[epoch:35] loss 0.32698902301490307 acc 1.0
[epoch:35] test loss 0.7160140786852155 test acc 0.5680803571428571
[epoch:36] loss 0.3263436332345009 acc 1.0
[epoch:36] test loss 0.7160808571747371 test acc 0.5691964285714286
[epoch:37] loss 0.3257749229669571 acc 1.0
[epoch:37] test loss 0.7135561151163918 test acc 0.5680803571428571
[epoch:38] loss 0.32525140047073364 acc 1.0
[epoch:38] test loss 0.7154964123453412 test acc 0.5680803571428571
[epoch:39] loss 0.32476563937962055 acc 1.0
[epoch:39] test loss 0.7118279721055712 test acc 0.5703125
