nohup: ignoring input
/home/xiao/miniconda3/envs/torch/lib/python3.10/site-packages/torchvision/io/image.py:13: UserWarning: Failed to load image Python extension: /home/xiao/miniconda3/envs/torch/lib/python3.10/site-packages/torchvision/image.so: undefined symbol: _ZN5torch3jit17parseSchemaOrNameERKNSt7__cxx1112basic_stringIcSt11char_traitsIcESaIcEEE
  warn(f"Failed to load image Python extension: {e}")
[epoch:0] loss 0.657962416901308 acc 0.619678334910123
[epoch:0] test loss 0.6960126531535181 test acc 0.5086206896551724
[epoch:1] loss 0.592323816874448 acc 0.7767265846736046
[epoch:2] loss 0.5508856790907243 acc 0.8467360454115421
[epoch:3] loss 0.5198072089868433 acc 0.8732261116367077
[epoch:4] loss 0.4907573540421093 acc 0.8940397350993378
[epoch:5] loss 0.4636682754053789 acc 0.923368022705771
[epoch:5] test loss 0.7145269369256908 test acc 0.5398706896551724
[epoch:6] loss 0.4461520165205002 acc 0.9328287606433302
[epoch:7] loss 0.43022309331332936 acc 0.945127719962157
[epoch:8] loss 0.4168168692027821 acc 0.9526963103122044
[epoch:9] loss 0.40809307378881116 acc 0.9508041627246925
[epoch:10] loss 0.39707203735323515 acc 0.9602649006622517
[epoch:10] test loss 0.724753332549128 test acc 0.5398706896551724
[epoch:11] loss 0.3842829439569922 acc 0.9697256385998108
[epoch:12] loss 0.37388002346543703 acc 0.97918637653737
[epoch:13] loss 0.37144138181910796 acc 0.9754020813623463
[epoch:14] loss 0.366423182627734 acc 0.978240302743614
[epoch:15] loss 0.3896283498581718 acc 0.978240302743614
[epoch:15] test loss 0.7323943109347902 test acc 0.5420258620689655
[epoch:16] loss 0.358829544747577 acc 0.978240302743614
[epoch:17] loss 0.3524153478005353 acc 0.9829706717123936
[epoch:18] loss 0.3512229472398758 acc 0.9829706717123936
[epoch:19] loss 0.3505638899172054 acc 0.9848628192999054
[epoch:20] loss 0.34923028244691734 acc 0.9839167455061495
[epoch:20] test loss 0.7580932276002292 test acc 0.5204741379310345
[epoch:21] loss 0.34724745767958026 acc 0.9829706717123936
[epoch:22] loss 0.34449900599086986 acc 0.9848628192999054
[epoch:23] loss 0.3411882291821873 acc 0.9858088930936613
[epoch:24] loss 0.3382038561736836 acc 0.9895931882686849
[epoch:25] loss 0.33860645487028007 acc 0.9877010406811731
[epoch:25] test loss 0.7572859237933981 test acc 0.5204741379310345
[epoch:26] loss 0.33478984587332783 acc 0.9933774834437086
[epoch:27] loss 0.330900457852027 acc 0.9952696310312205
[epoch:28] loss 0.33141780337866616 acc 0.9914853358561968
[epoch:29] loss 0.3326391989693922 acc 0.988647114474929
[epoch:30] loss 0.3287639144588919 acc 0.9952696310312205
[epoch:30] test loss 0.7742535595236153 test acc 0.5075431034482759
[epoch:31] loss 0.3274371150661917 acc 0.9952696310312205
[epoch:32] loss 0.3269215366419624 acc 0.9962157048249763
[epoch:33] loss 0.3268609599155538 acc 0.9952696310312205
[epoch:34] loss 0.3260000961668351 acc 0.9943235572374646
[epoch:35] loss 0.32869935298667236 acc 0.9924314096499527
[epoch:35] test loss 0.7711242951195816 test acc 0.5150862068965517
[epoch:36] loss 0.3250610582968768 acc 0.9962157048249763
[epoch:37] loss 0.3237455276881947 acc 0.9962157048249763
[epoch:38] loss 0.3243290045682122 acc 0.9943235572374646
[epoch:38] test loss 0.7821225935015185 test acc 0.5086206896551724
[epoch:39] loss 0.3252100628965041 acc 0.9943235572374646
[epoch:39] test loss 0.7860359261775839 test acc 0.5107758620689655
