nohup: ignoring input
/home/xiao/miniconda3/envs/torch/lib/python3.10/site-packages/torchvision/io/image.py:13: UserWarning: Failed to load image Python extension: /home/xiao/miniconda3/envs/torch/lib/python3.10/site-packages/torchvision/image.so: undefined symbol: _ZN5torch3jit17parseSchemaOrNameERKNSt7__cxx1112basic_stringIcSt11char_traitsIcESaIcEEE
  warn(f"Failed to load image Python extension: {e}")
[epoch:0] loss 0.6276796758174896 acc 0.6906338694418165
[epoch:0] test loss 0.6443090706036009 test acc 0.634698275862069
[epoch:1] loss 0.5548617971294066 acc 0.7899716177861873
[epoch:2] loss 0.5161330287947374 acc 0.8372753074739829
[epoch:3] loss 0.48317063468344074 acc 0.8684957426679281
[epoch:4] loss 0.453167108928456 acc 0.8940397350993378
[epoch:5] loss 0.43708275872118335 acc 0.9214758751182592
[epoch:5] test loss 0.665354872572011 test acc 0.5851293103448276
[epoch:6] loss 0.41847411849919486 acc 0.923368022705771
[epoch:7] loss 0.40156784390701966 acc 0.945127719962157
[epoch:8] loss 0.38575475706773643 acc 0.9583727530747398
[epoch:9] loss 0.374465236769003 acc 0.9631031220435194
[epoch:10] loss 0.3678462610525243 acc 0.9649952696310312
[epoch:10] test loss 0.6418146121090856 test acc 0.6400862068965517
[epoch:11] loss 0.36210477001526775 acc 0.9706717123935666
[epoch:12] loss 0.35346436325241537 acc 0.9801324503311258
[epoch:13] loss 0.3540121185428956 acc 0.9754020813623463
[epoch:14] loss 0.3467907668913112 acc 0.9829706717123936
[epoch:15] loss 0.3451981719802408 acc 0.9820245979186376
[epoch:15] test loss 0.672998046052867 test acc 0.6002155172413793
[epoch:16] loss 0.34469010023509755 acc 0.9810785241248817
[epoch:17] loss 0.3433390338631237 acc 0.97918637653737
[epoch:18] loss 0.3400091748027241 acc 0.9829706717123936
[epoch:19] loss 0.3366324445780586 acc 0.9867549668874173
[epoch:20] loss 0.33600109114366417 acc 0.9867549668874173
[epoch:20] test loss 0.6673242346993808 test acc 0.6206896551724138
[epoch:21] loss 0.33484872649697695 acc 0.9867549668874173
[epoch:22] loss 0.3330622744910857 acc 0.9877010406811731
[epoch:23] loss 0.3353666496627471 acc 0.9858088930936613
[epoch:24] loss 0.3407638493706198 acc 0.9858088930936613
[epoch:25] loss 0.36415211681057424 acc 0.9508041627246925
[epoch:25] test loss 0.6669315870465904 test acc 0.6228448275862069
[epoch:26] loss 0.3449692822554532 acc 0.9735099337748344
[epoch:27] loss 0.3357728158726412 acc 0.9858088930936613
Epoch 00029: reducing learning rate of group 0 to 8.0000e-05.
[epoch:28] loss 0.3355465601472294 acc 0.9820245979186376
[epoch:29] loss 0.33135748435469237 acc 0.9867549668874173
[epoch:30] loss 0.3304459522752201 acc 0.9877010406811731
[epoch:30] test loss 0.6610512425159586 test acc 0.6325431034482759
[epoch:31] loss 0.32875678556806903 acc 0.988647114474929
[epoch:32] loss 0.32835592154194326 acc 0.988647114474929
[epoch:33] loss 0.32663117875071135 acc 0.9914853358561968
[epoch:34] loss 0.3260083680643755 acc 0.9914853358561968
[epoch:35] loss 0.32581203299410205 acc 0.9924314096499527
[epoch:35] test loss 0.6908430888735014 test acc 0.6056034482758621
[epoch:36] loss 0.32593423917013054 acc 0.9914853358561968
[epoch:37] loss 0.3261370483566733 acc 0.9905392620624409
[epoch:38] loss 0.3259059313465567 acc 0.9905392620624409
[epoch:38] test loss 0.6987785470896754 test acc 0.5969827586206896
[epoch:39] loss 0.3244185070781147 acc 0.9914853358561968
[epoch:39] test loss 0.7031567014496902 test acc 0.5926724137931034
