nohup: ignoring input
/home/xiao/miniconda3/envs/torch/lib/python3.10/site-packages/torchvision/io/image.py:13: UserWarning: Failed to load image Python extension: /home/xiao/miniconda3/envs/torch/lib/python3.10/site-packages/torchvision/image.so: undefined symbol: _ZN5torch3jit17parseSchemaOrNameERKNSt7__cxx1112basic_stringIcSt11char_traitsIcESaIcEEE
  warn(f"Failed to load image Python extension: {e}")
[epoch:0] loss 0.6583876311779022 acc 0.6181640625
[epoch:0] test loss 0.7523288215909686 test acc 0.4095982142857143
[epoch:1] loss 0.6288127489387989 acc 0.677734375
[epoch:1] test loss 0.7298569849559239 test acc 0.43861607142857145
[epoch:2] loss 0.6042596139013767 acc 0.7236328125
[epoch:2] test loss 0.6813550080571856 test acc 0.6372767857142857
[epoch:3] loss 0.5765376277267933 acc 0.80078125
[epoch:3] test loss 0.7087548332554954 test acc 0.5435267857142857
[epoch:4] loss 0.55191370844841 acc 0.833984375
[epoch:4] test loss 0.6910679382937295 test acc 0.6149553571428571
[epoch:5] loss 0.52782809920609 acc 0.8662109375
[epoch:5] test loss 0.7388614245823452 test acc 0.5033482142857143
[epoch:6] loss 0.5078541990369558 acc 0.888671875
[epoch:6] test loss 0.7113899631159646 test acc 0.5613839285714286
[epoch:7] loss 0.48718611523509026 acc 0.91015625
[epoch:7] test loss 0.6994430507932391 test acc 0.5948660714285714
[epoch:8] loss 0.46403187327086926 acc 0.9365234375
[epoch:8] test loss 0.7375758034842355 test acc 0.5379464285714286
[epoch:9] loss 0.4509141016751528 acc 0.9462890625
[epoch:9] test loss 0.7327647762639182 test acc 0.5524553571428571
[epoch:10] loss 0.4369513466954231 acc 0.9541015625
[epoch:10] test loss 0.7281202375888824 test acc 0.5323660714285714
[epoch:11] loss 0.42651245929300785 acc 0.9521484375
[epoch:11] test loss 0.7387046132768903 test acc 0.5345982142857143
[epoch:12] loss 0.41006363928318024 acc 0.9716796875
[epoch:12] test loss 0.7624829709529877 test acc 0.5044642857142857
[epoch:13] loss 0.4032581150531769 acc 0.9736328125
[epoch:13] test loss 0.7565096148422786 test acc 0.5290178571428571
[epoch:14] loss 0.39893690310418606 acc 0.9716796875
[epoch:14] test loss 0.7648788477693286 test acc 0.5089285714285714
[epoch:15] loss 0.3899255134165287 acc 0.974609375
[epoch:15] test loss 0.755693610225405 test acc 0.5301339285714286
[epoch:16] loss 0.38202560134232044 acc 0.9775390625
[epoch:16] test loss 0.7668199241161346 test acc 0.515625
[epoch:17] loss 0.37995221093297005 acc 0.9775390625
[epoch:17] test loss 0.7563869484833309 test acc 0.5234375
[epoch:18] loss 0.3753606416285038 acc 0.978515625
[epoch:18] test loss 0.7649154875959668 test acc 0.515625
[epoch:19] loss 0.369037764146924 acc 0.982421875
[epoch:19] test loss 0.7390948406287602 test acc 0.5245535714285714
[epoch:20] loss 0.36763207614421844 acc 0.9814453125
[epoch:20] test loss 0.757727610213416 test acc 0.5
[epoch:21] loss 0.3630349077284336 acc 0.984375
[epoch:21] test loss 0.7705870866775513 test acc 0.5033482142857143
[epoch:22] loss 0.3607898876070976 acc 0.984375
[epoch:22] test loss 0.7483809632914407 test acc 0.5223214285714286
[epoch:23] loss 0.35673069581389427 acc 0.986328125
[epoch:23] test loss 0.7507299823420388 test acc 0.515625
[epoch:24] loss 0.35319702327251434 acc 0.98828125
[epoch:24] test loss 0.7772111892700195 test acc 0.5011160714285714
[epoch:25] loss 0.35343806631863117 acc 0.98828125
[epoch:25] test loss 0.7441727944782802 test acc 0.5167410714285714
[epoch:26] loss 0.3500556442886591 acc 0.9892578125
[epoch:26] test loss 0.746930752481733 test acc 0.5212053571428571
[epoch:27] loss 0.3502370771020651 acc 0.9873046875
[epoch:27] test loss 0.762041470834187 test acc 0.5167410714285714
[epoch:28] loss 0.34918192215263844 acc 0.986328125
[epoch:28] test loss 0.7456672404493604 test acc 0.5167410714285714
[epoch:29] loss 0.3483426868915558 acc 0.986328125
[epoch:29] test loss 0.7332374410969871 test acc 0.5401785714285714
[epoch:30] loss 0.34741298109292984 acc 0.986328125
[epoch:30] test loss 0.7516374119690487 test acc 0.5178571428571429
[epoch:31] loss 0.3458920270204544 acc 0.9873046875
[epoch:31] test loss 0.7486393749713898 test acc 0.5200892857142857
[epoch:32] loss 0.344309963285923 acc 0.9873046875
[epoch:32] test loss 0.7475835468087878 test acc 0.5200892857142857
[epoch:33] loss 0.3433773424476385 acc 0.9873046875
[epoch:33] test loss 0.7406318059989384 test acc 0.5323660714285714
[epoch:34] loss 0.3436495531350374 acc 0.9853515625
[epoch:34] test loss 0.6887760034629277 test acc 0.6049107142857143
[epoch:35] loss 0.34187058359384537 acc 0.9873046875
[epoch:35] test loss 0.7464996022837502 test acc 0.5345982142857143
[epoch:36] loss 0.34110797196626663 acc 0.9873046875
[epoch:36] test loss 0.7259988912514278 test acc 0.5435267857142857
[epoch:37] loss 0.3390325531363487 acc 0.9892578125
[epoch:37] test loss 0.735948988369533 test acc 0.5401785714285714
[epoch:38] loss 0.3387701455503702 acc 0.98828125
[epoch:38] test loss 0.7445904357092721 test acc 0.5279017857142857
[epoch:39] loss 0.3398676533252001 acc 0.9873046875
[epoch:39] test loss 0.7578377638544355 test acc 0.5200892857142857
