nohup: ignoring input
/home/xiao/miniconda3/envs/torch/lib/python3.10/site-packages/torchvision/io/image.py:13: UserWarning: Failed to load image Python extension: /home/xiao/miniconda3/envs/torch/lib/python3.10/site-packages/torchvision/image.so: undefined symbol: _ZN5torch3jit17parseSchemaOrNameERKNSt7__cxx1112basic_stringIcSt11char_traitsIcESaIcEEE
  warn(f"Failed to load image Python extension: {e}")
[epoch:0] loss 0.5924967325785581 acc 0.7360454115421002
[epoch:0] test loss 0.6873278617858887 test acc 0.5786637931034483
[epoch:1] loss 0.5155710358830059 acc 0.8344370860927153
[epoch:2] loss 0.5043269036447301 acc 0.8192999053926207
[epoch:3] loss 0.47637319389511557 acc 0.8855250709555346
[epoch:4] loss 0.4185037463903427 acc 0.9299905392620624
[epoch:5] loss 0.39339445356060476 acc 0.9517502365184485
[epoch:5] test loss 0.6663657015767591 test acc 0.6206896551724138
[epoch:6] loss 0.371142681907205 acc 0.967833491012299
[epoch:7] loss 0.36073019224054675 acc 0.9801324503311258
[epoch:8] loss 0.3512485798667459 acc 0.9820245979186376
[epoch:9] loss 0.34340863105128794 acc 0.9877010406811731
[epoch:10] loss 0.33812393774004545 acc 0.9914853358561968
[epoch:10] test loss 0.6352113238696394 test acc 0.6681034482758621
[epoch:11] loss 0.33934584435294657 acc 0.9895931882686849
[epoch:12] loss 0.3399588728652281 acc 0.9848628192999054
[epoch:13] loss 0.3446658630581463 acc 0.978240302743614
[epoch:14] loss 0.3319440422689213 acc 0.9924314096499527
[epoch:15] loss 0.32803187475484963 acc 0.9952696310312205
[epoch:15] test loss 0.6184742060200922 test acc 0.6896551724137931
[epoch:16] loss 0.3274347712011898 acc 0.9943235572374646
[epoch:17] loss 0.3264412336489734 acc 0.9943235572374646
[epoch:18] loss 0.3285508313599755 acc 0.9924314096499527
[epoch:19] loss 0.331769841558793 acc 0.9877010406811731
[epoch:20] loss 0.3310794356991263 acc 0.9877010406811731
[epoch:20] test loss 0.6056016878835087 test acc 0.6993534482758621
[epoch:21] loss 0.3246678411960602 acc 0.9952696310312205
[epoch:22] loss 0.3331077607238994 acc 0.9848628192999054
[epoch:23] loss 0.3263049081844442 acc 0.9924314096499527
[epoch:24] loss 0.32112937815049114 acc 0.9971617786187322
[epoch:25] loss 0.3200064231367672 acc 0.9981078524124882
[epoch:25] test loss 0.6409422570261462 test acc 0.6594827586206896
[epoch:26] loss 0.3194679521462497 acc 0.9981078524124882
[epoch:27] loss 0.31918178674052744 acc 0.9981078524124882
[epoch:28] loss 0.3189263203564812 acc 0.9981078524124882
[epoch:29] loss 0.3186974972486496 acc 0.9981078524124882
[epoch:30] loss 0.31850991091307473 acc 0.9981078524124882
[epoch:30] test loss 0.6378503750110495 test acc 0.6616379310344828
[epoch:31] loss 0.3183271560598822 acc 0.9981078524124882
[epoch:32] loss 0.31816863663056316 acc 0.9981078524124882
[epoch:33] loss 0.318009614944458 acc 0.9981078524124882
[epoch:34] loss 0.31786520691478953 acc 0.9981078524124882
[epoch:35] loss 0.31774086461347695 acc 0.9981078524124882
[epoch:35] test loss 0.6405073589292066 test acc 0.6627155172413793
[epoch:36] loss 0.31762006265275616 acc 0.9981078524124882
[epoch:37] loss 0.3175039238789502 acc 0.9981078524124882
[epoch:38] loss 0.3174002792905359 acc 0.9981078524124882
[epoch:38] test loss 0.6414382169986593 test acc 0.6616379310344828
[epoch:39] loss 0.31730414050466876 acc 0.9981078524124882
[epoch:39] test loss 0.6414535384753655 test acc 0.6616379310344828
