nohup: ignoring input
/home/xiao/miniconda3/envs/torch/lib/python3.10/site-packages/torchvision/io/image.py:13: UserWarning: Failed to load image Python extension: /home/xiao/miniconda3/envs/torch/lib/python3.10/site-packages/torchvision/image.so: undefined symbol: _ZN5torch3jit17parseSchemaOrNameERKNSt7__cxx1112basic_stringIcSt11char_traitsIcESaIcEEE
  warn(f"Failed to load image Python extension: {e}")
[epoch:0] loss 0.6615213523892796 acc 0.6007568590350048
[epoch:0] test loss 0.6977427971774134 test acc 0.4558189655172414
[epoch:1] loss 0.6086435905274223 acc 0.7587511825922422
[epoch:2] loss 0.5524927228689194 acc 0.8618732261116367
[epoch:3] loss 0.5110982560059604 acc 0.9082308420056765
[epoch:4] loss 0.4781213358921163 acc 0.9337748344370861
[epoch:5] loss 0.4702945526908426 acc 0.9517502365184485
[epoch:5] test loss 0.7030501119021711 test acc 0.540948275862069
[epoch:6] loss 0.4242509927819757 acc 0.9687795648060549
[epoch:7] loss 0.40664388327037587 acc 0.9763481551561022
[epoch:8] loss 0.3925158144796596 acc 0.9801324503311258
[epoch:9] loss 0.38111140184542713 acc 0.988647114474929
[epoch:10] loss 0.37488261391134825 acc 0.9867549668874173
[epoch:10] test loss 0.7557090849711977 test acc 0.5053879310344828
[epoch:11] loss 0.3656297983492122 acc 0.9895931882686849
[epoch:12] loss 0.3575209387961556 acc 0.9924314096499527
[epoch:13] loss 0.35325319100828734 acc 0.9943235572374646
[epoch:14] loss 0.3498136068091673 acc 0.9933774834437086
[epoch:15] loss 0.34559332623201255 acc 0.9962157048249763
[epoch:15] test loss 0.7395765822509239 test acc 0.5301724137931034
[epoch:16] loss 0.34442026124281044 acc 0.9933774834437086
[epoch:17] loss 0.3412182874539319 acc 0.9952696310312205
[epoch:18] loss 0.3382839700754951 acc 0.9971617786187322
[epoch:19] loss 0.33664169031030994 acc 0.9962157048249763
[epoch:20] loss 0.335321331725401 acc 0.9943235572374646
[epoch:20] test loss 0.7315965849777748 test acc 0.5571120689655172
[epoch:21] loss 0.33352557788876924 acc 0.9962157048249763
[epoch:22] loss 0.3309892836739035 acc 0.9971617786187322
[epoch:23] loss 0.3304360789411208 acc 0.9962157048249763
[epoch:24] loss 0.32874855486785665 acc 0.9981078524124882
[epoch:25] loss 0.3286310942733989 acc 0.9962157048249763
[epoch:25] test loss 0.7622338471741512 test acc 0.5172413793103449
[epoch:26] loss 0.3274652475819868 acc 0.9981078524124882
[epoch:27] loss 0.3259250732029186 acc 0.9981078524124882
[epoch:28] loss 0.3259005756939159 acc 0.9971617786187322
[epoch:29] loss 0.3283144945607466 acc 0.9962157048249763
[epoch:30] loss 0.3265980972963221 acc 0.9962157048249763
[epoch:30] test loss 0.7638079277400313 test acc 0.5226293103448276
[epoch:31] loss 0.32509736979708953 acc 0.9971617786187322
[epoch:32] loss 0.32455558724263134 acc 0.9981078524124882
[epoch:33] loss 0.32424838928615346 acc 0.9971617786187322
[epoch:34] loss 0.3232531082980773 acc 0.9971617786187322
[epoch:35] loss 0.32217204395462484 acc 0.9981078524124882
[epoch:35] test loss 0.7232008021453331 test acc 0.5754310344827587
[epoch:36] loss 0.32255785254871144 acc 0.9971617786187322
[epoch:37] loss 0.32220715021385865 acc 0.9981078524124882
[epoch:38] loss 0.32326840039561777 acc 0.9962157048249763
[epoch:38] test loss 0.7485465592351453 test acc 0.53125
[epoch:39] loss 0.3220110745990978 acc 0.9971617786187322
[epoch:39] test loss 0.7328268967825791 test acc 0.5603448275862069
