nohup: ignoring input
/home/xiao/miniconda3/envs/torch/lib/python3.10/site-packages/torchvision/io/image.py:13: UserWarning: Failed to load image Python extension: /home/xiao/miniconda3/envs/torch/lib/python3.10/site-packages/torchvision/image.so: undefined symbol: _ZN5torch3jit17parseSchemaOrNameERKNSt7__cxx1112basic_stringIcSt11char_traitsIcESaIcEEE
  warn(f"Failed to load image Python extension: {e}")
/home/xiao/code/CS5242/CS5242/main.py:97: UserWarning: To copy construct from a tensor, it is recommended to use sourceTensor.clone().detach() or sourceTensor.clone().detach().requires_grad_(True), rather than torch.tensor(sourceTensor).
  one_gt=torch.tensor(one_gt,dtype=torch.float32)
[epoch:0] loss 0.6974564327134026 acc 0.6206597222222222
[epoch:0] test loss 0.7045201403754098 test acc 0.4185267857142857
[epoch:1] loss 0.6301356421576606 acc 0.6215277777777778
[epoch:1] test loss 0.7212003639766148 test acc 0.421875
[epoch:2] loss 0.5911871857113309 acc 0.6848958333333334
[epoch:2] test loss 0.6819980059351239 test acc 0.5747767857142857
[epoch:3] loss 0.5366368194421133 acc 0.7508680555555556
[epoch:3] test loss 0.6967437863349915 test acc 0.6272321428571429
[epoch:4] loss 0.4660229782263438 acc 0.7899305555555556
[epoch:4] test loss 0.7681092023849487 test acc 0.6116071428571429
[epoch:5] loss 0.37588171495331657 acc 0.8515625
[epoch:5] test loss 0.754985341003963 test acc 0.6082589285714286
[epoch:6] loss 0.2901581476132075 acc 0.8914930555555556
[epoch:6] test loss 0.8759205511638096 test acc 0.59375
[epoch:7] loss 0.21659222410784829 acc 0.9409722222222222
[epoch:7] test loss 0.903768173285893 test acc 0.6004464285714286
[epoch:8] loss 0.15507972240447998 acc 0.9592013888888888
[epoch:8] test loss 0.8908604553767613 test acc 0.5915178571428571
[epoch:9] loss 0.11077603780561024 acc 0.9817708333333334
[epoch:9] test loss 0.9505517908505031 test acc 0.6049107142857143
[epoch:10] loss 0.08144316366977161 acc 0.9895833333333334
[epoch:10] test loss 0.9531787889344352 test acc 0.5859375
[epoch:11] loss 0.06337073321143787 acc 0.9939236111111112
[epoch:11] test loss 1.0136235015732902 test acc 0.6060267857142857
[epoch:12] loss 0.05115071642729971 acc 0.9956597222222222
[epoch:12] test loss 1.0320480380739485 test acc 0.6015625
[epoch:13] loss 0.04268315765592787 acc 0.9956597222222222
[epoch:13] test loss 1.0672687973294939 test acc 0.6071428571428571
[epoch:14] loss 0.03582211480372482 acc 0.9982638888888888
[epoch:14] test loss 1.0815330573490687 test acc 0.6004464285714286
[epoch:15] loss 0.03151369446681605 acc 0.9982638888888888
[epoch:15] test loss 1.1031555022512163 test acc 0.5993303571428571
[epoch:16] loss 0.02744249254465103 acc 0.9982638888888888
[epoch:16] test loss 1.129008208002363 test acc 0.5982142857142857
[epoch:17] loss 0.024337547313835885 acc 0.9982638888888888
[epoch:17] test loss 1.1541742086410522 test acc 0.5970982142857143
[epoch:18] loss 0.022033907266126737 acc 0.9991319444444444
[epoch:18] test loss 1.1546730313982283 test acc 0.5915178571428571
[epoch:19] loss 0.019328874846299488 acc 0.9991319444444444
[epoch:19] test loss 1.1507432631083898 test acc 0.6160714285714286
[epoch:20] loss 0.017476644160019025 acc 0.9991319444444444
[epoch:20] test loss 1.162000026021685 test acc 0.6160714285714286
[epoch:21] loss 0.015944876087208588 acc 0.9991319444444444
[epoch:21] test loss 1.1716723952974593 test acc 0.6049107142857143
[epoch:22] loss 0.014653199455804296 acc 0.9991319444444444
[epoch:22] test loss 1.211532814162118 test acc 0.6060267857142857
[epoch:23] loss 0.01334190782573488 acc 0.9991319444444444
[epoch:23] test loss 1.1992599027497428 test acc 0.609375
[epoch:24] loss 0.012613453902304173 acc 1.0
[epoch:24] test loss 1.2066024371555872 test acc 0.6160714285714286
[epoch:25] loss 0.011652601261933645 acc 1.0
[epoch:25] test loss 1.197963101523263 test acc 0.6183035714285714
[epoch:26] loss 0.010619807677964369 acc 1.0
[epoch:26] test loss 1.243678331375122 test acc 0.6127232142857143
[epoch:27] loss 0.010331433990763294 acc 1.0
[epoch:27] test loss 1.2270804643630981 test acc 0.6183035714285714
[epoch:28] loss 0.009743285675843557 acc 1.0
[epoch:28] test loss 1.231381893157959 test acc 0.6261160714285714
[epoch:29] loss 0.009272270215054354 acc 1.0
[epoch:29] test loss 1.2694934521402632 test acc 0.6160714285714286
[epoch:30] loss 0.00875889654788706 acc 1.0
[epoch:30] test loss 1.2426255260195052 test acc 0.6227678571428571
[epoch:31] loss 0.008328635297301743 acc 1.0
[epoch:31] test loss 1.2456289189202445 test acc 0.6294642857142857
[epoch:32] loss 0.007929588357607523 acc 1.0
[epoch:32] test loss 1.2565912859780448 test acc 0.6272321428571429
[epoch:33] loss 0.007579625066783693 acc 1.0
[epoch:33] test loss 1.2802989312580653 test acc 0.6227678571428571
[epoch:34] loss 0.007265745506932338 acc 1.0
[epoch:34] test loss 1.2658583606992448 test acc 0.6294642857142857
[epoch:35] loss 0.00696777045312855 acc 1.0
[epoch:35] test loss 1.2823446137564523 test acc 0.6261160714285714
[epoch:36] loss 0.006686359074794584 acc 1.0
[epoch:36] test loss 1.279435702732631 test acc 0.6272321428571429
[epoch:37] loss 0.006385678114990394 acc 1.0
[epoch:37] test loss 1.302109718322754 test acc 0.625
[epoch:38] loss 0.006195509288873937 acc 1.0
[epoch:38] test loss 1.2830281087330409 test acc 0.6272321428571429
[epoch:39] loss 0.005956772818333573 acc 1.0
[epoch:39] test loss 1.3092611006328039 test acc 0.6272321428571429
Highest Test ACC : 0.6294642857142857
