nohup: ignoring input
/home/xiao/miniconda3/envs/torch/lib/python3.10/site-packages/torchvision/io/image.py:13: UserWarning: Failed to load image Python extension: /home/xiao/miniconda3/envs/torch/lib/python3.10/site-packages/torchvision/image.so: undefined symbol: _ZN5torch3jit17parseSchemaOrNameERKNSt7__cxx1112basic_stringIcSt11char_traitsIcESaIcEEE
  warn(f"Failed to load image Python extension: {e}")
/home/xiao/code/CS5242/CS5242/main_aug.py:97: UserWarning: To copy construct from a tensor, it is recommended to use sourceTensor.clone().detach() or sourceTensor.clone().detach().requires_grad_(True), rather than torch.tensor(sourceTensor).
  one_gt=torch.tensor(one_gt,dtype=torch.float32)
[epoch:0] loss 0.8692583276165856 acc 0.5095486111111112
[epoch:0] test loss 1.0301140291350228 test acc 0.40513392857142855
[epoch:1] loss 0.794651554690467 acc 0.5499131944444444
[epoch:1] test loss 0.9273767897060939 test acc 0.40625
[epoch:2] loss 0.7989238897959391 acc 0.5260416666666666
[epoch:2] test loss 0.8890784467969622 test acc 0.3984375
[epoch:3] loss 0.7795581420262655 acc 0.5360243055555556
[epoch:3] test loss 0.8551006231989179 test acc 0.40401785714285715
[epoch:4] loss 0.7441700365808275 acc 0.5616319444444444
[epoch:4] test loss 0.8603997826576233 test acc 0.40513392857142855
[epoch:5] loss 0.7481507162253062 acc 0.5460069444444444
[epoch:5] test loss 0.7968339664595467 test acc 0.40513392857142855
[epoch:6] loss 0.7498627238803439 acc 0.546875
[epoch:6] test loss 0.7609197071620396 test acc 0.39955357142857145
[epoch:7] loss 0.7461966839101579 acc 0.53515625
[epoch:7] test loss 0.7802899905613491 test acc 0.40625
[epoch:8] loss 0.7261296013991038 acc 0.5403645833333334
[epoch:8] test loss 0.7823908754757473 test acc 0.40066964285714285
[epoch:9] loss 0.7235815326372782 acc 0.5551215277777778
[epoch:9] test loss 0.7774457080023629 test acc 0.40848214285714285
[epoch:10] loss 0.7315267258220248 acc 0.5447048611111112
[epoch:10] test loss 0.7786011184964862 test acc 0.39620535714285715
[epoch:11] loss 0.6993834541903602 acc 0.5703125
[epoch:11] test loss 0.7753119042941502 test acc 0.4029017857142857
[epoch:12] loss 0.7004549503326416 acc 0.5620659722222222
[epoch:12] test loss 0.7655944653919765 test acc 0.40513392857142855
[epoch:13] loss 0.6954917510350546 acc 0.5789930555555556
[epoch:13] test loss 0.7717205456324986 test acc 0.40401785714285715
[epoch:14] loss 0.6935801903406779 acc 0.5842013888888888
[epoch:14] test loss 0.7617845024381366 test acc 0.4017857142857143
[epoch:15] loss 0.6817614535490671 acc 0.5894097222222222
[epoch:15] test loss 0.7641174112047467 test acc 0.40513392857142855
[epoch:16] loss 0.6948580178949568 acc 0.5672743055555556
[epoch:16] test loss 0.7761900169508797 test acc 0.4017857142857143
[epoch:17] loss 0.6900077164173126 acc 0.5655381944444444
[epoch:17] test loss 0.7640573722975594 test acc 0.4095982142857143
[epoch:18] loss 0.6780557533105215 acc 0.5920138888888888
[epoch:18] test loss 0.7467508316040039 test acc 0.40401785714285715
[epoch:19] loss 0.6769910322295295 acc 0.5967881944444444
[epoch:19] test loss 0.7399688788822719 test acc 0.42299107142857145
[epoch:20] loss 0.6700329946147071 acc 0.5911458333333334
[epoch:20] test loss 0.7501009106636047 test acc 0.42299107142857145
[epoch:21] loss 0.6604044238726298 acc 0.6145833333333334
[epoch:21] test loss 0.7384971465383258 test acc 0.41629464285714285
[epoch:22] loss 0.6620622211032443 acc 0.6085069444444444
[epoch:22] test loss 0.7305211254528591 test acc 0.46316964285714285
[epoch:23] loss 0.6600527862707773 acc 0.6041666666666666
[epoch:23] test loss 0.7237281288419452 test acc 0.46651785714285715
[epoch:24] loss 0.653737700647778 acc 0.6219618055555556
[epoch:24] test loss 0.7503801158496312 test acc 0.4497767857142857
[epoch:25] loss 0.6564881602923075 acc 0.6106770833333334
[epoch:25] test loss 0.734102725982666 test acc 0.4921875
[epoch:26] loss 0.6457291609711118 acc 0.6345486111111112
[epoch:26] test loss 0.7259957364627293 test acc 0.5044642857142857
[epoch:27] loss 0.6304634180333879 acc 0.6332465277777778
[epoch:27] test loss 0.7493851099695478 test acc 0.49330357142857145
[epoch:28] loss 0.6362461050351461 acc 0.6358506944444444
[epoch:28] test loss 0.7357116426740374 test acc 0.5
[epoch:29] loss 0.6362502806716495 acc 0.6380208333333334
[epoch:29] test loss 0.7301774450710842 test acc 0.5100446428571429
[epoch:30] loss 0.6368011004394956 acc 0.6332465277777778
[epoch:30] test loss 0.7542270847729274 test acc 0.4966517857142857
[epoch:31] loss 0.6217629412810007 acc 0.6527777777777778
[epoch:31] test loss 0.7804735728672573 test acc 0.48549107142857145
[epoch:32] loss 0.6262488199604882 acc 0.6575520833333334
[epoch:32] test loss 0.7523108635629926 test acc 0.515625
[epoch:33] loss 0.6163858109050326 acc 0.6701388888888888
[epoch:33] test loss 0.7618278179849897 test acc 0.5022321428571429
[epoch:34] loss 0.6250135633680556 acc 0.6584201388888888
[epoch:34] test loss 0.7557298115321568 test acc 0.5055803571428571
[epoch:35] loss 0.6273004909356436 acc 0.6493055555555556
[epoch:35] test loss 0.7181444764137268 test acc 0.5323660714285714
[epoch:36] loss 0.621449159251319 acc 0.65625
[epoch:36] test loss 0.762696555682591 test acc 0.49888392857142855
[epoch:37] loss 0.6188218096892039 acc 0.6636284722222222
[epoch:37] test loss 0.7567614912986755 test acc 0.5055803571428571
[epoch:38] loss 0.6030048198170133 acc 0.6697048611111112
[epoch:38] test loss 0.7624957050595965 test acc 0.5111607142857143
[epoch:39] loss 0.6055243114630381 acc 0.6796875
[epoch:39] test loss 0.7538524951253619 test acc 0.5111607142857143
Highest Test ACC : 0.5323660714285714
