nohup: ignoring input
/home/xiao/miniconda3/envs/torch/lib/python3.10/site-packages/torchvision/io/image.py:13: UserWarning: Failed to load image Python extension: /home/xiao/miniconda3/envs/torch/lib/python3.10/site-packages/torchvision/image.so: undefined symbol: _ZN5torch3jit17parseSchemaOrNameERKNSt7__cxx1112basic_stringIcSt11char_traitsIcESaIcEEE
  warn(f"Failed to load image Python extension: {e}")
/home/xiao/code/CS5242/CS5242/main.py:97: UserWarning: To copy construct from a tensor, it is recommended to use sourceTensor.clone().detach() or sourceTensor.clone().detach().requires_grad_(True), rather than torch.tensor(sourceTensor).
  one_gt=torch.tensor(one_gt,dtype=torch.float32)
[epoch:0] loss 0.7196487320793999 acc 0.5885416666666666
[epoch:0] test loss 0.7610729932785034 test acc 0.39955357142857145
[epoch:1] loss 0.6421350704299079 acc 0.6041666666666666
[epoch:1] test loss 0.7459134118897575 test acc 0.40066964285714285
[epoch:2] loss 0.6064901219473945 acc 0.6319444444444444
[epoch:2] test loss 0.7224133781024388 test acc 0.43526785714285715
[epoch:3] loss 0.5514401131206088 acc 0.7638888888888888
[epoch:3] test loss 0.7520445585250854 test acc 0.4765625
[epoch:4] loss 0.46402731868955827 acc 0.8046875
[epoch:4] test loss 0.7829617176737104 test acc 0.5412946428571429
[epoch:5] loss 0.3840459750758277 acc 0.8315972222222222
[epoch:5] test loss 0.9005733558109829 test acc 0.5479910714285714
[epoch:6] loss 0.2864660736587312 acc 0.8940972222222222
[epoch:6] test loss 0.8466303093092782 test acc 0.6138392857142857
[epoch:7] loss 0.19935086203946006 acc 0.9340277777777778
[epoch:7] test loss 1.0204756004469735 test acc 0.5770089285714286
[epoch:8] loss 0.12842649966478348 acc 0.9696180555555556
[epoch:8] test loss 0.9475100977080209 test acc 0.6149553571428571
[epoch:9] loss 0.09682122079862489 acc 0.9791666666666666
[epoch:9] test loss 1.237586838858468 test acc 0.5290178571428571
[epoch:10] loss 0.07026186461249988 acc 0.9904513888888888
[epoch:10] test loss 1.1241489308221 test acc 0.5837053571428571
[epoch:11] loss 0.048242111172941 acc 0.9947916666666666
[epoch:11] test loss 1.2840977907180786 test acc 0.5334821428571429
[epoch:12] loss 0.04177050727109114 acc 0.9973958333333334
[epoch:12] test loss 1.225993343761989 test acc 0.5792410714285714
[epoch:13] loss 0.03082688690887557 acc 0.9965277777777778
[epoch:13] test loss 1.2517259461539132 test acc 0.5814732142857143
[epoch:14] loss 0.02339504762656159 acc 0.9982638888888888
[epoch:14] test loss 1.2093836409705025 test acc 0.6004464285714286
[epoch:15] loss 0.01987592772477203 acc 0.9982638888888888
[epoch:15] test loss 1.294664638383048 test acc 0.5859375
[epoch:16] loss 0.01660382892522547 acc 0.9982638888888888
[epoch:16] test loss 1.2661709104265486 test acc 0.5959821428571429
[epoch:17] loss 0.014557197896970643 acc 0.9982638888888888
[epoch:17] test loss 1.291602441242763 test acc 0.6004464285714286
[epoch:18] loss 0.012983996214138137 acc 0.9991319444444444
[epoch:18] test loss 1.3093516826629639 test acc 0.6026785714285714
[epoch:19] loss 0.011782538559701707 acc 1.0
[epoch:19] test loss 1.3300064291272844 test acc 0.5948660714285714
[epoch:20] loss 0.010901622267233001 acc 1.0
[epoch:20] test loss 1.3356898852757044 test acc 0.5982142857142857
[epoch:21] loss 0.010075212352805667 acc 1.0
[epoch:21] test loss 1.3409098557063512 test acc 0.6015625
[epoch:22] loss 0.009354124259617593 acc 1.0
[epoch:22] test loss 1.3853439433234078 test acc 0.59375
[epoch:23] loss 0.008717899314231344 acc 1.0
[epoch:23] test loss 1.379392385482788 test acc 0.5982142857142857
[epoch:24] loss 0.00825116265979078 acc 1.0
[epoch:24] test loss 1.394278543336051 test acc 0.6026785714285714
[epoch:25] loss 0.00775297022321158 acc 1.0
[epoch:25] test loss 1.3907210656574793 test acc 0.6015625
[epoch:26] loss 0.00737368098149697 acc 1.0
[epoch:26] test loss 1.4081474883215768 test acc 0.6026785714285714
[epoch:27] loss 0.007007035426795483 acc 1.0
[epoch:27] test loss 1.4231172459466117 test acc 0.5993303571428571
[epoch:28] loss 0.006655230600800779 acc 1.0
[epoch:28] test loss 1.4082847833633423 test acc 0.6004464285714286
[epoch:29] loss 0.0063653372538586455 acc 1.0
[epoch:29] test loss 1.4336977686200822 test acc 0.6015625
[epoch:30] loss 0.006078226957470179 acc 1.0
[epoch:30] test loss 1.4623905079705375 test acc 0.5948660714285714
[epoch:31] loss 0.005815698920438687 acc 1.0
[epoch:31] test loss 1.4606367945671082 test acc 0.6026785714285714
[epoch:32] loss 0.005580089934584167 acc 1.0
[epoch:32] test loss 1.4477750062942505 test acc 0.6060267857142857
[epoch:33] loss 0.005357446252471871 acc 1.0
[epoch:33] test loss 1.458228009087699 test acc 0.6037946428571429
[epoch:34] loss 0.005155647483964761 acc 1.0
[epoch:34] test loss 1.4667553731373377 test acc 0.6026785714285714
[epoch:35] loss 0.00497613303984205 acc 1.0
[epoch:35] test loss 1.4569534744535173 test acc 0.6104910714285714
[epoch:36] loss 0.004772697678870625 acc 1.0
[epoch:36] test loss 1.5010687623705183 test acc 0.6015625
[epoch:37] loss 0.004610841524683767 acc 1.0
[epoch:37] test loss 1.4933884314128332 test acc 0.6004464285714286
[epoch:38] loss 0.004444560036063194 acc 1.0
[epoch:38] test loss 1.511057938848223 test acc 0.5993303571428571
[epoch:39] loss 0.004281516135152843 acc 1.0
[epoch:39] test loss 1.511018054825919 test acc 0.6015625
Highest Test ACC : 0.6149553571428571
