nohup: ignoring input
/home/xiao/miniconda3/envs/torch/lib/python3.10/site-packages/torchvision/io/image.py:13: UserWarning: Failed to load image Python extension: /home/xiao/miniconda3/envs/torch/lib/python3.10/site-packages/torchvision/image.so: undefined symbol: _ZN5torch3jit17parseSchemaOrNameERKNSt7__cxx1112basic_stringIcSt11char_traitsIcESaIcEEE
  warn(f"Failed to load image Python extension: {e}")
/home/xiao/code/CS5242/CS5242/main_aug.py:97: UserWarning: To copy construct from a tensor, it is recommended to use sourceTensor.clone().detach() or sourceTensor.clone().detach().requires_grad_(True), rather than torch.tensor(sourceTensor).
  one_gt=torch.tensor(one_gt,dtype=torch.float32)
[epoch:0] loss 0.6983252498838637 acc 0.5750868055555556
[epoch:0] test loss 0.8396068300519671 test acc 0.39955357142857145
[epoch:1] loss 0.6513578063911862 acc 0.6310763888888888
[epoch:1] test loss 0.8476005792617798 test acc 0.4095982142857143
[epoch:2] loss 0.618680069843928 acc 0.6575520833333334
[epoch:2] test loss 0.8341289673532758 test acc 0.46763392857142855
[epoch:3] loss 0.6070000694857703 acc 0.6666666666666666
[epoch:3] test loss 0.9342746223722186 test acc 0.43861607142857145
[epoch:4] loss 0.5969131026003096 acc 0.6822916666666666
[epoch:4] test loss 0.8364732010023934 test acc 0.47433035714285715
[epoch:5] loss 0.5821534030967288 acc 0.7018229166666666
[epoch:5] test loss 0.8267237799508231 test acc 0.5267857142857143
[epoch:6] loss 0.5748650001155006 acc 0.69921875
[epoch:6] test loss 0.8746743202209473 test acc 0.5256696428571429
[epoch:7] loss 0.5641592608557807 acc 0.7204861111111112
[epoch:7] test loss 0.8840978486197335 test acc 0.5714285714285714
[epoch:8] loss 0.5560215844048394 acc 0.7235243055555556
[epoch:8] test loss 0.8461038044520787 test acc 0.5904017857142857
[epoch:9] loss 0.5383484015862147 acc 0.7391493055555556
[epoch:9] test loss 1.0100587521280562 test acc 0.46316964285714285
[epoch:10] loss 0.5365444637007184 acc 0.7222222222222222
[epoch:10] test loss 0.9620479004723685 test acc 0.5167410714285714
[epoch:11] loss 0.5316745440165201 acc 0.7456597222222222
[epoch:11] test loss 0.9213115402630397 test acc 0.5825892857142857
[epoch:12] loss 0.5155350267887115 acc 0.7573784722222222
[epoch:12] test loss 0.858355632850102 test acc 0.5993303571428571
[epoch:13] loss 0.5058884223302206 acc 0.7660590277777778
[epoch:13] test loss 0.8600235070501056 test acc 0.6127232142857143
[epoch:14] loss 0.5063402437501483 acc 0.7578125
[epoch:14] test loss 0.8619478515216282 test acc 0.6238839285714286
[epoch:15] loss 0.48218996491697097 acc 0.7786458333333334
[epoch:15] test loss 0.9303346531731742 test acc 0.5814732142857143
[epoch:16] loss 0.46524181962013245 acc 0.796875
[epoch:16] test loss 0.8744593518120902 test acc 0.5881696428571429
[epoch:17] loss 0.4462745371792052 acc 0.8003472222222222
[epoch:17] test loss 0.8240729229790824 test acc 0.6216517857142857
[epoch:18] loss 0.4380236201816135 acc 0.8120659722222222
[epoch:18] test loss 0.8889698045594352 test acc 0.5848214285714286
[epoch:19] loss 0.42129694918791455 acc 0.8229166666666666
[epoch:19] test loss 0.8671134029115949 test acc 0.6149553571428571
[epoch:20] loss 0.41561588148276013 acc 0.8181423611111112
[epoch:20] test loss 0.9705499836376735 test acc 0.5580357142857143
[epoch:21] loss 0.40420235527886283 acc 0.8298611111111112
[epoch:21] test loss 0.9974836707115173 test acc 0.5725446428571429
[epoch:22] loss 0.40759390592575073 acc 0.8289930555555556
[epoch:22] test loss 1.0437960454395838 test acc 0.5412946428571429
[epoch:23] loss 0.39300506313641864 acc 0.8328993055555556
[epoch:23] test loss 1.0349490812846593 test acc 0.546875
[epoch:24] loss 0.38280043337080216 acc 0.83984375
[epoch:24] test loss 1.0554804291043962 test acc 0.5546875
[epoch:25] loss 0.37137408554553986 acc 0.8355034722222222
[epoch:25] test loss 0.9613968304225377 test acc 0.5948660714285714
[epoch:26] loss 0.35092360774676007 acc 0.8524305555555556
[epoch:26] test loss 1.13532521043505 test acc 0.5357142857142857
[epoch:27] loss 0.3436863571405411 acc 0.8624131944444444
[epoch:27] test loss 1.143007482801165 test acc 0.5502232142857143
[epoch:28] loss 0.3528890146149529 acc 0.8567708333333334
[epoch:28] test loss 1.18975796018328 test acc 0.5401785714285714
[epoch:29] loss 0.3269701467620002 acc 0.8671875
[epoch:29] test loss 1.0843433567455836 test acc 0.5703125
[epoch:30] loss 0.3408764766322242 acc 0.87109375
[epoch:30] test loss 1.1068438972745622 test acc 0.5714285714285714
[epoch:31] loss 0.30566297140386367 acc 0.8802083333333334
[epoch:31] test loss 1.1809701749256678 test acc 0.5435267857142857
[epoch:32] loss 0.29948296315140194 acc 0.8832465277777778
[epoch:32] test loss 1.153503349849156 test acc 0.5770089285714286
[epoch:33] loss 0.29354583223660785 acc 0.8793402777777778
[epoch:33] test loss 1.195568016597203 test acc 0.5256696428571429
[epoch:34] loss 0.28625152591201997 acc 0.8884548611111112
[epoch:34] test loss 1.3075229270117623 test acc 0.5334821428571429
[epoch:35] loss 0.2866555386119419 acc 0.8927951388888888
[epoch:35] test loss 1.3457081658499581 test acc 0.5011160714285714
[epoch:36] loss 0.2835440817806456 acc 0.8910590277777778
[epoch:36] test loss 1.2251608882631575 test acc 0.5290178571428571
[epoch:37] loss 0.27432356692022747 acc 0.8927951388888888
[epoch:37] test loss 1.3271338769367762 test acc 0.5223214285714286
[epoch:38] loss 0.2679349556565285 acc 0.8962673611111112
[epoch:38] test loss 1.317977922303336 test acc 0.5212053571428571
[epoch:39] loss 0.27235161181953216 acc 0.8914930555555556
[epoch:39] test loss 1.1599799224308558 test acc 0.5691964285714286
Highest Test ACC : 0.6238839285714286
