nohup: ignoring input
/home/xiao/miniconda3/envs/torch/lib/python3.10/site-packages/torchvision/io/image.py:13: UserWarning: Failed to load image Python extension: /home/xiao/miniconda3/envs/torch/lib/python3.10/site-packages/torchvision/image.so: undefined symbol: _ZN5torch3jit17parseSchemaOrNameERKNSt7__cxx1112basic_stringIcSt11char_traitsIcESaIcEEE
  warn(f"Failed to load image Python extension: {e}")
/home/xiao/code/CS5242/CS5242/main.py:97: UserWarning: To copy construct from a tensor, it is recommended to use sourceTensor.clone().detach() or sourceTensor.clone().detach().requires_grad_(True), rather than torch.tensor(sourceTensor).
  one_gt=torch.tensor(one_gt,dtype=torch.float32)
[epoch:0] loss 0.6817577828963598 acc 0.5540364583333334
[epoch:0] test loss 0.71286940574646 test acc 0.4088541666666667
[epoch:1] loss 0.6614267379045486 acc 0.5703125
[epoch:1] test loss 0.6756208539009094 test acc 0.5
[epoch:2] loss 0.6249727706114451 acc 0.66796875
[epoch:2] test loss 0.6399725079536438 test acc 0.671875
[epoch:3] loss 0.5860757927099863 acc 0.6927083333333334
[epoch:3] test loss 0.5982102155685425 test acc 0.6692708333333334
[epoch:4] loss 0.5472679783900579 acc 0.7220052083333334
[epoch:4] test loss 0.5731159448623657 test acc 0.7291666666666666
[epoch:5] loss 0.5288171395659447 acc 0.71484375
[epoch:5] test loss 0.5450394749641418 test acc 0.7057291666666666
[epoch:6] loss 0.5116845741868019 acc 0.7356770833333334
[epoch:6] test loss 0.5296347141265869 test acc 0.7604166666666666
[epoch:7] loss 0.4902002215385437 acc 0.755859375
[epoch:7] test loss 0.5118114153544108 test acc 0.7630208333333334
[epoch:8] loss 0.4704607054591179 acc 0.7708333333333334
[epoch:8] test loss 0.5143314997355143 test acc 0.765625
[epoch:9] loss 0.4509781077504158 acc 0.7916666666666666
[epoch:9] test loss 0.5350733002026876 test acc 0.7447916666666666
[epoch:10] loss 0.4368966023127238 acc 0.7916666666666666
[epoch:10] test loss 0.46166176597277325 test acc 0.7734375
[epoch:11] loss 0.42889347672462463 acc 0.7903645833333334
[epoch:11] test loss 0.5361807545026144 test acc 0.7473958333333334
[epoch:12] loss 0.4112075865268707 acc 0.8053385416666666
[epoch:12] test loss 0.47747746109962463 test acc 0.71875
[epoch:13] loss 0.4112488528092702 acc 0.8014322916666666
[epoch:13] test loss 0.46840999523798627 test acc 0.8020833333333334
[epoch:14] loss 0.38228758921225864 acc 0.826171875
[epoch:14] test loss 0.43762022256851196 test acc 0.8177083333333334
[epoch:15] loss 0.3662977193792661 acc 0.833984375
[epoch:15] test loss 0.4100401997566223 test acc 0.8177083333333334
[epoch:16] loss 0.3441806385914485 acc 0.849609375
[epoch:16] test loss 0.414754182100296 test acc 0.8151041666666666
[epoch:17] loss 0.33933601280053455 acc 0.8515625
[epoch:17] test loss 0.4452240963776906 test acc 0.7890625
[epoch:18] loss 0.33557863036791485 acc 0.841796875
[epoch:18] test loss 0.4103144903977712 test acc 0.7994791666666666
[epoch:19] loss 0.3245217700799306 acc 0.8522135416666666
[epoch:19] test loss 0.4003244837125142 test acc 0.8125
[epoch:20] loss 0.30136875932415325 acc 0.8782552083333334
[epoch:20] test loss 0.3755626380443573 test acc 0.8359375
[epoch:21] loss 0.29061903928716976 acc 0.8756510416666666
[epoch:21] test loss 0.3887883722782135 test acc 0.8151041666666666
[epoch:22] loss 0.27886347969373065 acc 0.8860677083333334
[epoch:22] test loss 0.4008703927199046 test acc 0.8098958333333334
[epoch:23] loss 0.28113651275634766 acc 0.8828125
[epoch:23] test loss 0.39665038386980694 test acc 0.8307291666666666
[epoch:24] loss 0.2682609024147193 acc 0.8958333333333334
[epoch:24] test loss 0.3642462392648061 test acc 0.8203125
[epoch:25] loss 0.2502601059774558 acc 0.9055989583333334
[epoch:25] test loss 0.402861624956131 test acc 0.8203125
[epoch:26] loss 0.25749045858780545 acc 0.9036458333333334
[epoch:26] test loss 0.3842681248982747 test acc 0.8229166666666666
[epoch:27] loss 0.2332583007713159 acc 0.9153645833333334
[epoch:27] test loss 0.3718382716178894 test acc 0.8255208333333334
[epoch:28] loss 0.22893970583875975 acc 0.9166666666666666
[epoch:28] test loss 0.36103681723276776 test acc 0.8307291666666666
[epoch:29] loss 0.22110347698132196 acc 0.9192708333333334
[epoch:29] test loss 0.3622024456659953 test acc 0.8359375
[epoch:30] loss 0.24060165509581566 acc 0.8997395833333334
[epoch:30] test loss 0.4502890408039093 test acc 0.7604166666666666
[epoch:31] loss 0.25470948840181035 acc 0.8919270833333334
[epoch:31] test loss 0.3608540991942088 test acc 0.8411458333333334
[epoch:32] loss 0.22017903377612433 acc 0.912109375
[epoch:32] test loss 0.34848318497339886 test acc 0.84375
[epoch:33] loss 0.19585994134346643 acc 0.9375
[epoch:33] test loss 0.3863752285639445 test acc 0.8125
[epoch:34] loss 0.19837971652547517 acc 0.9290364583333334
[epoch:34] test loss 0.3619195620218913 test acc 0.8567708333333334
[epoch:35] loss 0.18882620334625244 acc 0.939453125
[epoch:35] test loss 0.39809231956799823 test acc 0.828125
[epoch:36] loss 0.207953542470932 acc 0.9186197916666666
[epoch:36] test loss 0.3831937511761983 test acc 0.8255208333333334
[epoch:37] loss 0.20857695738474527 acc 0.9127604166666666
[epoch:37] test loss 0.37896089752515155 test acc 0.828125
[epoch:38] loss 0.18942774583896002 acc 0.9348958333333334
[epoch:38] test loss 0.376613587141037 test acc 0.8229166666666666
[epoch:39] loss 0.17062629262606302 acc 0.9446614583333334
[epoch:39] test loss 0.372703621784846 test acc 0.8359375
Highest Test ACC : 0.8567708333333334
