nohup: ignoring input
/home/xiao/miniconda3/envs/torch/lib/python3.10/site-packages/torchvision/io/image.py:13: UserWarning: Failed to load image Python extension: /home/xiao/miniconda3/envs/torch/lib/python3.10/site-packages/torchvision/image.so: undefined symbol: _ZN5torch3jit17parseSchemaOrNameERKNSt7__cxx1112basic_stringIcSt11char_traitsIcESaIcEEE
  warn(f"Failed to load image Python extension: {e}")
/home/xiao/code/CS5242/CS5242/main.py:97: UserWarning: To copy construct from a tensor, it is recommended to use sourceTensor.clone().detach() or sourceTensor.clone().detach().requires_grad_(True), rather than torch.tensor(sourceTensor).
  one_gt=torch.tensor(one_gt,dtype=torch.float32)
[epoch:0] loss 0.676761578429829 acc 0.5589488636363636
[epoch:0] test loss 0.7319611549377442 test acc 0.4046875
[epoch:1] loss 0.6517845392227173 acc 0.5873579545454546
[epoch:1] test loss 0.7014956831932068 test acc 0.44375
[epoch:2] loss 0.6190256855704568 acc 0.6598011363636364
[epoch:2] test loss 0.6437070608139038 test acc 0.690625
[epoch:3] loss 0.5757689042524858 acc 0.6889204545454546
[epoch:3] test loss 0.5955106496810914 test acc 0.6609375
[epoch:4] loss 0.547512021931735 acc 0.7151988636363636
[epoch:4] test loss 0.5983536243438721 test acc 0.659375
[epoch:5] loss 0.5239017551595514 acc 0.7237215909090909
[epoch:5] test loss 0.5932678699493408 test acc 0.68125
[epoch:6] loss 0.5050852813503959 acc 0.7393465909090909
[epoch:6] test loss 0.5602313637733459 test acc 0.65625
[epoch:7] loss 0.4930232952941548 acc 0.7521306818181818
[epoch:7] test loss 0.5687262415885925 test acc 0.684375
[epoch:8] loss 0.4690217944708737 acc 0.78125
[epoch:8] test loss 0.6000286936759949 test acc 0.684375
[epoch:9] loss 0.46228314258835534 acc 0.78125
[epoch:9] test loss 0.5272836089134216 test acc 0.6890625
[epoch:10] loss 0.45560175993225793 acc 0.7833806818181818
[epoch:10] test loss 0.5319490373134613 test acc 0.7078125
[epoch:11] loss 0.42773816802284936 acc 0.8011363636363636
[epoch:11] test loss 0.5516044855117798 test acc 0.7140625
[epoch:12] loss 0.4144285836003043 acc 0.8061079545454546
[epoch:12] test loss 0.5326983332633972 test acc 0.709375
[epoch:13] loss 0.3932502649047158 acc 0.8181818181818182
[epoch:13] test loss 0.4995026350021362 test acc 0.728125
[epoch:14] loss 0.37619825113903393 acc 0.8323863636363636
[epoch:14] test loss 0.5005152940750122 test acc 0.7296875
[epoch:15] loss 0.3649043467911807 acc 0.8430397727272727
[epoch:15] test loss 0.47682587504386903 test acc 0.765625
[epoch:16] loss 0.34847478704019025 acc 0.8536931818181818
[epoch:16] test loss 0.526747977733612 test acc 0.71875
[epoch:17] loss 0.33678530021147296 acc 0.8458806818181818
[epoch:17] test loss 0.4583375513553619 test acc 0.784375
[epoch:18] loss 0.31830452247099444 acc 0.8707386363636364
[epoch:18] test loss 0.4636129140853882 test acc 0.7796875
[epoch:19] loss 0.3035091378472068 acc 0.8799715909090909
[epoch:19] test loss 0.4954107105731964 test acc 0.753125
[epoch:20] loss 0.29808682203292847 acc 0.8877840909090909
[epoch:20] test loss 0.4762974441051483 test acc 0.7765625
[epoch:21] loss 0.28166616640307685 acc 0.8955965909090909
[epoch:21] test loss 0.5031738817691803 test acc 0.759375
[epoch:22] loss 0.2862915640527552 acc 0.8821022727272727
[epoch:22] test loss 0.45072892904281614 test acc 0.7828125
[epoch:23] loss 0.26706772771748627 acc 0.8991477272727273
[epoch:23] test loss 0.4860283374786377 test acc 0.7734375
[epoch:24] loss 0.2746251889250495 acc 0.8877840909090909
[epoch:24] test loss 0.43964990973472595 test acc 0.8046875
[epoch:25] loss 0.2424333935434168 acc 0.9119318181818182
[epoch:25] test loss 0.44299333691596987 test acc 0.803125
[epoch:26] loss 0.2344077080488205 acc 0.9140625
[epoch:26] test loss 0.45220968723297117 test acc 0.8046875
[epoch:27] loss 0.22313921424475583 acc 0.9268465909090909
[epoch:27] test loss 0.4614250183105469 test acc 0.8046875
[epoch:28] loss 0.22342242300510406 acc 0.9261363636363636
[epoch:28] test loss 0.44835483431816103 test acc 0.8078125
[epoch:29] loss 0.21334951438687064 acc 0.9247159090909091
[epoch:29] test loss 0.46693187952041626 test acc 0.7984375
[epoch:30] loss 0.22854416072368622 acc 0.9090909090909091
[epoch:30] test loss 0.4652301609516144 test acc 0.7875
[epoch:31] loss 0.22199771350080316 acc 0.9112215909090909
[epoch:31] test loss 0.47486520409584043 test acc 0.796875
[epoch:32] loss 0.22327342358502475 acc 0.9119318181818182
[epoch:32] test loss 0.44833940267562866 test acc 0.8015625
[epoch:33] loss 0.19897890768267892 acc 0.9289772727272727
[epoch:33] test loss 0.4587084114551544 test acc 0.8078125
[epoch:34] loss 0.19942104139111258 acc 0.9360795454545454
[epoch:34] test loss 0.4482210040092468 test acc 0.8078125
[epoch:35] loss 0.18773440203883432 acc 0.9375
[epoch:35] test loss 0.4719054579734802 test acc 0.8078125
[epoch:36] loss 0.18620279702273282 acc 0.9389204545454546
[epoch:36] test loss 0.4407528042793274 test acc 0.8140625
[epoch:37] loss 0.17847854576327585 acc 0.9353693181818182
[epoch:37] test loss 0.496922767162323 test acc 0.8
[epoch:38] loss 0.17589811167933725 acc 0.9389204545454546
[epoch:38] test loss 0.4381426990032196 test acc 0.81875
[epoch:39] loss 0.1660316213965416 acc 0.9509943181818182
[epoch:39] test loss 0.4593231797218323 test acc 0.821875
Highest Test ACC : 0.821875
