nohup: ignoring input
/home/xiao/miniconda3/envs/torch/lib/python3.10/site-packages/torchvision/io/image.py:13: UserWarning: Failed to load image Python extension: /home/xiao/miniconda3/envs/torch/lib/python3.10/site-packages/torchvision/image.so: undefined symbol: _ZN5torch3jit17parseSchemaOrNameERKNSt7__cxx1112basic_stringIcSt11char_traitsIcESaIcEEE
  warn(f"Failed to load image Python extension: {e}")
/home/xiao/code/CS5242/CS5242/main.py:97: UserWarning: To copy construct from a tensor, it is recommended to use sourceTensor.clone().detach() or sourceTensor.clone().detach().requires_grad_(True), rather than torch.tensor(sourceTensor).
  one_gt=torch.tensor(one_gt,dtype=torch.float32)
[epoch:0] loss 0.6836766997973124 acc 0.5501302083333334
[epoch:0] test loss 0.7240899801254272 test acc 0.3984375
[epoch:1] loss 0.6621025005976359 acc 0.5657552083333334
[epoch:1] test loss 0.703536182641983 test acc 0.42578125
[epoch:2] loss 0.632611537973086 acc 0.6263020833333334
[epoch:2] test loss 0.6498013287782669 test acc 0.63671875
[epoch:3] loss 0.5908400317033132 acc 0.6881510416666666
[epoch:3] test loss 0.6081560850143433 test acc 0.69140625
[epoch:4] loss 0.5498018662134806 acc 0.72265625
[epoch:4] test loss 0.5869445949792862 test acc 0.6796875
[epoch:5] loss 0.521040658156077 acc 0.7376302083333334
[epoch:5] test loss 0.574195384979248 test acc 0.697265625
[epoch:6] loss 0.50639841457208 acc 0.751953125
[epoch:6] test loss 0.6386339068412781 test acc 0.626953125
[epoch:7] loss 0.5026344979802767 acc 0.7584635416666666
[epoch:7] test loss 0.5528483763337135 test acc 0.724609375
[epoch:8] loss 0.4743003472685814 acc 0.78125
[epoch:8] test loss 0.5457545518875122 test acc 0.73828125
[epoch:9] loss 0.47016993661721546 acc 0.78125
[epoch:9] test loss 0.5044963285326958 test acc 0.751953125
[epoch:10] loss 0.4564950192968051 acc 0.7747395833333334
[epoch:10] test loss 0.5261612609028816 test acc 0.740234375
[epoch:11] loss 0.4427658294637998 acc 0.79296875
[epoch:11] test loss 0.5408351644873619 test acc 0.740234375
[epoch:12] loss 0.4229080155491829 acc 0.8072916666666666
[epoch:12] test loss 0.5099499523639679 test acc 0.75
[epoch:13] loss 0.41066530843575794 acc 0.8209635416666666
[epoch:13] test loss 0.5389125496149063 test acc 0.740234375
[epoch:14] loss 0.40693793445825577 acc 0.8170572916666666
[epoch:14] test loss 0.5332905650138855 test acc 0.73046875
[epoch:15] loss 0.3922005792458852 acc 0.8235677083333334
[epoch:15] test loss 0.4979008808732033 test acc 0.771484375
[epoch:16] loss 0.3669787223140399 acc 0.84765625
[epoch:16] test loss 0.46690238267183304 test acc 0.798828125
[epoch:17] loss 0.35322565337022144 acc 0.8515625
[epoch:17] test loss 0.46959181129932404 test acc 0.779296875
[epoch:18] loss 0.34144210318724316 acc 0.853515625
[epoch:18] test loss 0.483390711247921 test acc 0.78515625
[epoch:19] loss 0.340925469994545 acc 0.8509114583333334
[epoch:19] test loss 0.44329317659139633 test acc 0.796875
[epoch:20] loss 0.3178439786036809 acc 0.8626302083333334
[epoch:20] test loss 0.42366766184568405 test acc 0.806640625
[epoch:21] loss 0.3071631540854772 acc 0.8658854166666666
[epoch:21] test loss 0.42522774636745453 test acc 0.806640625
[epoch:22] loss 0.29682299743096036 acc 0.8815104166666666
[epoch:22] test loss 0.41222672164440155 test acc 0.8203125
[epoch:23] loss 0.2893238179385662 acc 0.8828125
[epoch:23] test loss 0.4190664440393448 test acc 0.80078125
[epoch:24] loss 0.2740512043237686 acc 0.884765625
[epoch:24] test loss 0.4159664660692215 test acc 0.8125
[epoch:25] loss 0.2624678760766983 acc 0.8971354166666666
[epoch:25] test loss 0.4078207463026047 test acc 0.8046875
[epoch:26] loss 0.2724798532823722 acc 0.8932291666666666
[epoch:26] test loss 0.40832649916410446 test acc 0.8125
[epoch:27] loss 0.2537661977112293 acc 0.8984375
[epoch:27] test loss 0.4029112234711647 test acc 0.81640625
[epoch:28] loss 0.23746256157755852 acc 0.9114583333333334
[epoch:28] test loss 0.37769124656915665 test acc 0.828125
[epoch:29] loss 0.22990951190392175 acc 0.916015625
[epoch:29] test loss 0.38668953627347946 test acc 0.830078125
[epoch:30] loss 0.2317847510178884 acc 0.9153645833333334
[epoch:30] test loss 0.40003228187561035 test acc 0.8203125
[epoch:31] loss 0.21927126621206602 acc 0.923828125
[epoch:31] test loss 0.39734167605638504 test acc 0.828125
[epoch:32] loss 0.20815865819652876 acc 0.9270833333333334
[epoch:32] test loss 0.38277407735586166 test acc 0.826171875
[epoch:33] loss 0.20195509120821953 acc 0.9270833333333334
[epoch:33] test loss 0.37841807305812836 test acc 0.830078125
[epoch:34] loss 0.19315452252825102 acc 0.931640625
[epoch:34] test loss 0.3942491263151169 test acc 0.818359375
[epoch:35] loss 0.18769240006804466 acc 0.9309895833333334
[epoch:35] test loss 0.3749445900321007 test acc 0.841796875
[epoch:36] loss 0.18182785560687384 acc 0.9401041666666666
[epoch:36] test loss 0.38054565340280533 test acc 0.833984375
[epoch:37] loss 0.1725068036466837 acc 0.9427083333333334
[epoch:37] test loss 0.37381625548005104 test acc 0.845703125
[epoch:38] loss 0.17065885042150816 acc 0.9401041666666666
[epoch:38] test loss 0.3791619762778282 test acc 0.833984375
[epoch:39] loss 0.1604717137912909 acc 0.947265625
[epoch:39] test loss 0.38500478863716125 test acc 0.837890625
Highest Test ACC : 0.845703125
