nohup: ignoring input
/home/xiao/miniconda3/envs/torch/lib/python3.10/site-packages/torchvision/io/image.py:13: UserWarning: Failed to load image Python extension: /home/xiao/miniconda3/envs/torch/lib/python3.10/site-packages/torchvision/image.so: undefined symbol: _ZN5torch3jit17parseSchemaOrNameERKNSt7__cxx1112basic_stringIcSt11char_traitsIcESaIcEEE
  warn(f"Failed to load image Python extension: {e}")
/home/xiao/code/CS5242/CS5242/main.py:97: UserWarning: To copy construct from a tensor, it is recommended to use sourceTensor.clone().detach() or sourceTensor.clone().detach().requires_grad_(True), rather than torch.tensor(sourceTensor).
  one_gt=torch.tensor(one_gt,dtype=torch.float32)
[epoch:0] loss 0.6742303636338975 acc 0.5928819444444444
[epoch:0] test loss 0.7625263631343842 test acc 0.3997395833333333
[epoch:1] loss 0.6461160514089797 acc 0.5928819444444444
[epoch:1] test loss 0.7276626924673716 test acc 0.4075520833333333
[epoch:2] loss 0.6165830956565009 acc 0.6215277777777778
[epoch:2] test loss 0.7025460600852966 test acc 0.4205729166666667
[epoch:3] loss 0.5733630590968661 acc 0.6831597222222222
[epoch:3] test loss 0.7055167456467947 test acc 0.4817708333333333
[epoch:4] loss 0.5295330617162917 acc 0.7309027777777778
[epoch:4] test loss 0.6593450407187144 test acc 0.6614583333333334
[epoch:5] loss 0.4867255886395772 acc 0.7769097222222222
[epoch:5] test loss 0.6570027073224386 test acc 0.6705729166666666
[epoch:6] loss 0.46765931447347003 acc 0.7743055555555556
[epoch:6] test loss 0.68476203083992 test acc 0.65625
[epoch:7] loss 0.44225014911757576 acc 0.7916666666666666
[epoch:7] test loss 0.6723448236783346 test acc 0.6627604166666666
[epoch:8] loss 0.4122229251596663 acc 0.8125
[epoch:8] test loss 0.6450046400229136 test acc 0.6484375
[epoch:9] loss 0.3895415829287635 acc 0.8272569444444444
[epoch:9] test loss 0.6234466731548309 test acc 0.6536458333333334
[epoch:10] loss 0.3645641869968838 acc 0.8420138888888888
[epoch:10] test loss 0.602603534857432 test acc 0.6666666666666666
[epoch:11] loss 0.36488159828715855 acc 0.8333333333333334
[epoch:11] test loss 0.6066180864969889 test acc 0.671875
[epoch:12] loss 0.3295261330074734 acc 0.8689236111111112
[epoch:12] test loss 0.6060356001059214 test acc 0.67578125
[epoch:13] loss 0.314865854051378 acc 0.8758680555555556
[epoch:13] test loss 0.5655447642008463 test acc 0.6953125
[epoch:14] loss 0.30779734750588733 acc 0.8784722222222222
[epoch:14] test loss 0.6023249526818594 test acc 0.69140625
[epoch:15] loss 0.27593665487236446 acc 0.8967013888888888
[epoch:15] test loss 0.6638694802920023 test acc 0.6692708333333334
[epoch:16] loss 0.26611750655704075 acc 0.8949652777777778
[epoch:16] test loss 0.6206197738647461 test acc 0.6927083333333334
[epoch:17] loss 0.25231316520108116 acc 0.90625
[epoch:17] test loss 0.6134372850259145 test acc 0.7083333333333334
[epoch:18] loss 0.2374438461330202 acc 0.9131944444444444
[epoch:18] test loss 0.6392838855584463 test acc 0.6809895833333334
[epoch:19] loss 0.22401809526814354 acc 0.9192708333333334
[epoch:19] test loss 0.6304769615332285 test acc 0.6966145833333334
[epoch:20] loss 0.21080385479662153 acc 0.9253472222222222
[epoch:20] test loss 0.5793076753616333 test acc 0.6966145833333334
[epoch:21] loss 0.1957734508646859 acc 0.9366319444444444
[epoch:21] test loss 0.5933196942011515 test acc 0.6966145833333334
[epoch:22] loss 0.2004112634393904 acc 0.9322916666666666
[epoch:22] test loss 0.5724993447462717 test acc 0.7291666666666666
[epoch:23] loss 0.19238693515459696 acc 0.9340277777777778
[epoch:23] test loss 0.6128083070119222 test acc 0.6940104166666666
[epoch:24] loss 0.18307221929232279 acc 0.9331597222222222
[epoch:24] test loss 0.6579372684160868 test acc 0.6588541666666666
[epoch:25] loss 0.17280422978931004 acc 0.9392361111111112
[epoch:25] test loss 0.6649912695089976 test acc 0.6614583333333334
[epoch:26] loss 0.15415919654899174 acc 0.9513888888888888
[epoch:26] test loss 0.6462093591690063 test acc 0.65625
[epoch:27] loss 0.15530090696281856 acc 0.9479166666666666
[epoch:27] test loss 0.6620068947474161 test acc 0.6588541666666666
[epoch:28] loss 0.145952636996905 acc 0.9557291666666666
[epoch:28] test loss 0.615998163819313 test acc 0.69140625
[epoch:29] loss 0.1332194424337811 acc 0.9565972222222222
[epoch:29] test loss 0.6263418098290762 test acc 0.6901041666666666
[epoch:30] loss 0.1292097568511963 acc 0.9609375
[epoch:30] test loss 0.6143478353818258 test acc 0.70703125
[epoch:31] loss 0.12390194750494427 acc 0.9644097222222222
[epoch:31] test loss 0.6084626118342081 test acc 0.7122395833333334
[epoch:32] loss 0.11801546563704808 acc 0.9626736111111112
[epoch:32] test loss 0.6304851571718851 test acc 0.69921875
[epoch:33] loss 0.10430908203125 acc 0.96875
[epoch:33] test loss 0.6081964572270712 test acc 0.7174479166666666
[epoch:34] loss 0.10033614850706524 acc 0.9730902777777778
[epoch:34] test loss 0.6249576012293497 test acc 0.7096354166666666
[epoch:35] loss 0.09277735650539398 acc 0.9765625
[epoch:35] test loss 0.6790539820988973 test acc 0.6901041666666666
[epoch:36] loss 0.10242177877161238 acc 0.96875
[epoch:36] test loss 0.7139000991980234 test acc 0.6731770833333334
[epoch:37] loss 0.09814171824190351 acc 0.9722222222222222
[epoch:37] test loss 0.6502461234728495 test acc 0.6927083333333334
[epoch:38] loss 0.09225490440924962 acc 0.9774305555555556
[epoch:38] test loss 0.6157075117031733 test acc 0.7161458333333334
[epoch:39] loss 0.08098102402355936 acc 0.9791666666666666
[epoch:39] test loss 0.643787294626236 test acc 0.73046875
Highest Test ACC : 0.73046875
