nohup: ignoring input
/home/xiao/miniconda3/envs/torch/lib/python3.10/site-packages/torchvision/io/image.py:13: UserWarning: Failed to load image Python extension: /home/xiao/miniconda3/envs/torch/lib/python3.10/site-packages/torchvision/image.so: undefined symbol: _ZN5torch3jit17parseSchemaOrNameERKNSt7__cxx1112basic_stringIcSt11char_traitsIcESaIcEEE
  warn(f"Failed to load image Python extension: {e}")
/home/xiao/code/CS5242/CS5242/main.py:97: UserWarning: To copy construct from a tensor, it is recommended to use sourceTensor.clone().detach() or sourceTensor.clone().detach().requires_grad_(True), rather than torch.tensor(sourceTensor).
  one_gt=torch.tensor(one_gt,dtype=torch.float32)
[epoch:0] loss 0.676928268538581 acc 0.6041666666666666
[epoch:0] test loss 0.7341276577540806 test acc 0.40625
[epoch:1] loss 0.6641903983222114 acc 0.6015625
[epoch:1] test loss 0.7628051723752703 test acc 0.40066964285714285
[epoch:2] loss 0.6529021792941623 acc 0.6032986111111112
[epoch:2] test loss 0.7653367008481707 test acc 0.40625
[epoch:3] loss 0.6324237585067749 acc 0.6067708333333334
[epoch:3] test loss 0.7559844510895866 test acc 0.4029017857142857
[epoch:4] loss 0.6098983751402961 acc 0.6015625
[epoch:4] test loss 0.720516732760838 test acc 0.40736607142857145
[epoch:5] loss 0.575608491897583 acc 0.6536458333333334
[epoch:5] test loss 0.7778571758951459 test acc 0.4375
[epoch:6] loss 0.5480841994285583 acc 0.7048611111111112
[epoch:6] test loss 0.6899604797363281 test acc 0.5892857142857143
[epoch:7] loss 0.5133886867099338 acc 0.7369791666666666
[epoch:7] test loss 0.6779799461364746 test acc 0.6026785714285714
[epoch:8] loss 0.493426650762558 acc 0.7569444444444444
[epoch:8] test loss 0.7135404092924935 test acc 0.5892857142857143
[epoch:9] loss 0.4627024961842431 acc 0.78125
[epoch:9] test loss 0.7190106596265521 test acc 0.5870535714285714
[epoch:10] loss 0.43694424960348344 acc 0.8046875
[epoch:10] test loss 0.7267518128667559 test acc 0.5915178571428571
[epoch:11] loss 0.42533337738778854 acc 0.8107638888888888
[epoch:11] test loss 0.7949903181621006 test acc 0.5669642857142857
[epoch:12] loss 0.39485564827919006 acc 0.8272569444444444
[epoch:12] test loss 0.729633263179234 test acc 0.6127232142857143
[epoch:13] loss 0.37745727101961773 acc 0.8333333333333334
[epoch:13] test loss 0.7429003204618182 test acc 0.609375
[epoch:14] loss 0.3729788462320964 acc 0.8402777777777778
[epoch:14] test loss 0.7058628967830113 test acc 0.5870535714285714
[epoch:15] loss 0.35371410846710205 acc 0.8446180555555556
[epoch:15] test loss 0.7419249074799674 test acc 0.6138392857142857
[epoch:16] loss 0.31964898771709865 acc 0.8810763888888888
[epoch:16] test loss 0.8089244450841632 test acc 0.5837053571428571
[epoch:17] loss 0.3021508819527096 acc 0.9010416666666666
[epoch:17] test loss 0.9075618982315063 test acc 0.5636160714285714
[epoch:18] loss 0.2914510866006215 acc 0.8984375
[epoch:18] test loss 0.8465514523642403 test acc 0.5591517857142857
[epoch:19] loss 0.2786416659752528 acc 0.9019097222222222
[epoch:19] test loss 0.8375307151249477 test acc 0.5602678571428571
[epoch:20] loss 0.26431827743848163 acc 0.9114583333333334
[epoch:20] test loss 0.8874381269727435 test acc 0.546875
[epoch:21] loss 0.24740449421935612 acc 0.9157986111111112
[epoch:21] test loss 0.9861378073692322 test acc 0.5580357142857143
[epoch:22] loss 0.23860899441772038 acc 0.9201388888888888
[epoch:22] test loss 0.9808369534356254 test acc 0.5412946428571429
[epoch:23] loss 0.22857630087269676 acc 0.9201388888888888
[epoch:23] test loss 1.0474390983581543 test acc 0.546875
[epoch:24] loss 0.2210038188430998 acc 0.921875
[epoch:24] test loss 1.0126909102712358 test acc 0.546875
[epoch:25] loss 0.20974508424599966 acc 0.9340277777777778
[epoch:25] test loss 1.0157197713851929 test acc 0.5479910714285714
[epoch:26] loss 0.1981331722603904 acc 0.9348958333333334
[epoch:26] test loss 1.0161339555467879 test acc 0.5479910714285714
[epoch:27] loss 0.19390596614943612 acc 0.9357638888888888
[epoch:27] test loss 1.0188906618527003 test acc 0.5446428571428571
[epoch:28] loss 0.19245521393087175 acc 0.9348958333333334
[epoch:28] test loss 1.115720272064209 test acc 0.5558035714285714
[epoch:29] loss 0.1858015772369173 acc 0.9427083333333334
[epoch:29] test loss 1.1560027599334717 test acc 0.5636160714285714
[epoch:30] loss 0.17363767822583517 acc 0.9383680555555556
[epoch:30] test loss 1.0994218162127904 test acc 0.5591517857142857
[epoch:31] loss 0.16140055656433105 acc 0.9522569444444444
[epoch:31] test loss 0.9889461823872158 test acc 0.5301339285714286
[epoch:32] loss 0.16105286445882586 acc 0.9513888888888888
[epoch:32] test loss 0.968158449445452 test acc 0.5513392857142857
[epoch:33] loss 0.16789736847082773 acc 0.9435763888888888
[epoch:33] test loss 0.9721804431506565 test acc 0.5491071428571429
[epoch:34] loss 0.15917487028572294 acc 0.9427083333333334
[epoch:34] test loss 0.9586476939065116 test acc 0.5591517857142857
[epoch:35] loss 0.1611816022131178 acc 0.9453125
[epoch:35] test loss 0.9559989145823887 test acc 0.5569196428571429
[epoch:36] loss 0.150817280014356 acc 0.9487847222222222
[epoch:36] test loss 1.0260889274733407 test acc 0.5334821428571429
[epoch:37] loss 0.1517560374405649 acc 0.9522569444444444
[epoch:37] test loss 1.2660068784441267 test acc 0.5513392857142857
[epoch:38] loss 0.13032038261493048 acc 0.9592013888888888
[epoch:38] test loss 1.3239274876458305 test acc 0.5424107142857143
[epoch:39] loss 0.13369950569338268 acc 0.9600694444444444
[epoch:39] test loss 1.1679526567459106 test acc 0.5680803571428571
Highest Test ACC : 0.6138392857142857
